2025-01-14 09:42:00.694 [info] Extension host with pid 538343 started
2025-01-14 09:42:00.711 [info] Lock '/home/uys_1705817/.vscode-server/data/User/workspaceStorage/6dff1d9e4f3f3db8febece5da615bae2/vscode.lock': Lock acquired.
2025-01-14 09:42:00.849 [info] ExtensionService#_doActivateExtension vscode.emmet, startup: false, activationEvent: 'onLanguage'
2025-01-14 09:42:00.850 [info] ExtensionService#_doActivateExtension vscode.git-base, startup: false, activationEvent: '*', root cause: vscode.git
2025-01-14 09:42:00.850 [info] ExtensionService#_doActivateExtension vscode.tunnel-forwarding, startup: false, activationEvent: 'onTunnel'
2025-01-14 09:42:01.091 [info] ExtensionService#_doActivateExtension vscode.git, startup: false, activationEvent: '*'
2025-01-14 09:42:01.091 [info] ExtensionService#_doActivateExtension vscode.github, startup: false, activationEvent: '*'
2025-01-14 09:42:01.358 [info] Eager extensions activated
2025-01-14 09:42:01.358 [info] ExtensionService#_doActivateExtension vscode.debug-auto-launch, startup: false, activationEvent: 'onStartupFinished'
2025-01-14 09:42:01.359 [info] ExtensionService#_doActivateExtension vscode.merge-conflict, startup: false, activationEvent: 'onStartupFinished'
2025-01-14 10:33:13.414 [info] ExtensionService#_doActivateExtension vscode.npm, startup: false, activationEvent: 'onTerminalQuickFixRequest:ms-vscode.npm-command'
2025-01-14 10:33:18.990 [info] ExtensionService#_doActivateExtension vscode.configuration-editing, startup: false, activationEvent: 'onLanguage:json'
2025-01-14 10:33:18.990 [info] ExtensionService#_doActivateExtension vscode.extension-editing, startup: false, activationEvent: 'onLanguage:json'
2025-01-14 10:33:18.990 [info] ExtensionService#_doActivateExtension vscode.json-language-features, startup: false, activationEvent: 'onLanguage:json'
2025-01-14 14:08:54.591 [info] Extension host terminating: renderer disconnected for too long (2)
2025-01-14 14:08:54.592 [info] Lock '/home/uys_1705817/.vscode-server/data/User/workspaceStorage/6dff1d9e4f3f3db8febece5da615bae2/vscode.lock': Marking the lockfile as scheduled to be released in 6000 ms.
2025-01-14 14:08:54.617 [error] Canceled: Canceled
	at new IT (file:///home/uys_1705817/.vscode-server/cli/servers/Stable-fabdb6a30b49f79a7aba0f2ad9df9b399473380f/server/out/vs/workbench/api/node/extensionHostProcess.js:32:153476)
	at Dy.U (file:///home/uys_1705817/.vscode-server/cli/servers/Stable-fabdb6a30b49f79a7aba0f2ad9df9b399473380f/server/out/vs/workbench/api/node/extensionHostProcess.js:32:158086)
	at s.<computed>.n.charCodeAt.s.<computed> (file:///home/uys_1705817/.vscode-server/cli/servers/Stable-fabdb6a30b49f79a7aba0f2ad9df9b399473380f/server/out/vs/workbench/api/node/extensionHostProcess.js:32:155580)
	at cw.g (file:///home/uys_1705817/.vscode-server/cli/servers/Stable-fabdb6a30b49f79a7aba0f2ad9df9b399473380f/server/out/vs/workbench/api/node/extensionHostProcess.js:115:32313)
	at cw.executeCommand (file:///home/uys_1705817/.vscode-server/cli/servers/Stable-fabdb6a30b49f79a7aba0f2ad9df9b399473380f/server/out/vs/workbench/api/node/extensionHostProcess.js:115:31817)
	at r.registerCommand.description (file:///home/uys_1705817/.vscode-server/cli/servers/Stable-fabdb6a30b49f79a7aba0f2ad9df9b399473380f/server/out/vs/workbench/api/node/extensionHostProcess.js:115:31147)
	at cw.h (file:///home/uys_1705817/.vscode-server/cli/servers/Stable-fabdb6a30b49f79a7aba0f2ad9df9b399473380f/server/out/vs/workbench/api/node/extensionHostProcess.js:115:32833)
	at cw.g (file:///home/uys_1705817/.vscode-server/cli/servers/Stable-fabdb6a30b49f79a7aba0f2ad9df9b399473380f/server/out/vs/workbench/api/node/extensionHostProcess.js:115:31910)
	at cw.executeCommand (file:///home/uys_1705817/.vscode-server/cli/servers/Stable-fabdb6a30b49f79a7aba0f2ad9df9b399473380f/server/out/vs/workbench/api/node/extensionHostProcess.js:115:31817)
	at Object.executeCommand (file:///home/uys_1705817/.vscode-server/cli/servers/Stable-fabdb6a30b49f79a7aba0f2ad9df9b399473380f/server/out/vs/workbench/api/node/extensionHostProcess.js:157:37484)
	at Sh.L [as value] (/home/uys_1705817/.vscode-server/cli/servers/Stable-fabdb6a30b49f79a7aba0f2ad9df9b399473380f/server/extensions/git/dist/main.js:2:975601)
	at P.B (file:///home/uys_1705817/.vscode-server/cli/servers/Stable-fabdb6a30b49f79a7aba0f2ad9df9b399473380f/server/out/vs/workbench/api/node/extensionHostProcess.js:30:746)
	at P.C (file:///home/uys_1705817/.vscode-server/cli/servers/Stable-fabdb6a30b49f79a7aba0f2ad9df9b399473380f/server/out/vs/workbench/api/node/extensionHostProcess.js:30:816)
	at P.fire (file:///home/uys_1705817/.vscode-server/cli/servers/Stable-fabdb6a30b49f79a7aba0f2ad9df9b399473380f/server/out/vs/workbench/api/node/extensionHostProcess.js:30:1033)
	at Object.p [as dispose] (/home/uys_1705817/.vscode-server/cli/servers/Stable-fabdb6a30b49f79a7aba0f2ad9df9b399473380f/server/extensions/git/dist/main.js:2:997158)
	at /home/uys_1705817/.vscode-server/cli/servers/Stable-fabdb6a30b49f79a7aba0f2ad9df9b399473380f/server/extensions/git/dist/main.js:2:1003280
	at Array.forEach (<anonymous>)
	at b.dispose (/home/uys_1705817/.vscode-server/cli/servers/Stable-fabdb6a30b49f79a7aba0f2ad9df9b399473380f/server/extensions/git/dist/main.js:2:1003266)
	at ev.<anonymous> (file:///home/uys_1705817/.vscode-server/cli/servers/Stable-fabdb6a30b49f79a7aba0f2ad9df9b399473380f/server/out/vs/workbench/api/node/extensionHostProcess.js:109:20047)
	at ev.dispose (file:///home/uys_1705817/.vscode-server/cli/servers/Stable-fabdb6a30b49f79a7aba0f2ad9df9b399473380f/server/out/vs/workbench/api/node/extensionHostProcess.js:109:20143)
	at ev.<anonymous> (/home/uys_1705817/.vscode-server/cli/servers/Stable-fabdb6a30b49f79a7aba0f2ad9df9b399473380f/server/extensions/git/dist/main.js:2:978080)
	at ev.dispose (file:///home/uys_1705817/.vscode-server/cli/servers/Stable-fabdb6a30b49f79a7aba0f2ad9df9b399473380f/server/out/vs/workbench/api/node/extensionHostProcess.js:109:20143)
	at ai (file:///home/uys_1705817/.vscode-server/cli/servers/Stable-fabdb6a30b49f79a7aba0f2ad9df9b399473380f/server/out/vs/workbench/api/node/extensionHostProcess.js:25:699)
	at file:///home/uys_1705817/.vscode-server/cli/servers/Stable-fabdb6a30b49f79a7aba0f2ad9df9b399473380f/server/out/vs/workbench/api/node/extensionHostProcess.js:119:14992
	at file:///home/uys_1705817/.vscode-server/cli/servers/Stable-fabdb6a30b49f79a7aba0f2ad9df9b399473380f/server/out/vs/workbench/api/node/extensionHostProcess.js:25:1009
	at Object.dispose (file:///home/uys_1705817/.vscode-server/cli/servers/Stable-fabdb6a30b49f79a7aba0f2ad9df9b399473380f/server/out/vs/workbench/api/node/extensionHostProcess.js:8:705)
	at zz.eb (file:///home/uys_1705817/.vscode-server/cli/servers/Stable-fabdb6a30b49f79a7aba0f2ad9df9b399473380f/server/out/vs/workbench/api/node/extensionHostProcess.js:119:11919)
	at file:///home/uys_1705817/.vscode-server/cli/servers/Stable-fabdb6a30b49f79a7aba0f2ad9df9b399473380f/server/out/vs/workbench/api/node/extensionHostProcess.js:119:9874
	at Array.map (<anonymous>)
	at zz.$ (file:///home/uys_1705817/.vscode-server/cli/servers/Stable-fabdb6a30b49f79a7aba0f2ad9df9b399473380f/server/out/vs/workbench/api/node/extensionHostProcess.js:119:9862)
	at zz.terminate (file:///home/uys_1705817/.vscode-server/cli/servers/Stable-fabdb6a30b49f79a7aba0f2ad9df9b399473380f/server/out/vs/workbench/api/node/extensionHostProcess.js:119:10105)
	at Q3.terminate (file:///home/uys_1705817/.vscode-server/cli/servers/Stable-fabdb6a30b49f79a7aba0f2ad9df9b399473380f/server/out/vs/workbench/api/node/extensionHostProcess.js:120:1424)
	at Zi (file:///home/uys_1705817/.vscode-server/cli/servers/Stable-fabdb6a30b49f79a7aba0f2ad9df9b399473380f/server/out/vs/workbench/api/node/extensionHostProcess.js:175:15080)
	at C5.a (file:///home/uys_1705817/.vscode-server/cli/servers/Stable-fabdb6a30b49f79a7aba0f2ad9df9b399473380f/server/out/vs/workbench/api/node/extensionHostProcess.js:175:11993)
	at C5.h (file:///home/uys_1705817/.vscode-server/cli/servers/Stable-fabdb6a30b49f79a7aba0f2ad9df9b399473380f/server/out/vs/workbench/api/node/extensionHostProcess.js:31:75719)
	at listOnTimeout (node:internal/timers:581:17)
	at process.processTimers (node:internal/timers:519:7) setContext undefined
2025-01-14 14:08:54.618 [error] Canceled: Canceled
	at new IT (file:///home/uys_1705817/.vscode-server/cli/servers/Stable-fabdb6a30b49f79a7aba0f2ad9df9b399473380f/server/out/vs/workbench/api/node/extensionHostProcess.js:32:153476)
	at Dy.U (file:///home/uys_1705817/.vscode-server/cli/servers/Stable-fabdb6a30b49f79a7aba0f2ad9df9b399473380f/server/out/vs/workbench/api/node/extensionHostProcess.js:32:158086)
	at s.<computed>.n.charCodeAt.s.<computed> (file:///home/uys_1705817/.vscode-server/cli/servers/Stable-fabdb6a30b49f79a7aba0f2ad9df9b399473380f/server/out/vs/workbench/api/node/extensionHostProcess.js:32:155580)
	at cw.g (file:///home/uys_1705817/.vscode-server/cli/servers/Stable-fabdb6a30b49f79a7aba0f2ad9df9b399473380f/server/out/vs/workbench/api/node/extensionHostProcess.js:115:32313)
	at cw.executeCommand (file:///home/uys_1705817/.vscode-server/cli/servers/Stable-fabdb6a30b49f79a7aba0f2ad9df9b399473380f/server/out/vs/workbench/api/node/extensionHostProcess.js:115:31817)
	at r.registerCommand.description (file:///home/uys_1705817/.vscode-server/cli/servers/Stable-fabdb6a30b49f79a7aba0f2ad9df9b399473380f/server/out/vs/workbench/api/node/extensionHostProcess.js:115:31147)
	at cw.h (file:///home/uys_1705817/.vscode-server/cli/servers/Stable-fabdb6a30b49f79a7aba0f2ad9df9b399473380f/server/out/vs/workbench/api/node/extensionHostProcess.js:115:32833)
	at cw.g (file:///home/uys_1705817/.vscode-server/cli/servers/Stable-fabdb6a30b49f79a7aba0f2ad9df9b399473380f/server/out/vs/workbench/api/node/extensionHostProcess.js:115:31910)
	at cw.executeCommand (file:///home/uys_1705817/.vscode-server/cli/servers/Stable-fabdb6a30b49f79a7aba0f2ad9df9b399473380f/server/out/vs/workbench/api/node/extensionHostProcess.js:115:31817)
	at Object.executeCommand (file:///home/uys_1705817/.vscode-server/cli/servers/Stable-fabdb6a30b49f79a7aba0f2ad9df9b399473380f/server/out/vs/workbench/api/node/extensionHostProcess.js:157:37484)
	at set hasGitHubRepositories [as hasGitHubRepositories] (/home/uys_1705817/.vscode-server/cli/servers/Stable-fabdb6a30b49f79a7aba0f2ad9df9b399473380f/server/extensions/github/dist/extension.js:2:328633)
	at /home/uys_1705817/.vscode-server/cli/servers/Stable-fabdb6a30b49f79a7aba0f2ad9df9b399473380f/server/extensions/github/dist/extension.js:2:329592
	at Sh.value (/home/uys_1705817/.vscode-server/cli/servers/Stable-fabdb6a30b49f79a7aba0f2ad9df9b399473380f/server/extensions/git/dist/main.js:2:1088462)
	at P.B (file:///home/uys_1705817/.vscode-server/cli/servers/Stable-fabdb6a30b49f79a7aba0f2ad9df9b399473380f/server/out/vs/workbench/api/node/extensionHostProcess.js:30:746)
	at P.C (file:///home/uys_1705817/.vscode-server/cli/servers/Stable-fabdb6a30b49f79a7aba0f2ad9df9b399473380f/server/out/vs/workbench/api/node/extensionHostProcess.js:30:816)
	at P.fire (file:///home/uys_1705817/.vscode-server/cli/servers/Stable-fabdb6a30b49f79a7aba0f2ad9df9b399473380f/server/out/vs/workbench/api/node/extensionHostProcess.js:30:1033)
	at Object.p [as dispose] (/home/uys_1705817/.vscode-server/cli/servers/Stable-fabdb6a30b49f79a7aba0f2ad9df9b399473380f/server/extensions/git/dist/main.js:2:997158)
	at /home/uys_1705817/.vscode-server/cli/servers/Stable-fabdb6a30b49f79a7aba0f2ad9df9b399473380f/server/extensions/git/dist/main.js:2:1003280
	at Array.forEach (<anonymous>)
	at b.dispose (/home/uys_1705817/.vscode-server/cli/servers/Stable-fabdb6a30b49f79a7aba0f2ad9df9b399473380f/server/extensions/git/dist/main.js:2:1003266)
	at ev.<anonymous> (file:///home/uys_1705817/.vscode-server/cli/servers/Stable-fabdb6a30b49f79a7aba0f2ad9df9b399473380f/server/out/vs/workbench/api/node/extensionHostProcess.js:109:20047)
	at ev.dispose (file:///home/uys_1705817/.vscode-server/cli/servers/Stable-fabdb6a30b49f79a7aba0f2ad9df9b399473380f/server/out/vs/workbench/api/node/extensionHostProcess.js:109:20143)
	at ev.<anonymous> (/home/uys_1705817/.vscode-server/cli/servers/Stable-fabdb6a30b49f79a7aba0f2ad9df9b399473380f/server/extensions/git/dist/main.js:2:978080)
	at ev.dispose (file:///home/uys_1705817/.vscode-server/cli/servers/Stable-fabdb6a30b49f79a7aba0f2ad9df9b399473380f/server/out/vs/workbench/api/node/extensionHostProcess.js:109:20143)
	at ai (file:///home/uys_1705817/.vscode-server/cli/servers/Stable-fabdb6a30b49f79a7aba0f2ad9df9b399473380f/server/out/vs/workbench/api/node/extensionHostProcess.js:25:699)
	at file:///home/uys_1705817/.vscode-server/cli/servers/Stable-fabdb6a30b49f79a7aba0f2ad9df9b399473380f/server/out/vs/workbench/api/node/extensionHostProcess.js:119:14992
	at file:///home/uys_1705817/.vscode-server/cli/servers/Stable-fabdb6a30b49f79a7aba0f2ad9df9b399473380f/server/out/vs/workbench/api/node/extensionHostProcess.js:25:1009
	at Object.dispose (file:///home/uys_1705817/.vscode-server/cli/servers/Stable-fabdb6a30b49f79a7aba0f2ad9df9b399473380f/server/out/vs/workbench/api/node/extensionHostProcess.js:8:705)
	at zz.eb (file:///home/uys_1705817/.vscode-server/cli/servers/Stable-fabdb6a30b49f79a7aba0f2ad9df9b399473380f/server/out/vs/workbench/api/node/extensionHostProcess.js:119:11919)
	at file:///home/uys_1705817/.vscode-server/cli/servers/Stable-fabdb6a30b49f79a7aba0f2ad9df9b399473380f/server/out/vs/workbench/api/node/extensionHostProcess.js:119:9874
	at Array.map (<anonymous>)
	at zz.$ (file:///home/uys_1705817/.vscode-server/cli/servers/Stable-fabdb6a30b49f79a7aba0f2ad9df9b399473380f/server/out/vs/workbench/api/node/extensionHostProcess.js:119:9862)
	at zz.terminate (file:///home/uys_1705817/.vscode-server/cli/servers/Stable-fabdb6a30b49f79a7aba0f2ad9df9b399473380f/server/out/vs/workbench/api/node/extensionHostProcess.js:119:10105)
	at Q3.terminate (file:///home/uys_1705817/.vscode-server/cli/servers/Stable-fabdb6a30b49f79a7aba0f2ad9df9b399473380f/server/out/vs/workbench/api/node/extensionHostProcess.js:120:1424)
	at Zi (file:///home/uys_1705817/.vscode-server/cli/servers/Stable-fabdb6a30b49f79a7aba0f2ad9df9b399473380f/server/out/vs/workbench/api/node/extensionHostProcess.js:175:15080)
	at C5.a (file:///home/uys_1705817/.vscode-server/cli/servers/Stable-fabdb6a30b49f79a7aba0f2ad9df9b399473380f/server/out/vs/workbench/api/node/extensionHostProcess.js:175:11993)
	at C5.h (file:///home/uys_1705817/.vscode-server/cli/servers/Stable-fabdb6a30b49f79a7aba0f2ad9df9b399473380f/server/out/vs/workbench/api/node/extensionHostProcess.js:31:75719)
	at listOnTimeout (node:internal/timers:581:17)
	at process.processTimers (node:internal/timers:519:7) setContext undefined
2025-01-14 14:08:54.621 [info] Extension host with pid 538343 exiting with code 0
