2025-01-09 12:14:14.156 [info] [Info  - 오후 12:14:14] (9816) Server root directory: file:///home/uys_1705817/.vscode-server/extensions/ms-python.vscode-pylance-2024.12.1/dist
2025-01-09 12:14:14.162 [info] [Info  - 오후 12:14:14] (9816) Pylance language server 2024.12.1 (pyright version 1.1.389, commit ce1325fc) starting
2025-01-09 12:14:14.169 [info] [Info  - 오후 12:14:14] (9816) Starting service instance "uys_1705817"
2025-01-09 12:14:14.214 [info] [Info  - 오후 12:14:14] (9816) Setting environmentName for service "uys_1705817": "3.12.3 (usr venv)"
2025-01-09 12:14:14.214 [info] [Info  - 오후 12:14:14] (9816) Setting pythonPath for service "uys_1705817": "/bin/python3"
2025-01-09 12:14:14.214 [info] [Info  - 오후 12:14:14] (9816) No include entries specified; assuming /home/uys_1705817
2025-01-09 12:14:14.214 [info] [Info  - 오후 12:14:14] (9816) Auto-excluding **/node_modules
2025-01-09 12:14:14.215 [info] [Info  - 오후 12:14:14] (9816) Auto-excluding **/__pycache__
2025-01-09 12:14:14.215 [info] [Info  - 오후 12:14:14] (9816) Auto-excluding **/.*
2025-01-09 12:14:14.250 [info] [Info  - 오후 12:14:14] (9816) Assuming Python version 3.12.3.final.0
2025-01-09 12:14:14.357 [info] [Info  - 오후 12:14:14] (9816) Auto-excluding /home/uys_1705817/flaskProject/venv
2025-01-09 12:14:14.421 [info] [Info  - 오후 12:14:14] (9816) Found 2 source files
2025-01-09 12:14:14.573 [info] [Info  - 오후 12:14:14] (9816) Background analysis(1) root directory: file:///home/uys_1705817/.vscode-server/extensions/ms-python.vscode-pylance-2024.12.1/dist
2025-01-09 12:14:14.575 [info] [Info  - 오후 12:14:14] (9816) Background analysis(1) started
2025-01-09 12:14:14.721 [info] [Info  - 오후 12:14:14] (9816) Indexer background runner(2) root directory: file:///home/uys_1705817/.vscode-server/extensions/ms-python.vscode-pylance-2024.12.1/dist (index)
2025-01-09 12:14:14.721 [info] [Info  - 오후 12:14:14] (9816) Indexing(2) started
2025-01-09 12:14:14.997 [info] [Info  - 오후 12:14:14] (9816) scanned(2) 95 files over 1 exec env
2025-01-09 12:14:15.203 [info] [Info  - 오후 12:14:15] (9816) indexed(2) 95 files over 1 exec env
2025-01-09 12:14:15.209 [info] [Info  - 오후 12:14:15] (9816) Indexing finished(2).
2025-01-09 12:14:24.674 [info] (Client) The existing extension didn't exit within 10 seconds. New instance will start, but you might encounter issues.
2025-01-09 12:14:24.675 [info] (Client) Pylance async client (2024.12.1) started with python extension (2024.22.2)
2025-01-09 12:27:14.230 [info] [Info  - 오후 12:27:14] (9816) Setting environmentName for service "uys_1705817": "3.12.3 (usr venv)"
2025-01-09 12:27:14.230 [info] [Info  - 오후 12:27:14] (9816) Setting pythonPath for service "uys_1705817": "/bin/python3"
2025-01-09 12:27:14.230 [info] [Info  - 오후 12:27:14] (9816) No include entries specified; assuming /home/uys_1705817
2025-01-09 12:27:14.230 [info] [Info  - 오후 12:27:14] (9816) Auto-excluding **/node_modules
2025-01-09 12:27:14.230 [info] [Info  - 오후 12:27:14] (9816) Auto-excluding **/__pycache__
2025-01-09 12:27:14.230 [info] [Info  - 오후 12:27:14] (9816) Auto-excluding **/.*
2025-01-09 12:27:14.254 [info] [Info  - 오후 12:27:14] (9816) Assuming Python version 3.12.3.final.0
2025-01-09 12:27:14.291 [info] [Info  - 오후 12:27:14] (9816) Auto-excluding /home/uys_1705817/flaskProject/venv
2025-01-09 12:27:14.296 [info] [Info  - 오후 12:27:14] (9816) Found 2 source files
2025-01-09 12:27:14.590 [info] [Info  - 오후 12:27:14] (9816) Indexer background runner(3) root directory: file:///home/uys_1705817/.vscode-server/extensions/ms-python.vscode-pylance-2024.12.1/dist (index)
2025-01-09 12:27:14.590 [info] [Info  - 오후 12:27:14] (9816) Indexing(3) started
2025-01-09 12:27:14.790 [info] [Info  - 오후 12:27:14] (9816) scanned(3) 95 files over 1 exec env
2025-01-09 12:27:14.948 [info] [Info  - 오후 12:27:14] (9816) indexed(3) 95 files over 1 exec env
2025-01-09 12:27:14.972 [info] [Info  - 오후 12:27:14] (9816) Indexing finished(3).
2025-01-09 12:28:01.374 [info] [Info  - 오후 12:28:01] (9816) Auto-excluding /home/uys_1705817/flaskProject/venv
2025-01-09 12:28:01.379 [info] [Info  - 오후 12:28:01] (9816) Found 3 source files
2025-01-09 13:38:43.792 [info] [Info  - 오후 1:38:43] (9816) Auto-excluding /home/uys_1705817/flaskProject/venv
2025-01-09 13:38:43.796 [info] [Info  - 오후 1:38:43] (9816) Auto-excluding /home/uys_1705817/sqlProject/venv
2025-01-09 13:38:43.798 [info] [Info  - 오후 1:38:43] (9816) Found 3 source files
