2025-01-14 15:35:52.642 [info] [Info  - 오후 3:35:52] (720668) Server root directory: file:///home/uys_1705817/.vscode-server/extensions/ms-python.vscode-pylance-2024.12.1/dist
2025-01-14 15:35:52.642 [info] [Info  - 오후 3:35:52] (720668) Pylance language server 2024.12.1 (pyright version 1.1.389, commit ce1325fc) starting
2025-01-14 15:35:52.642 [info] [Info  - 오후 3:35:52] (720668) Starting service instance "uys_1705817"
2025-01-14 15:35:52.671 [info] [Info  - 오후 3:35:52] (720668) Setting environmentName for service "uys_1705817": "3.12.3 (usr venv)"
2025-01-14 15:35:52.672 [info] [Info  - 오후 3:35:52] (720668) Setting pythonPath for service "uys_1705817": "/bin/python3"
2025-01-14 15:35:52.672 [info] [Info  - 오후 3:35:52] (720668) No include entries specified; assuming /home/uys_1705817
2025-01-14 15:35:52.672 [info] [Info  - 오후 3:35:52] (720668) Auto-excluding **/node_modules
2025-01-14 15:35:52.672 [info] [Info  - 오후 3:35:52] (720668) Auto-excluding **/__pycache__
2025-01-14 15:35:52.672 [info] [Info  - 오후 3:35:52] (720668) Auto-excluding **/.*
2025-01-14 15:35:52.695 [info] [Info  - 오후 3:35:52] (720668) Assuming Python version 3.12.3.final.0
2025-01-14 15:35:52.735 [info] [Info  - 오후 3:35:52] (720668) Auto-excluding /home/uys_1705817/api/venv
2025-01-14 15:35:52.736 [info] [Info  - 오후 3:35:52] (720668) Auto-excluding /home/uys_1705817/flaskProject/venv
2025-01-14 15:35:52.739 [info] [Info  - 오후 3:35:52] (720668) Auto-excluding /home/uys_1705817/sqlProject/venv
2025-01-14 15:35:52.740 [info] [Info  - 오후 3:35:52] (720668) Auto-excluding /home/uys_1705817/webProj/venv
2025-01-14 15:35:52.742 [info] [Info  - 오후 3:35:52] (720668) Found 5 source files
2025-01-14 15:35:52.957 [info] [Info  - 오후 3:35:52] (720668) Background analysis(1) root directory: file:///home/uys_1705817/.vscode-server/extensions/ms-python.vscode-pylance-2024.12.1/dist
2025-01-14 15:35:52.958 [info] [Info  - 오후 3:35:52] (720668) Background analysis(1) started
2025-01-14 15:35:53.009 [info] [Info  - 오후 3:35:53] (720668) Indexer background runner(2) root directory: file:///home/uys_1705817/.vscode-server/extensions/ms-python.vscode-pylance-2024.12.1/dist (index)
2025-01-14 15:35:53.010 [info] [Info  - 오후 3:35:53] (720668) Indexing(2) started
2025-01-14 15:35:53.247 [info] [Info  - 오후 3:35:53] (720668) scanned(2) 95 files over 1 exec env
2025-01-14 15:35:53.404 [info] [Info  - 오후 3:35:53] (720668) indexed(2) 95 files over 1 exec env
2025-01-14 15:35:53.420 [info] [Info  - 오후 3:35:53] (720668) Indexing finished(2).
2025-01-14 15:36:02.852 [info] (Client) The existing extension didn't exit within 10 seconds. New instance will start, but you might encounter issues.
2025-01-14 15:36:02.853 [info] (Client) Pylance async client (2024.12.1) started with python extension (2024.22.2)
