2025-01-06 10:40:15.064 [info] Starting Python Locator /home/uys_1705817/.vscode-server/extensions/ms-python.python-2024.22.1-linux-x64/python-env-tools/bin/pet server
2025-01-06 10:40:15.074 [info] Discovered env: /bin/python3
2025-01-06 10:40:15.109 [info] Discovered env: /usr/bin/python3
2025-01-06 10:40:15.136 [info] Discovered env: /bin/python3.12
2025-01-06 10:40:15.145 [info] Discovered env: /usr/bin/python3.12
2025-01-06 10:40:15.145 [info] Locator Conda took 69.901995ms
2025-01-06 10:40:15.149 [info] Locator Homebrew took 2.11782ms
2025-01-06 10:40:15.152 [info] Locator LinuxGlobal took 77.292744ms
2025-01-06 10:40:15.152 [info] Locator PipEnv took 143.959µs
2025-01-06 10:40:15.152 [info] Locator Poetry took 2.777384ms
2025-01-06 10:40:15.152 [info] Locator PyEnv took 1.651062ms
2025-01-06 10:40:15.152 [info] Locator Venv took 1.084866ms
2025-01-06 10:40:15.152 [info] Locator VirtualEnv took 684.053µs
2025-01-06 10:40:15.152 [info] Locator VirtualEnvWrapper took 283.868µs
2025-01-06 10:40:15.153 [info] Locator GlobalVirtualEnvs took 2.102118ms
2025-01-06 10:40:15.157 [info] Locator Locators took 79.332985ms
2025-01-06 10:40:15.208 [info] Locator Path took 81.874644ms
2025-01-06 10:40:15.209 [info] Locator Workspaces took 8.25793ms
2025-01-06 10:40:15.239 [info] Refresh completed in 82ms
2025-01-06 10:40:15.264 [info] Resolved Python Environment /bin/python3
2025-01-06 10:40:15.294 [info] Resolved /bin/python3
2025-01-06 10:40:15.295 [info] Resolved /usr/bin/python3
2025-01-06 10:40:15.295 [info] Resolved /bin/python3.12
2025-01-06 10:40:15.295 [info] Resolved /usr/bin/python3.12
