2025-01-14 16:31:43.118 [info] [main] 로그 수준: Info
2025-01-14 16:31:43.118 [info] [main] "git"에서 찾은 git 유효성을 검사하는 중
2025-01-14 16:31:43.118 [info] [main] "2.43.0"에서 git "git"을(를) 사용하는 중
2025-01-14 16:31:43.118 [info] [Model][doInitialScan] Initial repository scan started
2025-01-14 16:31:43.118 [info] > git rev-parse --show-toplevel [3ms]
2025-01-14 16:31:43.118 [info] > git rev-parse --git-dir --git-common-dir [2ms]
2025-01-14 16:31:43.118 [info] [Model][openRepository] Opened repository: /home/uys_1705817
2025-01-14 16:31:43.118 [info] > git config --get commit.template [5ms]
2025-01-14 16:31:43.118 [info] > git rev-parse --show-toplevel [2ms]
2025-01-14 16:31:43.118 [info] > git for-each-ref --format=%(refname)%00%(upstream:short)%00%(objectname)%00%(upstream:track)%00%(upstream:remotename)%00%(upstream:remoteref) refs/heads/main refs/remotes/main [6ms]
2025-01-14 16:31:43.118 [info] > git rev-parse --show-toplevel [3ms]
2025-01-14 16:31:43.127 [info] > git rev-parse --show-toplevel [9ms]
2025-01-14 16:31:43.132 [info] > git for-each-ref --sort -committerdate --format %(refname) %(objectname) %(*objectname) [5ms]
2025-01-14 16:31:43.133 [info] > git rev-parse --show-toplevel [2ms]
2025-01-14 16:31:43.144 [info] > git rev-parse --show-toplevel [7ms]
2025-01-14 16:31:43.151 [info] > git rev-parse --show-toplevel [3ms]
2025-01-14 16:31:43.157 [info] > git rev-parse --show-toplevel [3ms]
2025-01-14 16:31:43.162 [info] > git rev-parse --show-toplevel [2ms]
2025-01-14 16:31:43.168 [info] > git rev-parse --show-toplevel [2ms]
2025-01-14 16:31:43.177 [info] > git rev-parse --show-toplevel [4ms]
2025-01-14 16:31:43.183 [info] > git status -z -uall [61ms]
2025-01-14 16:31:43.183 [info] > git rev-parse --show-toplevel [3ms]
2025-01-14 16:31:43.186 [info] [Model][doInitialScan] Initial repository scan completed - repositories (1), closed repositories (0), parent repositories (0), unsafe repositories (0)
2025-01-14 16:31:43.224 [info] > git for-each-ref --format=%(refname)%00%(upstream:short)%00%(objectname)%00%(upstream:track)%00%(upstream:remotename)%00%(upstream:remoteref) refs/heads/main refs/remotes/main [6ms]
2025-01-14 16:31:43.229 [info] > git config --get commit.template [5ms]
2025-01-14 16:31:43.230 [info] > git config --local branch.main.vscode-merge-base [2ms]
2025-01-14 16:31:43.230 [warning] [Git][config] git config failed: Failed to execute git
2025-01-14 16:31:43.268 [info] > git for-each-ref --format=%(refname)%00%(upstream:short)%00%(objectname)%00%(upstream:track)%00%(upstream:remotename)%00%(upstream:remoteref) refs/heads/main refs/remotes/main [30ms]
2025-01-14 16:31:43.268 [info] > git reflog main --grep-reflog=branch: Created from *. [34ms]
2025-01-14 16:31:43.284 [info] > git symbolic-ref --short refs/remotes/origin/HEAD [12ms]
2025-01-14 16:31:43.284 [info] fatal: ref refs/remotes/origin/HEAD is not a symbolic ref
2025-01-14 16:31:43.284 [warning] [Repository][getDefaultBranch] Failed to get default branch details: Failed to execute git.
2025-01-14 16:31:43.407 [info] > git merge-base refs/heads/main refs/remotes/origin/main [119ms]
2025-01-14 16:31:43.412 [info] > git for-each-ref --sort -committerdate --format %(refname) %(objectname) %(*objectname) [132ms]
2025-01-14 16:31:43.415 [info] > git status -z -uall [139ms]
2025-01-14 16:31:43.415 [info] > git diff --name-status -z --diff-filter=ADMR 763707af3af88da73075e5f82ec2f0d62dcb9b2a...refs/remotes/origin/main [3ms]
2025-01-14 16:31:43.672 [info] > git fetch [582ms]
2025-01-14 16:31:43.683 [info] > git check-ignore -v -z --stdin [33ms]
2025-01-14 16:31:43.689 [info] > git config --get commit.template [7ms]
2025-01-14 16:31:43.689 [info] > git for-each-ref --format=%(refname)%00%(upstream:short)%00%(objectname)%00%(upstream:track)%00%(upstream:remotename)%00%(upstream:remoteref) refs/heads/main refs/remotes/main [1ms]
2025-01-14 16:31:43.701 [info] > git for-each-ref --sort -committerdate --format %(refname) %(objectname) %(*objectname) [2ms]
2025-01-14 16:31:43.755 [info] > git status -z -uall [60ms]
2025-01-14 16:31:43.798 [info] > git show --textconv :dockerProj/1.txt [5ms]
2025-01-14 16:31:43.803 [info] > git ls-files --stage -- /home/uys_1705817/dockerProj/1.txt [5ms]
2025-01-14 16:31:43.808 [info] > git cat-file -s 642c61d70dde7d5b1e7316fb41501d3063591dcc [2ms]
2025-01-14 16:31:43.958 [info] > git blame --root --incremental 763707af3af88da73075e5f82ec2f0d62dcb9b2a -- /home/uys_1705817/dockerProj/1.txt [3ms]
2025-01-14 16:31:45.001 [info] > git ls-files --stage -- /home/uys_1705817/dockerProj/1.txt [6ms]
2025-01-14 16:31:45.005 [info] > git cat-file -s 642c61d70dde7d5b1e7316fb41501d3063591dcc [1ms]
2025-01-14 16:31:45.081 [info] > git show --textconv :dockerProj/1.txt [5ms]
2025-01-14 16:31:47.552 [info] > git config --get commit.template [5ms]
2025-01-14 16:31:47.554 [info] > git for-each-ref --format=%(refname)%00%(upstream:short)%00%(objectname)%00%(upstream:track)%00%(upstream:remotename)%00%(upstream:remoteref) refs/heads/main refs/remotes/main [3ms]
2025-01-14 16:31:47.566 [info] > git for-each-ref --sort -committerdate --format %(refname) %(objectname) %(*objectname) [3ms]
2025-01-14 16:31:47.620 [info] > git status -z -uall [60ms]
2025-01-14 16:31:52.648 [info] > git config --get commit.template [5ms]
2025-01-14 16:31:52.650 [info] > git for-each-ref --format=%(refname)%00%(upstream:short)%00%(objectname)%00%(upstream:track)%00%(upstream:remotename)%00%(upstream:remoteref) refs/heads/main refs/remotes/main [2ms]
2025-01-14 16:31:52.665 [info] > git for-each-ref --sort -committerdate --format %(refname) %(objectname) %(*objectname) [4ms]
2025-01-14 16:31:52.715 [info] > git status -z -uall [59ms]
2025-01-14 16:31:57.745 [info] > git config --get commit.template [5ms]
2025-01-14 16:31:57.746 [info] > git for-each-ref --format=%(refname)%00%(upstream:short)%00%(objectname)%00%(upstream:track)%00%(upstream:remotename)%00%(upstream:remoteref) refs/heads/main refs/remotes/main [2ms]
2025-01-14 16:31:57.757 [info] > git for-each-ref --sort -committerdate --format %(refname) %(objectname) %(*objectname) [1ms]
2025-01-14 16:31:57.811 [info] > git status -z -uall [60ms]
2025-01-14 16:32:08.700 [info] > git config --get commit.template [5ms]
2025-01-14 16:32:08.701 [info] > git for-each-ref --format=%(refname)%00%(upstream:short)%00%(objectname)%00%(upstream:track)%00%(upstream:remotename)%00%(upstream:remoteref) refs/heads/main refs/remotes/main [2ms]
2025-01-14 16:32:08.712 [info] > git for-each-ref --sort -committerdate --format %(refname) %(objectname) %(*objectname) [2ms]
2025-01-14 16:32:08.764 [info] > git status -z -uall [58ms]
2025-01-14 16:32:13.793 [info] > git config --get commit.template [5ms]
2025-01-14 16:32:13.794 [info] > git for-each-ref --format=%(refname)%00%(upstream:short)%00%(objectname)%00%(upstream:track)%00%(upstream:remotename)%00%(upstream:remoteref) refs/heads/main refs/remotes/main [1ms]
2025-01-14 16:32:13.804 [info] > git for-each-ref --sort -committerdate --format %(refname) %(objectname) %(*objectname) [1ms]
2025-01-14 16:32:13.860 [info] > git status -z -uall [61ms]
2025-01-14 16:32:18.889 [info] > git config --get commit.template [6ms]
2025-01-14 16:32:18.890 [info] > git for-each-ref --format=%(refname)%00%(upstream:short)%00%(objectname)%00%(upstream:track)%00%(upstream:remotename)%00%(upstream:remoteref) refs/heads/main refs/remotes/main [1ms]
2025-01-14 16:32:18.901 [info] > git for-each-ref --sort -committerdate --format %(refname) %(objectname) %(*objectname) [1ms]
2025-01-14 16:32:18.956 [info] > git status -z -uall [61ms]
2025-01-14 16:32:23.983 [info] > git config --get commit.template [4ms]
2025-01-14 16:32:23.984 [info] > git for-each-ref --format=%(refname)%00%(upstream:short)%00%(objectname)%00%(upstream:track)%00%(upstream:remotename)%00%(upstream:remoteref) refs/heads/main refs/remotes/main [1ms]
2025-01-14 16:32:23.995 [info] > git for-each-ref --sort -committerdate --format %(refname) %(objectname) %(*objectname) [1ms]
2025-01-14 16:32:24.052 [info] > git status -z -uall [63ms]
2025-01-14 16:32:29.079 [info] > git config --get commit.template [5ms]
2025-01-14 16:32:29.081 [info] > git for-each-ref --format=%(refname)%00%(upstream:short)%00%(objectname)%00%(upstream:track)%00%(upstream:remotename)%00%(upstream:remoteref) refs/heads/main refs/remotes/main [2ms]
2025-01-14 16:32:29.092 [info] > git for-each-ref --sort -committerdate --format %(refname) %(objectname) %(*objectname) [1ms]
2025-01-14 16:32:29.147 [info] > git status -z -uall [61ms]
2025-01-14 16:32:34.178 [info] > git config --get commit.template [5ms]
2025-01-14 16:32:34.180 [info] > git for-each-ref --format=%(refname)%00%(upstream:short)%00%(objectname)%00%(upstream:track)%00%(upstream:remotename)%00%(upstream:remoteref) refs/heads/main refs/remotes/main [2ms]
2025-01-14 16:32:34.192 [info] > git for-each-ref --sort -committerdate --format %(refname) %(objectname) %(*objectname) [2ms]
2025-01-14 16:32:34.246 [info] > git status -z -uall [61ms]
2025-01-14 16:32:39.604 [info] > git config --get commit.template [6ms]
2025-01-14 16:32:39.607 [info] > git for-each-ref --format=%(refname)%00%(upstream:short)%00%(objectname)%00%(upstream:track)%00%(upstream:remotename)%00%(upstream:remoteref) refs/heads/main refs/remotes/main [3ms]
2025-01-14 16:32:39.618 [info] > git for-each-ref --sort -committerdate --format %(refname) %(objectname) %(*objectname) [1ms]
2025-01-14 16:32:39.672 [info] > git status -z -uall [60ms]
2025-01-14 16:32:44.704 [info] > git config --get commit.template [7ms]
2025-01-14 16:32:44.706 [info] > git for-each-ref --format=%(refname)%00%(upstream:short)%00%(objectname)%00%(upstream:track)%00%(upstream:remotename)%00%(upstream:remoteref) refs/heads/main refs/remotes/main [3ms]
2025-01-14 16:32:44.718 [info] > git for-each-ref --sort -committerdate --format %(refname) %(objectname) %(*objectname) [1ms]
2025-01-14 16:32:44.773 [info] > git status -z -uall [61ms]
2025-01-14 16:32:50.613 [info] > git config --get commit.template [5ms]
2025-01-14 16:32:50.614 [info] > git for-each-ref --format=%(refname)%00%(upstream:short)%00%(objectname)%00%(upstream:track)%00%(upstream:remotename)%00%(upstream:remoteref) refs/heads/main refs/remotes/main [2ms]
2025-01-14 16:32:50.627 [info] > git for-each-ref --sort -committerdate --format %(refname) %(objectname) %(*objectname) [2ms]
2025-01-14 16:32:50.678 [info] > git status -z -uall [58ms]
2025-01-14 16:32:55.705 [info] > git config --get commit.template [0ms]
2025-01-14 16:32:55.712 [info] > git for-each-ref --format=%(refname)%00%(upstream:short)%00%(objectname)%00%(upstream:track)%00%(upstream:remotename)%00%(upstream:remoteref) refs/heads/main refs/remotes/main [1ms]
2025-01-14 16:32:55.724 [info] > git for-each-ref --sort -committerdate --format %(refname) %(objectname) %(*objectname) [2ms]
2025-01-14 16:32:55.775 [info] > git status -z -uall [58ms]
2025-01-14 16:33:00.806 [info] > git config --get commit.template [6ms]
2025-01-14 16:33:00.807 [info] > git for-each-ref --format=%(refname)%00%(upstream:short)%00%(objectname)%00%(upstream:track)%00%(upstream:remotename)%00%(upstream:remoteref) refs/heads/main refs/remotes/main [2ms]
2025-01-14 16:33:00.819 [info] > git for-each-ref --sort -committerdate --format %(refname) %(objectname) %(*objectname) [1ms]
2025-01-14 16:33:00.873 [info] > git status -z -uall [60ms]
2025-01-14 16:33:05.901 [info] > git config --get commit.template [6ms]
2025-01-14 16:33:05.902 [info] > git for-each-ref --format=%(refname)%00%(upstream:short)%00%(objectname)%00%(upstream:track)%00%(upstream:remotename)%00%(upstream:remoteref) refs/heads/main refs/remotes/main [1ms]
2025-01-14 16:33:05.914 [info] > git for-each-ref --sort -committerdate --format %(refname) %(objectname) %(*objectname) [2ms]
2025-01-14 16:33:05.966 [info] > git status -z -uall [58ms]
2025-01-14 16:33:10.994 [info] > git config --get commit.template [5ms]
2025-01-14 16:33:10.994 [info] > git for-each-ref --format=%(refname)%00%(upstream:short)%00%(objectname)%00%(upstream:track)%00%(upstream:remotename)%00%(upstream:remoteref) refs/heads/main refs/remotes/main [1ms]
2025-01-14 16:33:11.005 [info] > git for-each-ref --sort -committerdate --format %(refname) %(objectname) %(*objectname) [1ms]
2025-01-14 16:33:11.059 [info] > git status -z -uall [59ms]
2025-01-14 16:33:16.086 [info] > git config --get commit.template [6ms]
2025-01-14 16:33:16.087 [info] > git for-each-ref --format=%(refname)%00%(upstream:short)%00%(objectname)%00%(upstream:track)%00%(upstream:remotename)%00%(upstream:remoteref) refs/heads/main refs/remotes/main [1ms]
2025-01-14 16:33:16.099 [info] > git for-each-ref --sort -committerdate --format %(refname) %(objectname) %(*objectname) [3ms]
2025-01-14 16:33:16.150 [info] > git status -z -uall [58ms]
2025-01-14 16:33:21.178 [info] > git config --get commit.template [5ms]
2025-01-14 16:33:21.180 [info] > git for-each-ref --format=%(refname)%00%(upstream:short)%00%(objectname)%00%(upstream:track)%00%(upstream:remotename)%00%(upstream:remoteref) refs/heads/main refs/remotes/main [2ms]
2025-01-14 16:33:21.191 [info] > git for-each-ref --sort -committerdate --format %(refname) %(objectname) %(*objectname) [1ms]
2025-01-14 16:33:21.244 [info] > git status -z -uall [59ms]
2025-01-14 16:33:26.274 [info] > git config --get commit.template [6ms]
2025-01-14 16:33:26.276 [info] > git for-each-ref --format=%(refname)%00%(upstream:short)%00%(objectname)%00%(upstream:track)%00%(upstream:remotename)%00%(upstream:remoteref) refs/heads/main refs/remotes/main [1ms]
2025-01-14 16:33:26.287 [info] > git for-each-ref --sort -committerdate --format %(refname) %(objectname) %(*objectname) [1ms]
2025-01-14 16:33:26.342 [info] > git status -z -uall [60ms]
2025-01-14 16:33:31.366 [info] > git config --get commit.template [1ms]
2025-01-14 16:33:31.373 [info] > git for-each-ref --format=%(refname)%00%(upstream:short)%00%(objectname)%00%(upstream:track)%00%(upstream:remotename)%00%(upstream:remoteref) refs/heads/main refs/remotes/main [2ms]
2025-01-14 16:33:31.386 [info] > git for-each-ref --sort -committerdate --format %(refname) %(objectname) %(*objectname) [3ms]
2025-01-14 16:33:31.440 [info] > git status -z -uall [62ms]
2025-01-14 16:33:36.474 [info] > git config --get commit.template [5ms]
2025-01-14 16:33:36.475 [info] > git for-each-ref --format=%(refname)%00%(upstream:short)%00%(objectname)%00%(upstream:track)%00%(upstream:remotename)%00%(upstream:remoteref) refs/heads/main refs/remotes/main [2ms]
2025-01-14 16:33:36.486 [info] > git for-each-ref --sort -committerdate --format %(refname) %(objectname) %(*objectname) [1ms]
2025-01-14 16:33:36.540 [info] > git status -z -uall [60ms]
2025-01-14 16:33:41.569 [info] > git config --get commit.template [5ms]
2025-01-14 16:33:41.571 [info] > git for-each-ref --format=%(refname)%00%(upstream:short)%00%(objectname)%00%(upstream:track)%00%(upstream:remotename)%00%(upstream:remoteref) refs/heads/main refs/remotes/main [2ms]
2025-01-14 16:33:41.582 [info] > git for-each-ref --sort -committerdate --format %(refname) %(objectname) %(*objectname) [1ms]
2025-01-14 16:33:41.635 [info] > git status -z -uall [59ms]
2025-01-14 16:33:46.693 [info] > git config --get commit.template [5ms]
2025-01-14 16:33:46.694 [info] > git for-each-ref --format=%(refname)%00%(upstream:short)%00%(objectname)%00%(upstream:track)%00%(upstream:remotename)%00%(upstream:remoteref) refs/heads/main refs/remotes/main [2ms]
2025-01-14 16:33:46.704 [info] > git for-each-ref --sort -committerdate --format %(refname) %(objectname) %(*objectname) [1ms]
2025-01-14 16:33:46.760 [info] > git status -z -uall [61ms]
2025-01-14 16:33:51.788 [info] > git config --get commit.template [5ms]
2025-01-14 16:33:51.790 [info] > git for-each-ref --format=%(refname)%00%(upstream:short)%00%(objectname)%00%(upstream:track)%00%(upstream:remotename)%00%(upstream:remoteref) refs/heads/main refs/remotes/main [2ms]
2025-01-14 16:33:51.801 [info] > git for-each-ref --sort -committerdate --format %(refname) %(objectname) %(*objectname) [1ms]
2025-01-14 16:33:51.858 [info] > git status -z -uall [63ms]
2025-01-14 16:33:56.888 [info] > git config --get commit.template [5ms]
2025-01-14 16:33:56.890 [info] > git for-each-ref --format=%(refname)%00%(upstream:short)%00%(objectname)%00%(upstream:track)%00%(upstream:remotename)%00%(upstream:remoteref) refs/heads/main refs/remotes/main [2ms]
2025-01-14 16:33:56.901 [info] > git for-each-ref --sort -committerdate --format %(refname) %(objectname) %(*objectname) [1ms]
2025-01-14 16:33:56.956 [info] > git status -z -uall [60ms]
2025-01-14 16:34:01.985 [info] > git config --get commit.template [5ms]
2025-01-14 16:34:01.986 [info] > git for-each-ref --format=%(refname)%00%(upstream:short)%00%(objectname)%00%(upstream:track)%00%(upstream:remotename)%00%(upstream:remoteref) refs/heads/main refs/remotes/main [2ms]
2025-01-14 16:34:01.997 [info] > git for-each-ref --sort -committerdate --format %(refname) %(objectname) %(*objectname) [1ms]
2025-01-14 16:34:02.051 [info] > git status -z -uall [60ms]
2025-01-14 16:34:07.078 [info] > git config --get commit.template [6ms]
2025-01-14 16:34:07.078 [info] > git for-each-ref --format=%(refname)%00%(upstream:short)%00%(objectname)%00%(upstream:track)%00%(upstream:remotename)%00%(upstream:remoteref) refs/heads/main refs/remotes/main [1ms]
2025-01-14 16:34:07.090 [info] > git for-each-ref --sort -committerdate --format %(refname) %(objectname) %(*objectname) [2ms]
2025-01-14 16:34:07.145 [info] > git status -z -uall [61ms]
2025-01-14 16:34:12.177 [info] > git config --get commit.template [6ms]
2025-01-14 16:34:12.178 [info] > git for-each-ref --format=%(refname)%00%(upstream:short)%00%(objectname)%00%(upstream:track)%00%(upstream:remotename)%00%(upstream:remoteref) refs/heads/main refs/remotes/main [2ms]
2025-01-14 16:34:12.189 [info] > git for-each-ref --sort -committerdate --format %(refname) %(objectname) %(*objectname) [1ms]
2025-01-14 16:34:12.243 [info] > git status -z -uall [60ms]
2025-01-14 16:34:17.272 [info] > git config --get commit.template [6ms]
2025-01-14 16:34:17.274 [info] > git for-each-ref --format=%(refname)%00%(upstream:short)%00%(objectname)%00%(upstream:track)%00%(upstream:remotename)%00%(upstream:remoteref) refs/heads/main refs/remotes/main [2ms]
2025-01-14 16:34:17.285 [info] > git for-each-ref --sort -committerdate --format %(refname) %(objectname) %(*objectname) [2ms]
2025-01-14 16:34:17.339 [info] > git status -z -uall [61ms]
2025-01-14 16:34:22.372 [info] > git config --get commit.template [6ms]
2025-01-14 16:34:22.374 [info] > git for-each-ref --format=%(refname)%00%(upstream:short)%00%(objectname)%00%(upstream:track)%00%(upstream:remotename)%00%(upstream:remoteref) refs/heads/main refs/remotes/main [3ms]
2025-01-14 16:34:22.385 [info] > git for-each-ref --sort -committerdate --format %(refname) %(objectname) %(*objectname) [3ms]
2025-01-14 16:34:22.437 [info] > git status -z -uall [59ms]
2025-01-14 16:34:27.464 [info] > git config --get commit.template [5ms]
2025-01-14 16:34:27.465 [info] > git for-each-ref --format=%(refname)%00%(upstream:short)%00%(objectname)%00%(upstream:track)%00%(upstream:remotename)%00%(upstream:remoteref) refs/heads/main refs/remotes/main [2ms]
2025-01-14 16:34:27.474 [info] > git for-each-ref --sort -committerdate --format %(refname) %(objectname) %(*objectname) [1ms]
2025-01-14 16:34:27.529 [info] > git status -z -uall [60ms]
2025-01-14 16:34:32.561 [info] > git config --get commit.template [4ms]
2025-01-14 16:34:32.561 [info] > git for-each-ref --format=%(refname)%00%(upstream:short)%00%(objectname)%00%(upstream:track)%00%(upstream:remotename)%00%(upstream:remoteref) refs/heads/main refs/remotes/main [1ms]
2025-01-14 16:34:32.573 [info] > git for-each-ref --sort -committerdate --format %(refname) %(objectname) %(*objectname) [3ms]
2025-01-14 16:34:32.624 [info] > git status -z -uall [59ms]
2025-01-14 16:34:37.653 [info] > git config --get commit.template [5ms]
2025-01-14 16:34:37.654 [info] > git for-each-ref --format=%(refname)%00%(upstream:short)%00%(objectname)%00%(upstream:track)%00%(upstream:remotename)%00%(upstream:remoteref) refs/heads/main refs/remotes/main [1ms]
2025-01-14 16:34:37.666 [info] > git for-each-ref --sort -committerdate --format %(refname) %(objectname) %(*objectname) [2ms]
2025-01-14 16:34:37.720 [info] > git status -z -uall [61ms]
2025-01-14 16:34:42.751 [info] > git config --get commit.template [5ms]
2025-01-14 16:34:42.752 [info] > git for-each-ref --format=%(refname)%00%(upstream:short)%00%(objectname)%00%(upstream:track)%00%(upstream:remotename)%00%(upstream:remoteref) refs/heads/main refs/remotes/main [1ms]
2025-01-14 16:34:42.763 [info] > git for-each-ref --sort -committerdate --format %(refname) %(objectname) %(*objectname) [3ms]
2025-01-14 16:34:42.816 [info] > git status -z -uall [60ms]
2025-01-14 16:34:44.342 [info] > git fetch [566ms]
2025-01-14 16:34:44.353 [info] > git config --get commit.template [4ms]
2025-01-14 16:34:44.355 [info] > git for-each-ref --format=%(refname)%00%(upstream:short)%00%(objectname)%00%(upstream:track)%00%(upstream:remotename)%00%(upstream:remoteref) refs/heads/main refs/remotes/main [2ms]
2025-01-14 16:34:44.366 [info] > git for-each-ref --sort -committerdate --format %(refname) %(objectname) %(*objectname) [2ms]
2025-01-14 16:34:44.420 [info] > git status -z -uall [60ms]
2025-01-14 16:34:45.770 [info] > git ls-files --stage -- /home/uys_1705817/dockerProj/1.txt [5ms]
2025-01-14 16:34:45.777 [info] > git cat-file -s 642c61d70dde7d5b1e7316fb41501d3063591dcc [2ms]
2025-01-14 16:34:45.857 [info] > git show --textconv :dockerProj/1.txt [5ms]
2025-01-14 16:34:47.842 [info] > git config --get commit.template [5ms]
2025-01-14 16:34:47.843 [info] > git for-each-ref --format=%(refname)%00%(upstream:short)%00%(objectname)%00%(upstream:track)%00%(upstream:remotename)%00%(upstream:remoteref) refs/heads/main refs/remotes/main [2ms]
2025-01-14 16:34:47.853 [info] > git for-each-ref --sort -committerdate --format %(refname) %(objectname) %(*objectname) [1ms]
2025-01-14 16:34:47.909 [info] > git status -z -uall [61ms]
2025-01-14 16:34:53.260 [info] > git config --get commit.template [5ms]
2025-01-14 16:34:53.260 [info] > git for-each-ref --format=%(refname)%00%(upstream:short)%00%(objectname)%00%(upstream:track)%00%(upstream:remotename)%00%(upstream:remoteref) refs/heads/main refs/remotes/main [1ms]
2025-01-14 16:34:53.272 [info] > git for-each-ref --sort -committerdate --format %(refname) %(objectname) %(*objectname) [2ms]
2025-01-14 16:34:53.324 [info] > git status -z -uall [59ms]
2025-01-14 16:34:58.355 [info] > git config --get commit.template [6ms]
2025-01-14 16:34:58.356 [info] > git for-each-ref --format=%(refname)%00%(upstream:short)%00%(objectname)%00%(upstream:track)%00%(upstream:remotename)%00%(upstream:remoteref) refs/heads/main refs/remotes/main [2ms]
2025-01-14 16:34:58.367 [info] > git for-each-ref --sort -committerdate --format %(refname) %(objectname) %(*objectname) [1ms]
2025-01-14 16:34:58.420 [info] > git status -z -uall [58ms]
2025-01-14 16:35:03.447 [info] > git config --get commit.template [4ms]
2025-01-14 16:35:03.447 [info] > git for-each-ref --format=%(refname)%00%(upstream:short)%00%(objectname)%00%(upstream:track)%00%(upstream:remotename)%00%(upstream:remoteref) refs/heads/main refs/remotes/main [1ms]
2025-01-14 16:35:03.459 [info] > git for-each-ref --sort -committerdate --format %(refname) %(objectname) %(*objectname) [2ms]
2025-01-14 16:35:03.511 [info] > git status -z -uall [58ms]
2025-01-14 16:35:09.864 [info] > git config --get commit.template [5ms]
2025-01-14 16:35:09.866 [info] > git for-each-ref --format=%(refname)%00%(upstream:short)%00%(objectname)%00%(upstream:track)%00%(upstream:remotename)%00%(upstream:remoteref) refs/heads/main refs/remotes/main [2ms]
2025-01-14 16:35:09.877 [info] > git for-each-ref --sort -committerdate --format %(refname) %(objectname) %(*objectname) [1ms]
2025-01-14 16:35:09.932 [info] > git status -z -uall [61ms]
2025-01-14 16:35:14.958 [info] > git config --get commit.template [4ms]
2025-01-14 16:35:14.958 [info] > git for-each-ref --format=%(refname)%00%(upstream:short)%00%(objectname)%00%(upstream:track)%00%(upstream:remotename)%00%(upstream:remoteref) refs/heads/main refs/remotes/main [1ms]
2025-01-14 16:35:14.968 [info] > git for-each-ref --sort -committerdate --format %(refname) %(objectname) %(*objectname) [1ms]
2025-01-14 16:35:15.023 [info] > git status -z -uall [60ms]
2025-01-14 16:35:20.046 [info] > git config --get commit.template [1ms]
2025-01-14 16:35:20.050 [info] > git for-each-ref --format=%(refname)%00%(upstream:short)%00%(objectname)%00%(upstream:track)%00%(upstream:remotename)%00%(upstream:remoteref) refs/heads/main refs/remotes/main [1ms]
2025-01-14 16:35:20.061 [info] > git for-each-ref --sort -committerdate --format %(refname) %(objectname) %(*objectname) [1ms]
2025-01-14 16:35:20.114 [info] > git status -z -uall [59ms]
2025-01-14 16:36:40.212 [info] > git config --get commit.template [6ms]
2025-01-14 16:36:40.213 [info] > git for-each-ref --format=%(refname)%00%(upstream:short)%00%(objectname)%00%(upstream:track)%00%(upstream:remotename)%00%(upstream:remoteref) refs/heads/main refs/remotes/main [2ms]
2025-01-14 16:36:40.224 [info] > git for-each-ref --sort -committerdate --format %(refname) %(objectname) %(*objectname) [1ms]
2025-01-14 16:36:40.282 [info] > git status -z -uall [63ms]
