2025-01-04 09:24:33.249 [info] [main] 로그 수준: Info
2025-01-04 09:24:33.249 [info] [main] "git"에서 찾은 git 유효성을 검사하는 중
2025-01-04 09:24:33.249 [info] [main] "2.43.0"에서 git "git"을(를) 사용하는 중
2025-01-04 09:24:33.249 [info] [Model][doInitialScan] Initial repository scan started
2025-01-04 09:24:33.249 [info] > git rev-parse --show-toplevel [4ms]
2025-01-04 09:24:33.249 [info] > git rev-parse --git-dir --git-common-dir [1ms]
2025-01-04 09:24:33.249 [info] [Model][openRepository] Opened repository: /home/uys_1705817
2025-01-04 09:24:33.249 [info] > git rev-parse --show-toplevel [55ms]
2025-01-04 09:24:33.249 [info] > git config --get commit.template [59ms]
2025-01-04 09:24:33.249 [info] > git fetch [66ms]
2025-01-04 09:24:33.249 [info] [Git][getRemotes] No remotes found in the git config file
2025-01-04 09:24:33.249 [info] > git config --get commit.template [19ms]
2025-01-04 09:24:33.249 [info] > git rev-parse --show-toplevel [24ms]
2025-01-04 09:24:33.249 [info] > git for-each-ref --format=%(refname)%00%(upstream:short)%00%(objectname)%00%(upstream:track)%00%(upstream:remotename)%00%(upstream:remoteref) refs/heads/main refs/remotes/main [8ms]
2025-01-04 09:24:33.249 [info] [Git][getRemotes] No remotes found in the git config file
2025-01-04 09:24:33.249 [info] > git for-each-ref --format=%(refname)%00%(upstream:short)%00%(objectname)%00%(upstream:track)%00%(upstream:remotename)%00%(upstream:remoteref) refs/heads/main refs/remotes/main [8ms]
2025-01-04 09:24:33.249 [info] > git rev-parse --show-toplevel [21ms]
2025-01-04 09:24:33.249 [info] > git for-each-ref --format=%(refname)%00%(upstream:short)%00%(objectname)%00%(upstream:track)%00%(upstream:remotename)%00%(upstream:remoteref) refs/heads/main refs/remotes/main [19ms]
2025-01-04 09:24:33.249 [info] > git rev-parse --show-toplevel [10ms]
2025-01-04 09:24:33.249 [info] > git config --get commit.template [15ms]
2025-01-04 09:24:33.249 [info] > git config --local branch.main.vscode-merge-base [21ms]
2025-01-04 09:24:33.249 [warning] [Git][config] git config failed: Failed to execute git
2025-01-04 09:24:33.253 [info] [Git][getRemotes] No remotes found in the git config file
2025-01-04 09:24:33.259 [info] > git for-each-ref --format=%(refname)%00%(upstream:short)%00%(objectname)%00%(upstream:track)%00%(upstream:remotename)%00%(upstream:remoteref) refs/heads/main refs/remotes/main [20ms]
2025-01-04 09:24:33.264 [info] > git rev-parse --show-toplevel [6ms]
2025-01-04 09:24:33.265 [info] > git for-each-ref --format=%(refname)%00%(upstream:short)%00%(objectname)%00%(upstream:track)%00%(upstream:remotename)%00%(upstream:remoteref) refs/heads/main refs/remotes/main [12ms]
2025-01-04 09:24:33.277 [info] > git reflog main --grep-reflog=branch: Created from *. [29ms]
2025-01-04 09:24:33.287 [info] > git for-each-ref --sort -committerdate --format %(refname) %(objectname) %(*objectname) [11ms]
2025-01-04 09:24:33.288 [info] > git config --local branch.main.vscode-merge-base [25ms]
2025-01-04 09:24:33.288 [warning] [Git][config] git config failed: Failed to execute git
2025-01-04 09:24:33.298 [info] > git rev-parse --show-toplevel [10ms]
2025-01-04 09:24:33.298 [info] > git symbolic-ref --short refs/remotes/origin/HEAD [16ms]
2025-01-04 09:24:33.298 [info] fatal: ref refs/remotes/origin/HEAD is not a symbolic ref
2025-01-04 09:24:33.298 [warning] [Repository][getDefaultBranch] Failed to get default branch details: Failed to execute git.
2025-01-04 09:24:33.304 [info] > git reflog main --grep-reflog=branch: Created from *. [10ms]
2025-01-04 09:24:33.310 [info] > git rev-parse --show-toplevel [6ms]
2025-01-04 09:24:33.312 [info] [Model][doInitialScan] Initial repository scan completed - repositories (1), closed repositories (0), parent repositories (0), unsafe repositories (0)
2025-01-04 09:24:33.313 [info] > git symbolic-ref --short refs/remotes/origin/HEAD [3ms]
2025-01-04 09:24:33.313 [info] fatal: ref refs/remotes/origin/HEAD is not a symbolic ref
2025-01-04 09:24:33.313 [warning] [Repository][getDefaultBranch] Failed to get default branch details: Failed to execute git.
2025-01-04 09:24:33.319 [info] > git status -z -uall [48ms]
2025-01-04 09:24:33.701 [info] > git check-ignore -v -z --stdin [13ms]
2025-01-04 09:24:33.792 [info] > git show --textconv :flaskProject/app.py [8ms]
2025-01-04 09:24:33.795 [info] > git ls-files --stage -- /home/uys_1705817/flaskProject/app.py [5ms]
2025-01-04 09:24:33.802 [info] > git cat-file -s 41f1855f19cf8ecd098fb75630e665ee48d75c31 [1ms]
2025-01-04 09:24:33.900 [info] > git blame --root --incremental 6a592f3ac36fe9e750384f9d55936adf18a4b294 -- /home/uys_1705817/flaskProject/app.py [13ms]
2025-01-04 09:24:34.460 [info] > git ls-files --stage -- /home/uys_1705817/flaskProject/app.py [3ms]
2025-01-04 09:24:34.467 [info] > git cat-file -s 41f1855f19cf8ecd098fb75630e665ee48d75c31 [1ms]
2025-01-04 09:24:34.545 [info] > git show --textconv :flaskProject/app.py [5ms]
2025-01-04 09:24:37.196 [info] [Git][getRemotes] No remotes found in the git config file
2025-01-04 09:24:37.199 [info] > git for-each-ref --format=%(refname)%00%(upstream:short)%00%(objectname)%00%(upstream:track)%00%(upstream:remotename)%00%(upstream:remoteref) refs/heads/main refs/remotes/main [2ms]
2025-01-04 09:24:37.199 [info] > git config --get commit.template [10ms]
2025-01-04 09:24:37.211 [info] > git for-each-ref --sort -committerdate --format %(refname) %(objectname) %(*objectname) [2ms]
2025-01-04 09:24:37.250 [info] > git status -z -uall [46ms]
2025-01-04 09:24:37.744 [info] > git log --format=%H%n%aN%n%aE%n%at%n%ct%n%P%n%D%n%B -z --shortstat --diff-merges=first-parent -n50 --skip=0 --topo-order --decorate=full --stdin [1737ms]
2025-01-04 09:24:40.878 [info] > git add -A -- . [1258ms]
2025-01-04 09:24:41.727 [info] > git show --textconv :.git/COMMIT_EDITMSG [6ms]
2025-01-04 09:24:41.732 [info] > git ls-files --stage -- /home/uys_1705817/.git/COMMIT_EDITMSG [6ms]
2025-01-04 09:24:42.025 [info] > git check-ignore -v -z --stdin [4ms]
2025-01-04 09:24:42.420 [info] > git ls-files --stage -- /home/uys_1705817/.git/COMMIT_EDITMSG [3ms]
2025-01-04 09:24:42.501 [info] > git show --textconv :.git/COMMIT_EDITMSG [3ms]
2025-01-04 09:24:47.276 [info] > git -c user.useConfigOnly=true commit --quiet [6393ms]
2025-01-04 09:24:47.277 [info] Aborting commit due to empty commit message.
2025-01-04 09:24:47.287 [info] [Git][getRemotes] No remotes found in the git config file
2025-01-04 09:24:47.287 [info] > git config --get commit.template [5ms]
2025-01-04 09:24:47.288 [info] > git for-each-ref --format=%(refname)%00%(upstream:short)%00%(objectname)%00%(upstream:track)%00%(upstream:remotename)%00%(upstream:remoteref) refs/heads/main refs/remotes/main [1ms]
2025-01-04 09:24:47.301 [info] > git for-each-ref --sort -committerdate --format %(refname) %(objectname) %(*objectname) [2ms]
2025-01-04 09:24:47.450 [info] > git status -z -uall [157ms]
2025-01-04 09:24:47.493 [info] > git show --textconv :flaskProject/app.py [6ms]
2025-01-04 09:24:47.493 [info] > git config --get commit.template [11ms]
2025-01-04 09:24:47.499 [info] [Git][getRemotes] No remotes found in the git config file
2025-01-04 09:24:47.500 [info] > git ls-files --stage -- /home/uys_1705817/flaskProject/app.py [8ms]
2025-01-04 09:24:47.506 [info] > git for-each-ref --format=%(refname)%00%(upstream:short)%00%(objectname)%00%(upstream:track)%00%(upstream:remotename)%00%(upstream:remoteref) refs/heads/main refs/remotes/main [7ms]
2025-01-04 09:24:47.519 [info] > git cat-file -s 602ddeff1741d6c47c418d1955e1cb45aa822cc6 [14ms]
2025-01-04 09:24:47.520 [info] > git for-each-ref --sort -committerdate --format %(refname) %(objectname) %(*objectname) [2ms]
2025-01-04 09:24:47.671 [info] > git status -z -uall [159ms]
2025-01-04 09:24:48.234 [info] > git show --textconv HEAD:flaskProject/app.py [6ms]
2025-01-04 09:24:48.235 [info] > git ls-tree -l HEAD -- /home/uys_1705817/flaskProject/app.py [2ms]
2025-01-04 09:24:52.700 [info] [Git][getRemotes] No remotes found in the git config file
2025-01-04 09:24:52.701 [info] > git config --get commit.template [7ms]
2025-01-04 09:24:52.701 [info] > git for-each-ref --format=%(refname)%00%(upstream:short)%00%(objectname)%00%(upstream:track)%00%(upstream:remotename)%00%(upstream:remoteref) refs/heads/main refs/remotes/main [1ms]
2025-01-04 09:24:52.714 [info] > git for-each-ref --sort -committerdate --format %(refname) %(objectname) %(*objectname) [2ms]
2025-01-04 09:24:52.865 [info] > git status -z -uall [158ms]
2025-01-04 09:24:53.948 [info] [Git][getRemotes] No remotes found in the git config file
2025-01-04 09:24:53.948 [info] > git config --get commit.template [7ms]
2025-01-04 09:24:53.948 [info] > git for-each-ref --format=%(refname)%00%(upstream:short)%00%(objectname)%00%(upstream:track)%00%(upstream:remotename)%00%(upstream:remoteref) refs/heads/main refs/remotes/main [1ms]
2025-01-04 09:24:53.963 [info] > git for-each-ref --sort -committerdate --format %(refname) %(objectname) %(*objectname) [2ms]
2025-01-04 09:24:54.110 [info] > git status -z -uall [156ms]
2025-01-04 09:24:57.895 [info] [Git][getRemotes] No remotes found in the git config file
2025-01-04 09:24:57.896 [info] > git config --get commit.template [7ms]
2025-01-04 09:24:57.896 [info] > git for-each-ref --format=%(refname)%00%(upstream:short)%00%(objectname)%00%(upstream:track)%00%(upstream:remotename)%00%(upstream:remoteref) refs/heads/main refs/remotes/main [1ms]
2025-01-04 09:24:57.910 [info] > git for-each-ref --sort -committerdate --format %(refname) %(objectname) %(*objectname) [2ms]
2025-01-04 09:24:58.056 [info] > git status -z -uall [154ms]
2025-01-04 09:25:03.081 [info] [Git][getRemotes] No remotes found in the git config file
2025-01-04 09:25:03.085 [info] > git config --get commit.template [5ms]
2025-01-04 09:25:03.086 [info] > git for-each-ref --format=%(refname)%00%(upstream:short)%00%(objectname)%00%(upstream:track)%00%(upstream:remotename)%00%(upstream:remoteref) refs/heads/main refs/remotes/main [1ms]
2025-01-04 09:25:03.101 [info] > git for-each-ref --sort -committerdate --format %(refname) %(objectname) %(*objectname) [2ms]
2025-01-04 09:25:03.248 [info] > git status -z -uall [156ms]
2025-01-04 09:25:03.282 [info] > git remote add origin https://github.com/umyunsang/uys_1705817.git [11ms]
2025-01-04 09:25:03.295 [info] > git config --get commit.template [7ms]
2025-01-04 09:25:03.296 [info] > git for-each-ref --format=%(refname)%00%(upstream:short)%00%(objectname)%00%(upstream:track)%00%(upstream:remotename)%00%(upstream:remoteref) refs/heads/main refs/remotes/main [1ms]
2025-01-04 09:25:03.310 [info] > git for-each-ref --sort -committerdate --format %(refname) %(objectname) %(*objectname) [1ms]
2025-01-04 09:25:03.459 [info] > git status -z -uall [156ms]
2025-01-04 09:25:04.649 [info] > git ls-files --stage -- /home/uys_1705817/flaskProject/app.py [7ms]
2025-01-04 09:25:04.656 [info] > git ls-tree -l HEAD -- /home/uys_1705817/flaskProject/app.py [8ms]
2025-01-04 09:25:04.658 [info] > git cat-file -s 602ddeff1741d6c47c418d1955e1cb45aa822cc6 [3ms]
2025-01-04 09:25:04.719 [info] > git show --textconv HEAD:flaskProject/app.py [5ms]
2025-01-04 09:25:04.724 [info] > git show --textconv :flaskProject/app.py [5ms]
2025-01-04 09:25:15.822 [info] > git push -u origin main [12343ms]
2025-01-04 09:25:15.822 [info] remote: warning: See https://gh.io/lfs for more information.        
remote: warning: File .vscode-server/cli/servers/Stable-138f619c86f1199955d53b4166bef66ef252935c/server/node is 93.87 MB; this is larger than GitHub's recommended maximum file size of 50.00 MB        
remote: warning: GH001: Large files detected. You may want to try Git Large File Storage - https://git-lfs.github.com.        
To https://github.com/umyunsang/uys_1705817.git
 * [new branch]      main -> main
2025-01-04 09:25:15.838 [info] > git config --get commit.template [7ms]
2025-01-04 09:25:15.839 [info] > git for-each-ref --format=%(refname)%00%(upstream:short)%00%(objectname)%00%(upstream:track)%00%(upstream:remotename)%00%(upstream:remoteref) refs/heads/main refs/remotes/main [2ms]
2025-01-04 09:25:15.854 [info] > git for-each-ref --sort -committerdate --format %(refname) %(objectname) %(*objectname) [2ms]
2025-01-04 09:25:16.001 [info] > git status -z -uall [155ms]
2025-01-04 09:25:16.030 [info] > git merge-base refs/heads/main refs/remotes/origin/main [10ms]
2025-01-04 09:25:16.036 [info] > git config --get commit.template [9ms]
2025-01-04 09:25:16.042 [info] > git diff --name-status -z --diff-filter=ADMR 6a592f3ac36fe9e750384f9d55936adf18a4b294...refs/remotes/origin/main [7ms]
2025-01-04 09:25:16.044 [info] > git for-each-ref --format=%(refname)%00%(upstream:short)%00%(objectname)%00%(upstream:track)%00%(upstream:remotename)%00%(upstream:remoteref) refs/heads/main refs/remotes/main [3ms]
2025-01-04 09:25:16.057 [info] > git for-each-ref --sort -committerdate --format %(refname) %(objectname) %(*objectname) [2ms]
2025-01-04 09:25:16.217 [info] > git status -z -uall [167ms]
2025-01-04 09:25:17.372 [info] > git ls-files --stage -- /home/uys_1705817/flaskProject/app.py [6ms]
2025-01-04 09:25:17.376 [info] > git ls-tree -l HEAD -- /home/uys_1705817/flaskProject/app.py [5ms]
2025-01-04 09:25:17.377 [info] > git cat-file -s 602ddeff1741d6c47c418d1955e1cb45aa822cc6 [2ms]
2025-01-04 09:25:17.462 [info] > git show --textconv HEAD:flaskProject/app.py [4ms]
2025-01-04 09:25:17.465 [info] > git show --textconv :flaskProject/app.py [3ms]
2025-01-04 09:25:17.910 [info] > git log --format=%H%n%aN%n%aE%n%at%n%ct%n%P%n%D%n%B -z --shortstat --diff-merges=first-parent -n50 --skip=0 --topo-order --decorate=full --stdin [1697ms]
2025-01-04 09:25:31.515 [info] > git config --get commit.template [2ms]
2025-01-04 09:25:31.523 [info] > git for-each-ref --format=%(refname)%00%(upstream:short)%00%(objectname)%00%(upstream:track)%00%(upstream:remotename)%00%(upstream:remoteref) refs/heads/main refs/remotes/main [1ms]
2025-01-04 09:25:31.537 [info] > git for-each-ref --sort -committerdate --format %(refname) %(objectname) %(*objectname) [1ms]
2025-01-04 09:25:31.688 [info] > git status -z -uall [158ms]
2025-01-04 09:25:36.714 [info] > git config --get commit.template [1ms]
2025-01-04 09:25:36.723 [info] > git for-each-ref --format=%(refname)%00%(upstream:short)%00%(objectname)%00%(upstream:track)%00%(upstream:remotename)%00%(upstream:remoteref) refs/heads/main refs/remotes/main [1ms]
2025-01-04 09:25:36.738 [info] > git for-each-ref --sort -committerdate --format %(refname) %(objectname) %(*objectname) [1ms]
2025-01-04 09:25:36.886 [info] > git status -z -uall [156ms]
2025-01-04 09:25:38.645 [info] > git log --format=%H%n%aN%n%aE%n%at%n%ct%n%P%n%D%n%B -z --shortstat --diff-merges=first-parent -n50 --skip=0 --topo-order --decorate=full --stdin [1694ms]
2025-01-04 09:25:40.902 [info] > git log --format=%H%n%aN%n%aE%n%at%n%ct%n%P%n%D%n%B -z --shortstat --diff-merges=first-parent -n50 --skip=0 --topo-order --decorate=full --stdin [1694ms]
2025-01-04 09:25:40.915 [info] > git check-ignore -v -z --stdin [5ms]
2025-01-04 09:25:41.917 [info] > git config --get commit.template [7ms]
2025-01-04 09:25:41.918 [info] > git for-each-ref --format=%(refname)%00%(upstream:short)%00%(objectname)%00%(upstream:track)%00%(upstream:remotename)%00%(upstream:remoteref) refs/heads/main refs/remotes/main [2ms]
2025-01-04 09:25:41.935 [info] > git for-each-ref --sort -committerdate --format %(refname) %(objectname) %(*objectname) [2ms]
2025-01-04 09:25:42.083 [info] > git status -z -uall [156ms]
2025-01-04 09:25:43.337 [info] > git check-ignore -v -z --stdin [39ms]
2025-01-04 09:25:46.689 [info] > git check-ignore -v -z --stdin [6ms]
2025-01-04 09:25:47.113 [info] > git config --get commit.template [7ms]
2025-01-04 09:25:47.114 [info] > git for-each-ref --format=%(refname)%00%(upstream:short)%00%(objectname)%00%(upstream:track)%00%(upstream:remotename)%00%(upstream:remoteref) refs/heads/main refs/remotes/main [1ms]
2025-01-04 09:25:47.129 [info] > git for-each-ref --sort -committerdate --format %(refname) %(objectname) %(*objectname) [2ms]
2025-01-04 09:25:47.277 [info] > git status -z -uall [156ms]
2025-01-04 09:25:52.434 [info] > git config --get commit.template [8ms]
2025-01-04 09:25:52.436 [info] > git for-each-ref --format=%(refname)%00%(upstream:short)%00%(objectname)%00%(upstream:track)%00%(upstream:remotename)%00%(upstream:remoteref) refs/heads/main refs/remotes/main [3ms]
2025-01-04 09:25:52.453 [info] > git for-each-ref --sort -committerdate --format %(refname) %(objectname) %(*objectname) [3ms]
2025-01-04 09:25:52.601 [info] > git status -z -uall [158ms]
2025-01-04 09:25:57.446 [info] > git show --textconv :.git/COMMIT_EDITMSG [7ms]
2025-01-04 09:25:57.450 [info] > git ls-files --stage -- /home/uys_1705817/.git/COMMIT_EDITMSG [4ms]
2025-01-04 09:25:58.333 [info] > git ls-files --stage -- /home/uys_1705817/.git/COMMIT_EDITMSG [4ms]
2025-01-04 09:25:58.416 [info] > git show --textconv :.git/COMMIT_EDITMSG [3ms]
2025-01-04 09:26:18.967 [info] > git blame --root --incremental 6a592f3ac36fe9e750384f9d55936adf18a4b294 -- /home/uys_1705817/.git/COMMIT_EDITMSG [2ms]
2025-01-04 09:26:18.967 [info] fatal: no such path .git/COMMIT_EDITMSG in 6a592f3ac36fe9e750384f9d55936adf18a4b294
2025-01-04 09:27:16.206 [info] > git ls-files --stage -- /home/uys_1705817/.git/COMMIT_EDITMSG [6ms]
2025-01-04 09:27:16.262 [info] > git show --textconv :.git/COMMIT_EDITMSG [3ms]
2025-01-04 09:27:51.025 [info] > git -c user.useConfigOnly=true commit --quiet [114279ms]
2025-01-04 09:27:51.025 [info] Aborting commit due to empty commit message.
2025-01-04 09:27:51.039 [info] > git config --get commit.template [7ms]
2025-01-04 09:27:51.040 [info] > git for-each-ref --format=%(refname)%00%(upstream:short)%00%(objectname)%00%(upstream:track)%00%(upstream:remotename)%00%(upstream:remoteref) refs/heads/main refs/remotes/main [1ms]
2025-01-04 09:27:51.056 [info] > git for-each-ref --sort -committerdate --format %(refname) %(objectname) %(*objectname) [2ms]
2025-01-04 09:27:51.206 [info] > git status -z -uall [160ms]
2025-01-04 09:27:51.262 [info] > git show --textconv :flaskProject/app.py [18ms]
2025-01-04 09:27:51.262 [info] > git show --textconv HEAD:flaskProject/app.py [12ms]
2025-01-04 09:27:51.262 [info] > git ls-files --stage -- /home/uys_1705817/flaskProject/app.py [7ms]
2025-01-04 09:27:51.268 [info] > git config --get commit.template [30ms]
2025-01-04 09:27:51.271 [info] > git ls-tree -l HEAD -- /home/uys_1705817/flaskProject/app.py [10ms]
2025-01-04 09:27:51.278 [info] > git cat-file -s 602ddeff1741d6c47c418d1955e1cb45aa822cc6 [11ms]
2025-01-04 09:27:51.279 [info] > git for-each-ref --format=%(refname)%00%(upstream:short)%00%(objectname)%00%(upstream:track)%00%(upstream:remotename)%00%(upstream:remoteref) refs/heads/main refs/remotes/main [2ms]
2025-01-04 09:27:51.294 [info] > git for-each-ref --sort -committerdate --format %(refname) %(objectname) %(*objectname) [2ms]
2025-01-04 09:27:51.443 [info] > git status -z -uall [157ms]
2025-01-04 09:27:51.803 [info] > git fetch [571ms]
2025-01-04 09:27:51.818 [info] > git config --get commit.template [7ms]
2025-01-04 09:27:51.819 [info] > git for-each-ref --format=%(refname)%00%(upstream:short)%00%(objectname)%00%(upstream:track)%00%(upstream:remotename)%00%(upstream:remoteref) refs/heads/main refs/remotes/main [1ms]
2025-01-04 09:27:51.832 [info] > git for-each-ref --sort -committerdate --format %(refname) %(objectname) %(*objectname) [1ms]
2025-01-04 09:27:51.982 [info] > git status -z -uall [157ms]
2025-01-04 09:27:53.166 [info] > git ls-files --stage -- /home/uys_1705817/flaskProject/app.py [6ms]
2025-01-04 09:27:53.172 [info] > git ls-tree -l HEAD -- /home/uys_1705817/flaskProject/app.py [7ms]
2025-01-04 09:27:53.173 [info] > git cat-file -s 602ddeff1741d6c47c418d1955e1cb45aa822cc6 [1ms]
2025-01-04 09:27:53.229 [info] > git show --textconv HEAD:flaskProject/app.py [6ms]
2025-01-04 09:27:53.234 [info] > git show --textconv :flaskProject/app.py [5ms]
2025-01-04 09:27:56.563 [info] > git config --get commit.template [0ms]
2025-01-04 09:27:56.570 [info] > git for-each-ref --format=%(refname)%00%(upstream:short)%00%(objectname)%00%(upstream:track)%00%(upstream:remotename)%00%(upstream:remoteref) refs/heads/main refs/remotes/main [1ms]
2025-01-04 09:27:56.584 [info] > git for-each-ref --sort -committerdate --format %(refname) %(objectname) %(*objectname) [1ms]
2025-01-04 09:27:56.733 [info] > git status -z -uall [156ms]
2025-01-04 09:27:59.095 [info] > git check-ignore -v -z --stdin [54ms]
2025-01-04 09:28:01.754 [info] > git config --get commit.template [1ms]
2025-01-04 09:28:01.761 [info] > git for-each-ref --format=%(refname)%00%(upstream:short)%00%(objectname)%00%(upstream:track)%00%(upstream:remotename)%00%(upstream:remoteref) refs/heads/main refs/remotes/main [1ms]
2025-01-04 09:28:01.776 [info] > git for-each-ref --sort -committerdate --format %(refname) %(objectname) %(*objectname) [2ms]
2025-01-04 09:28:01.922 [info] > git status -z -uall [154ms]
2025-01-04 09:28:06.952 [info] > git config --get commit.template [8ms]
2025-01-04 09:28:06.953 [info] > git for-each-ref --format=%(refname)%00%(upstream:short)%00%(objectname)%00%(upstream:track)%00%(upstream:remotename)%00%(upstream:remoteref) refs/heads/main refs/remotes/main [1ms]
2025-01-04 09:28:06.966 [info] > git for-each-ref --sort -committerdate --format %(refname) %(objectname) %(*objectname) [1ms]
2025-01-04 09:28:07.115 [info] > git status -z -uall [156ms]
2025-01-04 09:28:08.605 [info] > git -c user.useConfigOnly=true commit --quiet --allow-empty-message --file - [38ms]
2025-01-04 09:28:08.613 [info] > git config --get commit.template [1ms]
2025-01-04 09:28:08.626 [info] > git config --get commit.template [6ms]
2025-01-04 09:28:08.627 [info] > git for-each-ref --format=%(refname)%00%(upstream:short)%00%(objectname)%00%(upstream:track)%00%(upstream:remotename)%00%(upstream:remoteref) refs/heads/main refs/remotes/main [2ms]
2025-01-04 09:28:08.642 [info] > git for-each-ref --sort -committerdate --format %(refname) %(objectname) %(*objectname) [2ms]
2025-01-04 09:28:08.675 [info] > git status -z -uall [41ms]
2025-01-04 09:28:08.695 [info] > git merge-base refs/heads/main refs/remotes/origin/main [2ms]
2025-01-04 09:28:08.702 [info] > git blame --root --incremental ed120ce2594bcbc4dd49e538dcb75b9b25b4d018 -- /home/uys_1705817/flaskProject/app.py [16ms]
2025-01-04 09:28:08.703 [info] > git diff --name-status -z --diff-filter=ADMR 6a592f3ac36fe9e750384f9d55936adf18a4b294...refs/remotes/origin/main [2ms]
2025-01-04 09:28:08.848 [info] > git config --get commit.template [0ms]
2025-01-04 09:28:08.854 [info] > git for-each-ref --format=%(refname)%00%(upstream:short)%00%(objectname)%00%(upstream:track)%00%(upstream:remotename)%00%(upstream:remoteref) refs/heads/main refs/remotes/main [2ms]
2025-01-04 09:28:08.868 [info] > git for-each-ref --sort -committerdate --format %(refname) %(objectname) %(*objectname) [1ms]
2025-01-04 09:28:08.898 [info] > git status -z -uall [38ms]
2025-01-04 09:28:10.028 [info] > git ls-files --stage -- /home/uys_1705817/flaskProject/app.py [3ms]
2025-01-04 09:28:10.034 [info] > git cat-file -s 602ddeff1741d6c47c418d1955e1cb45aa822cc6 [1ms]
2025-01-04 09:28:10.111 [info] > git show --textconv :flaskProject/app.py [3ms]
2025-01-04 09:28:11.579 [info] > git log --format=%H%n%aN%n%aE%n%at%n%ct%n%P%n%D%n%B -z --shortstat --diff-merges=first-parent -n50 --skip=0 --topo-order --decorate=full --stdin [2739ms]
2025-01-04 09:28:12.144 [info] > git config --get commit.template [7ms]
2025-01-04 09:28:12.146 [info] > git for-each-ref --format=%(refname)%00%(upstream:short)%00%(objectname)%00%(upstream:track)%00%(upstream:remotename)%00%(upstream:remoteref) refs/heads/main refs/remotes/main [2ms]
2025-01-04 09:28:12.160 [info] > git for-each-ref --sort -committerdate --format %(refname) %(objectname) %(*objectname) [1ms]
2025-01-04 09:28:12.195 [info] > git status -z -uall [42ms]
2025-01-04 09:28:17.213 [info] > git config --get commit.template [7ms]
2025-01-04 09:28:17.214 [info] > git for-each-ref --format=%(refname)%00%(upstream:short)%00%(objectname)%00%(upstream:track)%00%(upstream:remotename)%00%(upstream:remoteref) refs/heads/main refs/remotes/main [2ms]
2025-01-04 09:28:17.230 [info] > git for-each-ref --sort -committerdate --format %(refname) %(objectname) %(*objectname) [3ms]
2025-01-04 09:28:17.260 [info] > git status -z -uall [40ms]
