2025-01-04 09:24:32.001 [info] Extension host with pid 3511529 started
2025-01-04 09:24:32.019 [info] Lock '/home/uys_1705817/.vscode-server/data/User/workspaceStorage/6dff1d9e4f3f3db8febece5da615bae2/vscode.lock': Lock acquired.
2025-01-04 09:24:32.229 [info] ExtensionService#_doActivateExtension vscode.git-base, startup: false, activationEvent: '*', root cause: vscode.git
2025-01-04 09:24:32.230 [info] ExtensionService#_doActivateExtension vscode.tunnel-forwarding, startup: false, activationEvent: 'onTunnel'
2025-01-04 09:24:32.230 [info] ExtensionService#_doActivateExtension ms-python.python, startup: false, activationEvent: 'onLanguage:python', root cause: ms-python.debugpy
2025-01-04 09:24:32.230 [info] ExtensionService#_doActivateExtension vscode.emmet, startup: false, activationEvent: 'onLanguage'
2025-01-04 09:24:32.550 [warning] Using default string since no string found in i18n bundle that has the key: Source map support is enabled in the Python Extension, this will adversely impact performance of the extension.
2025-01-04 09:24:32.550 [warning] Using default string since no string found in i18n bundle that has the key: Disable Source Map Support
2025-01-04 09:24:32.550 [warning] Using default string since no string found in i18n bundle that has the key: Enabling source map support in the Python Extension will adversely impact performance of the extension.
2025-01-04 09:24:32.550 [warning] Using default string since no string found in i18n bundle that has the key: Enable and reload Window.
2025-01-04 09:24:32.550 [warning] Using default string since no string found in i18n bundle that has the key: ▶ Launch TensorBoard Session
2025-01-04 09:24:32.550 [warning] Using default string since no string found in i18n bundle that has the key: Launch TensorBoard session
2025-01-04 09:24:32.643 [info] ExtensionService#_doActivateExtension vscode.git, startup: false, activationEvent: '*'
2025-01-04 09:24:32.643 [info] ExtensionService#_doActivateExtension vscode.github, startup: false, activationEvent: '*'
2025-01-04 09:24:32.757 [info] ExtensionService#_doActivateExtension ms-python.debugpy, startup: false, activationEvent: 'onLanguage:python'
2025-01-04 09:24:32.757 [info] ExtensionService#_doActivateExtension ms-python.vscode-pylance, startup: false, activationEvent: 'onLanguage:python'
2025-01-04 09:24:33.241 [info] Eager extensions activated
2025-01-04 09:24:33.242 [info] ExtensionService#_doActivateExtension vscode.debug-auto-launch, startup: false, activationEvent: 'onStartupFinished'
2025-01-04 09:24:33.242 [info] ExtensionService#_doActivateExtension vscode.merge-conflict, startup: false, activationEvent: 'onStartupFinished'
2025-01-04 09:24:33.341 [warning] [Decorations] CAPPING events from decorations provider vscode.git 1697
2025-01-04 09:24:37.263 [warning] [Decorations] CAPPING events from decorations provider vscode.git 1699
