2025-01-10 13:31:31.245 [info] Extension host with pid 166351 started
2025-01-10 13:31:31.246 [error] Error: EEXIST: file already exists, open '/home/uys_1705817/.vscode-server/data/User/workspaceStorage/6dff1d9e4f3f3db8febece5da615bae2/vscode.lock'
2025-01-10 13:31:31.248 [info] Lock '/home/uys_1705817/.vscode-server/data/User/workspaceStorage/6dff1d9e4f3f3db8febece5da615bae2/vscode.lock': Could not acquire lock, checking if the file is stale.
2025-01-10 13:31:31.255 [info] Lock '/home/uys_1705817/.vscode-server/data/User/workspaceStorage/6dff1d9e4f3f3db8febece5da615bae2/vscode.lock': The lock does not look stale, elapsed: 117 ms, giving up.
2025-01-10 13:31:31.273 [info] Lock '/home/uys_1705817/.vscode-server/data/User/workspaceStorage/6dff1d9e4f3f3db8febece5da615bae2-1/vscode.lock': Lock acquired.
2025-01-10 13:31:31.463 [info] ExtensionService#_doActivateExtension vscode.git-base, startup: false, activationEvent: '*', root cause: vscode.git
2025-01-10 13:31:31.464 [info] ExtensionService#_doActivateExtension vscode.tunnel-forwarding, startup: false, activationEvent: 'onTunnel'
2025-01-10 13:31:31.464 [info] ExtensionService#_doActivateExtension ms-python.python, startup: false, activationEvent: 'onLanguage:python', root cause: ms-python.debugpy
2025-01-10 13:31:31.464 [info] ExtensionService#_doActivateExtension vscode.emmet, startup: false, activationEvent: 'onLanguage'
2025-01-10 13:31:31.791 [warning] Using default string since no string found in i18n bundle that has the key: Source map support is enabled in the Python Extension, this will adversely impact performance of the extension.
2025-01-10 13:31:31.791 [warning] Using default string since no string found in i18n bundle that has the key: Disable Source Map Support
2025-01-10 13:31:31.791 [warning] Using default string since no string found in i18n bundle that has the key: Enabling source map support in the Python Extension will adversely impact performance of the extension.
2025-01-10 13:31:31.791 [warning] Using default string since no string found in i18n bundle that has the key: Enable and reload Window.
2025-01-10 13:31:31.792 [warning] Using default string since no string found in i18n bundle that has the key: ▶ Launch TensorBoard Session
2025-01-10 13:31:31.792 [warning] Using default string since no string found in i18n bundle that has the key: Launch TensorBoard session
2025-01-10 13:31:31.895 [info] ExtensionService#_doActivateExtension vscode.git, startup: false, activationEvent: '*'
2025-01-10 13:31:31.895 [info] ExtensionService#_doActivateExtension vscode.github, startup: false, activationEvent: '*'
2025-01-10 13:31:32.019 [info] ExtensionService#_doActivateExtension ms-python.debugpy, startup: false, activationEvent: 'onLanguage:python'
2025-01-10 13:31:32.020 [info] ExtensionService#_doActivateExtension ms-python.vscode-pylance, startup: false, activationEvent: 'onLanguage:python'
2025-01-10 13:31:32.474 [info] Eager extensions activated
2025-01-10 13:31:32.474 [info] ExtensionService#_doActivateExtension vscode.debug-auto-launch, startup: false, activationEvent: 'onStartupFinished'
2025-01-10 13:31:32.474 [info] ExtensionService#_doActivateExtension vscode.merge-conflict, startup: false, activationEvent: 'onStartupFinished'
2025-01-10 13:32:46.332 [info] ExtensionService#_doActivateExtension vscode.npm, startup: false, activationEvent: 'onTerminalQuickFixRequest:ms-vscode.npm-command'
2025-01-10 13:32:51.874 [info] ExtensionService#_doActivateExtension vscode.configuration-editing, startup: false, activationEvent: 'onLanguage:json'
2025-01-10 13:32:51.874 [info] ExtensionService#_doActivateExtension vscode.extension-editing, startup: false, activationEvent: 'onLanguage:json'
2025-01-10 13:32:51.875 [info] ExtensionService#_doActivateExtension vscode.json-language-features, startup: false, activationEvent: 'onLanguage:json'
