2025-01-02 13:01:30.220 [info] (Client) Pylance async client (2024.12.1) started with python extension (2024.22.1)
2025-01-02 13:01:30.530 [info] [Info  - 오후 1:01:30] (3165775) Server root directory: file:///home/uys_1705817/.vscode-server/extensions/ms-python.vscode-pylance-2024.12.1/dist
2025-01-02 13:01:30.531 [info] [Info  - 오후 1:01:30] (3165775) Pylance language server 2024.12.1 (pyright version 1.1.389, commit ce1325fc) starting
2025-01-02 13:01:30.531 [info] [Info  - 오후 1:01:30] (3165775) Starting service instance "uys_1705817"
2025-01-02 13:01:30.595 [info] [Info  - 오후 1:01:30] (3165775) Setting environmentName for service "uys_1705817": "python"
2025-01-02 13:01:30.595 [info] [Info  - 오후 1:01:30] (3165775) No include entries specified; assuming /home/uys_1705817
2025-01-02 13:01:30.596 [info] [Info  - 오후 1:01:30] (3165775) Auto-excluding **/node_modules
2025-01-02 13:01:30.596 [info] [Info  - 오후 1:01:30] (3165775) Auto-excluding **/__pycache__
2025-01-02 13:01:30.596 [info] [Info  - 오후 1:01:30] (3165775) Auto-excluding **/.*
2025-01-02 13:01:30.655 [info] [Info  - 오후 1:01:30] (3165775) Auto-excluding /home/uys_1705817/flaskProject/venv
2025-01-02 13:01:30.660 [info] [Info  - 오후 1:01:30] (3165775) Found 2 source files
2025-01-02 13:01:30.893 [info] [Info  - 오후 1:01:30] (3165775) Background analysis(1) root directory: file:///home/uys_1705817/.vscode-server/extensions/ms-python.vscode-pylance-2024.12.1/dist
2025-01-02 13:01:30.895 [info] [Info  - 오후 1:01:30] (3165775) Background analysis(1) started
2025-01-02 13:01:30.966 [info] [Info  - 오후 1:01:30] (3165775) Indexer background runner(2) root directory: file:///home/uys_1705817/.vscode-server/extensions/ms-python.vscode-pylance-2024.12.1/dist (index)
2025-01-02 13:01:30.966 [info] [Info  - 오후 1:01:30] (3165775) Indexing(2) started
2025-01-02 13:01:31.245 [info] [Info  - 오후 1:01:31] (3165775) scanned(2) 95 files over 1 exec env
2025-01-02 13:01:32.277 [info] [Info  - 오후 1:01:32] (3165775) indexed(2) 95 files over 1 exec env
2025-01-02 13:01:32.308 [info] [Info  - 오후 1:01:32] (3165775) Indexing finished(2).
2025-01-02 13:01:36.618 [info] [Info  - 오후 1:01:36] (3165775) Starting service instance "<default>"
2025-01-02 13:01:36.643 [info] [Info  - 오후 1:01:36] (3165775) Setting environmentName for service "<default>": "python"
2025-01-02 13:01:36.643 [info] [Info  - 오후 1:01:36] (3165775) No include entries specified; assuming /<default workspace root>
2025-01-02 13:01:36.643 [info] [Info  - 오후 1:01:36] (3165775) Auto-excluding **/node_modules
2025-01-02 13:01:36.643 [info] [Info  - 오후 1:01:36] (3165775) Auto-excluding **/__pycache__
2025-01-02 13:01:36.643 [info] [Info  - 오후 1:01:36] (3165775) Auto-excluding **/.*
2025-01-02 13:01:36.681 [info] [Error - 오후 1:01:36] (3165775) File or directory "/<default workspace root>" does not exist.
2025-01-02 13:01:36.681 [info] [Info  - 오후 1:01:36] (3165775) No source files found.
2025-01-02 13:01:36.934 [info] [Info  - 오후 1:01:36] (3165775) Background analysis(3) root directory: file:///home/uys_1705817/.vscode-server/extensions/ms-python.vscode-pylance-2024.12.1/dist
2025-01-02 13:01:36.936 [info] [Info  - 오후 1:01:36] (3165775) Background analysis(3) started
2025-01-02 13:05:17.992 [info] [Info  - 오후 1:05:17] (3165775) Setting environmentName for service "uys_1705817": "3.12.3 (usr venv)"
2025-01-02 13:05:17.992 [info] [Info  - 오후 1:05:17] (3165775) Setting pythonPath for service "uys_1705817": "/bin/python3"
2025-01-02 13:05:17.992 [info] [Info  - 오후 1:05:17] (3165775) No include entries specified; assuming /home/uys_1705817
2025-01-02 13:05:17.992 [info] [Info  - 오후 1:05:17] (3165775) Auto-excluding **/node_modules
2025-01-02 13:05:17.992 [info] [Info  - 오후 1:05:17] (3165775) Auto-excluding **/__pycache__
2025-01-02 13:05:17.992 [info] [Info  - 오후 1:05:17] (3165775) Auto-excluding **/.*
2025-01-02 13:05:18.018 [info] [Info  - 오후 1:05:18] (3165775) Assuming Python version 3.12.3.final.0
2025-01-02 13:05:18.059 [info] [Info  - 오후 1:05:18] (3165775) Auto-excluding /home/uys_1705817/flaskProject/venv
2025-01-02 13:05:18.062 [info] [Info  - 오후 1:05:18] (3165775) Found 2 source files
2025-01-02 13:05:18.113 [info] [Info  - 오후 1:05:18] (3165775) Setting environmentName for service "<default>": "3.12.3 (usr venv)"
2025-01-02 13:05:18.113 [info] [Info  - 오후 1:05:18] (3165775) Setting pythonPath for service "<default>": "/bin/python3"
2025-01-02 13:05:18.113 [info] [Info  - 오후 1:05:18] (3165775) No include entries specified; assuming /<default workspace root>
2025-01-02 13:05:18.113 [info] [Info  - 오후 1:05:18] (3165775) Auto-excluding **/node_modules
2025-01-02 13:05:18.113 [info] [Info  - 오후 1:05:18] (3165775) Auto-excluding **/__pycache__
2025-01-02 13:05:18.113 [info] [Info  - 오후 1:05:18] (3165775) Auto-excluding **/.*
2025-01-02 13:05:18.135 [info] [Info  - 오후 1:05:18] (3165775) Assuming Python version 3.12.3.final.0
2025-01-02 13:05:18.172 [info] [Error - 오후 1:05:18] (3165775) File or directory "/<default workspace root>" does not exist.
2025-01-02 13:05:18.172 [info] [Info  - 오후 1:05:18] (3165775) No source files found.
2025-01-02 13:05:18.395 [info] [Info  - 오후 1:05:18] (3165775) Indexer background runner(4) root directory: file:///home/uys_1705817/.vscode-server/extensions/ms-python.vscode-pylance-2024.12.1/dist (index)
2025-01-02 13:05:18.395 [info] [Info  - 오후 1:05:18] (3165775) Indexing(4) started
2025-01-02 13:05:18.641 [info] [Info  - 오후 1:05:18] (3165775) scanned(4) 95 files over 1 exec env
2025-01-02 13:05:18.790 [info] [Info  - 오후 1:05:18] (3165775) indexed(4) 95 files over 1 exec env
2025-01-02 13:05:18.816 [info] [Info  - 오후 1:05:18] (3165775) Indexing finished(4).
