2025-01-02 13:01:28.846 [info] Starting Python Locator /home/uys_1705817/.vscode-server/extensions/ms-python.python-2024.22.1-linux-x64/python-env-tools/bin/pet server
2025-01-02 13:01:29.145 [info] Discovered env: /bin/python3
2025-01-02 13:01:29.147 [info] Discovered env: /usr/bin/python3
2025-01-02 13:01:29.149 [info] Discovered env: /bin/python3.12
2025-01-02 13:01:29.150 [info] Discovered env: /usr/bin/python3.12
2025-01-02 13:01:29.151 [info] Locator Conda took 101.443529ms
2025-01-02 13:01:29.151 [info] Locator Homebrew took 287.112µs
2025-01-02 13:01:29.151 [info] Locator LinuxGlobal took 124.994639ms
2025-01-02 13:01:29.151 [info] Locator PipEnv took 132.856µs
2025-01-02 13:01:29.151 [info] Locator Poetry took 747.989µs
2025-01-02 13:01:29.151 [info] Locator PyEnv took 541.817µs
2025-01-02 13:01:29.151 [info] Locator Venv took 91.677µs
2025-01-02 13:01:29.152 [info] Locator VirtualEnv took 168.781µs
2025-01-02 13:01:29.152 [info] Locator VirtualEnvWrapper took 141.8µs
2025-01-02 13:01:29.152 [info] Locator GlobalVirtualEnvs took 751.176µs
2025-01-02 13:01:29.152 [info] Locator Locators took 131.040671ms
2025-01-02 13:01:29.152 [info] Locator Path took 132.363475ms
2025-01-02 13:01:29.152 [info] Locator Workspaces took 11.864407ms
2025-01-02 13:01:29.153 [info] Refresh completed in 132ms
2025-01-02 13:01:29.175 [info] Resolved /bin/python3
2025-01-02 13:01:29.178 [info] Resolved /usr/bin/python3
2025-01-02 13:01:29.204 [info] Resolved /bin/python3.12
2025-01-02 13:01:29.205 [info] Resolved /usr/bin/python3.12
2025-01-02 13:05:04.548 [info] Discovered env: /bin/python3
2025-01-02 13:05:04.552 [info] Discovered env: /usr/bin/python3
2025-01-02 13:05:04.576 [info] Discovered env: /bin/python3.12
2025-01-02 13:05:04.581 [info] Resolved /bin/python3
2025-01-02 13:05:04.583 [info] Discovered env: /usr/bin/python3.12
2025-01-02 13:05:04.584 [info] Locator Conda took 106.885837ms
2025-01-02 13:05:04.584 [info] Locator Homebrew took 1.309548ms
2025-01-02 13:05:04.584 [info] Locator LinuxGlobal took 123.157913ms
2025-01-02 13:05:04.584 [info] Locator PipEnv took 99.528µs
2025-01-02 13:05:04.584 [info] Locator Poetry took 572.904µs
2025-01-02 13:05:04.584 [info] Locator PyEnv took 284.32µs
2025-01-02 13:05:04.585 [info] Locator Venv took 282.77µs
2025-01-02 13:05:04.585 [info] Locator VirtualEnv took 743.075µs
2025-01-02 13:05:04.585 [info] Locator VirtualEnvWrapper took 148.364µs
2025-01-02 13:05:04.585 [info] Locator GlobalVirtualEnvs took 451.759µs
2025-01-02 13:05:04.585 [info] Locator Locators took 129.634398ms
2025-01-02 13:05:04.585 [info] Locator Path took 154.521041ms
2025-01-02 13:05:04.585 [info] Locator Workspaces took 10.661783ms
2025-01-02 13:05:04.585 [info] Refresh completed in 155ms
2025-01-02 13:05:04.585 [info] Resolved /usr/bin/python3
2025-01-02 13:05:04.590 [info] Resolved /bin/python3.12
2025-01-02 13:05:04.594 [info] Resolved /usr/bin/python3.12
2025-01-02 13:05:17.961 [info] Resolved Python Environment /bin/python3
2025-01-02 13:07:59.786 [info] Resolved Python Environment /bin/python3
2025-01-02 13:08:37.550 [info] Resolved Python Environment /bin/python3
