2025-01-06 10:40:15.129 [info] [main] 로그 수준: Info
2025-01-06 10:40:15.129 [info] [main] "git"에서 찾은 git 유효성을 검사하는 중
2025-01-06 10:40:15.129 [info] [main] "2.43.0"에서 git "git"을(를) 사용하는 중
2025-01-06 10:40:15.129 [info] [Model][doInitialScan] Initial repository scan started
2025-01-06 10:40:15.129 [info] > git rev-parse --show-toplevel [3ms]
2025-01-06 10:40:15.129 [info] > git rev-parse --git-dir --git-common-dir [1ms]
2025-01-06 10:40:15.129 [info] [Model][openRepository] Opened repository: /home/uys_1705817
2025-01-06 10:40:15.129 [info] > git config --get commit.template [6ms]
2025-01-06 10:40:15.129 [info] > git rev-parse --show-toplevel [3ms]
2025-01-06 10:40:15.129 [info] > git for-each-ref --format=%(refname)%00%(upstream:short)%00%(objectname)%00%(upstream:track)%00%(upstream:remotename)%00%(upstream:remoteref) refs/heads/main refs/remotes/main [7ms]
2025-01-06 10:40:15.129 [info] > git rev-parse --show-toplevel [3ms]
2025-01-06 10:40:15.130 [info] > git rev-parse --show-toplevel [11ms]
2025-01-06 10:40:15.131 [info] > git for-each-ref --sort -committerdate --format %(refname) %(objectname) %(*objectname) [1ms]
2025-01-06 10:40:15.145 [info] > git rev-parse --show-toplevel [10ms]
2025-01-06 10:40:15.152 [info] > git rev-parse --show-toplevel [3ms]
2025-01-06 10:40:15.209 [info] > git status -z -uall [85ms]
2025-01-06 10:40:15.221 [info] > git rev-parse --show-toplevel [64ms]
2025-01-06 10:40:15.233 [info] > git for-each-ref --format=%(refname)%00%(upstream:short)%00%(objectname)%00%(upstream:track)%00%(upstream:remotename)%00%(upstream:remoteref) refs/heads/main refs/remotes/main [15ms]
2025-01-06 10:40:15.239 [info] > git rev-parse --show-toplevel [7ms]
2025-01-06 10:40:15.241 [info] [Model][doInitialScan] Initial repository scan completed - repositories (1), closed repositories (0), parent repositories (0), unsafe repositories (0)
2025-01-06 10:40:15.241 [info] > git config --get commit.template [15ms]
2025-01-06 10:40:15.242 [info] > git config --local branch.main.vscode-merge-base [4ms]
2025-01-06 10:40:15.242 [warning] [Git][config] git config failed: Failed to execute git
2025-01-06 10:40:15.258 [info] > git for-each-ref --format=%(refname)%00%(upstream:short)%00%(objectname)%00%(upstream:track)%00%(upstream:remotename)%00%(upstream:remoteref) refs/heads/main refs/remotes/main [2ms]
2025-01-06 10:40:15.258 [info] > git reflog main --grep-reflog=branch: Created from *. [10ms]
2025-01-06 10:40:15.266 [info] > git symbolic-ref --short refs/remotes/origin/HEAD [3ms]
2025-01-06 10:40:15.266 [info] fatal: ref refs/remotes/origin/HEAD is not a symbolic ref
2025-01-06 10:40:15.266 [warning] [Repository][getDefaultBranch] Failed to get default branch details: Failed to execute git.
2025-01-06 10:40:15.278 [info] > git merge-base refs/heads/main refs/remotes/origin/main [6ms]
2025-01-06 10:40:15.294 [info] > git diff --name-status -z --diff-filter=ADMR d923ead344e807083406edd9c42fcb556900b308...refs/remotes/origin/main [10ms]
2025-01-06 10:40:15.297 [info] > git for-each-ref --sort -committerdate --format %(refname) %(objectname) %(*objectname) [4ms]
2025-01-06 10:40:15.349 [info] > git status -z -uall [61ms]
2025-01-06 10:40:15.660 [info] > git check-ignore -v -z --stdin [15ms]
2025-01-06 10:40:15.660 [info] > git show --textconv :flaskProject/app.py [5ms]
2025-01-06 10:40:15.663 [info] > git ls-files --stage -- /home/uys_1705817/flaskProject/app.py [4ms]
2025-01-06 10:40:15.669 [info] > git cat-file -s 602ddeff1741d6c47c418d1955e1cb45aa822cc6 [0ms]
2025-01-06 10:40:15.757 [info] > git blame --root --incremental d923ead344e807083406edd9c42fcb556900b308 -- /home/uys_1705817/flaskProject/app.py [13ms]
2025-01-06 10:40:16.781 [info] > git fetch [569ms]
2025-01-06 10:40:16.795 [info] > git config --get commit.template [6ms]
2025-01-06 10:40:16.796 [info] > git for-each-ref --format=%(refname)%00%(upstream:short)%00%(objectname)%00%(upstream:track)%00%(upstream:remotename)%00%(upstream:remoteref) refs/heads/main refs/remotes/main [2ms]
2025-01-06 10:40:16.808 [info] > git for-each-ref --sort -committerdate --format %(refname) %(objectname) %(*objectname) [2ms]
2025-01-06 10:40:16.840 [info] > git status -z -uall [38ms]
2025-01-06 10:40:18.164 [info] > git ls-files --stage -- /home/uys_1705817/flaskProject/app.py [4ms]
2025-01-06 10:40:18.170 [info] > git cat-file -s 602ddeff1741d6c47c418d1955e1cb45aa822cc6 [1ms]
2025-01-06 10:40:18.245 [info] > git show --textconv :flaskProject/app.py [4ms]
2025-01-06 10:40:24.130 [info] > git config --get commit.template [5ms]
2025-01-06 10:40:24.131 [info] > git for-each-ref --format=%(refname)%00%(upstream:short)%00%(objectname)%00%(upstream:track)%00%(upstream:remotename)%00%(upstream:remoteref) refs/heads/main refs/remotes/main [2ms]
2025-01-06 10:40:24.145 [info] > git for-each-ref --sort -committerdate --format %(refname) %(objectname) %(*objectname) [2ms]
2025-01-06 10:40:24.180 [info] > git status -z -uall [43ms]
2025-01-06 10:40:24.988 [info] > git check-ignore -v -z --stdin [10ms]
2025-01-06 10:40:27.167 [info] > git log --format=%H%n%aN%n%aE%n%at%n%ct%n%P%n%D%n%B -z --shortstat --diff-merges=first-parent -n50 --skip=0 --topo-order --decorate=full --stdin [2717ms]
2025-01-06 10:40:28.323 [info] > git check-ignore -v -z --stdin [11ms]
2025-01-06 10:40:29.199 [info] > git config --get commit.template [6ms]
2025-01-06 10:40:29.200 [info] > git for-each-ref --format=%(refname)%00%(upstream:short)%00%(objectname)%00%(upstream:track)%00%(upstream:remotename)%00%(upstream:remoteref) refs/heads/main refs/remotes/main [1ms]
2025-01-06 10:40:29.214 [info] > git for-each-ref --sort -committerdate --format %(refname) %(objectname) %(*objectname) [1ms]
2025-01-06 10:40:29.249 [info] > git status -z -uall [42ms]
