2025-01-10 12:10:51.387 [info] [main] 로그 수준: Info
2025-01-10 12:10:51.387 [info] [main] "git"에서 찾은 git 유효성을 검사하는 중
2025-01-10 12:10:51.387 [info] [main] "2.43.0"에서 git "git"을(를) 사용하는 중
2025-01-10 12:10:51.387 [info] [Model][doInitialScan] Initial repository scan started
2025-01-10 12:10:51.387 [info] > git rev-parse --show-toplevel [7ms]
2025-01-10 12:10:51.396 [info] > git rev-parse --git-dir --git-common-dir [10ms]
2025-01-10 12:10:51.407 [info] [Model][openRepository] Opened repository: /home/uys_1705817
2025-01-10 12:10:51.420 [info] > git rev-parse --show-toplevel [3ms]
2025-01-10 12:10:51.421 [info] > git config --get commit.template [9ms]
2025-01-10 12:10:51.431 [info] > git rev-parse --show-toplevel [6ms]
2025-01-10 12:10:51.436 [info] > git for-each-ref --format=%(refname)%00%(upstream:short)%00%(objectname)%00%(upstream:track)%00%(upstream:remotename)%00%(upstream:remoteref) refs/heads/main refs/remotes/main [7ms]
2025-01-10 12:10:51.444 [info] > git rev-parse --show-toplevel [7ms]
2025-01-10 12:10:51.460 [info] > git rev-parse --show-toplevel [11ms]
2025-01-10 12:10:51.465 [info] > git for-each-ref --sort -committerdate --format %(refname) %(objectname) %(*objectname) [6ms]
2025-01-10 12:10:51.469 [info] > git rev-parse --show-toplevel [5ms]
2025-01-10 12:10:51.473 [info] > git rev-parse --show-toplevel [1ms]
2025-01-10 12:10:51.480 [info] > git rev-parse --show-toplevel [3ms]
2025-01-10 12:10:51.487 [info] > git rev-parse --show-toplevel [3ms]
2025-01-10 12:10:51.488 [info] [Model][doInitialScan] Initial repository scan completed - repositories (1), closed repositories (0), parent repositories (0), unsafe repositories (0)
2025-01-10 12:10:51.497 [info] > git status -z -uall [43ms]
2025-01-10 12:10:51.574 [info] > git for-each-ref --format=%(refname)%00%(upstream:short)%00%(objectname)%00%(upstream:track)%00%(upstream:remotename)%00%(upstream:remoteref) refs/heads/main refs/remotes/main [69ms]
2025-01-10 12:10:51.586 [info] > git config --get commit.template [64ms]
2025-01-10 12:10:51.590 [info] > git config --local branch.main.vscode-merge-base [10ms]
2025-01-10 12:10:51.590 [warning] [Git][config] git config failed: Failed to execute git
2025-01-10 12:10:51.602 [info] > git for-each-ref --format=%(refname)%00%(upstream:short)%00%(objectname)%00%(upstream:track)%00%(upstream:remotename)%00%(upstream:remoteref) refs/heads/main refs/remotes/main [2ms]
2025-01-10 12:10:51.602 [info] > git reflog main --grep-reflog=branch: Created from *. [7ms]
2025-01-10 12:10:51.616 [info] > git symbolic-ref --short refs/remotes/origin/HEAD [10ms]
2025-01-10 12:10:51.616 [info] fatal: ref refs/remotes/origin/HEAD is not a symbolic ref
2025-01-10 12:10:51.617 [warning] [Repository][getDefaultBranch] Failed to get default branch details: Failed to execute git.
2025-01-10 12:10:51.621 [info] > git for-each-ref --sort -committerdate --format %(refname) %(objectname) %(*objectname) [5ms]
2025-01-10 12:10:51.622 [info] > git merge-base refs/heads/main refs/remotes/origin/main [1ms]
2025-01-10 12:10:51.628 [info] > git diff --name-status -z --diff-filter=ADMR 70a24e05bbc1a1ae2caac75116ad8405781d89f1...refs/remotes/origin/main [1ms]
2025-01-10 12:10:51.654 [info] > git status -z -uall [43ms]
2025-01-10 12:10:51.872 [info] > git show --textconv :sqlProject/main.py [5ms]
2025-01-10 12:10:51.876 [info] > git ls-files --stage -- /home/uys_1705817/sqlProject/main.py [5ms]
2025-01-10 12:10:51.880 [info] > git cat-file -s ca86ff93a39b010a9d9cfce6b0d57a45372ba2e5 [1ms]
2025-01-10 12:10:51.984 [info] > git fetch [578ms]
2025-01-10 12:10:51.995 [info] > git config --get commit.template [4ms]
2025-01-10 12:10:51.996 [info] > git for-each-ref --format=%(refname)%00%(upstream:short)%00%(objectname)%00%(upstream:track)%00%(upstream:remotename)%00%(upstream:remoteref) refs/heads/main refs/remotes/main [1ms]
2025-01-10 12:10:52.005 [info] > git for-each-ref --sort -committerdate --format %(refname) %(objectname) %(*objectname) [1ms]
2025-01-10 12:10:52.035 [info] > git check-ignore -v -z --stdin [6ms]
2025-01-10 12:10:52.036 [info] > git status -z -uall [36ms]
2025-01-10 12:10:52.081 [info] > git blame --root --incremental 5e18cfa01361014b7962c65067f495a262b48da3 -- /home/uys_1705817/sqlProject/main.py [29ms]
2025-01-10 12:10:53.481 [info] > git ls-files --stage -- /home/uys_1705817/sqlProject/main.py [5ms]
2025-01-10 12:10:53.487 [info] > git cat-file -s ca86ff93a39b010a9d9cfce6b0d57a45372ba2e5 [1ms]
2025-01-10 12:10:53.554 [info] > git show --textconv :sqlProject/main.py [5ms]
2025-01-10 12:10:54.558 [info] > git config --get commit.template [5ms]
2025-01-10 12:10:54.559 [info] > git for-each-ref --format=%(refname)%00%(upstream:short)%00%(objectname)%00%(upstream:track)%00%(upstream:remotename)%00%(upstream:remoteref) refs/heads/main refs/remotes/main [1ms]
2025-01-10 12:10:54.572 [info] > git for-each-ref --sort -committerdate --format %(refname) %(objectname) %(*objectname) [2ms]
2025-01-10 12:10:54.607 [info] > git status -z -uall [42ms]
2025-01-10 12:10:56.815 [info] > git check-ignore -v -z --stdin [11ms]
2025-01-10 12:10:58.969 [info] > git check-ignore -v -z --stdin [7ms]
2025-01-10 12:10:59.623 [info] > git config --get commit.template [4ms]
2025-01-10 12:10:59.624 [info] > git for-each-ref --format=%(refname)%00%(upstream:short)%00%(objectname)%00%(upstream:track)%00%(upstream:remotename)%00%(upstream:remoteref) refs/heads/main refs/remotes/main [2ms]
2025-01-10 12:10:59.633 [info] > git for-each-ref --sort -committerdate --format %(refname) %(objectname) %(*objectname) [1ms]
2025-01-10 12:10:59.666 [info] > git status -z -uall [38ms]
2025-01-10 12:11:00.271 [info] > git log --format=%H%n%aN%n%aE%n%at%n%ct%n%P%n%D%n%B -z --shortstat --diff-merges=first-parent -n50 --skip=0 --topo-order --decorate=full --stdin [3977ms]
2025-01-10 12:11:04.318 [info] > git add -A -- . [70ms]
2025-01-10 12:11:04.354 [info] > git -c user.useConfigOnly=true commit --quiet --allow-empty-message --file - [30ms]
2025-01-10 12:11:04.360 [info] > git config --get commit.template [1ms]
2025-01-10 12:11:04.371 [info] > git config --get commit.template [4ms]
2025-01-10 12:11:04.372 [info] > git for-each-ref --format=%(refname)%00%(upstream:short)%00%(objectname)%00%(upstream:track)%00%(upstream:remotename)%00%(upstream:remoteref) refs/heads/main refs/remotes/main [1ms]
2025-01-10 12:11:04.384 [info] > git for-each-ref --sort -committerdate --format %(refname) %(objectname) %(*objectname) [1ms]
2025-01-10 12:11:04.414 [info] > git status -z -uall [37ms]
2025-01-10 12:11:04.430 [info] > git merge-base refs/heads/main refs/remotes/origin/main [2ms]
2025-01-10 12:11:04.436 [info] > git diff --name-status -z --diff-filter=ADMR 70a24e05bbc1a1ae2caac75116ad8405781d89f1...refs/remotes/origin/main [1ms]
2025-01-10 12:11:04.455 [info] > git blame --root --incremental 1992b1f33409961c9d8c711934e6b5690ea36567 -- /home/uys_1705817/sqlProject/main.py [33ms]
2025-01-10 12:11:04.511 [info] > git config --get commit.template [6ms]
2025-01-10 12:11:04.512 [info] > git for-each-ref --format=%(refname)%00%(upstream:short)%00%(objectname)%00%(upstream:track)%00%(upstream:remotename)%00%(upstream:remoteref) refs/heads/main refs/remotes/main [2ms]
2025-01-10 12:11:04.525 [info] > git for-each-ref --sort -committerdate --format %(refname) %(objectname) %(*objectname) [1ms]
2025-01-10 12:11:04.558 [info] > git status -z -uall [39ms]
2025-01-10 12:11:04.684 [info] > git config --get commit.template [6ms]
2025-01-10 12:11:04.685 [info] > git for-each-ref --format=%(refname)%00%(upstream:short)%00%(objectname)%00%(upstream:track)%00%(upstream:remotename)%00%(upstream:remoteref) refs/heads/main refs/remotes/main [1ms]
2025-01-10 12:11:04.697 [info] > git for-each-ref --sort -committerdate --format %(refname) %(objectname) %(*objectname) [1ms]
2025-01-10 12:11:04.730 [info] > git status -z -uall [39ms]
2025-01-10 12:11:05.772 [info] > git ls-files --stage -- /home/uys_1705817/sqlProject/main.py [3ms]
2025-01-10 12:11:05.778 [info] > git cat-file -s ca86ff93a39b010a9d9cfce6b0d57a45372ba2e5 [2ms]
2025-01-10 12:11:05.822 [info] > git show --textconv :sqlProject/main.py [4ms]
2025-01-10 12:11:07.154 [info] > git check-ignore -v -z --stdin [7ms]
2025-01-10 12:11:08.482 [info] > git log --format=%H%n%aN%n%aE%n%at%n%ct%n%P%n%D%n%B -z --shortstat --diff-merges=first-parent -n50 --skip=0 --topo-order --decorate=full --stdin [3987ms]
2025-01-10 12:11:09.743 [info] > git config --get commit.template [1ms]
2025-01-10 12:11:09.750 [info] > git for-each-ref --format=%(refname)%00%(upstream:short)%00%(objectname)%00%(upstream:track)%00%(upstream:remotename)%00%(upstream:remoteref) refs/heads/main refs/remotes/main [2ms]
2025-01-10 12:11:09.764 [info] > git for-each-ref --sort -committerdate --format %(refname) %(objectname) %(*objectname) [3ms]
2025-01-10 12:11:09.799 [info] > git status -z -uall [43ms]
2025-01-10 12:11:14.819 [info] > git config --get commit.template [5ms]
2025-01-10 12:11:14.819 [info] > git for-each-ref --format=%(refname)%00%(upstream:short)%00%(objectname)%00%(upstream:track)%00%(upstream:remotename)%00%(upstream:remoteref) refs/heads/main refs/remotes/main [1ms]
2025-01-10 12:11:14.834 [info] > git for-each-ref --sort -committerdate --format %(refname) %(objectname) %(*objectname) [3ms]
2025-01-10 12:11:14.866 [info] > git status -z -uall [40ms]
2025-01-10 12:11:16.866 [info] > git show --textconv :flaskProject/app.py [8ms]
2025-01-10 12:11:16.870 [info] > git ls-files --stage -- /home/uys_1705817/flaskProject/app.py [6ms]
2025-01-10 12:11:16.877 [info] > git cat-file -s 84139187e140a662e204dd237a03f8f71535b560 [2ms]
2025-01-10 12:11:19.886 [info] > git config --get commit.template [7ms]
2025-01-10 12:11:19.886 [info] > git for-each-ref --format=%(refname)%00%(upstream:short)%00%(objectname)%00%(upstream:track)%00%(upstream:remotename)%00%(upstream:remoteref) refs/heads/main refs/remotes/main [1ms]
2025-01-10 12:11:19.899 [info] > git for-each-ref --sort -committerdate --format %(refname) %(objectname) %(*objectname) [1ms]
2025-01-10 12:11:19.934 [info] > git status -z -uall [42ms]
2025-01-10 12:11:24.953 [info] > git config --get commit.template [7ms]
2025-01-10 12:11:24.954 [info] > git for-each-ref --format=%(refname)%00%(upstream:short)%00%(objectname)%00%(upstream:track)%00%(upstream:remotename)%00%(upstream:remoteref) refs/heads/main refs/remotes/main [2ms]
2025-01-10 12:11:24.967 [info] > git for-each-ref --sort -committerdate --format %(refname) %(objectname) %(*objectname) [1ms]
2025-01-10 12:11:25.002 [info] > git status -z -uall [42ms]
2025-01-10 12:11:30.023 [info] > git config --get commit.template [6ms]
2025-01-10 12:11:30.025 [info] > git for-each-ref --format=%(refname)%00%(upstream:short)%00%(objectname)%00%(upstream:track)%00%(upstream:remotename)%00%(upstream:remoteref) refs/heads/main refs/remotes/main [2ms]
2025-01-10 12:11:30.037 [info] > git for-each-ref --sort -committerdate --format %(refname) %(objectname) %(*objectname) [1ms]
2025-01-10 12:11:30.077 [info] > git status -z -uall [46ms]
2025-01-10 12:11:39.059 [info] > git config --get commit.template [6ms]
2025-01-10 12:11:39.062 [info] > git for-each-ref --format=%(refname)%00%(upstream:short)%00%(objectname)%00%(upstream:track)%00%(upstream:remotename)%00%(upstream:remoteref) refs/heads/main refs/remotes/main [3ms]
2025-01-10 12:11:39.074 [info] > git for-each-ref --sort -committerdate --format %(refname) %(objectname) %(*objectname) [1ms]
2025-01-10 12:11:39.111 [info] > git status -z -uall [43ms]
2025-01-10 12:11:41.567 [info] > git show --textconv :sqlProject/main.py [6ms]
2025-01-10 12:11:41.571 [info] > git ls-files --stage -- /home/uys_1705817/sqlProject/main.py [4ms]
2025-01-10 12:11:41.577 [info] > git cat-file -s ca86ff93a39b010a9d9cfce6b0d57a45372ba2e5 [1ms]
2025-01-10 12:11:42.024 [info] > git show --textconv :flaskProject/app.py [7ms]
2025-01-10 12:11:42.028 [info] > git ls-files --stage -- /home/uys_1705817/flaskProject/app.py [5ms]
2025-01-10 12:11:42.034 [info] > git cat-file -s 84139187e140a662e204dd237a03f8f71535b560 [1ms]
2025-01-10 12:11:44.122 [info] > git config --get commit.template [1ms]
2025-01-10 12:11:44.128 [info] > git for-each-ref --format=%(refname)%00%(upstream:short)%00%(objectname)%00%(upstream:track)%00%(upstream:remotename)%00%(upstream:remoteref) refs/heads/main refs/remotes/main [2ms]
2025-01-10 12:11:44.141 [info] > git for-each-ref --sort -committerdate --format %(refname) %(objectname) %(*objectname) [1ms]
2025-01-10 12:11:44.178 [info] > git status -z -uall [43ms]
2025-01-10 12:11:48.032 [info] > git log --format=%H%n%aN%n%aE%n%at%n%ct%n%P%n%D%n%B -z --shortstat --diff-merges=first-parent -n50 --skip=0 --topo-order --decorate=full --stdin [3943ms]
2025-01-10 12:11:48.156 [info] > git add -A -- /home/uys_1705817/flaskProject/app.py [27ms]
2025-01-10 12:11:48.167 [info] > git config --get commit.template [5ms]
2025-01-10 12:11:48.168 [info] > git for-each-ref --format=%(refname)%00%(upstream:short)%00%(objectname)%00%(upstream:track)%00%(upstream:remotename)%00%(upstream:remoteref) refs/heads/main refs/remotes/main [2ms]
2025-01-10 12:11:48.180 [info] > git for-each-ref --sort -committerdate --format %(refname) %(objectname) %(*objectname) [3ms]
2025-01-10 12:11:48.207 [info] > git status -z -uall [35ms]
2025-01-10 12:11:48.596 [info] > git show --textconv HEAD:flaskProject/app.py [3ms]
2025-01-10 12:11:48.596 [info] > git ls-tree -l HEAD -- /home/uys_1705817/flaskProject/app.py [1ms]
2025-01-10 12:11:49.195 [info] > git config --get commit.template [7ms]
2025-01-10 12:11:49.195 [info] > git for-each-ref --format=%(refname)%00%(upstream:short)%00%(objectname)%00%(upstream:track)%00%(upstream:remotename)%00%(upstream:remoteref) refs/heads/main refs/remotes/main [1ms]
2025-01-10 12:11:49.207 [info] > git for-each-ref --sort -committerdate --format %(refname) %(objectname) %(*objectname) [2ms]
2025-01-10 12:11:49.242 [info] > git status -z -uall [41ms]
2025-01-10 12:11:49.519 [info] > git ls-files --stage -- /home/uys_1705817/flaskProject/app.py [6ms]
2025-01-10 12:11:49.524 [info] > git ls-tree -l HEAD -- /home/uys_1705817/flaskProject/app.py [6ms]
2025-01-10 12:11:49.525 [info] > git cat-file -s b2c2586a472d7fcb0a70f62d29dac1acdd2d0e57 [1ms]
2025-01-10 12:11:49.591 [info] > git show --textconv HEAD:flaskProject/app.py [5ms]
2025-01-10 12:11:49.595 [info] > git show --textconv :flaskProject/app.py [4ms]
2025-01-10 12:11:52.643 [info] > git -c user.useConfigOnly=true commit --quiet --allow-empty-message --file - [40ms]
2025-01-10 12:11:52.650 [info] > git config --get commit.template [2ms]
2025-01-10 12:11:52.659 [info] > git config --get commit.template [2ms]
2025-01-10 12:11:52.666 [info] > git for-each-ref --format=%(refname)%00%(upstream:short)%00%(objectname)%00%(upstream:track)%00%(upstream:remotename)%00%(upstream:remoteref) refs/heads/main refs/remotes/main [2ms]
2025-01-10 12:11:52.678 [info] > git for-each-ref --sort -committerdate --format %(refname) %(objectname) %(*objectname) [1ms]
2025-01-10 12:11:52.712 [info] > git status -z -uall [40ms]
2025-01-10 12:11:52.725 [info] > git merge-base refs/heads/main refs/remotes/origin/main [2ms]
2025-01-10 12:11:52.732 [info] > git diff --name-status -z --diff-filter=ADMR 70a24e05bbc1a1ae2caac75116ad8405781d89f1...refs/remotes/origin/main [1ms]
2025-01-10 12:11:52.807 [info] > git config --get commit.template [6ms]
2025-01-10 12:11:52.808 [info] > git for-each-ref --format=%(refname)%00%(upstream:short)%00%(objectname)%00%(upstream:track)%00%(upstream:remotename)%00%(upstream:remoteref) refs/heads/main refs/remotes/main [1ms]
2025-01-10 12:11:52.818 [info] > git for-each-ref --sort -committerdate --format %(refname) %(objectname) %(*objectname) [1ms]
2025-01-10 12:11:52.853 [info] > git status -z -uall [40ms]
2025-01-10 12:11:54.054 [info] > git ls-files --stage -- /home/uys_1705817/flaskProject/app.py [4ms]
2025-01-10 12:11:54.058 [info] > git cat-file -s b2c2586a472d7fcb0a70f62d29dac1acdd2d0e57 [0ms]
2025-01-10 12:11:54.136 [info] > git show --textconv :flaskProject/app.py [3ms]
2025-01-10 12:11:54.256 [info] > git config --get commit.template [5ms]
2025-01-10 12:11:54.257 [info] > git for-each-ref --format=%(refname)%00%(upstream:short)%00%(objectname)%00%(upstream:track)%00%(upstream:remotename)%00%(upstream:remoteref) refs/heads/main refs/remotes/main [2ms]
2025-01-10 12:11:54.267 [info] > git for-each-ref --sort -committerdate --format %(refname) %(objectname) %(*objectname) [2ms]
2025-01-10 12:11:54.295 [info] > git status -z -uall [34ms]
2025-01-10 12:11:56.103 [info] > git log --oneline --cherry main...main@{upstream} -- [2ms]
2025-01-10 12:11:56.700 [info] > git pull --tags origin main [593ms]
2025-01-10 12:11:56.700 [info] From https://github.com/umyunsang/uys_1705817
 * branch            main       -> FETCH_HEAD
2025-01-10 12:11:56.752 [info] > git log --format=%H%n%aN%n%aE%n%at%n%ct%n%P%n%D%n%B -z --shortstat --diff-merges=first-parent -n50 --skip=0 --topo-order --decorate=full --stdin [3957ms]
2025-01-10 12:11:58.101 [info] > git push origin main:main [1394ms]
2025-01-10 12:11:58.101 [info] To https://github.com/umyunsang/uys_1705817.git
   70a24e0..fffd616  main -> main
2025-01-10 12:11:58.115 [info] > git config --get commit.template [5ms]
2025-01-10 12:11:58.115 [info] > git for-each-ref --format=%(refname)%00%(upstream:short)%00%(objectname)%00%(upstream:track)%00%(upstream:remotename)%00%(upstream:remoteref) refs/heads/main refs/remotes/main [1ms]
2025-01-10 12:11:58.128 [info] > git for-each-ref --sort -committerdate --format %(refname) %(objectname) %(*objectname) [1ms]
2025-01-10 12:11:58.163 [info] > git status -z -uall [42ms]
2025-01-10 12:11:58.181 [info] > git merge-base refs/heads/main refs/remotes/origin/main [7ms]
2025-01-10 12:11:58.187 [info] > git ls-files --stage -- /home/uys_1705817/flaskProject/app.py [6ms]
2025-01-10 12:11:58.192 [info] > git diff --name-status -z --diff-filter=ADMR fffd616f3c93fad10412f2cac3a5e4ab87a5dbf6...refs/remotes/origin/main [6ms]
2025-01-10 12:11:58.193 [info] > git cat-file -s b2c2586a472d7fcb0a70f62d29dac1acdd2d0e57 [1ms]
2025-01-10 12:11:58.244 [info] > git show --textconv :flaskProject/app.py [4ms]
2025-01-10 12:11:59.309 [info] > git config --get commit.template [4ms]
2025-01-10 12:11:59.310 [info] > git for-each-ref --format=%(refname)%00%(upstream:short)%00%(objectname)%00%(upstream:track)%00%(upstream:remotename)%00%(upstream:remoteref) refs/heads/main refs/remotes/main [1ms]
2025-01-10 12:11:59.317 [info] > git for-each-ref --sort -committerdate --format %(refname) %(objectname) %(*objectname) [1ms]
2025-01-10 12:11:59.346 [info] > git status -z -uall [34ms]
2025-01-10 12:11:59.474 [info] > git ls-files --stage -- /home/uys_1705817/flaskProject/app.py [3ms]
2025-01-10 12:11:59.480 [info] > git cat-file -s b2c2586a472d7fcb0a70f62d29dac1acdd2d0e57 [3ms]
2025-01-10 12:11:59.543 [info] > git show --textconv :flaskProject/app.py [4ms]
2025-01-10 12:12:02.115 [info] > git add -A -- . [44ms]
2025-01-10 12:12:02.146 [info] > git -c user.useConfigOnly=true commit --quiet --allow-empty-message --file - [25ms]
2025-01-10 12:12:02.153 [info] > git config --get commit.template [0ms]
2025-01-10 12:12:02.162 [info] > git config --get commit.template [4ms]
2025-01-10 12:12:02.164 [info] > git for-each-ref --format=%(refname)%00%(upstream:short)%00%(objectname)%00%(upstream:track)%00%(upstream:remotename)%00%(upstream:remoteref) refs/heads/main refs/remotes/main [3ms]
2025-01-10 12:12:02.170 [info] > git log --format=%H%n%aN%n%aE%n%at%n%ct%n%P%n%D%n%B -z --shortstat --diff-merges=first-parent -n50 --skip=0 --topo-order --decorate=full --stdin [3948ms]
2025-01-10 12:12:02.172 [info] > git for-each-ref --sort -committerdate --format %(refname) %(objectname) %(*objectname) [2ms]
2025-01-10 12:12:02.198 [info] > git status -z -uall [31ms]
2025-01-10 12:12:02.205 [info] > git merge-base refs/heads/main refs/remotes/origin/main [2ms]
2025-01-10 12:12:02.209 [info] > git diff --name-status -z --diff-filter=ADMR fffd616f3c93fad10412f2cac3a5e4ab87a5dbf6...refs/remotes/origin/main [0ms]
2025-01-10 12:12:02.272 [info] > git config --get commit.template [4ms]
2025-01-10 12:12:02.274 [info] > git for-each-ref --format=%(refname)%00%(upstream:short)%00%(objectname)%00%(upstream:track)%00%(upstream:remotename)%00%(upstream:remoteref) refs/heads/main refs/remotes/main [2ms]
2025-01-10 12:12:02.283 [info] > git for-each-ref --sort -committerdate --format %(refname) %(objectname) %(*objectname) [1ms]
2025-01-10 12:12:02.310 [info] > git status -z -uall [32ms]
2025-01-10 12:12:03.531 [info] > git ls-files --stage -- /home/uys_1705817/flaskProject/app.py [4ms]
2025-01-10 12:12:03.535 [info] > git cat-file -s b2c2586a472d7fcb0a70f62d29dac1acdd2d0e57 [0ms]
2025-01-10 12:12:03.601 [info] > git show --textconv :flaskProject/app.py [4ms]
2025-01-10 12:12:04.358 [info] > git config --get commit.template [4ms]
2025-01-10 12:12:04.360 [info] > git for-each-ref --format=%(refname)%00%(upstream:short)%00%(objectname)%00%(upstream:track)%00%(upstream:remotename)%00%(upstream:remoteref) refs/heads/main refs/remotes/main [2ms]
2025-01-10 12:12:04.370 [info] > git for-each-ref --sort -committerdate --format %(refname) %(objectname) %(*objectname) [2ms]
2025-01-10 12:12:04.399 [info] > git status -z -uall [35ms]
2025-01-10 12:12:06.174 [info] > git log --format=%H%n%aN%n%aE%n%at%n%ct%n%P%n%D%n%B -z --shortstat --diff-merges=first-parent -n50 --skip=0 --topo-order --decorate=full --stdin [3911ms]
2025-01-10 12:12:06.577 [info] > git blame --root --incremental 14a681c84184cf8d28ab3f19de538f8430bc1d7a -- /home/uys_1705817/flaskProject/app.py [1ms]
2025-01-10 12:12:09.417 [info] > git config --get commit.template [6ms]
2025-01-10 12:12:09.418 [info] > git for-each-ref --format=%(refname)%00%(upstream:short)%00%(objectname)%00%(upstream:track)%00%(upstream:remotename)%00%(upstream:remoteref) refs/heads/main refs/remotes/main [2ms]
2025-01-10 12:12:09.432 [info] > git for-each-ref --sort -committerdate --format %(refname) %(objectname) %(*objectname) [2ms]
2025-01-10 12:12:09.466 [info] > git status -z -uall [42ms]
2025-01-10 12:12:14.484 [info] > git config --get commit.template [6ms]
2025-01-10 12:12:14.485 [info] > git for-each-ref --format=%(refname)%00%(upstream:short)%00%(objectname)%00%(upstream:track)%00%(upstream:remotename)%00%(upstream:remoteref) refs/heads/main refs/remotes/main [1ms]
2025-01-10 12:12:14.498 [info] > git for-each-ref --sort -committerdate --format %(refname) %(objectname) %(*objectname) [1ms]
2025-01-10 12:12:14.534 [info] > git status -z -uall [43ms]
2025-01-10 12:12:19.553 [info] > git config --get commit.template [6ms]
2025-01-10 12:12:19.555 [info] > git for-each-ref --format=%(refname)%00%(upstream:short)%00%(objectname)%00%(upstream:track)%00%(upstream:remotename)%00%(upstream:remoteref) refs/heads/main refs/remotes/main [2ms]
2025-01-10 12:12:19.568 [info] > git for-each-ref --sort -committerdate --format %(refname) %(objectname) %(*objectname) [1ms]
2025-01-10 12:12:19.604 [info] > git status -z -uall [42ms]
2025-01-10 12:12:24.624 [info] > git config --get commit.template [7ms]
2025-01-10 12:12:24.626 [info] > git for-each-ref --format=%(refname)%00%(upstream:short)%00%(objectname)%00%(upstream:track)%00%(upstream:remotename)%00%(upstream:remoteref) refs/heads/main refs/remotes/main [3ms]
2025-01-10 12:12:24.639 [info] > git for-each-ref --sort -committerdate --format %(refname) %(objectname) %(*objectname) [2ms]
2025-01-10 12:12:24.675 [info] > git status -z -uall [43ms]
2025-01-10 12:12:29.693 [info] > git config --get commit.template [6ms]
2025-01-10 12:12:29.693 [info] > git for-each-ref --format=%(refname)%00%(upstream:short)%00%(objectname)%00%(upstream:track)%00%(upstream:remotename)%00%(upstream:remoteref) refs/heads/main refs/remotes/main [1ms]
2025-01-10 12:12:29.707 [info] > git for-each-ref --sort -committerdate --format %(refname) %(objectname) %(*objectname) [2ms]
2025-01-10 12:12:29.746 [info] > git status -z -uall [48ms]
2025-01-10 12:12:34.762 [info] > git config --get commit.template [6ms]
2025-01-10 12:12:34.762 [info] > git for-each-ref --format=%(refname)%00%(upstream:short)%00%(objectname)%00%(upstream:track)%00%(upstream:remotename)%00%(upstream:remoteref) refs/heads/main refs/remotes/main [1ms]
2025-01-10 12:12:34.776 [info] > git for-each-ref --sort -committerdate --format %(refname) %(objectname) %(*objectname) [2ms]
2025-01-10 12:12:34.811 [info] > git status -z -uall [41ms]
2025-01-10 12:12:39.830 [info] > git config --get commit.template [7ms]
2025-01-10 12:12:39.831 [info] > git for-each-ref --format=%(refname)%00%(upstream:short)%00%(objectname)%00%(upstream:track)%00%(upstream:remotename)%00%(upstream:remoteref) refs/heads/main refs/remotes/main [2ms]
2025-01-10 12:12:39.844 [info] > git for-each-ref --sort -committerdate --format %(refname) %(objectname) %(*objectname) [1ms]
2025-01-10 12:12:39.880 [info] > git status -z -uall [43ms]
2025-01-10 12:12:44.897 [info] > git config --get commit.template [5ms]
2025-01-10 12:12:44.898 [info] > git for-each-ref --format=%(refname)%00%(upstream:short)%00%(objectname)%00%(upstream:track)%00%(upstream:remotename)%00%(upstream:remoteref) refs/heads/main refs/remotes/main [1ms]
2025-01-10 12:12:44.912 [info] > git for-each-ref --sort -committerdate --format %(refname) %(objectname) %(*objectname) [2ms]
2025-01-10 12:12:44.945 [info] > git status -z -uall [42ms]
2025-01-10 12:12:49.963 [info] > git config --get commit.template [7ms]
2025-01-10 12:12:49.965 [info] > git for-each-ref --format=%(refname)%00%(upstream:short)%00%(objectname)%00%(upstream:track)%00%(upstream:remotename)%00%(upstream:remoteref) refs/heads/main refs/remotes/main [1ms]
2025-01-10 12:12:49.978 [info] > git for-each-ref --sort -committerdate --format %(refname) %(objectname) %(*objectname) [1ms]
2025-01-10 12:12:50.012 [info] > git status -z -uall [41ms]
2025-01-10 12:12:55.031 [info] > git config --get commit.template [6ms]
2025-01-10 12:12:55.032 [info] > git for-each-ref --format=%(refname)%00%(upstream:short)%00%(objectname)%00%(upstream:track)%00%(upstream:remotename)%00%(upstream:remoteref) refs/heads/main refs/remotes/main [1ms]
2025-01-10 12:12:55.044 [info] > git for-each-ref --sort -committerdate --format %(refname) %(objectname) %(*objectname) [1ms]
2025-01-10 12:12:55.082 [info] > git status -z -uall [43ms]
2025-01-10 12:13:00.095 [info] > git config --get commit.template [1ms]
2025-01-10 12:13:00.103 [info] > git for-each-ref --format=%(refname)%00%(upstream:short)%00%(objectname)%00%(upstream:track)%00%(upstream:remotename)%00%(upstream:remoteref) refs/heads/main refs/remotes/main [1ms]
2025-01-10 12:13:00.115 [info] > git for-each-ref --sort -committerdate --format %(refname) %(objectname) %(*objectname) [1ms]
2025-01-10 12:13:00.149 [info] > git status -z -uall [40ms]
2025-01-10 12:13:05.168 [info] > git config --get commit.template [6ms]
2025-01-10 12:13:05.170 [info] > git for-each-ref --format=%(refname)%00%(upstream:short)%00%(objectname)%00%(upstream:track)%00%(upstream:remotename)%00%(upstream:remoteref) refs/heads/main refs/remotes/main [3ms]
2025-01-10 12:13:05.184 [info] > git for-each-ref --sort -committerdate --format %(refname) %(objectname) %(*objectname) [2ms]
2025-01-10 12:13:05.220 [info] > git status -z -uall [44ms]
2025-01-10 12:13:10.242 [info] > git config --get commit.template [7ms]
2025-01-10 12:13:10.242 [info] > git for-each-ref --format=%(refname)%00%(upstream:short)%00%(objectname)%00%(upstream:track)%00%(upstream:remotename)%00%(upstream:remoteref) refs/heads/main refs/remotes/main [2ms]
2025-01-10 12:13:10.255 [info] > git for-each-ref --sort -committerdate --format %(refname) %(objectname) %(*objectname) [2ms]
2025-01-10 12:13:10.290 [info] > git status -z -uall [41ms]
2025-01-10 12:13:15.308 [info] > git config --get commit.template [6ms]
2025-01-10 12:13:15.308 [info] > git for-each-ref --format=%(refname)%00%(upstream:short)%00%(objectname)%00%(upstream:track)%00%(upstream:remotename)%00%(upstream:remoteref) refs/heads/main refs/remotes/main [1ms]
2025-01-10 12:13:15.322 [info] > git for-each-ref --sort -committerdate --format %(refname) %(objectname) %(*objectname) [2ms]
2025-01-10 12:13:15.355 [info] > git status -z -uall [41ms]
2025-01-10 12:13:20.374 [info] > git config --get commit.template [6ms]
2025-01-10 12:13:20.375 [info] > git for-each-ref --format=%(refname)%00%(upstream:short)%00%(objectname)%00%(upstream:track)%00%(upstream:remotename)%00%(upstream:remoteref) refs/heads/main refs/remotes/main [1ms]
2025-01-10 12:13:20.388 [info] > git for-each-ref --sort -committerdate --format %(refname) %(objectname) %(*objectname) [1ms]
2025-01-10 12:13:20.423 [info] > git status -z -uall [42ms]
2025-01-10 12:13:25.440 [info] > git config --get commit.template [6ms]
2025-01-10 12:13:25.442 [info] > git for-each-ref --format=%(refname)%00%(upstream:short)%00%(objectname)%00%(upstream:track)%00%(upstream:remotename)%00%(upstream:remoteref) refs/heads/main refs/remotes/main [2ms]
2025-01-10 12:13:25.455 [info] > git for-each-ref --sort -committerdate --format %(refname) %(objectname) %(*objectname) [2ms]
2025-01-10 12:13:25.490 [info] > git status -z -uall [42ms]
2025-01-10 12:13:30.507 [info] > git config --get commit.template [6ms]
2025-01-10 12:13:30.509 [info] > git for-each-ref --format=%(refname)%00%(upstream:short)%00%(objectname)%00%(upstream:track)%00%(upstream:remotename)%00%(upstream:remoteref) refs/heads/main refs/remotes/main [2ms]
2025-01-10 12:13:30.523 [info] > git for-each-ref --sort -committerdate --format %(refname) %(objectname) %(*objectname) [3ms]
2025-01-10 12:13:30.559 [info] > git status -z -uall [44ms]
2025-01-10 12:13:35.578 [info] > git config --get commit.template [7ms]
2025-01-10 12:13:35.578 [info] > git for-each-ref --format=%(refname)%00%(upstream:short)%00%(objectname)%00%(upstream:track)%00%(upstream:remotename)%00%(upstream:remoteref) refs/heads/main refs/remotes/main [2ms]
2025-01-10 12:13:35.592 [info] > git for-each-ref --sort -committerdate --format %(refname) %(objectname) %(*objectname) [3ms]
2025-01-10 12:13:35.626 [info] > git status -z -uall [42ms]
2025-01-10 12:13:41.571 [info] > git config --get commit.template [6ms]
2025-01-10 12:13:41.572 [info] > git for-each-ref --format=%(refname)%00%(upstream:short)%00%(objectname)%00%(upstream:track)%00%(upstream:remotename)%00%(upstream:remoteref) refs/heads/main refs/remotes/main [2ms]
2025-01-10 12:13:41.583 [info] > git for-each-ref --sort -committerdate --format %(refname) %(objectname) %(*objectname) [1ms]
2025-01-10 12:13:41.620 [info] > git status -z -uall [42ms]
2025-01-10 12:13:46.639 [info] > git config --get commit.template [7ms]
2025-01-10 12:13:46.640 [info] > git for-each-ref --format=%(refname)%00%(upstream:short)%00%(objectname)%00%(upstream:track)%00%(upstream:remotename)%00%(upstream:remoteref) refs/heads/main refs/remotes/main [2ms]
2025-01-10 12:13:46.656 [info] > git for-each-ref --sort -committerdate --format %(refname) %(objectname) %(*objectname) [3ms]
2025-01-10 12:13:46.688 [info] > git status -z -uall [41ms]
2025-01-10 12:13:51.710 [info] > git config --get commit.template [8ms]
2025-01-10 12:13:51.710 [info] > git for-each-ref --format=%(refname)%00%(upstream:short)%00%(objectname)%00%(upstream:track)%00%(upstream:remotename)%00%(upstream:remoteref) refs/heads/main refs/remotes/main [1ms]
2025-01-10 12:13:51.723 [info] > git for-each-ref --sort -committerdate --format %(refname) %(objectname) %(*objectname) [1ms]
2025-01-10 12:13:51.760 [info] > git status -z -uall [43ms]
2025-01-10 12:13:52.608 [info] > git fetch [563ms]
2025-01-10 12:13:52.622 [info] > git config --get commit.template [6ms]
2025-01-10 12:13:52.623 [info] > git for-each-ref --format=%(refname)%00%(upstream:short)%00%(objectname)%00%(upstream:track)%00%(upstream:remotename)%00%(upstream:remoteref) refs/heads/main refs/remotes/main [2ms]
2025-01-10 12:13:52.636 [info] > git for-each-ref --sort -committerdate --format %(refname) %(objectname) %(*objectname) [1ms]
2025-01-10 12:13:52.671 [info] > git status -z -uall [41ms]
2025-01-10 12:13:54.013 [info] > git ls-files --stage -- /home/uys_1705817/flaskProject/app.py [4ms]
2025-01-10 12:13:54.020 [info] > git cat-file -s b2c2586a472d7fcb0a70f62d29dac1acdd2d0e57 [1ms]
2025-01-10 12:13:54.069 [info] > git show --textconv :flaskProject/app.py [5ms]
2025-01-10 12:13:56.779 [info] > git config --get commit.template [7ms]
2025-01-10 12:13:56.779 [info] > git for-each-ref --format=%(refname)%00%(upstream:short)%00%(objectname)%00%(upstream:track)%00%(upstream:remotename)%00%(upstream:remoteref) refs/heads/main refs/remotes/main [2ms]
2025-01-10 12:13:56.793 [info] > git for-each-ref --sort -committerdate --format %(refname) %(objectname) %(*objectname) [3ms]
2025-01-10 12:13:56.829 [info] > git status -z -uall [43ms]
2025-01-10 12:14:01.845 [info] > git config --get commit.template [6ms]
2025-01-10 12:14:01.846 [info] > git for-each-ref --format=%(refname)%00%(upstream:short)%00%(objectname)%00%(upstream:track)%00%(upstream:remotename)%00%(upstream:remoteref) refs/heads/main refs/remotes/main [1ms]
2025-01-10 12:14:01.859 [info] > git for-each-ref --sort -committerdate --format %(refname) %(objectname) %(*objectname) [1ms]
2025-01-10 12:14:01.894 [info] > git status -z -uall [41ms]
2025-01-10 12:14:06.913 [info] > git config --get commit.template [7ms]
2025-01-10 12:14:06.915 [info] > git for-each-ref --format=%(refname)%00%(upstream:short)%00%(objectname)%00%(upstream:track)%00%(upstream:remotename)%00%(upstream:remoteref) refs/heads/main refs/remotes/main [2ms]
2025-01-10 12:14:06.927 [info] > git for-each-ref --sort -committerdate --format %(refname) %(objectname) %(*objectname) [1ms]
2025-01-10 12:14:06.962 [info] > git status -z -uall [42ms]
2025-01-10 12:14:11.981 [info] > git config --get commit.template [6ms]
2025-01-10 12:14:11.983 [info] > git for-each-ref --format=%(refname)%00%(upstream:short)%00%(objectname)%00%(upstream:track)%00%(upstream:remotename)%00%(upstream:remoteref) refs/heads/main refs/remotes/main [2ms]
2025-01-10 12:14:11.996 [info] > git for-each-ref --sort -committerdate --format %(refname) %(objectname) %(*objectname) [2ms]
2025-01-10 12:14:12.035 [info] > git status -z -uall [46ms]
2025-01-10 12:14:17.053 [info] > git config --get commit.template [6ms]
2025-01-10 12:14:17.054 [info] > git for-each-ref --format=%(refname)%00%(upstream:short)%00%(objectname)%00%(upstream:track)%00%(upstream:remotename)%00%(upstream:remoteref) refs/heads/main refs/remotes/main [1ms]
2025-01-10 12:14:17.069 [info] > git for-each-ref --sort -committerdate --format %(refname) %(objectname) %(*objectname) [3ms]
2025-01-10 12:14:17.103 [info] > git status -z -uall [43ms]
2025-01-10 12:14:22.120 [info] > git config --get commit.template [6ms]
2025-01-10 12:14:22.121 [info] > git for-each-ref --format=%(refname)%00%(upstream:short)%00%(objectname)%00%(upstream:track)%00%(upstream:remotename)%00%(upstream:remoteref) refs/heads/main refs/remotes/main [2ms]
2025-01-10 12:14:22.135 [info] > git for-each-ref --sort -committerdate --format %(refname) %(objectname) %(*objectname) [3ms]
2025-01-10 12:14:22.168 [info] > git status -z -uall [42ms]
2025-01-10 12:14:27.181 [info] > git config --get commit.template [0ms]
2025-01-10 12:14:27.188 [info] > git for-each-ref --format=%(refname)%00%(upstream:short)%00%(objectname)%00%(upstream:track)%00%(upstream:remotename)%00%(upstream:remoteref) refs/heads/main refs/remotes/main [2ms]
2025-01-10 12:14:27.200 [info] > git for-each-ref --sort -committerdate --format %(refname) %(objectname) %(*objectname) [1ms]
2025-01-10 12:14:27.236 [info] > git status -z -uall [42ms]
2025-01-10 12:14:32.248 [info] > git config --get commit.template [1ms]
2025-01-10 12:14:32.256 [info] > git for-each-ref --format=%(refname)%00%(upstream:short)%00%(objectname)%00%(upstream:track)%00%(upstream:remotename)%00%(upstream:remoteref) refs/heads/main refs/remotes/main [2ms]
2025-01-10 12:14:32.271 [info] > git for-each-ref --sort -committerdate --format %(refname) %(objectname) %(*objectname) [3ms]
2025-01-10 12:14:32.303 [info] > git status -z -uall [41ms]
2025-01-10 12:14:37.316 [info] > git config --get commit.template [1ms]
2025-01-10 12:14:37.322 [info] > git for-each-ref --format=%(refname)%00%(upstream:short)%00%(objectname)%00%(upstream:track)%00%(upstream:remotename)%00%(upstream:remoteref) refs/heads/main refs/remotes/main [1ms]
2025-01-10 12:14:37.335 [info] > git for-each-ref --sort -committerdate --format %(refname) %(objectname) %(*objectname) [1ms]
2025-01-10 12:14:37.370 [info] > git status -z -uall [41ms]
2025-01-10 12:14:42.389 [info] > git config --get commit.template [6ms]
2025-01-10 12:14:42.389 [info] > git for-each-ref --format=%(refname)%00%(upstream:short)%00%(objectname)%00%(upstream:track)%00%(upstream:remotename)%00%(upstream:remoteref) refs/heads/main refs/remotes/main [1ms]
2025-01-10 12:14:42.402 [info] > git for-each-ref --sort -committerdate --format %(refname) %(objectname) %(*objectname) [1ms]
2025-01-10 12:14:42.438 [info] > git status -z -uall [41ms]
2025-01-10 12:14:47.457 [info] > git config --get commit.template [7ms]
2025-01-10 12:14:47.458 [info] > git for-each-ref --format=%(refname)%00%(upstream:short)%00%(objectname)%00%(upstream:track)%00%(upstream:remotename)%00%(upstream:remoteref) refs/heads/main refs/remotes/main [2ms]
2025-01-10 12:14:47.472 [info] > git for-each-ref --sort -committerdate --format %(refname) %(objectname) %(*objectname) [3ms]
2025-01-10 12:14:47.505 [info] > git status -z -uall [41ms]
2025-01-10 12:14:52.517 [info] > git config --get commit.template [1ms]
2025-01-10 12:14:52.524 [info] > git for-each-ref --format=%(refname)%00%(upstream:short)%00%(objectname)%00%(upstream:track)%00%(upstream:remotename)%00%(upstream:remoteref) refs/heads/main refs/remotes/main [1ms]
2025-01-10 12:14:52.536 [info] > git for-each-ref --sort -committerdate --format %(refname) %(objectname) %(*objectname) [1ms]
2025-01-10 12:14:52.573 [info] > git status -z -uall [43ms]
2025-01-10 12:14:57.585 [info] > git config --get commit.template [1ms]
2025-01-10 12:14:57.593 [info] > git for-each-ref --format=%(refname)%00%(upstream:short)%00%(objectname)%00%(upstream:track)%00%(upstream:remotename)%00%(upstream:remoteref) refs/heads/main refs/remotes/main [2ms]
2025-01-10 12:14:57.607 [info] > git for-each-ref --sort -committerdate --format %(refname) %(objectname) %(*objectname) [2ms]
2025-01-10 12:14:57.640 [info] > git status -z -uall [41ms]
2025-01-10 12:15:02.659 [info] > git config --get commit.template [6ms]
2025-01-10 12:15:02.660 [info] > git for-each-ref --format=%(refname)%00%(upstream:short)%00%(objectname)%00%(upstream:track)%00%(upstream:remotename)%00%(upstream:remoteref) refs/heads/main refs/remotes/main [1ms]
2025-01-10 12:15:02.672 [info] > git for-each-ref --sort -committerdate --format %(refname) %(objectname) %(*objectname) [1ms]
2025-01-10 12:15:02.707 [info] > git status -z -uall [41ms]
2025-01-10 12:15:07.724 [info] > git config --get commit.template [6ms]
2025-01-10 12:15:07.725 [info] > git for-each-ref --format=%(refname)%00%(upstream:short)%00%(objectname)%00%(upstream:track)%00%(upstream:remotename)%00%(upstream:remoteref) refs/heads/main refs/remotes/main [2ms]
2025-01-10 12:15:07.738 [info] > git for-each-ref --sort -committerdate --format %(refname) %(objectname) %(*objectname) [2ms]
2025-01-10 12:15:07.775 [info] > git status -z -uall [44ms]
2025-01-10 12:15:12.791 [info] > git config --get commit.template [6ms]
2025-01-10 12:15:12.792 [info] > git for-each-ref --format=%(refname)%00%(upstream:short)%00%(objectname)%00%(upstream:track)%00%(upstream:remotename)%00%(upstream:remoteref) refs/heads/main refs/remotes/main [1ms]
2025-01-10 12:15:12.806 [info] > git for-each-ref --sort -committerdate --format %(refname) %(objectname) %(*objectname) [1ms]
2025-01-10 12:15:12.842 [info] > git status -z -uall [43ms]
2025-01-10 12:15:17.862 [info] > git config --get commit.template [6ms]
2025-01-10 12:15:17.864 [info] > git for-each-ref --format=%(refname)%00%(upstream:short)%00%(objectname)%00%(upstream:track)%00%(upstream:remotename)%00%(upstream:remoteref) refs/heads/main refs/remotes/main [2ms]
2025-01-10 12:15:17.878 [info] > git for-each-ref --sort -committerdate --format %(refname) %(objectname) %(*objectname) [2ms]
2025-01-10 12:15:17.912 [info] > git status -z -uall [42ms]
2025-01-10 12:15:22.931 [info] > git config --get commit.template [7ms]
2025-01-10 12:15:22.932 [info] > git for-each-ref --format=%(refname)%00%(upstream:short)%00%(objectname)%00%(upstream:track)%00%(upstream:remotename)%00%(upstream:remoteref) refs/heads/main refs/remotes/main [1ms]
2025-01-10 12:15:22.944 [info] > git for-each-ref --sort -committerdate --format %(refname) %(objectname) %(*objectname) [2ms]
2025-01-10 12:15:22.979 [info] > git status -z -uall [41ms]
2025-01-10 12:15:27.996 [info] > git config --get commit.template [4ms]
2025-01-10 12:15:27.997 [info] > git for-each-ref --format=%(refname)%00%(upstream:short)%00%(objectname)%00%(upstream:track)%00%(upstream:remotename)%00%(upstream:remoteref) refs/heads/main refs/remotes/main [1ms]
2025-01-10 12:15:28.011 [info] > git for-each-ref --sort -committerdate --format %(refname) %(objectname) %(*objectname) [3ms]
2025-01-10 12:15:28.044 [info] > git status -z -uall [41ms]
2025-01-10 12:15:33.061 [info] > git config --get commit.template [6ms]
2025-01-10 12:15:33.063 [info] > git for-each-ref --format=%(refname)%00%(upstream:short)%00%(objectname)%00%(upstream:track)%00%(upstream:remotename)%00%(upstream:remoteref) refs/heads/main refs/remotes/main [2ms]
2025-01-10 12:15:33.076 [info] > git for-each-ref --sort -committerdate --format %(refname) %(objectname) %(*objectname) [1ms]
2025-01-10 12:15:33.113 [info] > git status -z -uall [43ms]
2025-01-10 12:15:38.129 [info] > git config --get commit.template [5ms]
2025-01-10 12:15:38.129 [info] > git for-each-ref --format=%(refname)%00%(upstream:short)%00%(objectname)%00%(upstream:track)%00%(upstream:remotename)%00%(upstream:remoteref) refs/heads/main refs/remotes/main [1ms]
2025-01-10 12:15:38.143 [info] > git for-each-ref --sort -committerdate --format %(refname) %(objectname) %(*objectname) [2ms]
2025-01-10 12:15:38.179 [info] > git status -z -uall [42ms]
2025-01-10 13:09:36.185 [info] > git config --get commit.template [7ms]
2025-01-10 13:09:36.187 [info] > git for-each-ref --format=%(refname)%00%(upstream:short)%00%(objectname)%00%(upstream:track)%00%(upstream:remotename)%00%(upstream:remoteref) refs/heads/main refs/remotes/main [2ms]
2025-01-10 13:09:36.200 [info] > git for-each-ref --sort -committerdate --format %(refname) %(objectname) %(*objectname) [2ms]
2025-01-10 13:09:36.236 [info] > git status -z -uall [43ms]
2025-01-10 13:09:36.723 [info] > git fetch [552ms]
2025-01-10 13:09:36.736 [info] > git config --get commit.template [7ms]
2025-01-10 13:09:36.737 [info] > git for-each-ref --format=%(refname)%00%(upstream:short)%00%(objectname)%00%(upstream:track)%00%(upstream:remotename)%00%(upstream:remoteref) refs/heads/main refs/remotes/main [2ms]
2025-01-10 13:09:36.750 [info] > git for-each-ref --sort -committerdate --format %(refname) %(objectname) %(*objectname) [2ms]
2025-01-10 13:09:36.785 [info] > git status -z -uall [42ms]
2025-01-10 13:09:38.116 [info] > git ls-files --stage -- /home/uys_1705817/flaskProject/app.py [4ms]
2025-01-10 13:09:38.122 [info] > git cat-file -s b2c2586a472d7fcb0a70f62d29dac1acdd2d0e57 [1ms]
2025-01-10 13:09:38.185 [info] > git show --textconv :flaskProject/app.py [4ms]
2025-01-10 13:09:41.248 [info] > git config --get commit.template [2ms]
2025-01-10 13:09:41.255 [info] > git for-each-ref --format=%(refname)%00%(upstream:short)%00%(objectname)%00%(upstream:track)%00%(upstream:remotename)%00%(upstream:remoteref) refs/heads/main refs/remotes/main [1ms]
2025-01-10 13:09:41.269 [info] > git for-each-ref --sort -committerdate --format %(refname) %(objectname) %(*objectname) [2ms]
2025-01-10 13:09:41.302 [info] > git status -z -uall [41ms]
2025-01-10 13:09:46.315 [info] > git config --get commit.template [2ms]
2025-01-10 13:09:46.322 [info] > git for-each-ref --format=%(refname)%00%(upstream:short)%00%(objectname)%00%(upstream:track)%00%(upstream:remotename)%00%(upstream:remoteref) refs/heads/main refs/remotes/main [2ms]
2025-01-10 13:09:46.335 [info] > git for-each-ref --sort -committerdate --format %(refname) %(objectname) %(*objectname) [1ms]
2025-01-10 13:09:46.372 [info] > git status -z -uall [43ms]
2025-01-10 13:09:51.390 [info] > git config --get commit.template [7ms]
2025-01-10 13:09:51.390 [info] > git for-each-ref --format=%(refname)%00%(upstream:short)%00%(objectname)%00%(upstream:track)%00%(upstream:remotename)%00%(upstream:remoteref) refs/heads/main refs/remotes/main [1ms]
2025-01-10 13:09:51.403 [info] > git for-each-ref --sort -committerdate --format %(refname) %(objectname) %(*objectname) [1ms]
2025-01-10 13:09:51.439 [info] > git status -z -uall [44ms]
2025-01-10 13:09:56.460 [info] > git config --get commit.template [7ms]
2025-01-10 13:09:56.463 [info] > git for-each-ref --format=%(refname)%00%(upstream:short)%00%(objectname)%00%(upstream:track)%00%(upstream:remotename)%00%(upstream:remoteref) refs/heads/main refs/remotes/main [4ms]
2025-01-10 13:09:56.477 [info] > git for-each-ref --sort -committerdate --format %(refname) %(objectname) %(*objectname) [2ms]
2025-01-10 13:09:56.511 [info] > git status -z -uall [41ms]
2025-01-10 13:10:01.529 [info] > git config --get commit.template [6ms]
2025-01-10 13:10:01.530 [info] > git for-each-ref --format=%(refname)%00%(upstream:short)%00%(objectname)%00%(upstream:track)%00%(upstream:remotename)%00%(upstream:remoteref) refs/heads/main refs/remotes/main [2ms]
2025-01-10 13:10:01.544 [info] > git for-each-ref --sort -committerdate --format %(refname) %(objectname) %(*objectname) [2ms]
2025-01-10 13:10:01.577 [info] > git status -z -uall [41ms]
2025-01-10 13:10:06.595 [info] > git config --get commit.template [7ms]
2025-01-10 13:10:06.596 [info] > git for-each-ref --format=%(refname)%00%(upstream:short)%00%(objectname)%00%(upstream:track)%00%(upstream:remotename)%00%(upstream:remoteref) refs/heads/main refs/remotes/main [2ms]
2025-01-10 13:10:06.609 [info] > git for-each-ref --sort -committerdate --format %(refname) %(objectname) %(*objectname) [2ms]
2025-01-10 13:10:06.643 [info] > git status -z -uall [42ms]
2025-01-10 13:10:11.662 [info] > git config --get commit.template [7ms]
2025-01-10 13:10:11.663 [info] > git for-each-ref --format=%(refname)%00%(upstream:short)%00%(objectname)%00%(upstream:track)%00%(upstream:remotename)%00%(upstream:remoteref) refs/heads/main refs/remotes/main [1ms]
2025-01-10 13:10:11.677 [info] > git for-each-ref --sort -committerdate --format %(refname) %(objectname) %(*objectname) [1ms]
2025-01-10 13:10:11.712 [info] > git status -z -uall [42ms]
2025-01-10 13:10:12.675 [info] > git check-ignore -v -z --stdin [5ms]
2025-01-10 13:10:14.851 [info] > git check-ignore -v -z --stdin [6ms]
2025-01-10 13:10:16.730 [info] > git config --get commit.template [6ms]
2025-01-10 13:10:16.730 [info] > git for-each-ref --format=%(refname)%00%(upstream:short)%00%(objectname)%00%(upstream:track)%00%(upstream:remotename)%00%(upstream:remoteref) refs/heads/main refs/remotes/main [1ms]
2025-01-10 13:10:16.743 [info] > git for-each-ref --sort -committerdate --format %(refname) %(objectname) %(*objectname) [2ms]
2025-01-10 13:10:16.779 [info] > git status -z -uall [43ms]
2025-01-10 13:10:21.798 [info] > git config --get commit.template [7ms]
2025-01-10 13:10:21.799 [info] > git for-each-ref --format=%(refname)%00%(upstream:short)%00%(objectname)%00%(upstream:track)%00%(upstream:remotename)%00%(upstream:remoteref) refs/heads/main refs/remotes/main [2ms]
2025-01-10 13:10:21.812 [info] > git for-each-ref --sort -committerdate --format %(refname) %(objectname) %(*objectname) [1ms]
2025-01-10 13:10:21.848 [info] > git status -z -uall [42ms]
2025-01-10 13:10:26.866 [info] > git config --get commit.template [7ms]
2025-01-10 13:10:26.868 [info] > git for-each-ref --format=%(refname)%00%(upstream:short)%00%(objectname)%00%(upstream:track)%00%(upstream:remotename)%00%(upstream:remoteref) refs/heads/main refs/remotes/main [3ms]
2025-01-10 13:10:26.883 [info] > git for-each-ref --sort -committerdate --format %(refname) %(objectname) %(*objectname) [2ms]
2025-01-10 13:10:26.917 [info] > git status -z -uall [42ms]
2025-01-10 13:10:31.935 [info] > git config --get commit.template [7ms]
2025-01-10 13:10:31.936 [info] > git for-each-ref --format=%(refname)%00%(upstream:short)%00%(objectname)%00%(upstream:track)%00%(upstream:remotename)%00%(upstream:remoteref) refs/heads/main refs/remotes/main [2ms]
2025-01-10 13:10:31.950 [info] > git for-each-ref --sort -committerdate --format %(refname) %(objectname) %(*objectname) [2ms]
2025-01-10 13:10:31.985 [info] > git status -z -uall [41ms]
2025-01-10 13:10:35.534 [info] > git check-ignore -v -z --stdin [6ms]
2025-01-10 13:10:38.027 [info] > git config --get commit.template [7ms]
2025-01-10 13:10:38.028 [info] > git for-each-ref --format=%(refname)%00%(upstream:short)%00%(objectname)%00%(upstream:track)%00%(upstream:remotename)%00%(upstream:remoteref) refs/heads/main refs/remotes/main [1ms]
2025-01-10 13:10:38.044 [info] > git for-each-ref --sort -committerdate --format %(refname) %(objectname) %(*objectname) [2ms]
2025-01-10 13:10:38.078 [info] > git status -z -uall [43ms]
2025-01-10 13:10:40.722 [info] > git show --textconv :api/app.py [6ms]
2025-01-10 13:10:40.726 [info] > git ls-files --stage -- /home/uys_1705817/api/app.py [4ms]
2025-01-10 13:10:40.785 [info] > git blame --root --incremental 14a681c84184cf8d28ab3f19de538f8430bc1d7a -- /home/uys_1705817/api/app.py [1ms]
2025-01-10 13:10:40.785 [info] fatal: no such path api/app.py in 14a681c84184cf8d28ab3f19de538f8430bc1d7a
2025-01-10 13:10:40.919 [info] > git check-ignore -v -z --stdin [5ms]
2025-01-10 13:10:43.807 [info] > git check-ignore -v -z --stdin [5ms]
2025-01-10 13:10:47.019 [info] > git config --get commit.template [6ms]
2025-01-10 13:10:47.020 [info] > git for-each-ref --format=%(refname)%00%(upstream:short)%00%(objectname)%00%(upstream:track)%00%(upstream:remotename)%00%(upstream:remoteref) refs/heads/main refs/remotes/main [2ms]
2025-01-10 13:10:47.035 [info] > git for-each-ref --sort -committerdate --format %(refname) %(objectname) %(*objectname) [3ms]
2025-01-10 13:10:47.068 [info] > git status -z -uall [42ms]
2025-01-10 13:10:52.089 [info] > git config --get commit.template [6ms]
2025-01-10 13:10:52.090 [info] > git for-each-ref --format=%(refname)%00%(upstream:short)%00%(objectname)%00%(upstream:track)%00%(upstream:remotename)%00%(upstream:remoteref) refs/heads/main refs/remotes/main [1ms]
2025-01-10 13:10:52.104 [info] > git for-each-ref --sort -committerdate --format %(refname) %(objectname) %(*objectname) [1ms]
2025-01-10 13:10:52.139 [info] > git status -z -uall [42ms]
2025-01-10 13:10:57.161 [info] > git config --get commit.template [8ms]
2025-01-10 13:10:57.162 [info] > git for-each-ref --format=%(refname)%00%(upstream:short)%00%(objectname)%00%(upstream:track)%00%(upstream:remotename)%00%(upstream:remoteref) refs/heads/main refs/remotes/main [1ms]
2025-01-10 13:10:57.174 [info] > git for-each-ref --sort -committerdate --format %(refname) %(objectname) %(*objectname) [1ms]
2025-01-10 13:10:57.209 [info] > git status -z -uall [41ms]
2025-01-10 13:11:02.230 [info] > git config --get commit.template [6ms]
2025-01-10 13:11:02.231 [info] > git for-each-ref --format=%(refname)%00%(upstream:short)%00%(objectname)%00%(upstream:track)%00%(upstream:remotename)%00%(upstream:remoteref) refs/heads/main refs/remotes/main [2ms]
2025-01-10 13:11:02.244 [info] > git for-each-ref --sort -committerdate --format %(refname) %(objectname) %(*objectname) [2ms]
2025-01-10 13:11:02.279 [info] > git status -z -uall [42ms]
2025-01-10 13:11:07.298 [info] > git config --get commit.template [7ms]
2025-01-10 13:11:07.298 [info] > git for-each-ref --format=%(refname)%00%(upstream:short)%00%(objectname)%00%(upstream:track)%00%(upstream:remotename)%00%(upstream:remoteref) refs/heads/main refs/remotes/main [2ms]
2025-01-10 13:11:07.310 [info] > git for-each-ref --sort -committerdate --format %(refname) %(objectname) %(*objectname) [1ms]
2025-01-10 13:11:07.345 [info] > git status -z -uall [42ms]
2025-01-10 13:11:12.365 [info] > git config --get commit.template [6ms]
2025-01-10 13:11:12.367 [info] > git for-each-ref --format=%(refname)%00%(upstream:short)%00%(objectname)%00%(upstream:track)%00%(upstream:remotename)%00%(upstream:remoteref) refs/heads/main refs/remotes/main [2ms]
2025-01-10 13:11:12.380 [info] > git for-each-ref --sort -committerdate --format %(refname) %(objectname) %(*objectname) [1ms]
2025-01-10 13:11:12.417 [info] > git status -z -uall [42ms]
2025-01-10 13:11:17.436 [info] > git config --get commit.template [7ms]
2025-01-10 13:11:17.438 [info] > git for-each-ref --format=%(refname)%00%(upstream:short)%00%(objectname)%00%(upstream:track)%00%(upstream:remotename)%00%(upstream:remoteref) refs/heads/main refs/remotes/main [2ms]
2025-01-10 13:11:17.451 [info] > git for-each-ref --sort -committerdate --format %(refname) %(objectname) %(*objectname) [2ms]
2025-01-10 13:11:17.488 [info] > git status -z -uall [44ms]
2025-01-10 13:11:19.707 [info] > git check-ignore -v -z --stdin [5ms]
2025-01-10 13:11:22.506 [info] > git config --get commit.template [6ms]
2025-01-10 13:11:22.506 [info] > git for-each-ref --format=%(refname)%00%(upstream:short)%00%(objectname)%00%(upstream:track)%00%(upstream:remotename)%00%(upstream:remoteref) refs/heads/main refs/remotes/main [1ms]
2025-01-10 13:11:22.521 [info] > git for-each-ref --sort -committerdate --format %(refname) %(objectname) %(*objectname) [3ms]
2025-01-10 13:11:22.559 [info] > git status -z -uall [46ms]
2025-01-10 13:11:27.593 [info] > git config --get commit.template [7ms]
2025-01-10 13:11:27.594 [info] > git for-each-ref --format=%(refname)%00%(upstream:short)%00%(objectname)%00%(upstream:track)%00%(upstream:remotename)%00%(upstream:remoteref) refs/heads/main refs/remotes/main [1ms]
2025-01-10 13:11:27.609 [info] > git for-each-ref --sort -committerdate --format %(refname) %(objectname) %(*objectname) [2ms]
2025-01-10 13:11:27.646 [info] > git status -z -uall [46ms]
2025-01-10 13:11:32.674 [info] > git config --get commit.template [6ms]
2025-01-10 13:11:32.675 [info] > git for-each-ref --format=%(refname)%00%(upstream:short)%00%(objectname)%00%(upstream:track)%00%(upstream:remotename)%00%(upstream:remoteref) refs/heads/main refs/remotes/main [1ms]
2025-01-10 13:11:32.688 [info] > git for-each-ref --sort -committerdate --format %(refname) %(objectname) %(*objectname) [1ms]
2025-01-10 13:11:32.729 [info] > git status -z -uall [47ms]
2025-01-10 13:11:37.755 [info] > git config --get commit.template [6ms]
2025-01-10 13:11:37.756 [info] > git for-each-ref --format=%(refname)%00%(upstream:short)%00%(objectname)%00%(upstream:track)%00%(upstream:remotename)%00%(upstream:remoteref) refs/heads/main refs/remotes/main [1ms]
2025-01-10 13:11:37.770 [info] > git for-each-ref --sort -committerdate --format %(refname) %(objectname) %(*objectname) [1ms]
2025-01-10 13:11:37.811 [info] > git status -z -uall [46ms]
2025-01-10 13:11:42.830 [info] > git config --get commit.template [1ms]
2025-01-10 13:11:42.837 [info] > git for-each-ref --format=%(refname)%00%(upstream:short)%00%(objectname)%00%(upstream:track)%00%(upstream:remotename)%00%(upstream:remoteref) refs/heads/main refs/remotes/main [1ms]
2025-01-10 13:11:42.851 [info] > git for-each-ref --sort -committerdate --format %(refname) %(objectname) %(*objectname) [2ms]
2025-01-10 13:11:42.889 [info] > git status -z -uall [46ms]
2025-01-10 13:11:47.913 [info] > git config --get commit.template [6ms]
2025-01-10 13:11:47.913 [info] > git for-each-ref --format=%(refname)%00%(upstream:short)%00%(objectname)%00%(upstream:track)%00%(upstream:remotename)%00%(upstream:remoteref) refs/heads/main refs/remotes/main [1ms]
2025-01-10 13:11:47.927 [info] > git for-each-ref --sort -committerdate --format %(refname) %(objectname) %(*objectname) [2ms]
2025-01-10 13:11:47.963 [info] > git status -z -uall [43ms]
2025-01-10 13:11:52.990 [info] > git config --get commit.template [7ms]
2025-01-10 13:11:52.991 [info] > git for-each-ref --format=%(refname)%00%(upstream:short)%00%(objectname)%00%(upstream:track)%00%(upstream:remotename)%00%(upstream:remoteref) refs/heads/main refs/remotes/main [1ms]
2025-01-10 13:11:53.005 [info] > git for-each-ref --sort -committerdate --format %(refname) %(objectname) %(*objectname) [2ms]
2025-01-10 13:11:53.043 [info] > git status -z -uall [45ms]
2025-01-10 13:11:58.069 [info] > git config --get commit.template [7ms]
2025-01-10 13:11:58.072 [info] > git for-each-ref --format=%(refname)%00%(upstream:short)%00%(objectname)%00%(upstream:track)%00%(upstream:remotename)%00%(upstream:remoteref) refs/heads/main refs/remotes/main [4ms]
2025-01-10 13:11:58.086 [info] > git for-each-ref --sort -committerdate --format %(refname) %(objectname) %(*objectname) [2ms]
2025-01-10 13:11:58.126 [info] > git status -z -uall [48ms]
2025-01-10 13:12:03.149 [info] > git config --get commit.template [6ms]
2025-01-10 13:12:03.150 [info] > git for-each-ref --format=%(refname)%00%(upstream:short)%00%(objectname)%00%(upstream:track)%00%(upstream:remotename)%00%(upstream:remoteref) refs/heads/main refs/remotes/main [1ms]
2025-01-10 13:12:03.164 [info] > git for-each-ref --sort -committerdate --format %(refname) %(objectname) %(*objectname) [2ms]
2025-01-10 13:12:03.202 [info] > git status -z -uall [45ms]
2025-01-10 13:12:08.226 [info] > git config --get commit.template [6ms]
2025-01-10 13:12:08.228 [info] > git for-each-ref --format=%(refname)%00%(upstream:short)%00%(objectname)%00%(upstream:track)%00%(upstream:remotename)%00%(upstream:remoteref) refs/heads/main refs/remotes/main [2ms]
2025-01-10 13:12:08.242 [info] > git for-each-ref --sort -committerdate --format %(refname) %(objectname) %(*objectname) [1ms]
2025-01-10 13:12:08.281 [info] > git status -z -uall [46ms]
2025-01-10 13:12:13.308 [info] > git config --get commit.template [7ms]
2025-01-10 13:12:13.309 [info] > git for-each-ref --format=%(refname)%00%(upstream:short)%00%(objectname)%00%(upstream:track)%00%(upstream:remotename)%00%(upstream:remoteref) refs/heads/main refs/remotes/main [1ms]
2025-01-10 13:12:13.320 [info] > git for-each-ref --sort -committerdate --format %(refname) %(objectname) %(*objectname) [1ms]
2025-01-10 13:12:13.359 [info] > git status -z -uall [46ms]
2025-01-10 13:12:19.120 [info] > git config --get commit.template [7ms]
2025-01-10 13:12:19.120 [info] > git for-each-ref --format=%(refname)%00%(upstream:short)%00%(objectname)%00%(upstream:track)%00%(upstream:remotename)%00%(upstream:remoteref) refs/heads/main refs/remotes/main [1ms]
2025-01-10 13:12:19.132 [info] > git for-each-ref --sort -committerdate --format %(refname) %(objectname) %(*objectname) [1ms]
2025-01-10 13:12:19.170 [info] > git status -z -uall [45ms]
2025-01-10 13:12:24.199 [info] > git config --get commit.template [6ms]
2025-01-10 13:12:24.199 [info] > git for-each-ref --format=%(refname)%00%(upstream:short)%00%(objectname)%00%(upstream:track)%00%(upstream:remotename)%00%(upstream:remoteref) refs/heads/main refs/remotes/main [1ms]
2025-01-10 13:12:24.213 [info] > git for-each-ref --sort -committerdate --format %(refname) %(objectname) %(*objectname) [2ms]
2025-01-10 13:12:24.253 [info] > git status -z -uall [46ms]
2025-01-10 13:12:38.748 [info] > git for-each-ref --format=%(refname)%00%(upstream:short)%00%(objectname)%00%(upstream:track)%00%(upstream:remotename)%00%(upstream:remoteref) refs/heads/main refs/remotes/main [3ms]
2025-01-10 13:12:38.748 [info] > git config --get commit.template [10ms]
2025-01-10 13:12:38.768 [info] > git for-each-ref --sort -committerdate --format %(refname) %(objectname) %(*objectname) [2ms]
2025-01-10 13:12:38.806 [info] > git status -z -uall [46ms]
2025-01-10 13:12:39.299 [info] > git fetch [567ms]
2025-01-10 13:12:39.315 [info] > git for-each-ref --format=%(refname)%00%(upstream:short)%00%(objectname)%00%(upstream:track)%00%(upstream:remotename)%00%(upstream:remoteref) refs/heads/main refs/remotes/main [1ms]
2025-01-10 13:12:39.315 [info] > git config --get commit.template [8ms]
2025-01-10 13:12:39.327 [info] > git for-each-ref --sort -committerdate --format %(refname) %(objectname) %(*objectname) [1ms]
2025-01-10 13:12:39.367 [info] > git status -z -uall [46ms]
2025-01-10 13:12:40.759 [info] > git ls-files --stage -- /home/uys_1705817/api/app.py [6ms]
2025-01-10 13:12:40.814 [info] > git show --textconv :api/app.py [5ms]
2025-01-10 13:12:43.836 [info] > git config --get commit.template [7ms]
2025-01-10 13:12:43.837 [info] > git for-each-ref --format=%(refname)%00%(upstream:short)%00%(objectname)%00%(upstream:track)%00%(upstream:remotename)%00%(upstream:remoteref) refs/heads/main refs/remotes/main [2ms]
2025-01-10 13:12:43.851 [info] > git for-each-ref --sort -committerdate --format %(refname) %(objectname) %(*objectname) [2ms]
2025-01-10 13:12:43.890 [info] > git status -z -uall [46ms]
2025-01-10 13:12:48.914 [info] > git config --get commit.template [1ms]
2025-01-10 13:12:48.921 [info] > git for-each-ref --format=%(refname)%00%(upstream:short)%00%(objectname)%00%(upstream:track)%00%(upstream:remotename)%00%(upstream:remoteref) refs/heads/main refs/remotes/main [2ms]
2025-01-10 13:12:48.936 [info] > git for-each-ref --sort -committerdate --format %(refname) %(objectname) %(*objectname) [3ms]
2025-01-10 13:12:48.973 [info] > git status -z -uall [46ms]
2025-01-10 13:12:54.198 [info] > git config --get commit.template [6ms]
2025-01-10 13:12:54.198 [info] > git for-each-ref --format=%(refname)%00%(upstream:short)%00%(objectname)%00%(upstream:track)%00%(upstream:remotename)%00%(upstream:remoteref) refs/heads/main refs/remotes/main [1ms]
2025-01-10 13:12:54.211 [info] > git for-each-ref --sort -committerdate --format %(refname) %(objectname) %(*objectname) [1ms]
2025-01-10 13:12:54.251 [info] > git status -z -uall [47ms]
2025-01-10 13:12:59.278 [info] > git config --get commit.template [7ms]
2025-01-10 13:12:59.279 [info] > git for-each-ref --format=%(refname)%00%(upstream:short)%00%(objectname)%00%(upstream:track)%00%(upstream:remotename)%00%(upstream:remoteref) refs/heads/main refs/remotes/main [1ms]
2025-01-10 13:12:59.293 [info] > git for-each-ref --sort -committerdate --format %(refname) %(objectname) %(*objectname) [2ms]
2025-01-10 13:12:59.332 [info] > git status -z -uall [46ms]
2025-01-10 13:13:04.359 [info] > git config --get commit.template [6ms]
2025-01-10 13:13:04.360 [info] > git for-each-ref --format=%(refname)%00%(upstream:short)%00%(objectname)%00%(upstream:track)%00%(upstream:remotename)%00%(upstream:remoteref) refs/heads/main refs/remotes/main [1ms]
2025-01-10 13:13:04.373 [info] > git for-each-ref --sort -committerdate --format %(refname) %(objectname) %(*objectname) [1ms]
2025-01-10 13:13:04.412 [info] > git status -z -uall [46ms]
2025-01-10 13:13:09.441 [info] > git config --get commit.template [7ms]
2025-01-10 13:13:09.441 [info] > git for-each-ref --format=%(refname)%00%(upstream:short)%00%(objectname)%00%(upstream:track)%00%(upstream:remotename)%00%(upstream:remoteref) refs/heads/main refs/remotes/main [1ms]
2025-01-10 13:13:09.456 [info] > git for-each-ref --sort -committerdate --format %(refname) %(objectname) %(*objectname) [2ms]
2025-01-10 13:13:09.496 [info] > git status -z -uall [48ms]
2025-01-10 13:13:14.524 [info] > git config --get commit.template [7ms]
2025-01-10 13:13:14.525 [info] > git for-each-ref --format=%(refname)%00%(upstream:short)%00%(objectname)%00%(upstream:track)%00%(upstream:remotename)%00%(upstream:remoteref) refs/heads/main refs/remotes/main [2ms]
2025-01-10 13:13:14.538 [info] > git for-each-ref --sort -committerdate --format %(refname) %(objectname) %(*objectname) [2ms]
2025-01-10 13:13:14.577 [info] > git status -z -uall [46ms]
2025-01-10 13:13:19.606 [info] > git config --get commit.template [6ms]
2025-01-10 13:13:19.607 [info] > git for-each-ref --format=%(refname)%00%(upstream:short)%00%(objectname)%00%(upstream:track)%00%(upstream:remotename)%00%(upstream:remoteref) refs/heads/main refs/remotes/main [1ms]
2025-01-10 13:13:19.621 [info] > git for-each-ref --sort -committerdate --format %(refname) %(objectname) %(*objectname) [2ms]
2025-01-10 13:13:19.661 [info] > git status -z -uall [48ms]
2025-01-10 13:13:24.690 [info] > git config --get commit.template [7ms]
2025-01-10 13:13:24.690 [info] > git for-each-ref --format=%(refname)%00%(upstream:short)%00%(objectname)%00%(upstream:track)%00%(upstream:remotename)%00%(upstream:remoteref) refs/heads/main refs/remotes/main [1ms]
2025-01-10 13:13:24.704 [info] > git for-each-ref --sort -committerdate --format %(refname) %(objectname) %(*objectname) [2ms]
2025-01-10 13:13:24.744 [info] > git status -z -uall [46ms]
2025-01-10 13:13:29.771 [info] > git config --get commit.template [7ms]
2025-01-10 13:13:29.772 [info] > git for-each-ref --format=%(refname)%00%(upstream:short)%00%(objectname)%00%(upstream:track)%00%(upstream:remotename)%00%(upstream:remoteref) refs/heads/main refs/remotes/main [1ms]
2025-01-10 13:13:29.786 [info] > git for-each-ref --sort -committerdate --format %(refname) %(objectname) %(*objectname) [2ms]
2025-01-10 13:13:29.827 [info] > git status -z -uall [48ms]
2025-01-10 13:13:34.855 [info] > git config --get commit.template [7ms]
2025-01-10 13:13:34.857 [info] > git for-each-ref --format=%(refname)%00%(upstream:short)%00%(objectname)%00%(upstream:track)%00%(upstream:remotename)%00%(upstream:remoteref) refs/heads/main refs/remotes/main [1ms]
2025-01-10 13:13:34.871 [info] > git for-each-ref --sort -committerdate --format %(refname) %(objectname) %(*objectname) [2ms]
2025-01-10 13:13:34.910 [info] > git status -z -uall [47ms]
2025-01-10 13:13:39.937 [info] > git config --get commit.template [7ms]
2025-01-10 13:13:39.938 [info] > git for-each-ref --format=%(refname)%00%(upstream:short)%00%(objectname)%00%(upstream:track)%00%(upstream:remotename)%00%(upstream:remoteref) refs/heads/main refs/remotes/main [1ms]
2025-01-10 13:13:39.952 [info] > git for-each-ref --sort -committerdate --format %(refname) %(objectname) %(*objectname) [3ms]
2025-01-10 13:13:39.993 [info] > git status -z -uall [49ms]
2025-01-10 13:13:45.022 [info] > git config --get commit.template [6ms]
2025-01-10 13:13:45.023 [info] > git for-each-ref --format=%(refname)%00%(upstream:short)%00%(objectname)%00%(upstream:track)%00%(upstream:remotename)%00%(upstream:remoteref) refs/heads/main refs/remotes/main [2ms]
2025-01-10 13:13:45.037 [info] > git for-each-ref --sort -committerdate --format %(refname) %(objectname) %(*objectname) [2ms]
2025-01-10 13:13:45.075 [info] > git status -z -uall [46ms]
2025-01-10 13:13:50.102 [info] > git config --get commit.template [6ms]
2025-01-10 13:13:50.103 [info] > git for-each-ref --format=%(refname)%00%(upstream:short)%00%(objectname)%00%(upstream:track)%00%(upstream:remotename)%00%(upstream:remoteref) refs/heads/main refs/remotes/main [2ms]
2025-01-10 13:13:50.116 [info] > git for-each-ref --sort -committerdate --format %(refname) %(objectname) %(*objectname) [2ms]
2025-01-10 13:13:50.156 [info] > git status -z -uall [47ms]
2025-01-10 13:13:55.184 [info] > git config --get commit.template [7ms]
2025-01-10 13:13:55.186 [info] > git for-each-ref --format=%(refname)%00%(upstream:short)%00%(objectname)%00%(upstream:track)%00%(upstream:remotename)%00%(upstream:remoteref) refs/heads/main refs/remotes/main [3ms]
2025-01-10 13:13:55.201 [info] > git for-each-ref --sort -committerdate --format %(refname) %(objectname) %(*objectname) [3ms]
2025-01-10 13:13:55.241 [info] > git status -z -uall [47ms]
2025-01-10 13:14:00.266 [info] > git config --get commit.template [7ms]
2025-01-10 13:14:00.267 [info] > git for-each-ref --format=%(refname)%00%(upstream:short)%00%(objectname)%00%(upstream:track)%00%(upstream:remotename)%00%(upstream:remoteref) refs/heads/main refs/remotes/main [2ms]
2025-01-10 13:14:00.280 [info] > git for-each-ref --sort -committerdate --format %(refname) %(objectname) %(*objectname) [2ms]
2025-01-10 13:14:00.319 [info] > git status -z -uall [46ms]
2025-01-10 13:14:06.251 [info] > git config --get commit.template [6ms]
2025-01-10 13:14:06.252 [info] > git for-each-ref --format=%(refname)%00%(upstream:short)%00%(objectname)%00%(upstream:track)%00%(upstream:remotename)%00%(upstream:remoteref) refs/heads/main refs/remotes/main [2ms]
2025-01-10 13:14:06.264 [info] > git for-each-ref --sort -committerdate --format %(refname) %(objectname) %(*objectname) [1ms]
2025-01-10 13:14:06.304 [info] > git status -z -uall [46ms]
2025-01-10 13:14:11.329 [info] > git config --get commit.template [5ms]
2025-01-10 13:14:11.330 [info] > git for-each-ref --format=%(refname)%00%(upstream:short)%00%(objectname)%00%(upstream:track)%00%(upstream:remotename)%00%(upstream:remoteref) refs/heads/main refs/remotes/main [1ms]
2025-01-10 13:14:11.344 [info] > git for-each-ref --sort -committerdate --format %(refname) %(objectname) %(*objectname) [2ms]
2025-01-10 13:14:11.382 [info] > git status -z -uall [45ms]
2025-01-10 13:14:16.409 [info] > git config --get commit.template [7ms]
2025-01-10 13:14:16.409 [info] > git for-each-ref --format=%(refname)%00%(upstream:short)%00%(objectname)%00%(upstream:track)%00%(upstream:remotename)%00%(upstream:remoteref) refs/heads/main refs/remotes/main [1ms]
2025-01-10 13:14:16.422 [info] > git for-each-ref --sort -committerdate --format %(refname) %(objectname) %(*objectname) [1ms]
2025-01-10 13:14:16.463 [info] > git status -z -uall [47ms]
2025-01-10 13:14:21.489 [info] > git config --get commit.template [7ms]
2025-01-10 13:14:21.491 [info] > git for-each-ref --format=%(refname)%00%(upstream:short)%00%(objectname)%00%(upstream:track)%00%(upstream:remotename)%00%(upstream:remoteref) refs/heads/main refs/remotes/main [1ms]
2025-01-10 13:14:21.504 [info] > git for-each-ref --sort -committerdate --format %(refname) %(objectname) %(*objectname) [2ms]
2025-01-10 13:14:21.544 [info] > git status -z -uall [47ms]
2025-01-10 13:14:26.571 [info] > git config --get commit.template [6ms]
2025-01-10 13:14:26.572 [info] > git for-each-ref --format=%(refname)%00%(upstream:short)%00%(objectname)%00%(upstream:track)%00%(upstream:remotename)%00%(upstream:remoteref) refs/heads/main refs/remotes/main [1ms]
2025-01-10 13:14:26.586 [info] > git for-each-ref --sort -committerdate --format %(refname) %(objectname) %(*objectname) [2ms]
2025-01-10 13:14:26.626 [info] > git status -z -uall [48ms]
2025-01-10 13:14:31.652 [info] > git config --get commit.template [5ms]
2025-01-10 13:14:31.653 [info] > git for-each-ref --format=%(refname)%00%(upstream:short)%00%(objectname)%00%(upstream:track)%00%(upstream:remotename)%00%(upstream:remoteref) refs/heads/main refs/remotes/main [1ms]
2025-01-10 13:14:31.666 [info] > git for-each-ref --sort -committerdate --format %(refname) %(objectname) %(*objectname) [1ms]
2025-01-10 13:14:31.707 [info] > git status -z -uall [47ms]
2025-01-10 13:14:36.735 [info] > git config --get commit.template [7ms]
2025-01-10 13:14:36.736 [info] > git for-each-ref --format=%(refname)%00%(upstream:short)%00%(objectname)%00%(upstream:track)%00%(upstream:remotename)%00%(upstream:remoteref) refs/heads/main refs/remotes/main [2ms]
2025-01-10 13:14:36.751 [info] > git for-each-ref --sort -committerdate --format %(refname) %(objectname) %(*objectname) [3ms]
2025-01-10 13:14:36.790 [info] > git status -z -uall [48ms]
2025-01-10 13:14:41.815 [info] > git config --get commit.template [6ms]
2025-01-10 13:14:41.815 [info] > git for-each-ref --format=%(refname)%00%(upstream:short)%00%(objectname)%00%(upstream:track)%00%(upstream:remotename)%00%(upstream:remoteref) refs/heads/main refs/remotes/main [1ms]
2025-01-10 13:14:41.829 [info] > git for-each-ref --sort -committerdate --format %(refname) %(objectname) %(*objectname) [1ms]
2025-01-10 13:14:41.869 [info] > git status -z -uall [47ms]
2025-01-10 13:14:46.897 [info] > git config --get commit.template [7ms]
2025-01-10 13:14:46.897 [info] > git for-each-ref --format=%(refname)%00%(upstream:short)%00%(objectname)%00%(upstream:track)%00%(upstream:remotename)%00%(upstream:remoteref) refs/heads/main refs/remotes/main [1ms]
2025-01-10 13:14:46.909 [info] > git for-each-ref --sort -committerdate --format %(refname) %(objectname) %(*objectname) [1ms]
2025-01-10 13:14:46.951 [info] > git status -z -uall [47ms]
2025-01-10 13:14:51.972 [info] > git config --get commit.template [0ms]
2025-01-10 13:14:51.979 [info] > git for-each-ref --format=%(refname)%00%(upstream:short)%00%(objectname)%00%(upstream:track)%00%(upstream:remotename)%00%(upstream:remoteref) refs/heads/main refs/remotes/main [1ms]
2025-01-10 13:14:51.994 [info] > git for-each-ref --sort -committerdate --format %(refname) %(objectname) %(*objectname) [2ms]
2025-01-10 13:14:52.034 [info] > git status -z -uall [48ms]
2025-01-10 13:14:57.061 [info] > git config --get commit.template [6ms]
2025-01-10 13:14:57.063 [info] > git for-each-ref --format=%(refname)%00%(upstream:short)%00%(objectname)%00%(upstream:track)%00%(upstream:remotename)%00%(upstream:remoteref) refs/heads/main refs/remotes/main [1ms]
2025-01-10 13:14:57.076 [info] > git for-each-ref --sort -committerdate --format %(refname) %(objectname) %(*objectname) [1ms]
2025-01-10 13:14:57.117 [info] > git status -z -uall [48ms]
2025-01-10 13:15:02.143 [info] > git config --get commit.template [6ms]
2025-01-10 13:15:02.144 [info] > git for-each-ref --format=%(refname)%00%(upstream:short)%00%(objectname)%00%(upstream:track)%00%(upstream:remotename)%00%(upstream:remoteref) refs/heads/main refs/remotes/main [1ms]
2025-01-10 13:15:02.158 [info] > git for-each-ref --sort -committerdate --format %(refname) %(objectname) %(*objectname) [2ms]
2025-01-10 13:15:02.196 [info] > git status -z -uall [47ms]
2025-01-10 13:15:07.222 [info] > git config --get commit.template [6ms]
2025-01-10 13:15:07.223 [info] > git for-each-ref --format=%(refname)%00%(upstream:short)%00%(objectname)%00%(upstream:track)%00%(upstream:remotename)%00%(upstream:remoteref) refs/heads/main refs/remotes/main [1ms]
2025-01-10 13:15:07.237 [info] > git for-each-ref --sort -committerdate --format %(refname) %(objectname) %(*objectname) [2ms]
2025-01-10 13:15:07.276 [info] > git status -z -uall [46ms]
2025-01-10 13:15:12.303 [info] > git config --get commit.template [7ms]
2025-01-10 13:15:12.304 [info] > git for-each-ref --format=%(refname)%00%(upstream:short)%00%(objectname)%00%(upstream:track)%00%(upstream:remotename)%00%(upstream:remoteref) refs/heads/main refs/remotes/main [1ms]
2025-01-10 13:15:12.318 [info] > git for-each-ref --sort -committerdate --format %(refname) %(objectname) %(*objectname) [2ms]
2025-01-10 13:15:12.359 [info] > git status -z -uall [48ms]
2025-01-10 13:15:17.386 [info] > git config --get commit.template [7ms]
2025-01-10 13:15:17.387 [info] > git for-each-ref --format=%(refname)%00%(upstream:short)%00%(objectname)%00%(upstream:track)%00%(upstream:remotename)%00%(upstream:remoteref) refs/heads/main refs/remotes/main [1ms]
2025-01-10 13:15:17.401 [info] > git for-each-ref --sort -committerdate --format %(refname) %(objectname) %(*objectname) [1ms]
2025-01-10 13:15:17.440 [info] > git status -z -uall [47ms]
2025-01-10 13:15:22.461 [info] > git config --get commit.template [0ms]
2025-01-10 13:15:22.468 [info] > git for-each-ref --format=%(refname)%00%(upstream:short)%00%(objectname)%00%(upstream:track)%00%(upstream:remotename)%00%(upstream:remoteref) refs/heads/main refs/remotes/main [2ms]
2025-01-10 13:15:22.481 [info] > git for-each-ref --sort -committerdate --format %(refname) %(objectname) %(*objectname) [2ms]
2025-01-10 13:15:22.520 [info] > git status -z -uall [46ms]
2025-01-10 13:15:27.549 [info] > git config --get commit.template [7ms]
2025-01-10 13:15:27.550 [info] > git for-each-ref --format=%(refname)%00%(upstream:short)%00%(objectname)%00%(upstream:track)%00%(upstream:remotename)%00%(upstream:remoteref) refs/heads/main refs/remotes/main [2ms]
2025-01-10 13:15:27.564 [info] > git for-each-ref --sort -committerdate --format %(refname) %(objectname) %(*objectname) [2ms]
2025-01-10 13:15:27.602 [info] > git status -z -uall [46ms]
2025-01-10 13:15:32.630 [info] > git config --get commit.template [6ms]
2025-01-10 13:15:32.630 [info] > git for-each-ref --format=%(refname)%00%(upstream:short)%00%(objectname)%00%(upstream:track)%00%(upstream:remotename)%00%(upstream:remoteref) refs/heads/main refs/remotes/main [1ms]
2025-01-10 13:15:32.644 [info] > git for-each-ref --sort -committerdate --format %(refname) %(objectname) %(*objectname) [2ms]
2025-01-10 13:15:32.683 [info] > git status -z -uall [47ms]
2025-01-10 13:15:37.704 [info] > git config --get commit.template [1ms]
2025-01-10 13:15:37.711 [info] > git for-each-ref --format=%(refname)%00%(upstream:short)%00%(objectname)%00%(upstream:track)%00%(upstream:remotename)%00%(upstream:remoteref) refs/heads/main refs/remotes/main [1ms]
2025-01-10 13:15:37.725 [info] > git for-each-ref --sort -committerdate --format %(refname) %(objectname) %(*objectname) [2ms]
2025-01-10 13:15:37.764 [info] > git status -z -uall [47ms]
2025-01-10 13:15:39.922 [info] > git fetch [536ms]
2025-01-10 13:15:39.936 [info] > git config --get commit.template [6ms]
2025-01-10 13:15:39.937 [info] > git for-each-ref --format=%(refname)%00%(upstream:short)%00%(objectname)%00%(upstream:track)%00%(upstream:remotename)%00%(upstream:remoteref) refs/heads/main refs/remotes/main [1ms]
2025-01-10 13:15:39.952 [info] > git for-each-ref --sort -committerdate --format %(refname) %(objectname) %(*objectname) [3ms]
2025-01-10 13:15:39.992 [info] > git status -z -uall [48ms]
2025-01-10 13:15:41.263 [info] > git ls-files --stage -- /home/uys_1705817/api/app.py [4ms]
2025-01-10 13:15:41.321 [info] > git show --textconv :api/app.py [4ms]
2025-01-10 13:15:42.791 [info] > git config --get commit.template [6ms]
2025-01-10 13:15:42.792 [info] > git for-each-ref --format=%(refname)%00%(upstream:short)%00%(objectname)%00%(upstream:track)%00%(upstream:remotename)%00%(upstream:remoteref) refs/heads/main refs/remotes/main [1ms]
2025-01-10 13:15:42.806 [info] > git for-each-ref --sort -committerdate --format %(refname) %(objectname) %(*objectname) [2ms]
2025-01-10 13:15:42.844 [info] > git status -z -uall [46ms]
2025-01-10 13:15:47.871 [info] > git config --get commit.template [6ms]
2025-01-10 13:15:47.872 [info] > git for-each-ref --format=%(refname)%00%(upstream:short)%00%(objectname)%00%(upstream:track)%00%(upstream:remotename)%00%(upstream:remoteref) refs/heads/main refs/remotes/main [1ms]
2025-01-10 13:15:47.884 [info] > git for-each-ref --sort -committerdate --format %(refname) %(objectname) %(*objectname) [2ms]
2025-01-10 13:15:47.922 [info] > git status -z -uall [45ms]
2025-01-10 13:15:52.951 [info] > git config --get commit.template [7ms]
2025-01-10 13:15:52.952 [info] > git for-each-ref --format=%(refname)%00%(upstream:short)%00%(objectname)%00%(upstream:track)%00%(upstream:remotename)%00%(upstream:remoteref) refs/heads/main refs/remotes/main [1ms]
2025-01-10 13:15:52.967 [info] > git for-each-ref --sort -committerdate --format %(refname) %(objectname) %(*objectname) [3ms]
2025-01-10 13:15:53.006 [info] > git status -z -uall [47ms]
2025-01-10 13:15:58.035 [info] > git config --get commit.template [7ms]
2025-01-10 13:15:58.036 [info] > git for-each-ref --format=%(refname)%00%(upstream:short)%00%(objectname)%00%(upstream:track)%00%(upstream:remotename)%00%(upstream:remoteref) refs/heads/main refs/remotes/main [1ms]
2025-01-10 13:15:58.050 [info] > git for-each-ref --sort -committerdate --format %(refname) %(objectname) %(*objectname) [2ms]
2025-01-10 13:15:58.089 [info] > git status -z -uall [47ms]
2025-01-10 13:16:03.116 [info] > git config --get commit.template [7ms]
2025-01-10 13:16:03.117 [info] > git for-each-ref --format=%(refname)%00%(upstream:short)%00%(objectname)%00%(upstream:track)%00%(upstream:remotename)%00%(upstream:remoteref) refs/heads/main refs/remotes/main [1ms]
2025-01-10 13:16:03.129 [info] > git for-each-ref --sort -committerdate --format %(refname) %(objectname) %(*objectname) [1ms]
2025-01-10 13:16:03.169 [info] > git status -z -uall [46ms]
2025-01-10 13:16:08.197 [info] > git config --get commit.template [7ms]
2025-01-10 13:16:08.199 [info] > git for-each-ref --format=%(refname)%00%(upstream:short)%00%(objectname)%00%(upstream:track)%00%(upstream:remotename)%00%(upstream:remoteref) refs/heads/main refs/remotes/main [3ms]
2025-01-10 13:16:08.215 [info] > git for-each-ref --sort -committerdate --format %(refname) %(objectname) %(*objectname) [2ms]
2025-01-10 13:16:08.255 [info] > git status -z -uall [49ms]
2025-01-10 13:16:13.283 [info] > git config --get commit.template [7ms]
2025-01-10 13:16:13.284 [info] > git for-each-ref --format=%(refname)%00%(upstream:short)%00%(objectname)%00%(upstream:track)%00%(upstream:remotename)%00%(upstream:remoteref) refs/heads/main refs/remotes/main [2ms]
2025-01-10 13:16:13.298 [info] > git for-each-ref --sort -committerdate --format %(refname) %(objectname) %(*objectname) [2ms]
2025-01-10 13:16:13.337 [info] > git status -z -uall [47ms]
2025-01-10 13:16:18.364 [info] > git config --get commit.template [7ms]
2025-01-10 13:16:18.365 [info] > git for-each-ref --format=%(refname)%00%(upstream:short)%00%(objectname)%00%(upstream:track)%00%(upstream:remotename)%00%(upstream:remoteref) refs/heads/main refs/remotes/main [2ms]
2025-01-10 13:16:18.379 [info] > git for-each-ref --sort -committerdate --format %(refname) %(objectname) %(*objectname) [1ms]
2025-01-10 13:16:18.419 [info] > git status -z -uall [47ms]
2025-01-10 13:16:23.447 [info] > git config --get commit.template [6ms]
2025-01-10 13:16:23.448 [info] > git for-each-ref --format=%(refname)%00%(upstream:short)%00%(objectname)%00%(upstream:track)%00%(upstream:remotename)%00%(upstream:remoteref) refs/heads/main refs/remotes/main [1ms]
2025-01-10 13:16:23.463 [info] > git for-each-ref --sort -committerdate --format %(refname) %(objectname) %(*objectname) [3ms]
2025-01-10 13:16:23.501 [info] > git status -z -uall [47ms]
2025-01-10 13:16:28.527 [info] > git config --get commit.template [6ms]
2025-01-10 13:16:28.528 [info] > git for-each-ref --format=%(refname)%00%(upstream:short)%00%(objectname)%00%(upstream:track)%00%(upstream:remotename)%00%(upstream:remoteref) refs/heads/main refs/remotes/main [1ms]
2025-01-10 13:16:28.542 [info] > git for-each-ref --sort -committerdate --format %(refname) %(objectname) %(*objectname) [2ms]
2025-01-10 13:16:28.581 [info] > git status -z -uall [46ms]
2025-01-10 13:16:33.610 [info] > git config --get commit.template [7ms]
2025-01-10 13:16:33.611 [info] > git for-each-ref --format=%(refname)%00%(upstream:short)%00%(objectname)%00%(upstream:track)%00%(upstream:remotename)%00%(upstream:remoteref) refs/heads/main refs/remotes/main [1ms]
2025-01-10 13:16:33.624 [info] > git for-each-ref --sort -committerdate --format %(refname) %(objectname) %(*objectname) [1ms]
2025-01-10 13:16:33.663 [info] > git status -z -uall [45ms]
2025-01-10 13:16:38.691 [info] > git config --get commit.template [7ms]
2025-01-10 13:16:38.693 [info] > git for-each-ref --format=%(refname)%00%(upstream:short)%00%(objectname)%00%(upstream:track)%00%(upstream:remotename)%00%(upstream:remoteref) refs/heads/main refs/remotes/main [1ms]
2025-01-10 13:16:38.707 [info] > git for-each-ref --sort -committerdate --format %(refname) %(objectname) %(*objectname) [2ms]
2025-01-10 13:16:38.747 [info] > git status -z -uall [47ms]
2025-01-10 13:16:43.778 [info] > git config --get commit.template [7ms]
2025-01-10 13:16:43.779 [info] > git for-each-ref --format=%(refname)%00%(upstream:short)%00%(objectname)%00%(upstream:track)%00%(upstream:remotename)%00%(upstream:remoteref) refs/heads/main refs/remotes/main [1ms]
2025-01-10 13:16:43.792 [info] > git for-each-ref --sort -committerdate --format %(refname) %(objectname) %(*objectname) [3ms]
2025-01-10 13:16:43.831 [info] > git status -z -uall [48ms]
2025-01-10 13:16:48.860 [info] > git config --get commit.template [6ms]
2025-01-10 13:16:48.860 [info] > git for-each-ref --format=%(refname)%00%(upstream:short)%00%(objectname)%00%(upstream:track)%00%(upstream:remotename)%00%(upstream:remoteref) refs/heads/main refs/remotes/main [1ms]
2025-01-10 13:16:48.874 [info] > git for-each-ref --sort -committerdate --format %(refname) %(objectname) %(*objectname) [2ms]
2025-01-10 13:16:48.913 [info] > git status -z -uall [47ms]
2025-01-10 13:16:53.941 [info] > git config --get commit.template [7ms]
2025-01-10 13:16:53.943 [info] > git for-each-ref --format=%(refname)%00%(upstream:short)%00%(objectname)%00%(upstream:track)%00%(upstream:remotename)%00%(upstream:remoteref) refs/heads/main refs/remotes/main [2ms]
2025-01-10 13:16:53.955 [info] > git for-each-ref --sort -committerdate --format %(refname) %(objectname) %(*objectname) [1ms]
2025-01-10 13:16:53.997 [info] > git status -z -uall [47ms]
2025-01-10 13:16:59.024 [info] > git config --get commit.template [7ms]
2025-01-10 13:16:59.025 [info] > git for-each-ref --format=%(refname)%00%(upstream:short)%00%(objectname)%00%(upstream:track)%00%(upstream:remotename)%00%(upstream:remoteref) refs/heads/main refs/remotes/main [1ms]
2025-01-10 13:16:59.039 [info] > git for-each-ref --sort -committerdate --format %(refname) %(objectname) %(*objectname) [2ms]
2025-01-10 13:16:59.077 [info] > git status -z -uall [46ms]
2025-01-10 13:17:04.106 [info] > git config --get commit.template [7ms]
2025-01-10 13:17:04.106 [info] > git for-each-ref --format=%(refname)%00%(upstream:short)%00%(objectname)%00%(upstream:track)%00%(upstream:remotename)%00%(upstream:remoteref) refs/heads/main refs/remotes/main [1ms]
2025-01-10 13:17:04.119 [info] > git for-each-ref --sort -committerdate --format %(refname) %(objectname) %(*objectname) [2ms]
2025-01-10 13:17:04.158 [info] > git status -z -uall [47ms]
2025-01-10 13:17:09.183 [info] > git config --get commit.template [6ms]
2025-01-10 13:17:09.184 [info] > git for-each-ref --format=%(refname)%00%(upstream:short)%00%(objectname)%00%(upstream:track)%00%(upstream:remotename)%00%(upstream:remoteref) refs/heads/main refs/remotes/main [1ms]
2025-01-10 13:17:09.198 [info] > git for-each-ref --sort -committerdate --format %(refname) %(objectname) %(*objectname) [2ms]
2025-01-10 13:17:09.237 [info] > git status -z -uall [47ms]
2025-01-10 13:17:14.265 [info] > git config --get commit.template [7ms]
2025-01-10 13:17:14.266 [info] > git for-each-ref --format=%(refname)%00%(upstream:short)%00%(objectname)%00%(upstream:track)%00%(upstream:remotename)%00%(upstream:remoteref) refs/heads/main refs/remotes/main [1ms]
2025-01-10 13:17:14.280 [info] > git for-each-ref --sort -committerdate --format %(refname) %(objectname) %(*objectname) [2ms]
2025-01-10 13:17:14.318 [info] > git status -z -uall [45ms]
2025-01-10 13:17:19.345 [info] > git config --get commit.template [7ms]
2025-01-10 13:17:19.346 [info] > git for-each-ref --format=%(refname)%00%(upstream:short)%00%(objectname)%00%(upstream:track)%00%(upstream:remotename)%00%(upstream:remoteref) refs/heads/main refs/remotes/main [1ms]
2025-01-10 13:17:19.359 [info] > git for-each-ref --sort -committerdate --format %(refname) %(objectname) %(*objectname) [2ms]
2025-01-10 13:17:19.399 [info] > git status -z -uall [47ms]
2025-01-10 13:17:24.426 [info] > git config --get commit.template [6ms]
2025-01-10 13:17:24.427 [info] > git for-each-ref --format=%(refname)%00%(upstream:short)%00%(objectname)%00%(upstream:track)%00%(upstream:remotename)%00%(upstream:remoteref) refs/heads/main refs/remotes/main [1ms]
2025-01-10 13:17:24.442 [info] > git for-each-ref --sort -committerdate --format %(refname) %(objectname) %(*objectname) [2ms]
2025-01-10 13:17:24.480 [info] > git status -z -uall [46ms]
2025-01-10 13:17:29.507 [info] > git config --get commit.template [7ms]
2025-01-10 13:17:29.508 [info] > git for-each-ref --format=%(refname)%00%(upstream:short)%00%(objectname)%00%(upstream:track)%00%(upstream:remotename)%00%(upstream:remoteref) refs/heads/main refs/remotes/main [1ms]
2025-01-10 13:17:29.522 [info] > git for-each-ref --sort -committerdate --format %(refname) %(objectname) %(*objectname) [1ms]
2025-01-10 13:17:29.561 [info] > git status -z -uall [47ms]
2025-01-10 13:17:34.585 [info] > git config --get commit.template [5ms]
2025-01-10 13:17:34.586 [info] > git for-each-ref --format=%(refname)%00%(upstream:short)%00%(objectname)%00%(upstream:track)%00%(upstream:remotename)%00%(upstream:remoteref) refs/heads/main refs/remotes/main [1ms]
2025-01-10 13:17:34.600 [info] > git for-each-ref --sort -committerdate --format %(refname) %(objectname) %(*objectname) [1ms]
2025-01-10 13:17:34.638 [info] > git status -z -uall [46ms]
2025-01-10 13:17:39.663 [info] > git config --get commit.template [5ms]
2025-01-10 13:17:39.664 [info] > git for-each-ref --format=%(refname)%00%(upstream:short)%00%(objectname)%00%(upstream:track)%00%(upstream:remotename)%00%(upstream:remoteref) refs/heads/main refs/remotes/main [2ms]
2025-01-10 13:17:39.678 [info] > git for-each-ref --sort -committerdate --format %(refname) %(objectname) %(*objectname) [1ms]
2025-01-10 13:17:39.716 [info] > git status -z -uall [45ms]
2025-01-10 13:17:44.744 [info] > git config --get commit.template [6ms]
2025-01-10 13:17:44.746 [info] > git for-each-ref --format=%(refname)%00%(upstream:short)%00%(objectname)%00%(upstream:track)%00%(upstream:remotename)%00%(upstream:remoteref) refs/heads/main refs/remotes/main [2ms]
2025-01-10 13:17:44.761 [info] > git for-each-ref --sort -committerdate --format %(refname) %(objectname) %(*objectname) [2ms]
2025-01-10 13:17:44.797 [info] > git status -z -uall [44ms]
2025-01-10 13:17:49.825 [info] > git config --get commit.template [7ms]
2025-01-10 13:17:49.826 [info] > git for-each-ref --format=%(refname)%00%(upstream:short)%00%(objectname)%00%(upstream:track)%00%(upstream:remotename)%00%(upstream:remoteref) refs/heads/main refs/remotes/main [2ms]
2025-01-10 13:17:49.839 [info] > git for-each-ref --sort -committerdate --format %(refname) %(objectname) %(*objectname) [2ms]
2025-01-10 13:17:49.878 [info] > git status -z -uall [46ms]
2025-01-10 13:17:54.905 [info] > git config --get commit.template [7ms]
2025-01-10 13:17:54.907 [info] > git for-each-ref --format=%(refname)%00%(upstream:short)%00%(objectname)%00%(upstream:track)%00%(upstream:remotename)%00%(upstream:remoteref) refs/heads/main refs/remotes/main [2ms]
2025-01-10 13:17:54.921 [info] > git for-each-ref --sort -committerdate --format %(refname) %(objectname) %(*objectname) [2ms]
2025-01-10 13:17:54.959 [info] > git status -z -uall [45ms]
2025-01-10 13:17:59.989 [info] > git config --get commit.template [6ms]
2025-01-10 13:17:59.989 [info] > git for-each-ref --format=%(refname)%00%(upstream:short)%00%(objectname)%00%(upstream:track)%00%(upstream:remotename)%00%(upstream:remoteref) refs/heads/main refs/remotes/main [1ms]
2025-01-10 13:18:00.003 [info] > git for-each-ref --sort -committerdate --format %(refname) %(objectname) %(*objectname) [2ms]
2025-01-10 13:18:00.042 [info] > git status -z -uall [47ms]
2025-01-10 13:18:05.070 [info] > git config --get commit.template [6ms]
2025-01-10 13:18:05.071 [info] > git for-each-ref --format=%(refname)%00%(upstream:short)%00%(objectname)%00%(upstream:track)%00%(upstream:remotename)%00%(upstream:remoteref) refs/heads/main refs/remotes/main [1ms]
2025-01-10 13:18:05.086 [info] > git for-each-ref --sort -committerdate --format %(refname) %(objectname) %(*objectname) [2ms]
2025-01-10 13:18:05.123 [info] > git status -z -uall [46ms]
2025-01-10 13:18:10.149 [info] > git config --get commit.template [1ms]
2025-01-10 13:18:10.157 [info] > git for-each-ref --format=%(refname)%00%(upstream:short)%00%(objectname)%00%(upstream:track)%00%(upstream:remotename)%00%(upstream:remoteref) refs/heads/main refs/remotes/main [2ms]
2025-01-10 13:18:10.171 [info] > git for-each-ref --sort -committerdate --format %(refname) %(objectname) %(*objectname) [2ms]
2025-01-10 13:18:10.210 [info] > git status -z -uall [47ms]
2025-01-10 13:18:15.240 [info] > git config --get commit.template [7ms]
2025-01-10 13:18:15.241 [info] > git for-each-ref --format=%(refname)%00%(upstream:short)%00%(objectname)%00%(upstream:track)%00%(upstream:remotename)%00%(upstream:remoteref) refs/heads/main refs/remotes/main [2ms]
2025-01-10 13:18:15.254 [info] > git for-each-ref --sort -committerdate --format %(refname) %(objectname) %(*objectname) [1ms]
2025-01-10 13:18:15.293 [info] > git status -z -uall [46ms]
2025-01-10 13:18:20.323 [info] > git config --get commit.template [7ms]
2025-01-10 13:18:20.324 [info] > git for-each-ref --format=%(refname)%00%(upstream:short)%00%(objectname)%00%(upstream:track)%00%(upstream:remotename)%00%(upstream:remoteref) refs/heads/main refs/remotes/main [1ms]
2025-01-10 13:18:20.339 [info] > git for-each-ref --sort -committerdate --format %(refname) %(objectname) %(*objectname) [3ms]
2025-01-10 13:18:20.376 [info] > git status -z -uall [45ms]
2025-01-10 13:18:25.404 [info] > git config --get commit.template [7ms]
2025-01-10 13:18:25.404 [info] > git for-each-ref --format=%(refname)%00%(upstream:short)%00%(objectname)%00%(upstream:track)%00%(upstream:remotename)%00%(upstream:remoteref) refs/heads/main refs/remotes/main [1ms]
2025-01-10 13:18:25.418 [info] > git for-each-ref --sort -committerdate --format %(refname) %(objectname) %(*objectname) [2ms]
2025-01-10 13:18:25.458 [info] > git status -z -uall [47ms]
2025-01-10 13:18:30.487 [info] > git config --get commit.template [8ms]
2025-01-10 13:18:30.487 [info] > git for-each-ref --format=%(refname)%00%(upstream:short)%00%(objectname)%00%(upstream:track)%00%(upstream:remotename)%00%(upstream:remoteref) refs/heads/main refs/remotes/main [1ms]
2025-01-10 13:18:30.500 [info] > git for-each-ref --sort -committerdate --format %(refname) %(objectname) %(*objectname) [1ms]
2025-01-10 13:18:30.540 [info] > git status -z -uall [46ms]
2025-01-10 13:18:35.570 [info] > git config --get commit.template [8ms]
2025-01-10 13:18:35.571 [info] > git for-each-ref --format=%(refname)%00%(upstream:short)%00%(objectname)%00%(upstream:track)%00%(upstream:remotename)%00%(upstream:remoteref) refs/heads/main refs/remotes/main [1ms]
2025-01-10 13:18:35.585 [info] > git for-each-ref --sort -committerdate --format %(refname) %(objectname) %(*objectname) [2ms]
2025-01-10 13:18:35.624 [info] > git status -z -uall [46ms]
2025-01-10 13:18:40.581 [info] > git fetch [570ms]
2025-01-10 13:18:40.594 [info] > git config --get commit.template [7ms]
2025-01-10 13:18:40.595 [info] > git for-each-ref --format=%(refname)%00%(upstream:short)%00%(objectname)%00%(upstream:track)%00%(upstream:remotename)%00%(upstream:remoteref) refs/heads/main refs/remotes/main [1ms]
2025-01-10 13:18:40.609 [info] > git for-each-ref --sort -committerdate --format %(refname) %(objectname) %(*objectname) [1ms]
2025-01-10 13:18:40.647 [info] > git status -z -uall [45ms]
2025-01-10 13:18:40.671 [info] > git config --get commit.template [7ms]
2025-01-10 13:18:40.672 [info] > git for-each-ref --format=%(refname)%00%(upstream:short)%00%(objectname)%00%(upstream:track)%00%(upstream:remotename)%00%(upstream:remoteref) refs/heads/main refs/remotes/main [1ms]
2025-01-10 13:18:40.686 [info] > git for-each-ref --sort -committerdate --format %(refname) %(objectname) %(*objectname) [2ms]
2025-01-10 13:18:40.723 [info] > git status -z -uall [45ms]
2025-01-10 13:18:41.922 [info] > git ls-files --stage -- /home/uys_1705817/api/app.py [5ms]
2025-01-10 13:18:41.977 [info] > git show --textconv :api/app.py [3ms]
2025-01-10 13:18:45.750 [info] > git config --get commit.template [7ms]
2025-01-10 13:18:45.751 [info] > git for-each-ref --format=%(refname)%00%(upstream:short)%00%(objectname)%00%(upstream:track)%00%(upstream:remotename)%00%(upstream:remoteref) refs/heads/main refs/remotes/main [2ms]
2025-01-10 13:18:45.765 [info] > git for-each-ref --sort -committerdate --format %(refname) %(objectname) %(*objectname) [2ms]
2025-01-10 13:18:45.804 [info] > git status -z -uall [47ms]
2025-01-10 13:18:51.707 [info] > git config --get commit.template [1ms]
2025-01-10 13:18:51.712 [info] > git for-each-ref --format=%(refname)%00%(upstream:short)%00%(objectname)%00%(upstream:track)%00%(upstream:remotename)%00%(upstream:remoteref) refs/heads/main refs/remotes/main [1ms]
2025-01-10 13:18:51.727 [info] > git for-each-ref --sort -committerdate --format %(refname) %(objectname) %(*objectname) [2ms]
2025-01-10 13:18:51.765 [info] > git status -z -uall [47ms]
2025-01-10 13:18:56.794 [info] > git config --get commit.template [7ms]
2025-01-10 13:18:56.796 [info] > git for-each-ref --format=%(refname)%00%(upstream:short)%00%(objectname)%00%(upstream:track)%00%(upstream:remotename)%00%(upstream:remoteref) refs/heads/main refs/remotes/main [3ms]
2025-01-10 13:18:56.811 [info] > git for-each-ref --sort -committerdate --format %(refname) %(objectname) %(*objectname) [3ms]
2025-01-10 13:18:56.849 [info] > git status -z -uall [47ms]
2025-01-10 13:19:01.870 [info] > git config --get commit.template [1ms]
2025-01-10 13:19:01.877 [info] > git for-each-ref --format=%(refname)%00%(upstream:short)%00%(objectname)%00%(upstream:track)%00%(upstream:remotename)%00%(upstream:remoteref) refs/heads/main refs/remotes/main [1ms]
2025-01-10 13:19:01.891 [info] > git for-each-ref --sort -committerdate --format %(refname) %(objectname) %(*objectname) [2ms]
2025-01-10 13:19:01.929 [info] > git status -z -uall [45ms]
2025-01-10 13:19:06.951 [info] > git config --get commit.template [1ms]
2025-01-10 13:19:06.958 [info] > git for-each-ref --format=%(refname)%00%(upstream:short)%00%(objectname)%00%(upstream:track)%00%(upstream:remotename)%00%(upstream:remoteref) refs/heads/main refs/remotes/main [1ms]
2025-01-10 13:19:06.972 [info] > git for-each-ref --sort -committerdate --format %(refname) %(objectname) %(*objectname) [2ms]
2025-01-10 13:19:07.010 [info] > git status -z -uall [46ms]
2025-01-10 13:19:11.140 [info] > git check-ignore -v -z --stdin [16ms]
2025-01-10 13:19:12.033 [info] > git config --get commit.template [4ms]
2025-01-10 13:19:12.034 [info] > git for-each-ref --format=%(refname)%00%(upstream:short)%00%(objectname)%00%(upstream:track)%00%(upstream:remotename)%00%(upstream:remoteref) refs/heads/main refs/remotes/main [1ms]
2025-01-10 13:19:12.044 [info] > git for-each-ref --sort -committerdate --format %(refname) %(objectname) %(*objectname) [1ms]
2025-01-10 13:19:12.076 [info] > git status -z -uall [37ms]
2025-01-10 13:19:14.560 [info] > git log --format=%H%n%aN%n%aE%n%at%n%ct%n%P%n%D%n%B -z --shortstat --diff-merges=first-parent -n50 --skip=0 --topo-order --decorate=full --stdin [3960ms]
