2025-01-14 15:35:51.978 [info] [main] 로그 수준: Info
2025-01-14 15:35:51.978 [info] [main] "git"에서 찾은 git 유효성을 검사하는 중
2025-01-14 15:35:51.978 [info] [main] "2.43.0"에서 git "git"을(를) 사용하는 중
2025-01-14 15:35:51.978 [info] [Model][doInitialScan] Initial repository scan started
2025-01-14 15:35:51.978 [info] > git rev-parse --show-toplevel [3ms]
2025-01-14 15:35:51.978 [info] > git rev-parse --git-dir --git-common-dir [3ms]
2025-01-14 15:35:51.978 [info] [Model][openRepository] Opened repository: /home/uys_1705817
2025-01-14 15:35:51.985 [info] > git rev-parse --show-toplevel [15ms]
2025-01-14 15:35:51.986 [info] > git config --get commit.template [20ms]
2025-01-14 15:35:51.999 [info] > git rev-parse --show-toplevel [6ms]
2025-01-14 15:35:52.000 [info] > git for-each-ref --format=%(refname)%00%(upstream:short)%00%(objectname)%00%(upstream:track)%00%(upstream:remotename)%00%(upstream:remoteref) refs/heads/main refs/remotes/main [2ms]
2025-01-14 15:35:52.017 [info] > git rev-parse --show-toplevel [13ms]
2025-01-14 15:35:52.023 [info] > git for-each-ref --sort -committerdate --format %(refname) %(objectname) %(*objectname) [7ms]
2025-01-14 15:35:52.025 [info] > git rev-parse --show-toplevel [2ms]
2025-01-14 15:35:52.035 [info] > git rev-parse --show-toplevel [7ms]
2025-01-14 15:35:52.041 [info] > git rev-parse --show-toplevel [1ms]
2025-01-14 15:35:52.048 [info] > git rev-parse --show-toplevel [2ms]
2025-01-14 15:35:52.056 [info] > git rev-parse --show-toplevel [3ms]
2025-01-14 15:35:52.063 [info] > git rev-parse --show-toplevel [3ms]
2025-01-14 15:35:52.069 [info] > git rev-parse --show-toplevel [1ms]
2025-01-14 15:35:52.076 [info] > git rev-parse --show-toplevel [2ms]
2025-01-14 15:35:52.077 [info] [Model][doInitialScan] Initial repository scan completed - repositories (1), closed repositories (0), parent repositories (0), unsafe repositories (0)
2025-01-14 15:35:52.078 [info] > git status -z -uall [68ms]
2025-01-14 15:35:52.116 [info] > git for-each-ref --format=%(refname)%00%(upstream:short)%00%(objectname)%00%(upstream:track)%00%(upstream:remotename)%00%(upstream:remoteref) refs/heads/main refs/remotes/main [9ms]
2025-01-14 15:35:52.123 [info] > git config --get commit.template [7ms]
2025-01-14 15:35:52.123 [info] > git config --local branch.main.vscode-merge-base [1ms]
2025-01-14 15:35:52.123 [warning] [Git][config] git config failed: Failed to execute git
2025-01-14 15:35:52.134 [info] > git reflog main --grep-reflog=branch: Created from *. [6ms]
2025-01-14 15:35:52.140 [info] > git for-each-ref --format=%(refname)%00%(upstream:short)%00%(objectname)%00%(upstream:track)%00%(upstream:remotename)%00%(upstream:remoteref) refs/heads/main refs/remotes/main [6ms]
2025-01-14 15:35:52.143 [info] > git symbolic-ref --short refs/remotes/origin/HEAD [4ms]
2025-01-14 15:35:52.143 [info] fatal: ref refs/remotes/origin/HEAD is not a symbolic ref
2025-01-14 15:35:52.143 [warning] [Repository][getDefaultBranch] Failed to get default branch details: Failed to execute git.
2025-01-14 15:35:52.154 [info] > git merge-base refs/heads/main refs/remotes/origin/main [6ms]
2025-01-14 15:35:52.168 [info] > git diff --name-status -z --diff-filter=ADMR 763707af3af88da73075e5f82ec2f0d62dcb9b2a...refs/remotes/origin/main [9ms]
2025-01-14 15:35:52.169 [info] > git for-each-ref --sort -committerdate --format %(refname) %(objectname) %(*objectname) [1ms]
2025-01-14 15:35:52.353 [info] > git status -z -uall [189ms]
2025-01-14 15:35:52.601 [info] > git show --textconv :webProj/app.py [46ms]
2025-01-14 15:35:52.602 [info] > git fetch [641ms]
2025-01-14 15:35:52.613 [info] > git ls-files --stage -- /home/uys_1705817/webProj/app.py [53ms]
2025-01-14 15:35:52.618 [info] > git config --get commit.template [8ms]
2025-01-14 15:35:52.623 [info] > git check-ignore -v -z --stdin [17ms]
2025-01-14 15:35:52.624 [info] > git cat-file -s 0d7bc9e22f77a8eef6df06ea331479da9386a54c [7ms]
2025-01-14 15:35:52.624 [info] > git for-each-ref --format=%(refname)%00%(upstream:short)%00%(objectname)%00%(upstream:track)%00%(upstream:remotename)%00%(upstream:remoteref) refs/heads/main refs/remotes/main [2ms]
2025-01-14 15:35:52.633 [info] > git for-each-ref --sort -committerdate --format %(refname) %(objectname) %(*objectname) [1ms]
2025-01-14 15:35:52.676 [info] > git status -z -uall [47ms]
2025-01-14 15:35:52.731 [info] > git blame --root --incremental 763707af3af88da73075e5f82ec2f0d62dcb9b2a -- /home/uys_1705817/webProj/app.py [5ms]
2025-01-14 15:35:53.909 [info] > git ls-files --stage -- /home/uys_1705817/webProj/app.py [5ms]
2025-01-14 15:35:53.916 [info] > git cat-file -s 0d7bc9e22f77a8eef6df06ea331479da9386a54c [1ms]
2025-01-14 15:35:54.018 [info] > git show --textconv :webProj/app.py [5ms]
2025-01-14 15:35:57.999 [info] > git config --get commit.template [1ms]
2025-01-14 15:35:58.005 [info] > git for-each-ref --format=%(refname)%00%(upstream:short)%00%(objectname)%00%(upstream:track)%00%(upstream:remotename)%00%(upstream:remoteref) refs/heads/main refs/remotes/main [1ms]
2025-01-14 15:35:58.019 [info] > git for-each-ref --sort -committerdate --format %(refname) %(objectname) %(*objectname) [2ms]
2025-01-14 15:35:58.069 [info] > git status -z -uall [58ms]
2025-01-14 15:36:03.099 [info] > git config --get commit.template [7ms]
2025-01-14 15:36:03.100 [info] > git for-each-ref --format=%(refname)%00%(upstream:short)%00%(objectname)%00%(upstream:track)%00%(upstream:remotename)%00%(upstream:remoteref) refs/heads/main refs/remotes/main [1ms]
2025-01-14 15:36:03.113 [info] > git for-each-ref --sort -committerdate --format %(refname) %(objectname) %(*objectname) [2ms]
2025-01-14 15:36:03.165 [info] > git status -z -uall [59ms]
2025-01-14 15:36:08.195 [info] > git config --get commit.template [5ms]
2025-01-14 15:36:08.196 [info] > git for-each-ref --format=%(refname)%00%(upstream:short)%00%(objectname)%00%(upstream:track)%00%(upstream:remotename)%00%(upstream:remoteref) refs/heads/main refs/remotes/main [1ms]
2025-01-14 15:36:08.210 [info] > git for-each-ref --sort -committerdate --format %(refname) %(objectname) %(*objectname) [2ms]
2025-01-14 15:36:08.263 [info] > git status -z -uall [61ms]
2025-01-14 15:36:13.295 [info] > git config --get commit.template [7ms]
2025-01-14 15:36:13.295 [info] > git for-each-ref --format=%(refname)%00%(upstream:short)%00%(objectname)%00%(upstream:track)%00%(upstream:remotename)%00%(upstream:remoteref) refs/heads/main refs/remotes/main [1ms]
2025-01-14 15:36:13.308 [info] > git for-each-ref --sort -committerdate --format %(refname) %(objectname) %(*objectname) [1ms]
2025-01-14 15:36:13.359 [info] > git status -z -uall [58ms]
2025-01-14 15:36:20.006 [info] > git config --get commit.template [1ms]
2025-01-14 15:36:20.014 [info] > git for-each-ref --format=%(refname)%00%(upstream:short)%00%(objectname)%00%(upstream:track)%00%(upstream:remotename)%00%(upstream:remoteref) refs/heads/main refs/remotes/main [1ms]
2025-01-14 15:36:20.028 [info] > git for-each-ref --sort -committerdate --format %(refname) %(objectname) %(*objectname) [3ms]
2025-01-14 15:36:20.078 [info] > git status -z -uall [58ms]
2025-01-14 15:36:25.110 [info] > git config --get commit.template [6ms]
2025-01-14 15:36:25.111 [info] > git for-each-ref --format=%(refname)%00%(upstream:short)%00%(objectname)%00%(upstream:track)%00%(upstream:remotename)%00%(upstream:remoteref) refs/heads/main refs/remotes/main [1ms]
2025-01-14 15:36:25.126 [info] > git for-each-ref --sort -committerdate --format %(refname) %(objectname) %(*objectname) [3ms]
2025-01-14 15:36:25.176 [info] > git status -z -uall [59ms]
2025-01-14 15:36:30.209 [info] > git config --get commit.template [7ms]
2025-01-14 15:36:30.209 [info] > git for-each-ref --format=%(refname)%00%(upstream:short)%00%(objectname)%00%(upstream:track)%00%(upstream:remotename)%00%(upstream:remoteref) refs/heads/main refs/remotes/main [1ms]
2025-01-14 15:36:30.222 [info] > git for-each-ref --sort -committerdate --format %(refname) %(objectname) %(*objectname) [1ms]
2025-01-14 15:36:30.275 [info] > git status -z -uall [60ms]
2025-01-14 15:36:35.302 [info] > git config --get commit.template [1ms]
2025-01-14 15:36:35.310 [info] > git for-each-ref --format=%(refname)%00%(upstream:short)%00%(objectname)%00%(upstream:track)%00%(upstream:remotename)%00%(upstream:remoteref) refs/heads/main refs/remotes/main [3ms]
2025-01-14 15:36:35.326 [info] > git for-each-ref --sort -committerdate --format %(refname) %(objectname) %(*objectname) [3ms]
2025-01-14 15:36:35.377 [info] > git status -z -uall [60ms]
2025-01-14 15:36:40.411 [info] > git config --get commit.template [7ms]
2025-01-14 15:36:40.411 [info] > git for-each-ref --format=%(refname)%00%(upstream:short)%00%(objectname)%00%(upstream:track)%00%(upstream:remotename)%00%(upstream:remoteref) refs/heads/main refs/remotes/main [1ms]
2025-01-14 15:36:40.425 [info] > git for-each-ref --sort -committerdate --format %(refname) %(objectname) %(*objectname) [2ms]
2025-01-14 15:36:40.475 [info] > git status -z -uall [58ms]
2025-01-14 15:36:45.507 [info] > git config --get commit.template [7ms]
2025-01-14 15:36:45.508 [info] > git for-each-ref --format=%(refname)%00%(upstream:short)%00%(objectname)%00%(upstream:track)%00%(upstream:remotename)%00%(upstream:remoteref) refs/heads/main refs/remotes/main [0ms]
2025-01-14 15:36:45.524 [info] > git for-each-ref --sort -committerdate --format %(refname) %(objectname) %(*objectname) [3ms]
2025-01-14 15:36:45.576 [info] > git status -z -uall [62ms]
2025-01-14 15:36:50.611 [info] > git config --get commit.template [7ms]
2025-01-14 15:36:50.611 [info] > git for-each-ref --format=%(refname)%00%(upstream:short)%00%(objectname)%00%(upstream:track)%00%(upstream:remotename)%00%(upstream:remoteref) refs/heads/main refs/remotes/main [1ms]
2025-01-14 15:36:50.625 [info] > git for-each-ref --sort -committerdate --format %(refname) %(objectname) %(*objectname) [1ms]
2025-01-14 15:36:50.678 [info] > git status -z -uall [60ms]
2025-01-14 15:36:55.710 [info] > git config --get commit.template [7ms]
2025-01-14 15:36:55.711 [info] > git for-each-ref --format=%(refname)%00%(upstream:short)%00%(objectname)%00%(upstream:track)%00%(upstream:remotename)%00%(upstream:remoteref) refs/heads/main refs/remotes/main [2ms]
2025-01-14 15:36:55.726 [info] > git for-each-ref --sort -committerdate --format %(refname) %(objectname) %(*objectname) [2ms]
2025-01-14 15:36:55.779 [info] > git status -z -uall [61ms]
2025-01-14 15:37:00.811 [info] > git config --get commit.template [7ms]
2025-01-14 15:37:00.812 [info] > git for-each-ref --format=%(refname)%00%(upstream:short)%00%(objectname)%00%(upstream:track)%00%(upstream:remotename)%00%(upstream:remoteref) refs/heads/main refs/remotes/main [1ms]
2025-01-14 15:37:00.826 [info] > git for-each-ref --sort -committerdate --format %(refname) %(objectname) %(*objectname) [2ms]
2025-01-14 15:37:00.878 [info] > git status -z -uall [60ms]
2025-01-14 15:37:05.902 [info] > git config --get commit.template [1ms]
2025-01-14 15:37:05.908 [info] > git for-each-ref --format=%(refname)%00%(upstream:short)%00%(objectname)%00%(upstream:track)%00%(upstream:remotename)%00%(upstream:remoteref) refs/heads/main refs/remotes/main [1ms]
2025-01-14 15:37:05.924 [info] > git for-each-ref --sort -committerdate --format %(refname) %(objectname) %(*objectname) [2ms]
2025-01-14 15:37:05.974 [info] > git status -z -uall [58ms]
2025-01-14 15:37:11.005 [info] > git config --get commit.template [8ms]
2025-01-14 15:37:11.006 [info] > git for-each-ref --format=%(refname)%00%(upstream:short)%00%(objectname)%00%(upstream:track)%00%(upstream:remotename)%00%(upstream:remoteref) refs/heads/main refs/remotes/main [1ms]
2025-01-14 15:37:11.022 [info] > git for-each-ref --sort -committerdate --format %(refname) %(objectname) %(*objectname) [3ms]
2025-01-14 15:37:11.073 [info] > git status -z -uall [60ms]
2025-01-14 15:37:16.104 [info] > git config --get commit.template [6ms]
2025-01-14 15:37:16.104 [info] > git for-each-ref --format=%(refname)%00%(upstream:short)%00%(objectname)%00%(upstream:track)%00%(upstream:remotename)%00%(upstream:remoteref) refs/heads/main refs/remotes/main [1ms]
2025-01-14 15:37:16.118 [info] > git for-each-ref --sort -committerdate --format %(refname) %(objectname) %(*objectname) [2ms]
2025-01-14 15:37:16.170 [info] > git status -z -uall [59ms]
2025-01-14 15:37:21.203 [info] > git config --get commit.template [6ms]
2025-01-14 15:37:21.204 [info] > git for-each-ref --format=%(refname)%00%(upstream:short)%00%(objectname)%00%(upstream:track)%00%(upstream:remotename)%00%(upstream:remoteref) refs/heads/main refs/remotes/main [1ms]
2025-01-14 15:37:21.218 [info] > git for-each-ref --sort -committerdate --format %(refname) %(objectname) %(*objectname) [2ms]
2025-01-14 15:37:21.267 [info] > git status -z -uall [57ms]
2025-01-14 15:37:26.298 [info] > git config --get commit.template [7ms]
2025-01-14 15:37:26.298 [info] > git for-each-ref --format=%(refname)%00%(upstream:short)%00%(objectname)%00%(upstream:track)%00%(upstream:remotename)%00%(upstream:remoteref) refs/heads/main refs/remotes/main [1ms]
2025-01-14 15:37:26.313 [info] > git for-each-ref --sort -committerdate --format %(refname) %(objectname) %(*objectname) [2ms]
2025-01-14 15:37:26.362 [info] > git status -z -uall [57ms]
2025-01-14 15:37:31.392 [info] > git config --get commit.template [7ms]
2025-01-14 15:37:31.393 [info] > git for-each-ref --format=%(refname)%00%(upstream:short)%00%(objectname)%00%(upstream:track)%00%(upstream:remotename)%00%(upstream:remoteref) refs/heads/main refs/remotes/main [1ms]
2025-01-14 15:37:31.406 [info] > git for-each-ref --sort -committerdate --format %(refname) %(objectname) %(*objectname) [2ms]
2025-01-14 15:37:31.457 [info] > git status -z -uall [58ms]
2025-01-14 15:37:37.018 [info] > git config --get commit.template [8ms]
2025-01-14 15:37:37.018 [info] > git for-each-ref --format=%(refname)%00%(upstream:short)%00%(objectname)%00%(upstream:track)%00%(upstream:remotename)%00%(upstream:remoteref) refs/heads/main refs/remotes/main [1ms]
2025-01-14 15:37:37.033 [info] > git for-each-ref --sort -committerdate --format %(refname) %(objectname) %(*objectname) [2ms]
2025-01-14 15:37:37.087 [info] > git status -z -uall [63ms]
2025-01-14 15:37:42.117 [info] > git config --get commit.template [1ms]
2025-01-14 15:37:42.124 [info] > git for-each-ref --format=%(refname)%00%(upstream:short)%00%(objectname)%00%(upstream:track)%00%(upstream:remotename)%00%(upstream:remoteref) refs/heads/main refs/remotes/main [1ms]
2025-01-14 15:37:42.138 [info] > git for-each-ref --sort -committerdate --format %(refname) %(objectname) %(*objectname) [1ms]
2025-01-14 15:37:42.193 [info] > git status -z -uall [62ms]
2025-01-14 15:37:47.220 [info] > git config --get commit.template [1ms]
2025-01-14 15:37:47.226 [info] > git for-each-ref --format=%(refname)%00%(upstream:short)%00%(objectname)%00%(upstream:track)%00%(upstream:remotename)%00%(upstream:remoteref) refs/heads/main refs/remotes/main [1ms]
2025-01-14 15:37:47.241 [info] > git for-each-ref --sort -committerdate --format %(refname) %(objectname) %(*objectname) [3ms]
2025-01-14 15:37:47.292 [info] > git status -z -uall [60ms]
2025-01-14 15:37:52.321 [info] > git config --get commit.template [6ms]
2025-01-14 15:37:52.323 [info] > git for-each-ref --format=%(refname)%00%(upstream:short)%00%(objectname)%00%(upstream:track)%00%(upstream:remotename)%00%(upstream:remoteref) refs/heads/main refs/remotes/main [2ms]
2025-01-14 15:37:52.337 [info] > git for-each-ref --sort -committerdate --format %(refname) %(objectname) %(*objectname) [1ms]
2025-01-14 15:37:52.389 [info] > git status -z -uall [60ms]
2025-01-14 15:37:57.423 [info] > git config --get commit.template [6ms]
2025-01-14 15:37:57.423 [info] > git for-each-ref --format=%(refname)%00%(upstream:short)%00%(objectname)%00%(upstream:track)%00%(upstream:remotename)%00%(upstream:remoteref) refs/heads/main refs/remotes/main [1ms]
2025-01-14 15:37:57.435 [info] > git for-each-ref --sort -committerdate --format %(refname) %(objectname) %(*objectname) [1ms]
2025-01-14 15:37:57.485 [info] > git status -z -uall [57ms]
2025-01-14 15:38:02.518 [info] > git config --get commit.template [8ms]
2025-01-14 15:38:02.519 [info] > git for-each-ref --format=%(refname)%00%(upstream:short)%00%(objectname)%00%(upstream:track)%00%(upstream:remotename)%00%(upstream:remoteref) refs/heads/main refs/remotes/main [1ms]
2025-01-14 15:38:02.531 [info] > git for-each-ref --sort -committerdate --format %(refname) %(objectname) %(*objectname) [1ms]
2025-01-14 15:38:02.580 [info] > git status -z -uall [56ms]
2025-01-14 15:38:07.614 [info] > git config --get commit.template [6ms]
2025-01-14 15:38:07.615 [info] > git for-each-ref --format=%(refname)%00%(upstream:short)%00%(objectname)%00%(upstream:track)%00%(upstream:remotename)%00%(upstream:remoteref) refs/heads/main refs/remotes/main [1ms]
2025-01-14 15:38:07.628 [info] > git for-each-ref --sort -committerdate --format %(refname) %(objectname) %(*objectname) [1ms]
2025-01-14 15:38:07.683 [info] > git status -z -uall [62ms]
2025-01-14 15:38:12.714 [info] > git config --get commit.template [7ms]
2025-01-14 15:38:12.715 [info] > git for-each-ref --format=%(refname)%00%(upstream:short)%00%(objectname)%00%(upstream:track)%00%(upstream:remotename)%00%(upstream:remoteref) refs/heads/main refs/remotes/main [2ms]
2025-01-14 15:38:12.730 [info] > git for-each-ref --sort -committerdate --format %(refname) %(objectname) %(*objectname) [2ms]
2025-01-14 15:38:12.782 [info] > git status -z -uall [60ms]
2025-01-14 15:38:17.816 [info] > git config --get commit.template [7ms]
2025-01-14 15:38:17.816 [info] > git for-each-ref --format=%(refname)%00%(upstream:short)%00%(objectname)%00%(upstream:track)%00%(upstream:remotename)%00%(upstream:remoteref) refs/heads/main refs/remotes/main [0ms]
2025-01-14 15:38:17.830 [info] > git for-each-ref --sort -committerdate --format %(refname) %(objectname) %(*objectname) [2ms]
2025-01-14 15:38:17.882 [info] > git status -z -uall [59ms]
2025-01-14 15:38:22.910 [info] > git config --get commit.template [6ms]
2025-01-14 15:38:22.912 [info] > git for-each-ref --format=%(refname)%00%(upstream:short)%00%(objectname)%00%(upstream:track)%00%(upstream:remotename)%00%(upstream:remoteref) refs/heads/main refs/remotes/main [2ms]
2025-01-14 15:38:22.925 [info] > git for-each-ref --sort -committerdate --format %(refname) %(objectname) %(*objectname) [2ms]
2025-01-14 15:38:22.979 [info] > git status -z -uall [61ms]
2025-01-14 15:38:28.014 [info] > git config --get commit.template [7ms]
2025-01-14 15:38:28.014 [info] > git for-each-ref --format=%(refname)%00%(upstream:short)%00%(objectname)%00%(upstream:track)%00%(upstream:remotename)%00%(upstream:remoteref) refs/heads/main refs/remotes/main [1ms]
2025-01-14 15:38:28.028 [info] > git for-each-ref --sort -committerdate --format %(refname) %(objectname) %(*objectname) [2ms]
2025-01-14 15:38:28.080 [info] > git status -z -uall [60ms]
2025-01-14 15:38:33.110 [info] > git config --get commit.template [7ms]
2025-01-14 15:38:33.110 [info] > git for-each-ref --format=%(refname)%00%(upstream:short)%00%(objectname)%00%(upstream:track)%00%(upstream:remotename)%00%(upstream:remoteref) refs/heads/main refs/remotes/main [1ms]
2025-01-14 15:38:33.124 [info] > git for-each-ref --sort -committerdate --format %(refname) %(objectname) %(*objectname) [2ms]
2025-01-14 15:38:33.177 [info] > git status -z -uall [60ms]
2025-01-14 15:38:38.209 [info] > git config --get commit.template [6ms]
2025-01-14 15:38:38.210 [info] > git for-each-ref --format=%(refname)%00%(upstream:short)%00%(objectname)%00%(upstream:track)%00%(upstream:remotename)%00%(upstream:remoteref) refs/heads/main refs/remotes/main [1ms]
2025-01-14 15:38:38.224 [info] > git for-each-ref --sort -committerdate --format %(refname) %(objectname) %(*objectname) [3ms]
2025-01-14 15:38:38.274 [info] > git status -z -uall [57ms]
2025-01-14 15:38:43.297 [info] > git config --get commit.template [1ms]
2025-01-14 15:38:43.304 [info] > git for-each-ref --format=%(refname)%00%(upstream:short)%00%(objectname)%00%(upstream:track)%00%(upstream:remotename)%00%(upstream:remoteref) refs/heads/main refs/remotes/main [1ms]
2025-01-14 15:38:43.318 [info] > git for-each-ref --sort -committerdate --format %(refname) %(objectname) %(*objectname) [1ms]
2025-01-14 15:38:43.369 [info] > git status -z -uall [59ms]
2025-01-14 15:39:36.822 [info] > git config --get commit.template [7ms]
2025-01-14 15:39:36.823 [info] > git for-each-ref --format=%(refname)%00%(upstream:short)%00%(objectname)%00%(upstream:track)%00%(upstream:remotename)%00%(upstream:remoteref) refs/heads/main refs/remotes/main [2ms]
2025-01-14 15:39:36.839 [info] > git for-each-ref --sort -committerdate --format %(refname) %(objectname) %(*objectname) [3ms]
2025-01-14 15:39:36.889 [info] > git status -z -uall [60ms]
2025-01-14 15:39:37.387 [info] > git fetch [577ms]
2025-01-14 15:39:37.400 [info] > git config --get commit.template [5ms]
2025-01-14 15:39:37.401 [info] > git for-each-ref --format=%(refname)%00%(upstream:short)%00%(objectname)%00%(upstream:track)%00%(upstream:remotename)%00%(upstream:remoteref) refs/heads/main refs/remotes/main [1ms]
2025-01-14 15:39:37.416 [info] > git for-each-ref --sort -committerdate --format %(refname) %(objectname) %(*objectname) [3ms]
2025-01-14 15:39:37.465 [info] > git status -z -uall [58ms]
2025-01-14 15:39:38.823 [info] > git ls-files --stage -- /home/uys_1705817/webProj/app.py [5ms]
2025-01-14 15:39:38.828 [info] > git cat-file -s 0d7bc9e22f77a8eef6df06ea331479da9386a54c [1ms]
2025-01-14 15:39:38.930 [info] > git show --textconv :webProj/app.py [4ms]
2025-01-14 15:39:41.923 [info] > git config --get commit.template [1ms]
2025-01-14 15:39:41.930 [info] > git for-each-ref --format=%(refname)%00%(upstream:short)%00%(objectname)%00%(upstream:track)%00%(upstream:remotename)%00%(upstream:remoteref) refs/heads/main refs/remotes/main [2ms]
2025-01-14 15:39:41.943 [info] > git for-each-ref --sort -committerdate --format %(refname) %(objectname) %(*objectname) [1ms]
2025-01-14 15:39:41.997 [info] > git status -z -uall [60ms]
2025-01-14 15:39:47.028 [info] > git config --get commit.template [8ms]
2025-01-14 15:39:47.029 [info] > git for-each-ref --format=%(refname)%00%(upstream:short)%00%(objectname)%00%(upstream:track)%00%(upstream:remotename)%00%(upstream:remoteref) refs/heads/main refs/remotes/main [1ms]
2025-01-14 15:39:47.043 [info] > git for-each-ref --sort -committerdate --format %(refname) %(objectname) %(*objectname) [2ms]
2025-01-14 15:39:47.094 [info] > git status -z -uall [58ms]
2025-01-14 15:39:52.124 [info] > git config --get commit.template [7ms]
2025-01-14 15:39:52.125 [info] > git for-each-ref --format=%(refname)%00%(upstream:short)%00%(objectname)%00%(upstream:track)%00%(upstream:remotename)%00%(upstream:remoteref) refs/heads/main refs/remotes/main [1ms]
2025-01-14 15:39:52.139 [info] > git for-each-ref --sort -committerdate --format %(refname) %(objectname) %(*objectname) [2ms]
2025-01-14 15:39:52.190 [info] > git status -z -uall [59ms]
2025-01-14 15:39:57.220 [info] > git config --get commit.template [7ms]
2025-01-14 15:39:57.220 [info] > git for-each-ref --format=%(refname)%00%(upstream:short)%00%(objectname)%00%(upstream:track)%00%(upstream:remotename)%00%(upstream:remoteref) refs/heads/main refs/remotes/main [1ms]
2025-01-14 15:39:57.234 [info] > git for-each-ref --sort -committerdate --format %(refname) %(objectname) %(*objectname) [1ms]
2025-01-14 15:39:57.287 [info] > git status -z -uall [60ms]
2025-01-14 15:40:02.322 [info] > git config --get commit.template [7ms]
2025-01-14 15:40:02.322 [info] > git for-each-ref --format=%(refname)%00%(upstream:short)%00%(objectname)%00%(upstream:track)%00%(upstream:remotename)%00%(upstream:remoteref) refs/heads/main refs/remotes/main [1ms]
2025-01-14 15:40:02.335 [info] > git for-each-ref --sort -committerdate --format %(refname) %(objectname) %(*objectname) [1ms]
2025-01-14 15:40:02.388 [info] > git status -z -uall [59ms]
2025-01-14 15:40:07.419 [info] > git config --get commit.template [7ms]
2025-01-14 15:40:07.420 [info] > git for-each-ref --format=%(refname)%00%(upstream:short)%00%(objectname)%00%(upstream:track)%00%(upstream:remotename)%00%(upstream:remoteref) refs/heads/main refs/remotes/main [2ms]
2025-01-14 15:40:07.433 [info] > git for-each-ref --sort -committerdate --format %(refname) %(objectname) %(*objectname) [2ms]
2025-01-14 15:40:07.484 [info] > git status -z -uall [58ms]
2025-01-14 15:40:12.516 [info] > git config --get commit.template [8ms]
2025-01-14 15:40:12.516 [info] > git for-each-ref --format=%(refname)%00%(upstream:short)%00%(objectname)%00%(upstream:track)%00%(upstream:remotename)%00%(upstream:remoteref) refs/heads/main refs/remotes/main [1ms]
2025-01-14 15:40:12.530 [info] > git for-each-ref --sort -committerdate --format %(refname) %(objectname) %(*objectname) [2ms]
2025-01-14 15:40:12.582 [info] > git status -z -uall [59ms]
2025-01-14 15:40:17.616 [info] > git config --get commit.template [7ms]
2025-01-14 15:40:17.617 [info] > git for-each-ref --format=%(refname)%00%(upstream:short)%00%(objectname)%00%(upstream:track)%00%(upstream:remotename)%00%(upstream:remoteref) refs/heads/main refs/remotes/main [1ms]
2025-01-14 15:40:17.630 [info] > git for-each-ref --sort -committerdate --format %(refname) %(objectname) %(*objectname) [1ms]
2025-01-14 15:40:17.683 [info] > git status -z -uall [60ms]
2025-01-14 15:40:22.718 [info] > git config --get commit.template [7ms]
2025-01-14 15:40:22.720 [info] > git for-each-ref --format=%(refname)%00%(upstream:short)%00%(objectname)%00%(upstream:track)%00%(upstream:remotename)%00%(upstream:remoteref) refs/heads/main refs/remotes/main [2ms]
2025-01-14 15:40:22.734 [info] > git for-each-ref --sort -committerdate --format %(refname) %(objectname) %(*objectname) [2ms]
2025-01-14 15:40:22.787 [info] > git status -z -uall [61ms]
2025-01-14 15:40:27.818 [info] > git config --get commit.template [7ms]
2025-01-14 15:40:27.820 [info] > git for-each-ref --format=%(refname)%00%(upstream:short)%00%(objectname)%00%(upstream:track)%00%(upstream:remotename)%00%(upstream:remoteref) refs/heads/main refs/remotes/main [3ms]
2025-01-14 15:40:27.833 [info] > git for-each-ref --sort -committerdate --format %(refname) %(objectname) %(*objectname) [2ms]
2025-01-14 15:40:27.882 [info] > git status -z -uall [57ms]
2025-01-14 15:40:32.911 [info] > git config --get commit.template [0ms]
2025-01-14 15:40:32.917 [info] > git for-each-ref --format=%(refname)%00%(upstream:short)%00%(objectname)%00%(upstream:track)%00%(upstream:remotename)%00%(upstream:remoteref) refs/heads/main refs/remotes/main [1ms]
2025-01-14 15:40:32.932 [info] > git for-each-ref --sort -committerdate --format %(refname) %(objectname) %(*objectname) [3ms]
2025-01-14 15:40:32.982 [info] > git status -z -uall [59ms]
2025-01-14 15:40:38.008 [info] > git config --get commit.template [1ms]
2025-01-14 15:40:38.015 [info] > git for-each-ref --format=%(refname)%00%(upstream:short)%00%(objectname)%00%(upstream:track)%00%(upstream:remotename)%00%(upstream:remoteref) refs/heads/main refs/remotes/main [1ms]
2025-01-14 15:40:38.026 [info] > git for-each-ref --sort -committerdate --format %(refname) %(objectname) %(*objectname) [1ms]
2025-01-14 15:40:38.079 [info] > git status -z -uall [59ms]
2025-01-14 15:40:43.111 [info] > git config --get commit.template [7ms]
2025-01-14 15:40:43.112 [info] > git for-each-ref --format=%(refname)%00%(upstream:short)%00%(objectname)%00%(upstream:track)%00%(upstream:remotename)%00%(upstream:remoteref) refs/heads/main refs/remotes/main [1ms]
2025-01-14 15:40:43.124 [info] > git for-each-ref --sort -committerdate --format %(refname) %(objectname) %(*objectname) [2ms]
2025-01-14 15:40:43.176 [info] > git status -z -uall [58ms]
2025-01-14 15:40:48.202 [info] > git config --get commit.template [5ms]
2025-01-14 15:40:48.203 [info] > git for-each-ref --format=%(refname)%00%(upstream:short)%00%(objectname)%00%(upstream:track)%00%(upstream:remotename)%00%(upstream:remoteref) refs/heads/main refs/remotes/main [1ms]
2025-01-14 15:40:48.216 [info] > git for-each-ref --sort -committerdate --format %(refname) %(objectname) %(*objectname) [2ms]
2025-01-14 15:40:48.267 [info] > git status -z -uall [58ms]
2025-01-14 15:42:11.217 [info] > git config --get commit.template [7ms]
2025-01-14 15:42:11.218 [info] > git for-each-ref --format=%(refname)%00%(upstream:short)%00%(objectname)%00%(upstream:track)%00%(upstream:remotename)%00%(upstream:remoteref) refs/heads/main refs/remotes/main [1ms]
2025-01-14 15:42:11.232 [info] > git for-each-ref --sort -committerdate --format %(refname) %(objectname) %(*objectname) [3ms]
2025-01-14 15:42:11.283 [info] > git status -z -uall [59ms]
2025-01-14 15:42:40.378 [info] > git config --get commit.template [7ms]
2025-01-14 15:42:40.379 [info] > git for-each-ref --format=%(refname)%00%(upstream:short)%00%(objectname)%00%(upstream:track)%00%(upstream:remotename)%00%(upstream:remoteref) refs/heads/main refs/remotes/main [2ms]
2025-01-14 15:42:40.393 [info] > git for-each-ref --sort -committerdate --format %(refname) %(objectname) %(*objectname) [2ms]
2025-01-14 15:42:40.446 [info] > git status -z -uall [60ms]
2025-01-14 15:42:40.972 [info] > git fetch [607ms]
2025-01-14 15:42:40.982 [info] > git config --get commit.template [0ms]
2025-01-14 15:42:40.988 [info] > git for-each-ref --format=%(refname)%00%(upstream:short)%00%(objectname)%00%(upstream:track)%00%(upstream:remotename)%00%(upstream:remoteref) refs/heads/main refs/remotes/main [1ms]
2025-01-14 15:42:41.001 [info] > git for-each-ref --sort -committerdate --format %(refname) %(objectname) %(*objectname) [1ms]
2025-01-14 15:42:41.055 [info] > git status -z -uall [61ms]
2025-01-14 15:43:26.806 [info] > git config --get commit.template [7ms]
2025-01-14 15:43:26.807 [info] > git for-each-ref --format=%(refname)%00%(upstream:short)%00%(objectname)%00%(upstream:track)%00%(upstream:remotename)%00%(upstream:remoteref) refs/heads/main refs/remotes/main [1ms]
2025-01-14 15:43:26.822 [info] > git for-each-ref --sort -committerdate --format %(refname) %(objectname) %(*objectname) [3ms]
2025-01-14 15:43:26.841 [info] > git ls-files --stage -- /home/uys_1705817/webProj/app.py [5ms]
2025-01-14 15:43:26.847 [info] > git cat-file -s 0d7bc9e22f77a8eef6df06ea331479da9386a54c [0ms]
2025-01-14 15:43:26.873 [info] > git status -z -uall [60ms]
2025-01-14 15:43:26.911 [info] > git show --textconv :webProj/app.py [5ms]
2025-01-14 15:43:31.909 [info] > git config --get commit.template [6ms]
2025-01-14 15:43:31.909 [info] > git for-each-ref --format=%(refname)%00%(upstream:short)%00%(objectname)%00%(upstream:track)%00%(upstream:remotename)%00%(upstream:remoteref) refs/heads/main refs/remotes/main [1ms]
2025-01-14 15:43:31.924 [info] > git for-each-ref --sort -committerdate --format %(refname) %(objectname) %(*objectname) [2ms]
2025-01-14 15:43:31.976 [info] > git status -z -uall [60ms]
2025-01-14 15:43:37.009 [info] > git config --get commit.template [7ms]
2025-01-14 15:43:37.010 [info] > git for-each-ref --format=%(refname)%00%(upstream:short)%00%(objectname)%00%(upstream:track)%00%(upstream:remotename)%00%(upstream:remoteref) refs/heads/main refs/remotes/main [1ms]
2025-01-14 15:43:37.023 [info] > git for-each-ref --sort -committerdate --format %(refname) %(objectname) %(*objectname) [1ms]
2025-01-14 15:43:37.078 [info] > git status -z -uall [61ms]
2025-01-14 15:43:42.111 [info] > git config --get commit.template [7ms]
2025-01-14 15:43:42.112 [info] > git for-each-ref --format=%(refname)%00%(upstream:short)%00%(objectname)%00%(upstream:track)%00%(upstream:remotename)%00%(upstream:remoteref) refs/heads/main refs/remotes/main [2ms]
2025-01-14 15:43:42.127 [info] > git for-each-ref --sort -committerdate --format %(refname) %(objectname) %(*objectname) [3ms]
2025-01-14 15:43:42.178 [info] > git status -z -uall [60ms]
2025-01-14 15:43:47.208 [info] > git config --get commit.template [7ms]
2025-01-14 15:43:47.208 [info] > git for-each-ref --format=%(refname)%00%(upstream:short)%00%(objectname)%00%(upstream:track)%00%(upstream:remotename)%00%(upstream:remoteref) refs/heads/main refs/remotes/main [1ms]
2025-01-14 15:43:47.221 [info] > git for-each-ref --sort -committerdate --format %(refname) %(objectname) %(*objectname) [1ms]
2025-01-14 15:43:47.273 [info] > git status -z -uall [59ms]
2025-01-14 15:43:52.424 [info] > git config --get commit.template [7ms]
2025-01-14 15:43:52.425 [info] > git for-each-ref --format=%(refname)%00%(upstream:short)%00%(objectname)%00%(upstream:track)%00%(upstream:remotename)%00%(upstream:remoteref) refs/heads/main refs/remotes/main [1ms]
2025-01-14 15:43:52.438 [info] > git for-each-ref --sort -committerdate --format %(refname) %(objectname) %(*objectname) [2ms]
2025-01-14 15:43:52.492 [info] > git status -z -uall [61ms]
2025-01-14 15:43:57.521 [info] > git config --get commit.template [6ms]
2025-01-14 15:43:57.522 [info] > git for-each-ref --format=%(refname)%00%(upstream:short)%00%(objectname)%00%(upstream:track)%00%(upstream:remotename)%00%(upstream:remoteref) refs/heads/main refs/remotes/main [1ms]
2025-01-14 15:43:57.536 [info] > git for-each-ref --sort -committerdate --format %(refname) %(objectname) %(*objectname) [2ms]
2025-01-14 15:43:57.587 [info] > git status -z -uall [59ms]
2025-01-14 15:44:02.619 [info] > git config --get commit.template [7ms]
2025-01-14 15:44:02.619 [info] > git for-each-ref --format=%(refname)%00%(upstream:short)%00%(objectname)%00%(upstream:track)%00%(upstream:remotename)%00%(upstream:remoteref) refs/heads/main refs/remotes/main [1ms]
2025-01-14 15:44:02.633 [info] > git for-each-ref --sort -committerdate --format %(refname) %(objectname) %(*objectname) [2ms]
2025-01-14 15:44:02.684 [info] > git status -z -uall [58ms]
2025-01-14 15:44:07.715 [info] > git config --get commit.template [6ms]
2025-01-14 15:44:07.715 [info] > git for-each-ref --format=%(refname)%00%(upstream:short)%00%(objectname)%00%(upstream:track)%00%(upstream:remotename)%00%(upstream:remoteref) refs/heads/main refs/remotes/main [1ms]
2025-01-14 15:44:07.731 [info] > git for-each-ref --sort -committerdate --format %(refname) %(objectname) %(*objectname) [3ms]
2025-01-14 15:44:07.785 [info] > git status -z -uall [62ms]
2025-01-14 15:44:42.157 [info] > git config --get commit.template [2ms]
2025-01-14 15:44:42.164 [info] > git for-each-ref --format=%(refname)%00%(upstream:short)%00%(objectname)%00%(upstream:track)%00%(upstream:remotename)%00%(upstream:remoteref) refs/heads/main refs/remotes/main [2ms]
2025-01-14 15:44:42.179 [info] > git for-each-ref --sort -committerdate --format %(refname) %(objectname) %(*objectname) [2ms]
2025-01-14 15:44:42.232 [info] > git status -z -uall [62ms]
2025-01-14 15:44:47.272 [info] > git config --get commit.template [7ms]
2025-01-14 15:44:47.272 [info] > git for-each-ref --format=%(refname)%00%(upstream:short)%00%(objectname)%00%(upstream:track)%00%(upstream:remotename)%00%(upstream:remoteref) refs/heads/main refs/remotes/main [1ms]
2025-01-14 15:44:47.286 [info] > git for-each-ref --sort -committerdate --format %(refname) %(objectname) %(*objectname) [3ms]
2025-01-14 15:44:47.337 [info] > git status -z -uall [59ms]
2025-01-14 15:44:52.367 [info] > git config --get commit.template [5ms]
2025-01-14 15:44:52.368 [info] > git for-each-ref --format=%(refname)%00%(upstream:short)%00%(objectname)%00%(upstream:track)%00%(upstream:remotename)%00%(upstream:remoteref) refs/heads/main refs/remotes/main [1ms]
2025-01-14 15:44:52.381 [info] > git for-each-ref --sort -committerdate --format %(refname) %(objectname) %(*objectname) [1ms]
2025-01-14 15:44:52.432 [info] > git status -z -uall [58ms]
2025-01-14 15:45:00.163 [info] > git config --get commit.template [7ms]
2025-01-14 15:45:00.163 [info] > git for-each-ref --format=%(refname)%00%(upstream:short)%00%(objectname)%00%(upstream:track)%00%(upstream:remotename)%00%(upstream:remoteref) refs/heads/main refs/remotes/main [1ms]
2025-01-14 15:45:00.177 [info] > git for-each-ref --sort -committerdate --format %(refname) %(objectname) %(*objectname) [2ms]
2025-01-14 15:45:00.228 [info] > git status -z -uall [59ms]
2025-01-14 15:45:37.658 [info] > git check-ignore -v -z --stdin [8ms]
2025-01-14 15:45:43.526 [info] > git show --textconv :dockerProj/1.txt [7ms]
2025-01-14 15:45:43.531 [info] > git ls-files --stage -- /home/uys_1705817/dockerProj/1.txt [6ms]
2025-01-14 15:45:43.538 [info] > git cat-file -s 642c61d70dde7d5b1e7316fb41501d3063591dcc [0ms]
2025-01-14 15:45:51.267 [info] > git blame --root --incremental 763707af3af88da73075e5f82ec2f0d62dcb9b2a -- /home/uys_1705817/dockerProj/1.txt [2ms]
2025-01-14 15:46:49.986 [info] > git config --get commit.template [6ms]
2025-01-14 15:46:49.987 [info] > git for-each-ref --format=%(refname)%00%(upstream:short)%00%(objectname)%00%(upstream:track)%00%(upstream:remotename)%00%(upstream:remoteref) refs/heads/main refs/remotes/main [2ms]
2025-01-14 15:46:50.002 [info] > git for-each-ref --sort -committerdate --format %(refname) %(objectname) %(*objectname) [2ms]
2025-01-14 15:46:50.053 [info] > git status -z -uall [60ms]
2025-01-14 15:46:50.539 [info] > git fetch [566ms]
2025-01-14 15:46:50.554 [info] > git config --get commit.template [7ms]
2025-01-14 15:46:50.554 [info] > git for-each-ref --format=%(refname)%00%(upstream:short)%00%(objectname)%00%(upstream:track)%00%(upstream:remotename)%00%(upstream:remoteref) refs/heads/main refs/remotes/main [1ms]
2025-01-14 15:46:50.568 [info] > git for-each-ref --sort -committerdate --format %(refname) %(objectname) %(*objectname) [2ms]
2025-01-14 15:46:50.619 [info] > git status -z -uall [58ms]
2025-01-14 15:46:52.042 [info] > git ls-files --stage -- /home/uys_1705817/dockerProj/1.txt [5ms]
2025-01-14 15:46:52.049 [info] > git cat-file -s 642c61d70dde7d5b1e7316fb41501d3063591dcc [1ms]
2025-01-14 15:46:52.095 [info] > git show --textconv :dockerProj/1.txt [4ms]
2025-01-14 15:46:55.093 [info] > git config --get commit.template [7ms]
2025-01-14 15:46:55.094 [info] > git for-each-ref --format=%(refname)%00%(upstream:short)%00%(objectname)%00%(upstream:track)%00%(upstream:remotename)%00%(upstream:remoteref) refs/heads/main refs/remotes/main [1ms]
2025-01-14 15:46:55.107 [info] > git for-each-ref --sort -committerdate --format %(refname) %(objectname) %(*objectname) [2ms]
2025-01-14 15:46:55.160 [info] > git status -z -uall [60ms]
2025-01-14 15:47:00.194 [info] > git config --get commit.template [7ms]
2025-01-14 15:47:00.195 [info] > git for-each-ref --format=%(refname)%00%(upstream:short)%00%(objectname)%00%(upstream:track)%00%(upstream:remotename)%00%(upstream:remoteref) refs/heads/main refs/remotes/main [2ms]
2025-01-14 15:47:00.209 [info] > git for-each-ref --sort -committerdate --format %(refname) %(objectname) %(*objectname) [2ms]
2025-01-14 15:47:00.262 [info] > git status -z -uall [60ms]
2025-01-14 15:47:05.292 [info] > git config --get commit.template [6ms]
2025-01-14 15:47:05.293 [info] > git for-each-ref --format=%(refname)%00%(upstream:short)%00%(objectname)%00%(upstream:track)%00%(upstream:remotename)%00%(upstream:remoteref) refs/heads/main refs/remotes/main [1ms]
2025-01-14 15:47:05.306 [info] > git for-each-ref --sort -committerdate --format %(refname) %(objectname) %(*objectname) [2ms]
2025-01-14 15:47:05.357 [info] > git status -z -uall [58ms]
2025-01-14 15:47:10.388 [info] > git config --get commit.template [7ms]
2025-01-14 15:47:10.389 [info] > git for-each-ref --format=%(refname)%00%(upstream:short)%00%(objectname)%00%(upstream:track)%00%(upstream:remotename)%00%(upstream:remoteref) refs/heads/main refs/remotes/main [1ms]
2025-01-14 15:47:10.405 [info] > git for-each-ref --sort -committerdate --format %(refname) %(objectname) %(*objectname) [4ms]
2025-01-14 15:47:10.454 [info] > git status -z -uall [58ms]
2025-01-14 15:47:15.478 [info] > git config --get commit.template [0ms]
2025-01-14 15:47:15.485 [info] > git for-each-ref --format=%(refname)%00%(upstream:short)%00%(objectname)%00%(upstream:track)%00%(upstream:remotename)%00%(upstream:remoteref) refs/heads/main refs/remotes/main [1ms]
2025-01-14 15:47:15.500 [info] > git for-each-ref --sort -committerdate --format %(refname) %(objectname) %(*objectname) [2ms]
2025-01-14 15:47:15.551 [info] > git status -z -uall [59ms]
2025-01-14 15:47:20.575 [info] > git config --get commit.template [1ms]
2025-01-14 15:47:20.583 [info] > git for-each-ref --format=%(refname)%00%(upstream:short)%00%(objectname)%00%(upstream:track)%00%(upstream:remotename)%00%(upstream:remoteref) refs/heads/main refs/remotes/main [2ms]
2025-01-14 15:47:20.596 [info] > git for-each-ref --sort -committerdate --format %(refname) %(objectname) %(*objectname) [1ms]
2025-01-14 15:47:20.648 [info] > git status -z -uall [59ms]
2025-01-14 15:47:27.334 [info] > git config --get commit.template [8ms]
2025-01-14 15:47:27.334 [info] > git for-each-ref --format=%(refname)%00%(upstream:short)%00%(objectname)%00%(upstream:track)%00%(upstream:remotename)%00%(upstream:remoteref) refs/heads/main refs/remotes/main [1ms]
2025-01-14 15:47:27.349 [info] > git for-each-ref --sort -committerdate --format %(refname) %(objectname) %(*objectname) [3ms]
2025-01-14 15:47:27.402 [info] > git status -z -uall [61ms]
2025-01-14 15:47:34.389 [info] > git config --get commit.template [6ms]
2025-01-14 15:47:34.390 [info] > git for-each-ref --format=%(refname)%00%(upstream:short)%00%(objectname)%00%(upstream:track)%00%(upstream:remotename)%00%(upstream:remoteref) refs/heads/main refs/remotes/main [1ms]
2025-01-14 15:47:34.402 [info] > git for-each-ref --sort -committerdate --format %(refname) %(objectname) %(*objectname) [1ms]
2025-01-14 15:47:34.456 [info] > git status -z -uall [62ms]
2025-01-14 15:47:39.503 [info] > git config --get commit.template [3ms]
2025-01-14 15:47:39.511 [info] > git for-each-ref --format=%(refname)%00%(upstream:short)%00%(objectname)%00%(upstream:track)%00%(upstream:remotename)%00%(upstream:remoteref) refs/heads/main refs/remotes/main [2ms]
2025-01-14 15:47:39.528 [info] > git for-each-ref --sort -committerdate --format %(refname) %(objectname) %(*objectname) [3ms]
2025-01-14 15:47:39.581 [info] > git status -z -uall [63ms]
2025-01-14 15:47:44.615 [info] > git config --get commit.template [7ms]
2025-01-14 15:47:44.617 [info] > git for-each-ref --format=%(refname)%00%(upstream:short)%00%(objectname)%00%(upstream:track)%00%(upstream:remotename)%00%(upstream:remoteref) refs/heads/main refs/remotes/main [3ms]
2025-01-14 15:47:44.634 [info] > git for-each-ref --sort -committerdate --format %(refname) %(objectname) %(*objectname) [3ms]
2025-01-14 15:47:44.699 [info] > git status -z -uall [75ms]
2025-01-14 15:47:49.744 [info] > git config --get commit.template [10ms]
2025-01-14 15:47:49.747 [info] > git for-each-ref --format=%(refname)%00%(upstream:short)%00%(objectname)%00%(upstream:track)%00%(upstream:remotename)%00%(upstream:remoteref) refs/heads/main refs/remotes/main [4ms]
2025-01-14 15:47:49.763 [info] > git for-each-ref --sort -committerdate --format %(refname) %(objectname) %(*objectname) [3ms]
2025-01-14 15:47:49.829 [info] > git status -z -uall [76ms]
2025-01-14 15:47:54.863 [info] > git config --get commit.template [7ms]
2025-01-14 15:47:54.864 [info] > git for-each-ref --format=%(refname)%00%(upstream:short)%00%(objectname)%00%(upstream:track)%00%(upstream:remotename)%00%(upstream:remoteref) refs/heads/main refs/remotes/main [2ms]
2025-01-14 15:47:54.878 [info] > git for-each-ref --sort -committerdate --format %(refname) %(objectname) %(*objectname) [2ms]
2025-01-14 15:47:54.928 [info] > git status -z -uall [58ms]
2025-01-14 15:47:59.961 [info] > git config --get commit.template [6ms]
2025-01-14 15:47:59.962 [info] > git for-each-ref --format=%(refname)%00%(upstream:short)%00%(objectname)%00%(upstream:track)%00%(upstream:remotename)%00%(upstream:remoteref) refs/heads/main refs/remotes/main [1ms]
2025-01-14 15:47:59.976 [info] > git for-each-ref --sort -committerdate --format %(refname) %(objectname) %(*objectname) [2ms]
2025-01-14 15:48:00.028 [info] > git status -z -uall [59ms]
2025-01-14 15:48:05.059 [info] > git config --get commit.template [6ms]
2025-01-14 15:48:05.061 [info] > git for-each-ref --format=%(refname)%00%(upstream:short)%00%(objectname)%00%(upstream:track)%00%(upstream:remotename)%00%(upstream:remoteref) refs/heads/main refs/remotes/main [3ms]
2025-01-14 15:48:05.075 [info] > git for-each-ref --sort -committerdate --format %(refname) %(objectname) %(*objectname) [2ms]
2025-01-14 15:48:05.127 [info] > git status -z -uall [60ms]
2025-01-14 15:48:10.159 [info] > git config --get commit.template [7ms]
2025-01-14 15:48:10.159 [info] > git for-each-ref --format=%(refname)%00%(upstream:short)%00%(objectname)%00%(upstream:track)%00%(upstream:remotename)%00%(upstream:remoteref) refs/heads/main refs/remotes/main [1ms]
2025-01-14 15:48:10.172 [info] > git for-each-ref --sort -committerdate --format %(refname) %(objectname) %(*objectname) [1ms]
2025-01-14 15:48:10.225 [info] > git status -z -uall [60ms]
2025-01-14 15:48:15.256 [info] > git config --get commit.template [6ms]
2025-01-14 15:48:15.256 [info] > git for-each-ref --format=%(refname)%00%(upstream:short)%00%(objectname)%00%(upstream:track)%00%(upstream:remotename)%00%(upstream:remoteref) refs/heads/main refs/remotes/main [0ms]
2025-01-14 15:48:15.271 [info] > git for-each-ref --sort -committerdate --format %(refname) %(objectname) %(*objectname) [3ms]
2025-01-14 15:48:15.322 [info] > git status -z -uall [59ms]
2025-01-14 15:49:18.465 [info] > git config --get commit.template [1ms]
2025-01-14 15:49:18.471 [info] > git for-each-ref --format=%(refname)%00%(upstream:short)%00%(objectname)%00%(upstream:track)%00%(upstream:remotename)%00%(upstream:remoteref) refs/heads/main refs/remotes/main [1ms]
2025-01-14 15:49:18.484 [info] > git for-each-ref --sort -committerdate --format %(refname) %(objectname) %(*objectname) [1ms]
2025-01-14 15:49:18.538 [info] > git status -z -uall [60ms]
2025-01-14 15:49:23.578 [info] > git config --get commit.template [5ms]
2025-01-14 15:49:23.578 [info] > git for-each-ref --format=%(refname)%00%(upstream:short)%00%(objectname)%00%(upstream:track)%00%(upstream:remotename)%00%(upstream:remoteref) refs/heads/main refs/remotes/main [1ms]
2025-01-14 15:49:23.591 [info] > git for-each-ref --sort -committerdate --format %(refname) %(objectname) %(*objectname) [1ms]
2025-01-14 15:49:23.646 [info] > git status -z -uall [62ms]
2025-01-14 15:49:28.679 [info] > git config --get commit.template [7ms]
2025-01-14 15:49:28.679 [info] > git for-each-ref --format=%(refname)%00%(upstream:short)%00%(objectname)%00%(upstream:track)%00%(upstream:remotename)%00%(upstream:remoteref) refs/heads/main refs/remotes/main [1ms]
2025-01-14 15:49:28.692 [info] > git for-each-ref --sort -committerdate --format %(refname) %(objectname) %(*objectname) [1ms]
2025-01-14 15:49:28.744 [info] > git status -z -uall [59ms]
2025-01-14 15:49:33.777 [info] > git config --get commit.template [7ms]
2025-01-14 15:49:33.778 [info] > git for-each-ref --format=%(refname)%00%(upstream:short)%00%(objectname)%00%(upstream:track)%00%(upstream:remotename)%00%(upstream:remoteref) refs/heads/main refs/remotes/main [1ms]
2025-01-14 15:49:33.792 [info] > git for-each-ref --sort -committerdate --format %(refname) %(objectname) %(*objectname) [2ms]
2025-01-14 15:49:33.843 [info] > git status -z -uall [59ms]
2025-01-14 15:49:38.874 [info] > git config --get commit.template [7ms]
2025-01-14 15:49:38.875 [info] > git for-each-ref --format=%(refname)%00%(upstream:short)%00%(objectname)%00%(upstream:track)%00%(upstream:remotename)%00%(upstream:remoteref) refs/heads/main refs/remotes/main [2ms]
2025-01-14 15:49:38.887 [info] > git for-each-ref --sort -committerdate --format %(refname) %(objectname) %(*objectname) [1ms]
2025-01-14 15:49:38.938 [info] > git status -z -uall [58ms]
2025-01-14 15:49:43.969 [info] > git config --get commit.template [7ms]
2025-01-14 15:49:43.970 [info] > git for-each-ref --format=%(refname)%00%(upstream:short)%00%(objectname)%00%(upstream:track)%00%(upstream:remotename)%00%(upstream:remoteref) refs/heads/main refs/remotes/main [1ms]
2025-01-14 15:49:43.984 [info] > git for-each-ref --sort -committerdate --format %(refname) %(objectname) %(*objectname) [1ms]
2025-01-14 15:49:44.037 [info] > git status -z -uall [60ms]
2025-01-14 15:49:49.067 [info] > git config --get commit.template [7ms]
2025-01-14 15:49:49.068 [info] > git for-each-ref --format=%(refname)%00%(upstream:short)%00%(objectname)%00%(upstream:track)%00%(upstream:remotename)%00%(upstream:remoteref) refs/heads/main refs/remotes/main [2ms]
2025-01-14 15:49:49.081 [info] > git for-each-ref --sort -committerdate --format %(refname) %(objectname) %(*objectname) [2ms]
2025-01-14 15:49:49.134 [info] > git status -z -uall [60ms]
2025-01-14 15:49:52.054 [info] > git fetch [573ms]
2025-01-14 15:49:52.061 [info] > git config --get commit.template [1ms]
2025-01-14 15:49:52.068 [info] > git for-each-ref --format=%(refname)%00%(upstream:short)%00%(objectname)%00%(upstream:track)%00%(upstream:remotename)%00%(upstream:remoteref) refs/heads/main refs/remotes/main [1ms]
2025-01-14 15:49:52.081 [info] > git for-each-ref --sort -committerdate --format %(refname) %(objectname) %(*objectname) [2ms]
2025-01-14 15:49:52.134 [info] > git status -z -uall [60ms]
2025-01-14 15:49:53.520 [info] > git ls-files --stage -- /home/uys_1705817/dockerProj/1.txt [6ms]
2025-01-14 15:49:53.530 [info] > git cat-file -s 642c61d70dde7d5b1e7316fb41501d3063591dcc [3ms]
2025-01-14 15:49:53.582 [info] > git show --textconv :dockerProj/1.txt [6ms]
2025-01-14 15:49:54.165 [info] > git config --get commit.template [7ms]
2025-01-14 15:49:54.165 [info] > git for-each-ref --format=%(refname)%00%(upstream:short)%00%(objectname)%00%(upstream:track)%00%(upstream:remotename)%00%(upstream:remoteref) refs/heads/main refs/remotes/main [1ms]
2025-01-14 15:49:54.179 [info] > git for-each-ref --sort -committerdate --format %(refname) %(objectname) %(*objectname) [1ms]
2025-01-14 15:49:54.231 [info] > git status -z -uall [59ms]
2025-01-14 15:49:59.263 [info] > git config --get commit.template [6ms]
2025-01-14 15:49:59.265 [info] > git for-each-ref --format=%(refname)%00%(upstream:short)%00%(objectname)%00%(upstream:track)%00%(upstream:remotename)%00%(upstream:remoteref) refs/heads/main refs/remotes/main [2ms]
2025-01-14 15:49:59.280 [info] > git for-each-ref --sort -committerdate --format %(refname) %(objectname) %(*objectname) [3ms]
2025-01-14 15:49:59.333 [info] > git status -z -uall [62ms]
2025-01-14 15:52:13.395 [info] > git config --get commit.template [2ms]
2025-01-14 15:52:13.403 [info] > git for-each-ref --format=%(refname)%00%(upstream:short)%00%(objectname)%00%(upstream:track)%00%(upstream:remotename)%00%(upstream:remoteref) refs/heads/main refs/remotes/main [2ms]
2025-01-14 15:52:13.418 [info] > git for-each-ref --sort -committerdate --format %(refname) %(objectname) %(*objectname) [3ms]
2025-01-14 15:52:13.472 [info] > git status -z -uall [63ms]
2025-01-14 15:56:31.740 [info] > git config --get commit.template [6ms]
2025-01-14 15:56:31.741 [info] > git for-each-ref --format=%(refname)%00%(upstream:short)%00%(objectname)%00%(upstream:track)%00%(upstream:remotename)%00%(upstream:remoteref) refs/heads/main refs/remotes/main [1ms]
2025-01-14 15:56:31.756 [info] > git for-each-ref --sort -committerdate --format %(refname) %(objectname) %(*objectname) [3ms]
2025-01-14 15:56:31.809 [info] > git status -z -uall [62ms]
2025-01-14 15:56:32.288 [info] > git fetch [560ms]
2025-01-14 15:56:32.302 [info] > git config --get commit.template [6ms]
2025-01-14 15:56:32.303 [info] > git for-each-ref --format=%(refname)%00%(upstream:short)%00%(objectname)%00%(upstream:track)%00%(upstream:remotename)%00%(upstream:remoteref) refs/heads/main refs/remotes/main [1ms]
2025-01-14 15:56:32.316 [info] > git for-each-ref --sort -committerdate --format %(refname) %(objectname) %(*objectname) [2ms]
2025-01-14 15:56:32.369 [info] > git status -z -uall [60ms]
2025-01-14 15:56:33.887 [info] > git ls-files --stage -- /home/uys_1705817/dockerProj/1.txt [6ms]
2025-01-14 15:56:33.894 [info] > git cat-file -s 642c61d70dde7d5b1e7316fb41501d3063591dcc [1ms]
2025-01-14 15:56:33.943 [info] > git show --textconv :dockerProj/1.txt [5ms]
2025-01-14 15:56:36.841 [info] > git config --get commit.template [1ms]
2025-01-14 15:56:36.848 [info] > git for-each-ref --format=%(refname)%00%(upstream:short)%00%(objectname)%00%(upstream:track)%00%(upstream:remotename)%00%(upstream:remoteref) refs/heads/main refs/remotes/main [2ms]
2025-01-14 15:56:36.859 [info] > git for-each-ref --sort -committerdate --format %(refname) %(objectname) %(*objectname) [1ms]
2025-01-14 15:56:36.914 [info] > git status -z -uall [61ms]
2025-01-14 15:56:41.939 [info] > git config --get commit.template [0ms]
2025-01-14 15:56:41.946 [info] > git for-each-ref --format=%(refname)%00%(upstream:short)%00%(objectname)%00%(upstream:track)%00%(upstream:remotename)%00%(upstream:remoteref) refs/heads/main refs/remotes/main [2ms]
2025-01-14 15:56:41.960 [info] > git for-each-ref --sort -committerdate --format %(refname) %(objectname) %(*objectname) [2ms]
2025-01-14 15:56:42.010 [info] > git status -z -uall [57ms]
2025-01-14 15:56:47.042 [info] > git config --get commit.template [7ms]
2025-01-14 15:56:47.043 [info] > git for-each-ref --format=%(refname)%00%(upstream:short)%00%(objectname)%00%(upstream:track)%00%(upstream:remotename)%00%(upstream:remoteref) refs/heads/main refs/remotes/main [1ms]
2025-01-14 15:56:47.056 [info] > git for-each-ref --sort -committerdate --format %(refname) %(objectname) %(*objectname) [2ms]
2025-01-14 15:56:47.106 [info] > git status -z -uall [57ms]
2025-01-14 15:56:52.138 [info] > git config --get commit.template [7ms]
2025-01-14 15:56:52.138 [info] > git for-each-ref --format=%(refname)%00%(upstream:short)%00%(objectname)%00%(upstream:track)%00%(upstream:remotename)%00%(upstream:remoteref) refs/heads/main refs/remotes/main [1ms]
2025-01-14 15:56:52.151 [info] > git for-each-ref --sort -committerdate --format %(refname) %(objectname) %(*objectname) [1ms]
2025-01-14 15:56:52.204 [info] > git status -z -uall [59ms]
2025-01-14 15:56:57.233 [info] > git config --get commit.template [7ms]
2025-01-14 15:56:57.233 [info] > git for-each-ref --format=%(refname)%00%(upstream:short)%00%(objectname)%00%(upstream:track)%00%(upstream:remotename)%00%(upstream:remoteref) refs/heads/main refs/remotes/main [0ms]
2025-01-14 15:56:57.247 [info] > git for-each-ref --sort -committerdate --format %(refname) %(objectname) %(*objectname) [2ms]
2025-01-14 15:56:57.300 [info] > git status -z -uall [61ms]
2025-01-14 15:57:02.332 [info] > git config --get commit.template [7ms]
2025-01-14 15:57:02.332 [info] > git for-each-ref --format=%(refname)%00%(upstream:short)%00%(objectname)%00%(upstream:track)%00%(upstream:remotename)%00%(upstream:remoteref) refs/heads/main refs/remotes/main [1ms]
2025-01-14 15:57:02.346 [info] > git for-each-ref --sort -committerdate --format %(refname) %(objectname) %(*objectname) [2ms]
2025-01-14 15:57:02.400 [info] > git status -z -uall [61ms]
2025-01-14 15:57:07.429 [info] > git config --get commit.template [7ms]
2025-01-14 15:57:07.430 [info] > git for-each-ref --format=%(refname)%00%(upstream:short)%00%(objectname)%00%(upstream:track)%00%(upstream:remotename)%00%(upstream:remoteref) refs/heads/main refs/remotes/main [1ms]
2025-01-14 15:57:07.443 [info] > git for-each-ref --sort -committerdate --format %(refname) %(objectname) %(*objectname) [2ms]
2025-01-14 15:57:07.495 [info] > git status -z -uall [59ms]
2025-01-14 15:57:12.526 [info] > git config --get commit.template [7ms]
2025-01-14 15:57:12.527 [info] > git for-each-ref --format=%(refname)%00%(upstream:short)%00%(objectname)%00%(upstream:track)%00%(upstream:remotename)%00%(upstream:remoteref) refs/heads/main refs/remotes/main [1ms]
2025-01-14 15:57:12.541 [info] > git for-each-ref --sort -committerdate --format %(refname) %(objectname) %(*objectname) [2ms]
2025-01-14 15:57:12.592 [info] > git status -z -uall [59ms]
2025-01-14 15:57:17.624 [info] > git config --get commit.template [7ms]
2025-01-14 15:57:17.625 [info] > git for-each-ref --format=%(refname)%00%(upstream:short)%00%(objectname)%00%(upstream:track)%00%(upstream:remotename)%00%(upstream:remoteref) refs/heads/main refs/remotes/main [1ms]
2025-01-14 15:57:17.639 [info] > git for-each-ref --sort -committerdate --format %(refname) %(objectname) %(*objectname) [2ms]
2025-01-14 15:57:17.690 [info] > git status -z -uall [60ms]
2025-01-14 15:57:22.723 [info] > git config --get commit.template [7ms]
2025-01-14 15:57:22.724 [info] > git for-each-ref --format=%(refname)%00%(upstream:short)%00%(objectname)%00%(upstream:track)%00%(upstream:remotename)%00%(upstream:remoteref) refs/heads/main refs/remotes/main [2ms]
2025-01-14 15:57:22.738 [info] > git for-each-ref --sort -committerdate --format %(refname) %(objectname) %(*objectname) [2ms]
2025-01-14 15:57:22.788 [info] > git status -z -uall [58ms]
