2025-01-03 12:03:05.985 [info] [Info  - 오후 12:03:05] (3397825) Server root directory: file:///home/uys_1705817/.vscode-server/extensions/ms-python.vscode-pylance-2024.12.1/dist
2025-01-03 12:03:05.985 [info] [Info  - 오후 12:03:05] (3397825) Pylance language server 2024.12.1 (pyright version 1.1.389, commit ce1325fc) starting
2025-01-03 12:03:05.985 [info] [Info  - 오후 12:03:05] (3397825) Starting service instance "uys_1705817"
2025-01-03 12:03:06.021 [info] [Info  - 오후 12:03:06] (3397825) Setting environmentName for service "uys_1705817": "3.12.3 (usr venv)"
2025-01-03 12:03:06.021 [info] [Info  - 오후 12:03:06] (3397825) Setting pythonPath for service "uys_1705817": "/bin/python3"
2025-01-03 12:03:06.022 [info] [Info  - 오후 12:03:06] (3397825) No include entries specified; assuming /home/uys_1705817
2025-01-03 12:03:06.022 [info] [Info  - 오후 12:03:06] (3397825) Auto-excluding **/node_modules
2025-01-03 12:03:06.022 [info] [Info  - 오후 12:03:06] (3397825) Auto-excluding **/__pycache__
2025-01-03 12:03:06.022 [info] [Info  - 오후 12:03:06] (3397825) Auto-excluding **/.*
2025-01-03 12:03:06.045 [info] [Info  - 오후 12:03:06] (3397825) Assuming Python version 3.12.3.final.0
2025-01-03 12:03:06.098 [info] [Info  - 오후 12:03:06] (3397825) Auto-excluding /home/uys_1705817/flaskProject/venv
2025-01-03 12:03:06.104 [info] [Info  - 오후 12:03:06] (3397825) Found 2 source files
2025-01-03 12:03:06.345 [info] [Info  - 오후 12:03:06] (3397825) Background analysis(1) root directory: file:///home/uys_1705817/.vscode-server/extensions/ms-python.vscode-pylance-2024.12.1/dist
2025-01-03 12:03:06.346 [info] [Info  - 오후 12:03:06] (3397825) Background analysis(1) started
2025-01-03 12:03:06.410 [info] [Info  - 오후 12:03:06] (3397825) Indexer background runner(2) root directory: file:///home/uys_1705817/.vscode-server/extensions/ms-python.vscode-pylance-2024.12.1/dist (index)
2025-01-03 12:03:06.410 [info] [Info  - 오후 12:03:06] (3397825) Indexing(2) started
2025-01-03 12:03:06.688 [info] [Info  - 오후 12:03:06] (3397825) scanned(2) 95 files over 1 exec env
2025-01-03 12:03:06.839 [info] [Info  - 오후 12:03:06] (3397825) indexed(2) 95 files over 1 exec env
2025-01-03 12:03:06.867 [info] [Info  - 오후 12:03:06] (3397825) Indexing finished(2).
2025-01-03 12:03:16.027 [info] (Client) The existing extension didn't exit within 10 seconds. New instance will start, but you might encounter issues.
2025-01-03 12:03:16.027 [info] (Client) Pylance async client (2024.12.1) started with python extension (2024.22.1)
2025-01-03 12:34:14.755 [info] [Info  - 오후 12:34:14] (3397825) Starting service instance "<default>"
2025-01-03 12:34:14.785 [info] [Info  - 오후 12:34:14] (3397825) Setting environmentName for service "<default>": "3.12.3 (usr venv)"
2025-01-03 12:34:14.786 [info] [Info  - 오후 12:34:14] (3397825) Setting pythonPath for service "<default>": "/bin/python3"
2025-01-03 12:34:14.786 [info] [Info  - 오후 12:34:14] (3397825) No include entries specified; assuming /<default workspace root>
2025-01-03 12:34:14.786 [info] [Info  - 오후 12:34:14] (3397825) Auto-excluding **/node_modules
2025-01-03 12:34:14.786 [info] [Info  - 오후 12:34:14] (3397825) Auto-excluding **/__pycache__
2025-01-03 12:34:14.786 [info] [Info  - 오후 12:34:14] (3397825) Auto-excluding **/.*
2025-01-03 12:34:14.811 [info] [Info  - 오후 12:34:14] (3397825) Assuming Python version 3.12.3.final.0
2025-01-03 12:34:14.853 [info] [Error - 오후 12:34:14] (3397825) File or directory "/<default workspace root>" does not exist.
2025-01-03 12:34:14.853 [info] [Info  - 오후 12:34:14] (3397825) No source files found.
2025-01-03 12:34:15.100 [info] [Info  - 오후 12:34:15] (3397825) Background analysis(3) root directory: file:///home/uys_1705817/.vscode-server/extensions/ms-python.vscode-pylance-2024.12.1/dist
2025-01-03 12:34:15.103 [info] [Info  - 오후 12:34:15] (3397825) Background analysis(3) started
