2025-01-10 12:10:50.276 [info] Extension host with pid 139644 started
2025-01-10 12:10:50.293 [info] Lock '/home/uys_1705817/.vscode-server/data/User/workspaceStorage/6dff1d9e4f3f3db8febece5da615bae2/vscode.lock': Lock acquired.
2025-01-10 12:10:50.487 [info] ExtensionService#_doActivateExtension vscode.git-base, startup: false, activationEvent: '*', root cause: vscode.git
2025-01-10 12:10:50.488 [info] ExtensionService#_doActivateExtension vscode.tunnel-forwarding, startup: false, activationEvent: 'onTunnel'
2025-01-10 12:10:50.488 [info] ExtensionService#_doActivateExtension ms-python.python, startup: false, activationEvent: 'onLanguage:python', root cause: ms-python.debugpy
2025-01-10 12:10:50.488 [info] ExtensionService#_doActivateExtension vscode.emmet, startup: false, activationEvent: 'onLanguage'
2025-01-10 12:10:50.684 [info] ExtensionService#_doActivateExtension vscode.git, startup: false, activationEvent: '*'
2025-01-10 12:10:50.684 [info] ExtensionService#_doActivateExtension vscode.github, startup: false, activationEvent: '*'
2025-01-10 12:10:50.784 [warning] Using default string since no string found in i18n bundle that has the key: Source map support is enabled in the Python Extension, this will adversely impact performance of the extension.
2025-01-10 12:10:50.784 [warning] Using default string since no string found in i18n bundle that has the key: Disable Source Map Support
2025-01-10 12:10:50.784 [warning] Using default string since no string found in i18n bundle that has the key: Enabling source map support in the Python Extension will adversely impact performance of the extension.
2025-01-10 12:10:50.784 [warning] Using default string since no string found in i18n bundle that has the key: Enable and reload Window.
2025-01-10 12:10:50.784 [warning] Using default string since no string found in i18n bundle that has the key: ▶ Launch TensorBoard Session
2025-01-10 12:10:50.784 [warning] Using default string since no string found in i18n bundle that has the key: Launch TensorBoard session
2025-01-10 12:10:51.121 [info] ExtensionService#_doActivateExtension ms-python.debugpy, startup: false, activationEvent: 'onLanguage:python'
2025-01-10 12:10:51.122 [info] ExtensionService#_doActivateExtension ms-python.vscode-pylance, startup: false, activationEvent: 'onLanguage:python'
2025-01-10 12:10:51.490 [info] Eager extensions activated
2025-01-10 12:10:51.490 [info] ExtensionService#_doActivateExtension vscode.debug-auto-launch, startup: false, activationEvent: 'onStartupFinished'
2025-01-10 12:10:51.491 [info] ExtensionService#_doActivateExtension vscode.merge-conflict, startup: false, activationEvent: 'onStartupFinished'
2025-01-10 13:11:22.571 [warning] [Decorations] CAPPING events from decorations provider vscode.git 1066
2025-01-10 13:11:27.655 [warning] [Decorations] CAPPING events from decorations provider vscode.git 1067
2025-01-10 13:11:32.738 [warning] [Decorations] CAPPING events from decorations provider vscode.git 1067
2025-01-10 13:11:37.818 [warning] [Decorations] CAPPING events from decorations provider vscode.git 1067
2025-01-10 13:11:42.896 [warning] [Decorations] CAPPING events from decorations provider vscode.git 1067
2025-01-10 13:11:47.971 [warning] [Decorations] CAPPING events from decorations provider vscode.git 1067
2025-01-10 13:11:53.051 [warning] [Decorations] CAPPING events from decorations provider vscode.git 1067
2025-01-10 13:11:58.133 [warning] [Decorations] CAPPING events from decorations provider vscode.git 1067
2025-01-10 13:12:03.209 [warning] [Decorations] CAPPING events from decorations provider vscode.git 1074
2025-01-10 13:12:08.289 [warning] [Decorations] CAPPING events from decorations provider vscode.git 1391
2025-01-10 13:12:13.368 [warning] [Decorations] CAPPING events from decorations provider vscode.git 1391
2025-01-10 13:12:19.180 [warning] [Decorations] CAPPING events from decorations provider vscode.git 1391
2025-01-10 13:12:24.261 [warning] [Decorations] CAPPING events from decorations provider vscode.git 1391
2025-01-10 13:12:38.819 [warning] [Decorations] CAPPING events from decorations provider vscode.git 1391
2025-01-10 13:12:39.376 [warning] [Decorations] CAPPING events from decorations provider vscode.git 1391
2025-01-10 13:12:43.901 [warning] [Decorations] CAPPING events from decorations provider vscode.git 1391
2025-01-10 13:12:48.982 [warning] [Decorations] CAPPING events from decorations provider vscode.git 1391
2025-01-10 13:12:54.260 [warning] [Decorations] CAPPING events from decorations provider vscode.git 1587
2025-01-10 13:12:59.342 [warning] [Decorations] CAPPING events from decorations provider vscode.git 1587
2025-01-10 13:13:04.421 [warning] [Decorations] CAPPING events from decorations provider vscode.git 1587
2025-01-10 13:13:09.504 [warning] [Decorations] CAPPING events from decorations provider vscode.git 1587
2025-01-10 13:13:14.587 [warning] [Decorations] CAPPING events from decorations provider vscode.git 1587
2025-01-10 13:13:19.670 [warning] [Decorations] CAPPING events from decorations provider vscode.git 1587
2025-01-10 13:13:24.752 [warning] [Decorations] CAPPING events from decorations provider vscode.git 1587
2025-01-10 13:13:29.836 [warning] [Decorations] CAPPING events from decorations provider vscode.git 1587
2025-01-10 13:13:34.919 [warning] [Decorations] CAPPING events from decorations provider vscode.git 1587
2025-01-10 13:13:40.002 [warning] [Decorations] CAPPING events from decorations provider vscode.git 1587
2025-01-10 13:13:45.084 [warning] [Decorations] CAPPING events from decorations provider vscode.git 1587
2025-01-10 13:13:50.165 [warning] [Decorations] CAPPING events from decorations provider vscode.git 1587
2025-01-10 13:13:55.249 [warning] [Decorations] CAPPING events from decorations provider vscode.git 1587
2025-01-10 13:14:00.327 [warning] [Decorations] CAPPING events from decorations provider vscode.git 1587
2025-01-10 13:14:06.312 [warning] [Decorations] CAPPING events from decorations provider vscode.git 1587
2025-01-10 13:14:11.391 [warning] [Decorations] CAPPING events from decorations provider vscode.git 1587
2025-01-10 13:14:16.472 [warning] [Decorations] CAPPING events from decorations provider vscode.git 1587
2025-01-10 13:14:21.553 [warning] [Decorations] CAPPING events from decorations provider vscode.git 1587
2025-01-10 13:14:26.635 [warning] [Decorations] CAPPING events from decorations provider vscode.git 1587
2025-01-10 13:14:31.717 [warning] [Decorations] CAPPING events from decorations provider vscode.git 1587
2025-01-10 13:14:36.799 [warning] [Decorations] CAPPING events from decorations provider vscode.git 1587
2025-01-10 13:14:41.878 [warning] [Decorations] CAPPING events from decorations provider vscode.git 1587
2025-01-10 13:14:46.960 [warning] [Decorations] CAPPING events from decorations provider vscode.git 1587
2025-01-10 13:14:52.043 [warning] [Decorations] CAPPING events from decorations provider vscode.git 1587
2025-01-10 13:14:57.125 [warning] [Decorations] CAPPING events from decorations provider vscode.git 1587
2025-01-10 13:15:02.205 [warning] [Decorations] CAPPING events from decorations provider vscode.git 1587
2025-01-10 13:15:07.285 [warning] [Decorations] CAPPING events from decorations provider vscode.git 1587
2025-01-10 13:15:12.367 [warning] [Decorations] CAPPING events from decorations provider vscode.git 1587
2025-01-10 13:15:17.448 [warning] [Decorations] CAPPING events from decorations provider vscode.git 1587
2025-01-10 13:15:22.530 [warning] [Decorations] CAPPING events from decorations provider vscode.git 1587
2025-01-10 13:15:27.611 [warning] [Decorations] CAPPING events from decorations provider vscode.git 1587
2025-01-10 13:15:32.693 [warning] [Decorations] CAPPING events from decorations provider vscode.git 1587
2025-01-10 13:15:37.773 [warning] [Decorations] CAPPING events from decorations provider vscode.git 1587
2025-01-10 13:15:40.001 [warning] [Decorations] CAPPING events from decorations provider vscode.git 1587
2025-01-10 13:15:42.853 [warning] [Decorations] CAPPING events from decorations provider vscode.git 1587
2025-01-10 13:15:47.931 [warning] [Decorations] CAPPING events from decorations provider vscode.git 1587
2025-01-10 13:15:53.016 [warning] [Decorations] CAPPING events from decorations provider vscode.git 1587
2025-01-10 13:15:58.097 [warning] [Decorations] CAPPING events from decorations provider vscode.git 1587
2025-01-10 13:16:03.178 [warning] [Decorations] CAPPING events from decorations provider vscode.git 1587
2025-01-10 13:16:08.264 [warning] [Decorations] CAPPING events from decorations provider vscode.git 1587
2025-01-10 13:16:13.346 [warning] [Decorations] CAPPING events from decorations provider vscode.git 1587
2025-01-10 13:16:18.430 [warning] [Decorations] CAPPING events from decorations provider vscode.git 1587
2025-01-10 13:16:23.510 [warning] [Decorations] CAPPING events from decorations provider vscode.git 1587
2025-01-10 13:16:28.592 [warning] [Decorations] CAPPING events from decorations provider vscode.git 1587
2025-01-10 13:16:33.673 [warning] [Decorations] CAPPING events from decorations provider vscode.git 1587
2025-01-10 13:16:38.756 [warning] [Decorations] CAPPING events from decorations provider vscode.git 1587
2025-01-10 13:16:43.841 [warning] [Decorations] CAPPING events from decorations provider vscode.git 1587
2025-01-10 13:16:48.922 [warning] [Decorations] CAPPING events from decorations provider vscode.git 1587
2025-01-10 13:16:54.006 [warning] [Decorations] CAPPING events from decorations provider vscode.git 1587
2025-01-10 13:16:59.086 [warning] [Decorations] CAPPING events from decorations provider vscode.git 1587
2025-01-10 13:17:04.166 [warning] [Decorations] CAPPING events from decorations provider vscode.git 1587
2025-01-10 13:17:09.246 [warning] [Decorations] CAPPING events from decorations provider vscode.git 1587
2025-01-10 13:17:14.327 [warning] [Decorations] CAPPING events from decorations provider vscode.git 1587
2025-01-10 13:17:19.408 [warning] [Decorations] CAPPING events from decorations provider vscode.git 1587
2025-01-10 13:17:24.489 [warning] [Decorations] CAPPING events from decorations provider vscode.git 1587
2025-01-10 13:17:29.569 [warning] [Decorations] CAPPING events from decorations provider vscode.git 1587
2025-01-10 13:17:34.646 [warning] [Decorations] CAPPING events from decorations provider vscode.git 1587
2025-01-10 13:17:39.726 [warning] [Decorations] CAPPING events from decorations provider vscode.git 1587
2025-01-10 13:17:44.806 [warning] [Decorations] CAPPING events from decorations provider vscode.git 1587
2025-01-10 13:17:49.888 [warning] [Decorations] CAPPING events from decorations provider vscode.git 1587
2025-01-10 13:17:54.969 [warning] [Decorations] CAPPING events from decorations provider vscode.git 1587
2025-01-10 13:18:00.051 [warning] [Decorations] CAPPING events from decorations provider vscode.git 1587
2025-01-10 13:18:05.135 [warning] [Decorations] CAPPING events from decorations provider vscode.git 1587
2025-01-10 13:18:10.223 [warning] [Decorations] CAPPING events from decorations provider vscode.git 1587
2025-01-10 13:18:15.305 [warning] [Decorations] CAPPING events from decorations provider vscode.git 1587
2025-01-10 13:18:20.385 [warning] [Decorations] CAPPING events from decorations provider vscode.git 1587
2025-01-10 13:18:25.467 [warning] [Decorations] CAPPING events from decorations provider vscode.git 1587
2025-01-10 13:18:30.549 [warning] [Decorations] CAPPING events from decorations provider vscode.git 1587
2025-01-10 13:18:35.632 [warning] [Decorations] CAPPING events from decorations provider vscode.git 1587
2025-01-10 13:18:40.657 [warning] [Decorations] CAPPING events from decorations provider vscode.git 1587
2025-01-10 13:18:40.733 [warning] [Decorations] CAPPING events from decorations provider vscode.git 1587
2025-01-10 13:18:45.813 [warning] [Decorations] CAPPING events from decorations provider vscode.git 1587
2025-01-10 13:18:51.774 [warning] [Decorations] CAPPING events from decorations provider vscode.git 1587
2025-01-10 13:18:56.858 [warning] [Decorations] CAPPING events from decorations provider vscode.git 1587
2025-01-10 13:19:01.939 [warning] [Decorations] CAPPING events from decorations provider vscode.git 1587
2025-01-10 13:19:07.019 [warning] [Decorations] CAPPING events from decorations provider vscode.git 1587
2025-01-10 13:19:12.085 [warning] [Decorations] CAPPING events from decorations provider vscode.git 1587
2025-01-10 13:19:17.670 [warning] [Decorations] CAPPING events from decorations provider vscode.git 1587
2025-01-10 13:19:17.768 [warning] [Decorations] CAPPING events from decorations provider vscode.git 1572
2025-01-10 13:19:22.870 [warning] [Decorations] CAPPING events from decorations provider vscode.git 1572
2025-01-10 13:19:25.166 [warning] [Decorations] CAPPING events from decorations provider vscode.git 1572
