2025-01-02 12:18:24.783 [info] [main] 로그 수준: Info
2025-01-02 12:18:24.783 [info] [main] "git"에서 찾은 git 유효성을 검사하는 중
2025-01-02 12:18:24.783 [info] [main] "2.43.0"에서 git "git"을(를) 사용하는 중
2025-01-02 12:18:24.783 [info] [Model][doInitialScan] Initial repository scan started
2025-01-02 12:18:24.783 [info] > git rev-parse --show-toplevel [3ms]
2025-01-02 12:18:24.783 [info] fatal: not a git repository (or any of the parent directories): .git
2025-01-02 12:18:24.783 [info] > git rev-parse --show-toplevel [4ms]
2025-01-02 12:18:24.783 [info] fatal: not a git repository (or any of the parent directories): .git
2025-01-02 12:18:24.783 [info] > git rev-parse --show-toplevel [2ms]
2025-01-02 12:18:24.783 [info] fatal: not a git repository (or any of the parent directories): .git
2025-01-02 12:18:24.784 [info] > git rev-parse --show-toplevel [1ms]
2025-01-02 12:18:24.784 [info] fatal: not a git repository (or any of the parent directories): .git
2025-01-02 12:18:24.790 [info] > git rev-parse --show-toplevel [2ms]
2025-01-02 12:18:24.790 [info] fatal: not a git repository (or any of the parent directories): .git
2025-01-02 12:18:24.797 [info] > git rev-parse --show-toplevel [2ms]
2025-01-02 12:18:24.797 [info] fatal: not a git repository (or any of the parent directories): .git
2025-01-02 12:18:24.800 [info] [Model][doInitialScan] Initial repository scan completed - repositories (0), closed repositories (0), parent repositories (0), unsafe repositories (0)
2025-01-02 12:28:03.202 [info] > git init -b main [12ms]
2025-01-02 12:28:03.208 [info] > git rev-parse --show-toplevel [2ms]
2025-01-02 12:28:03.214 [info] > git rev-parse --git-dir --git-common-dir [2ms]
2025-01-02 12:28:03.223 [info] [Model][openRepository] Opened repository: /home/uys_1705817
2025-01-02 12:28:03.235 [info] [Git][getRemotes] No remotes found in the git config file
2025-01-02 12:28:03.239 [info] > git config --get commit.template [5ms]
2025-01-02 12:28:03.240 [info] > git for-each-ref --format=%(refname)%00%(upstream:short)%00%(objectname)%00%(upstream:track)%00%(upstream:remotename)%00%(upstream:remoteref) refs/heads/main refs/remotes/main [1ms]
2025-01-02 12:28:03.241 [warning] [Git][getBranch] No such branch: main
2025-01-02 12:28:03.253 [info] > git for-each-ref --sort -committerdate --format %(refname) %(objectname) %(*objectname) [3ms]
2025-01-02 12:28:03.259 [info] > git status -z -uall [15ms]
2025-01-02 12:28:03.301 [info] > git for-each-ref --format=%(refname)%00%(upstream:short)%00%(objectname)%00%(upstream:track)%00%(upstream:remotename)%00%(upstream:remoteref) refs/heads/main refs/remotes/main [8ms]
2025-01-02 12:28:03.301 [warning] [Git][getBranch] No such branch: main
2025-01-02 12:28:03.301 [error] [GitHistoryProvider][resolveHEADMergeBase] Failed to resolve merge base for main: Error: No such branch: main.
2025-01-02 12:28:03.303 [info] > git config --get commit.template [4ms]
2025-01-02 12:28:03.303 [info] [Git][getRemotes] No remotes found in the git config file
2025-01-02 12:28:03.310 [info] > git for-each-ref --format=%(refname)%00%(upstream:short)%00%(objectname)%00%(upstream:track)%00%(upstream:remotename)%00%(upstream:remoteref) refs/heads/main refs/remotes/main [3ms]
2025-01-02 12:28:03.310 [warning] [Git][getBranch] No such branch: main
2025-01-02 12:28:03.494 [info] > git for-each-ref --sort -committerdate --format %(refname) %(objectname) %(*objectname) [175ms]
2025-01-02 12:28:03.497 [info] > git status -z -uall [183ms]
2025-01-02 12:28:03.497 [info] > git log --format=%H%n%aN%n%aE%n%at%n%ct%n%P%n%D%n%B -z --shortstat --diff-merges=first-parent -n50 --skip=0 --topo-order --decorate=full --stdin [8ms]
2025-01-02 12:28:03.497 [info] fatal: bad revision 'refs/heads/main'
2025-01-02 12:28:03.498 [error] [GitHistoryProvider][provideHistoryItems] Failed to get history items with options '{"historyItemRefs":["refs/heads/main"],"limit":50,"skip":0}': Failed to execute git {
  "exitCode": 128,
  "gitCommand": "log",
  "stdout": "",
  "stderr": "fatal: bad revision 'refs/heads/main'\n"
}
2025-01-02 12:28:04.283 [info] > git check-ignore -v -z --stdin [2ms]
