2025-01-14 17:00:10.279 [info] [main] 로그 수준: Info
2025-01-14 17:00:10.279 [info] [main] "git"에서 찾은 git 유효성을 검사하는 중
2025-01-14 17:00:10.279 [info] [main] "2.43.0"에서 git "git"을(를) 사용하는 중
2025-01-14 17:00:10.279 [info] [Model][doInitialScan] Initial repository scan started
2025-01-14 17:00:10.279 [info] > git rev-parse --show-toplevel [2ms]
2025-01-14 17:00:10.279 [info] > git rev-parse --git-dir --git-common-dir [2ms]
2025-01-14 17:00:10.279 [info] [Model][openRepository] Opened repository: /home/uys_1705817
2025-01-14 17:00:10.279 [info] > git config --get commit.template [3ms]
2025-01-14 17:00:10.279 [info] > git rev-parse --show-toplevel [4ms]
2025-01-14 17:00:10.279 [info] > git for-each-ref --format=%(refname)%00%(upstream:short)%00%(objectname)%00%(upstream:track)%00%(upstream:remotename)%00%(upstream:remoteref) refs/heads/main refs/remotes/main [4ms]
2025-01-14 17:00:10.279 [info] > git rev-parse --show-toplevel [7ms]
2025-01-14 17:00:10.279 [info] > git for-each-ref --sort -committerdate --format %(refname) %(objectname) %(*objectname) [4ms]
2025-01-14 17:00:10.279 [info] > git rev-parse --show-toplevel [2ms]
2025-01-14 17:00:10.280 [info] > git rev-parse --show-toplevel [2ms]
2025-01-14 17:00:10.283 [info] > git rev-parse --show-toplevel [1ms]
2025-01-14 17:00:10.286 [info] > git rev-parse --show-toplevel [1ms]
2025-01-14 17:00:10.289 [info] > git rev-parse --show-toplevel [1ms]
2025-01-14 17:00:10.292 [info] > git rev-parse --show-toplevel [1ms]
2025-01-14 17:00:10.297 [info] > git rev-parse --show-toplevel [2ms]
2025-01-14 17:00:10.301 [info] > git rev-parse --show-toplevel [2ms]
2025-01-14 17:00:10.305 [info] > git rev-parse --show-toplevel [1ms]
2025-01-14 17:00:10.307 [info] [Model][doInitialScan] Initial repository scan completed - repositories (1), closed repositories (0), parent repositories (0), unsafe repositories (0)
2025-01-14 17:00:10.315 [info] > git status -z -uall [48ms]
2025-01-14 17:00:10.448 [info] > git for-each-ref --format=%(refname)%00%(upstream:short)%00%(objectname)%00%(upstream:track)%00%(upstream:remotename)%00%(upstream:remoteref) refs/heads/main refs/remotes/main [105ms]
2025-01-14 17:00:10.455 [info] > git config --get commit.template [12ms]
2025-01-14 17:00:10.455 [info] > git config --local branch.main.vscode-merge-base [4ms]
2025-01-14 17:00:10.455 [warning] [Git][config] git config failed: Failed to execute git
2025-01-14 17:00:10.462 [info] > git reflog main --grep-reflog=branch: Created from *. [3ms]
2025-01-14 17:00:10.465 [info] > git for-each-ref --format=%(refname)%00%(upstream:short)%00%(objectname)%00%(upstream:track)%00%(upstream:remotename)%00%(upstream:remoteref) refs/heads/main refs/remotes/main [3ms]
2025-01-14 17:00:10.466 [info] > git symbolic-ref --short refs/remotes/origin/HEAD [1ms]
2025-01-14 17:00:10.466 [info] fatal: ref refs/remotes/origin/HEAD is not a symbolic ref
2025-01-14 17:00:10.466 [warning] [Repository][getDefaultBranch] Failed to get default branch details: Failed to execute git.
2025-01-14 17:00:10.476 [info] > git merge-base refs/heads/main refs/remotes/origin/main [7ms]
2025-01-14 17:00:10.480 [info] > git for-each-ref --sort -committerdate --format %(refname) %(objectname) %(*objectname) [4ms]
2025-01-14 17:00:10.482 [info] > git diff --name-status -z --diff-filter=ADMR 763707af3af88da73075e5f82ec2f0d62dcb9b2a...refs/remotes/origin/main [3ms]
2025-01-14 17:00:10.522 [info] > git status -z -uall [50ms]
2025-01-14 17:00:10.762 [info] > git show --textconv :dockerProj/1.txt [34ms]
2025-01-14 17:00:10.762 [info] > git ls-files --stage -- /home/uys_1705817/dockerProj/1.txt [30ms]
2025-01-14 17:00:10.863 [info] > git fetch [615ms]
2025-01-14 17:00:10.863 [info] > git cat-file -s 642c61d70dde7d5b1e7316fb41501d3063591dcc [97ms]
2025-01-14 17:00:10.873 [info] > git config --get commit.template [5ms]
2025-01-14 17:00:10.875 [info] > git for-each-ref --format=%(refname)%00%(upstream:short)%00%(objectname)%00%(upstream:track)%00%(upstream:remotename)%00%(upstream:remoteref) refs/heads/main refs/remotes/main [2ms]
2025-01-14 17:00:10.887 [info] > git for-each-ref --sort -committerdate --format %(refname) %(objectname) %(*objectname) [3ms]
2025-01-14 17:00:10.940 [info] > git blame --root --incremental 763707af3af88da73075e5f82ec2f0d62dcb9b2a -- /home/uys_1705817/dockerProj/1.txt [10ms]
2025-01-14 17:00:10.941 [info] > git status -z -uall [61ms]
2025-01-14 17:00:10.991 [info] > git check-ignore -v -z --stdin [30ms]
2025-01-14 17:00:19.708 [info] > git config --get commit.template [4ms]
2025-01-14 17:00:19.708 [info] > git for-each-ref --format=%(refname)%00%(upstream:short)%00%(objectname)%00%(upstream:track)%00%(upstream:remotename)%00%(upstream:remoteref) refs/heads/main refs/remotes/main [1ms]
2025-01-14 17:00:19.719 [info] > git for-each-ref --sort -committerdate --format %(refname) %(objectname) %(*objectname) [1ms]
2025-01-14 17:00:19.764 [info] > git ls-files --stage -- /home/uys_1705817/dockerProj/1.txt [5ms]
2025-01-14 17:00:19.770 [info] > git status -z -uall [57ms]
2025-01-14 17:00:19.786 [info] > git cat-file -s 642c61d70dde7d5b1e7316fb41501d3063591dcc [18ms]
2025-01-14 17:00:19.871 [info] > git show --textconv :dockerProj/1.txt [5ms]
2025-01-14 17:00:24.800 [info] > git config --get commit.template [5ms]
2025-01-14 17:00:24.802 [info] > git for-each-ref --format=%(refname)%00%(upstream:short)%00%(objectname)%00%(upstream:track)%00%(upstream:remotename)%00%(upstream:remoteref) refs/heads/main refs/remotes/main [2ms]
2025-01-14 17:00:24.812 [info] > git for-each-ref --sort -committerdate --format %(refname) %(objectname) %(*objectname) [1ms]
2025-01-14 17:00:24.867 [info] > git status -z -uall [60ms]
2025-01-14 17:00:29.896 [info] > git config --get commit.template [6ms]
2025-01-14 17:00:29.896 [info] > git for-each-ref --format=%(refname)%00%(upstream:short)%00%(objectname)%00%(upstream:track)%00%(upstream:remotename)%00%(upstream:remoteref) refs/heads/main refs/remotes/main [1ms]
2025-01-14 17:00:29.908 [info] > git for-each-ref --sort -committerdate --format %(refname) %(objectname) %(*objectname) [2ms]
2025-01-14 17:00:29.960 [info] > git status -z -uall [59ms]
2025-01-14 17:00:34.989 [info] > git config --get commit.template [5ms]
2025-01-14 17:00:34.990 [info] > git for-each-ref --format=%(refname)%00%(upstream:short)%00%(objectname)%00%(upstream:track)%00%(upstream:remotename)%00%(upstream:remoteref) refs/heads/main refs/remotes/main [1ms]
2025-01-14 17:00:35.001 [info] > git for-each-ref --sort -committerdate --format %(refname) %(objectname) %(*objectname) [1ms]
2025-01-14 17:00:35.054 [info] > git status -z -uall [58ms]
2025-01-14 17:00:40.079 [info] > git config --get commit.template [0ms]
2025-01-14 17:00:40.084 [info] > git for-each-ref --format=%(refname)%00%(upstream:short)%00%(objectname)%00%(upstream:track)%00%(upstream:remotename)%00%(upstream:remoteref) refs/heads/main refs/remotes/main [2ms]
2025-01-14 17:00:40.096 [info] > git for-each-ref --sort -committerdate --format %(refname) %(objectname) %(*objectname) [3ms]
2025-01-14 17:00:40.149 [info] > git status -z -uall [60ms]
2025-01-14 17:00:45.178 [info] > git config --get commit.template [5ms]
2025-01-14 17:00:45.179 [info] > git for-each-ref --format=%(refname)%00%(upstream:short)%00%(objectname)%00%(upstream:track)%00%(upstream:remotename)%00%(upstream:remoteref) refs/heads/main refs/remotes/main [1ms]
2025-01-14 17:00:45.190 [info] > git for-each-ref --sort -committerdate --format %(refname) %(objectname) %(*objectname) [3ms]
2025-01-14 17:00:45.243 [info] > git status -z -uall [61ms]
2025-01-14 17:00:50.273 [info] > git config --get commit.template [5ms]
2025-01-14 17:00:50.274 [info] > git for-each-ref --format=%(refname)%00%(upstream:short)%00%(objectname)%00%(upstream:track)%00%(upstream:remotename)%00%(upstream:remoteref) refs/heads/main refs/remotes/main [1ms]
2025-01-14 17:00:50.285 [info] > git for-each-ref --sort -committerdate --format %(refname) %(objectname) %(*objectname) [2ms]
2025-01-14 17:00:50.339 [info] > git status -z -uall [60ms]
2025-01-14 17:00:55.363 [info] > git config --get commit.template [1ms]
2025-01-14 17:00:55.369 [info] > git for-each-ref --format=%(refname)%00%(upstream:short)%00%(objectname)%00%(upstream:track)%00%(upstream:remotename)%00%(upstream:remoteref) refs/heads/main refs/remotes/main [2ms]
2025-01-14 17:00:55.381 [info] > git for-each-ref --sort -committerdate --format %(refname) %(objectname) %(*objectname) [3ms]
2025-01-14 17:00:55.433 [info] > git status -z -uall [59ms]
2025-01-14 17:01:00.459 [info] > git config --get commit.template [0ms]
2025-01-14 17:01:00.463 [info] > git for-each-ref --format=%(refname)%00%(upstream:short)%00%(objectname)%00%(upstream:track)%00%(upstream:remotename)%00%(upstream:remoteref) refs/heads/main refs/remotes/main [1ms]
2025-01-14 17:01:00.473 [info] > git for-each-ref --sort -committerdate --format %(refname) %(objectname) %(*objectname) [1ms]
2025-01-14 17:01:00.529 [info] > git status -z -uall [61ms]
2025-01-14 17:01:14.574 [info] > git config --get commit.template [5ms]
2025-01-14 17:01:14.575 [info] > git for-each-ref --format=%(refname)%00%(upstream:short)%00%(objectname)%00%(upstream:track)%00%(upstream:remotename)%00%(upstream:remoteref) refs/heads/main refs/remotes/main [2ms]
2025-01-14 17:01:14.586 [info] > git for-each-ref --sort -committerdate --format %(refname) %(objectname) %(*objectname) [1ms]
2025-01-14 17:01:14.641 [info] > git status -z -uall [61ms]
2025-01-14 17:01:19.672 [info] > git config --get commit.template [4ms]
2025-01-14 17:01:19.674 [info] > git for-each-ref --format=%(refname)%00%(upstream:short)%00%(objectname)%00%(upstream:track)%00%(upstream:remotename)%00%(upstream:remoteref) refs/heads/main refs/remotes/main [2ms]
2025-01-14 17:01:19.684 [info] > git for-each-ref --sort -committerdate --format %(refname) %(objectname) %(*objectname) [2ms]
2025-01-14 17:01:19.737 [info] > git status -z -uall [58ms]
2025-01-14 17:01:21.477 [info] > git check-ignore -v -z --stdin [8ms]
2025-01-14 17:01:23.062 [info] > git show --textconv :webProj/mylog.log [5ms]
2025-01-14 17:01:23.066 [info] > git ls-files --stage -- /home/uys_1705817/webProj/mylog.log [5ms]
2025-01-14 17:01:23.071 [info] > git cat-file -s 09045fa8b494c6aa098ec5b1661f7be5d6ddc3c6 [1ms]
2025-01-14 17:01:23.183 [info] > git blame --root --incremental 763707af3af88da73075e5f82ec2f0d62dcb9b2a -- /home/uys_1705817/webProj/mylog.log [2ms]
2025-01-14 17:01:24.764 [info] > git config --get commit.template [6ms]
2025-01-14 17:01:24.765 [info] > git for-each-ref --format=%(refname)%00%(upstream:short)%00%(objectname)%00%(upstream:track)%00%(upstream:remotename)%00%(upstream:remoteref) refs/heads/main refs/remotes/main [2ms]
2025-01-14 17:01:24.777 [info] > git for-each-ref --sort -committerdate --format %(refname) %(objectname) %(*objectname) [3ms]
2025-01-14 17:01:24.830 [info] > git status -z -uall [60ms]
2025-01-14 17:01:25.401 [info] > git check-ignore -v -z --stdin [16ms]
2025-01-14 17:01:28.662 [info] > git check-ignore -v -z --stdin [55ms]
2025-01-14 17:01:29.613 [info] > git check-ignore -v -z --stdin [6ms]
2025-01-14 17:01:29.856 [info] > git config --get commit.template [4ms]
2025-01-14 17:01:29.859 [info] > git for-each-ref --format=%(refname)%00%(upstream:short)%00%(objectname)%00%(upstream:track)%00%(upstream:remotename)%00%(upstream:remoteref) refs/heads/main refs/remotes/main [3ms]
2025-01-14 17:01:29.866 [info] > git for-each-ref --sort -committerdate --format %(refname) %(objectname) %(*objectname) [1ms]
2025-01-14 17:01:29.908 [info] > git status -z -uall [46ms]
2025-01-14 17:01:30.088 [info] > git log --format=%H%n%aN%n%aE%n%at%n%ct%n%P%n%D%n%B -z --shortstat --diff-merges=first-parent -n50 --skip=0 --topo-order --decorate=full --stdin [5215ms]
