2025-01-10 12:10:52.059 [info] [Info  - 오후 12:10:52] (139845) Server root directory: file:///home/uys_1705817/.vscode-server/extensions/ms-python.vscode-pylance-2024.12.1/dist
2025-01-10 12:10:52.059 [info] [Info  - 오후 12:10:52] (139845) Pylance language server 2024.12.1 (pyright version 1.1.389, commit ce1325fc) starting
2025-01-10 12:10:52.059 [info] [Info  - 오후 12:10:52] (139845) Starting service instance "uys_1705817"
2025-01-10 12:10:52.086 [info] [Info  - 오후 12:10:52] (139845) Setting environmentName for service "uys_1705817": "3.12.3 (usr venv)"
2025-01-10 12:10:52.086 [info] [Info  - 오후 12:10:52] (139845) Setting pythonPath for service "uys_1705817": "/bin/python3"
2025-01-10 12:10:52.086 [info] [Info  - 오후 12:10:52] (139845) No include entries specified; assuming /home/uys_1705817
2025-01-10 12:10:52.087 [info] [Info  - 오후 12:10:52] (139845) Auto-excluding **/node_modules
2025-01-10 12:10:52.087 [info] [Info  - 오후 12:10:52] (139845) Auto-excluding **/__pycache__
2025-01-10 12:10:52.087 [info] [Info  - 오후 12:10:52] (139845) Auto-excluding **/.*
2025-01-10 12:10:52.107 [info] [Info  - 오후 12:10:52] (139845) Assuming Python version 3.12.3.final.0
2025-01-10 12:10:52.150 [info] [Info  - 오후 12:10:52] (139845) Auto-excluding /home/uys_1705817/flaskProject/venv
2025-01-10 12:10:52.153 [info] [Info  - 오후 12:10:52] (139845) Auto-excluding /home/uys_1705817/sqlProject/venv
2025-01-10 12:10:52.155 [info] [Info  - 오후 12:10:52] (139845) Found 3 source files
2025-01-10 12:10:52.371 [info] [Info  - 오후 12:10:52] (139845) Background analysis(1) root directory: file:///home/uys_1705817/.vscode-server/extensions/ms-python.vscode-pylance-2024.12.1/dist
2025-01-10 12:10:52.372 [info] [Info  - 오후 12:10:52] (139845) Background analysis(1) started
2025-01-10 12:10:52.438 [info] [Info  - 오후 12:10:52] (139845) Indexer background runner(2) root directory: file:///home/uys_1705817/.vscode-server/extensions/ms-python.vscode-pylance-2024.12.1/dist (index)
2025-01-10 12:10:52.438 [info] [Info  - 오후 12:10:52] (139845) Indexing(2) started
2025-01-10 12:10:52.657 [info] [Info  - 오후 12:10:52] (139845) scanned(2) 95 files over 1 exec env
2025-01-10 12:10:52.823 [info] [Info  - 오후 12:10:52] (139845) indexed(2) 95 files over 1 exec env
2025-01-10 12:10:52.848 [info] [Info  - 오후 12:10:52] (139845) Indexing finished(2).
2025-01-10 12:10:56.314 [info] [Info  - 오후 12:10:56] (139845) Setting environmentName for service "uys_1705817": "3.12.3 (usr venv)"
2025-01-10 12:10:56.314 [info] [Info  - 오후 12:10:56] (139845) Setting pythonPath for service "uys_1705817": "/bin/python3"
2025-01-10 12:10:56.314 [info] [Info  - 오후 12:10:56] (139845) No include entries specified; assuming /home/uys_1705817
2025-01-10 12:10:56.314 [info] [Info  - 오후 12:10:56] (139845) Auto-excluding **/node_modules
2025-01-10 12:10:56.315 [info] [Info  - 오후 12:10:56] (139845) Auto-excluding **/__pycache__
2025-01-10 12:10:56.315 [info] [Info  - 오후 12:10:56] (139845) Auto-excluding **/.*
2025-01-10 12:10:56.338 [info] [Info  - 오후 12:10:56] (139845) Assuming Python version 3.12.3.final.0
2025-01-10 12:10:56.375 [info] [Info  - 오후 12:10:56] (139845) Auto-excluding /home/uys_1705817/flaskProject/venv
2025-01-10 12:10:56.377 [info] [Info  - 오후 12:10:56] (139845) Auto-excluding /home/uys_1705817/sqlProject/venv
2025-01-10 12:10:56.378 [info] [Info  - 오후 12:10:56] (139845) Found 3 source files
2025-01-10 12:10:56.671 [info] [Info  - 오후 12:10:56] (139845) Indexer background runner(3) root directory: file:///home/uys_1705817/.vscode-server/extensions/ms-python.vscode-pylance-2024.12.1/dist (index)
2025-01-10 12:10:56.671 [info] [Info  - 오후 12:10:56] (139845) Indexing(3) started
2025-01-10 12:10:56.868 [info] [Info  - 오후 12:10:56] (139845) scanned(3) 95 files over 1 exec env
2025-01-10 12:10:57.021 [info] [Info  - 오후 12:10:57] (139845) indexed(3) 95 files over 1 exec env
2025-01-10 12:10:57.046 [info] [Info  - 오후 12:10:57] (139845) Indexing finished(3).
2025-01-10 12:11:02.268 [info] (Client) The existing extension didn't exit within 10 seconds. New instance will start, but you might encounter issues.
2025-01-10 12:11:02.268 [info] (Client) Pylance async client (2024.12.1) started with python extension (2024.22.2)
