2025-01-02 12:18:10.938 [info] Extension host with pid 3123418 started
2025-01-02 12:18:10.958 [info] Lock '/home/uys_1705817/.vscode-server/data/User/workspaceStorage/6dff1d9e4f3f3db8febece5da615bae2/vscode.lock': Lock acquired.
2025-01-02 12:18:11.194 [info] Eager extensions activated
2025-01-02 12:18:24.333 [info] ExtensionService#_doActivateExtension vscode.debug-auto-launch, startup: false, activationEvent: 'onStartupFinished'
2025-01-02 12:18:24.335 [info] ExtensionService#_doActivateExtension vscode.git-base, startup: false, activationEvent: '*', root cause: vscode.git
2025-01-02 12:18:24.335 [info] ExtensionService#_doActivateExtension vscode.merge-conflict, startup: false, activationEvent: 'onStartupFinished'
2025-01-02 12:18:24.523 [info] ExtensionService#_doActivateExtension vscode.git, startup: false, activationEvent: '*'
2025-01-02 12:18:24.523 [info] ExtensionService#_doActivateExtension vscode.github, startup: false, activationEvent: '*'
2025-01-02 12:28:03.283 [warning] [Decorations] CAPPING events from decorations provider vscode.git 1726
2025-01-02 12:28:03.300 [info] ExtensionService#_doActivateExtension vscode.emmet, startup: false, activationEvent: 'onLanguage'
2025-01-02 12:28:03.509 [warning] [Decorations] CAPPING events from decorations provider vscode.git 1726
2025-01-02 12:28:06.454 [warning] [Decorations] CAPPING events from decorations provider vscode.git 1726
2025-01-02 12:28:07.462 [error] Error: Failed to execute git
	at t.Git._exec (/home/uys_1705817/.vscode-server/cli/servers/Stable-138f619c86f1199955d53b4166bef66ef252935c/server/extensions/git/dist/main.js:2:929600)
	at process.processTicksAndRejections (node:internal/process/task_queues:95:5)
	at async t.Git.exec (/home/uys_1705817/.vscode-server/cli/servers/Stable-138f619c86f1199955d53b4166bef66ef252935c/server/extensions/git/dist/main.js:2:928668)
	at async W.exec (/home/uys_1705817/.vscode-server/cli/servers/Stable-138f619c86f1199955d53b4166bef66ef252935c/server/extensions/git/dist/main.js:2:934196)
	at async W.handleCommitError (/home/uys_1705817/.vscode-server/cli/servers/Stable-138f619c86f1199955d53b4166bef66ef252935c/server/extensions/git/dist/main.js:2:942181)
	at async W.commit (/home/uys_1705817/.vscode-server/cli/servers/Stable-138f619c86f1199955d53b4166bef66ef252935c/server/extensions/git/dist/main.js:2:941691)
	at async /home/uys_1705817/.vscode-server/cli/servers/Stable-138f619c86f1199955d53b4166bef66ef252935c/server/extensions/git/dist/main.js:2:1044213
	at async O.retryRun (/home/uys_1705817/.vscode-server/cli/servers/Stable-138f619c86f1199955d53b4166bef66ef252935c/server/extensions/git/dist/main.js:2:1059439)
	at async O.run (/home/uys_1705817/.vscode-server/cli/servers/Stable-138f619c86f1199955d53b4166bef66ef252935c/server/extensions/git/dist/main.js:2:1059043)
	at async O.commit (/home/uys_1705817/.vscode-server/cli/servers/Stable-138f619c86f1199955d53b4166bef66ef252935c/server/extensions/git/dist/main.js:2:1043895)
	at async /home/uys_1705817/.vscode-server/cli/servers/Stable-138f619c86f1199955d53b4166bef66ef252935c/server/extensions/github/dist/extension.js:2:317836
2025-01-02 12:28:24.175 [warning] [Decorations] CAPPING events from decorations provider vscode.git 1726
2025-01-02 12:28:29.447 [warning] [Decorations] CAPPING events from decorations provider vscode.git 1726
2025-01-02 12:28:34.456 [warning] [Decorations] CAPPING events from decorations provider vscode.git 1726
2025-01-02 12:28:39.498 [warning] [Decorations] CAPPING events from decorations provider vscode.git 1726
2025-01-02 12:28:44.541 [warning] [Decorations] CAPPING events from decorations provider vscode.git 1726
2025-01-02 12:28:49.588 [warning] [Decorations] CAPPING events from decorations provider vscode.git 1726
2025-01-02 12:28:52.475 [warning] [Decorations] CAPPING events from decorations provider vscode.git 1726
2025-01-02 12:29:07.124 [warning] [Decorations] CAPPING events from decorations provider vscode.git 1726
2025-01-02 12:29:12.172 [warning] [Decorations] CAPPING events from decorations provider vscode.git 1726
2025-01-02 12:29:17.216 [warning] [Decorations] CAPPING events from decorations provider vscode.git 1726
2025-01-02 12:29:22.261 [warning] [Decorations] CAPPING events from decorations provider vscode.git 1726
2025-01-02 12:29:27.305 [warning] [Decorations] CAPPING events from decorations provider vscode.git 1726
2025-01-02 12:29:32.346 [warning] [Decorations] CAPPING events from decorations provider vscode.git 1726
2025-01-02 12:29:37.390 [warning] [Decorations] CAPPING events from decorations provider vscode.git 1726
2025-01-02 12:29:39.706 [warning] [Decorations] CAPPING events from decorations provider vscode.git 1726
2025-01-02 12:29:47.839 [warning] [Decorations] CAPPING events from decorations provider vscode.git 1726
2025-01-02 12:29:52.883 [warning] [Decorations] CAPPING events from decorations provider vscode.git 1726
2025-01-02 12:29:57.927 [warning] [Decorations] CAPPING events from decorations provider vscode.git 1726
2025-01-02 12:30:02.968 [warning] [Decorations] CAPPING events from decorations provider vscode.git 1726
2025-01-02 12:30:08.010 [warning] [Decorations] CAPPING events from decorations provider vscode.git 1726
2025-01-02 12:30:13.053 [warning] [Decorations] CAPPING events from decorations provider vscode.git 1726
2025-01-02 12:30:18.094 [warning] [Decorations] CAPPING events from decorations provider vscode.git 1726
2025-01-02 12:31:08.389 [warning] [Decorations] CAPPING events from decorations provider vscode.git 1726
2025-01-02 12:31:13.434 [warning] [Decorations] CAPPING events from decorations provider vscode.git 1726
2025-01-02 12:31:18.481 [warning] [Decorations] CAPPING events from decorations provider vscode.git 1726
2025-01-02 12:31:23.524 [warning] [Decorations] CAPPING events from decorations provider vscode.git 1726
2025-01-02 12:46:32.993 [warning] [Decorations] CAPPING events from decorations provider vscode.git 1726
2025-01-02 12:46:37.997 [warning] [Decorations] CAPPING events from decorations provider vscode.git 1726
2025-01-02 12:46:43.040 [warning] [Decorations] CAPPING events from decorations provider vscode.git 1726
2025-01-02 12:46:48.082 [warning] [Decorations] CAPPING events from decorations provider vscode.git 1726
2025-01-02 12:46:53.125 [warning] [Decorations] CAPPING events from decorations provider vscode.git 1726
2025-01-02 12:46:58.168 [warning] [Decorations] CAPPING events from decorations provider vscode.git 1726
2025-01-02 12:47:03.210 [warning] [Decorations] CAPPING events from decorations provider vscode.git 1726
2025-01-02 12:47:08.254 [warning] [Decorations] CAPPING events from decorations provider vscode.git 1726
2025-01-02 12:47:13.296 [warning] [Decorations] CAPPING events from decorations provider vscode.git 1726
2025-01-02 12:47:18.339 [warning] [Decorations] CAPPING events from decorations provider vscode.git 1726
2025-01-02 12:47:23.382 [warning] [Decorations] CAPPING events from decorations provider vscode.git 1726
2025-01-02 12:47:28.436 [warning] [Decorations] CAPPING events from decorations provider vscode.git 1726
2025-01-02 12:47:33.477 [warning] [Decorations] CAPPING events from decorations provider vscode.git 1726
2025-01-02 12:47:38.515 [warning] [Decorations] CAPPING events from decorations provider vscode.git 1726
2025-01-02 12:47:43.560 [warning] [Decorations] CAPPING events from decorations provider vscode.git 1726
2025-01-02 12:47:48.602 [warning] [Decorations] CAPPING events from decorations provider vscode.git 1726
2025-01-02 12:47:53.643 [warning] [Decorations] CAPPING events from decorations provider vscode.git 1726
2025-01-02 12:47:58.684 [warning] [Decorations] CAPPING events from decorations provider vscode.git 1726
2025-01-02 12:48:03.725 [warning] [Decorations] CAPPING events from decorations provider vscode.git 1726
2025-01-02 12:48:08.766 [warning] [Decorations] CAPPING events from decorations provider vscode.git 1726
2025-01-02 12:48:13.808 [warning] [Decorations] CAPPING events from decorations provider vscode.git 1726
2025-01-02 12:48:18.850 [warning] [Decorations] CAPPING events from decorations provider vscode.git 1726
2025-01-02 12:48:23.900 [warning] [Decorations] CAPPING events from decorations provider vscode.git 1726
2025-01-02 12:48:28.945 [warning] [Decorations] CAPPING events from decorations provider vscode.git 1726
2025-01-02 12:48:33.984 [warning] [Decorations] CAPPING events from decorations provider vscode.git 1726
2025-01-02 12:48:39.027 [warning] [Decorations] CAPPING events from decorations provider vscode.git 1726
2025-01-02 12:48:44.069 [warning] [Decorations] CAPPING events from decorations provider vscode.git 1726
2025-01-02 12:48:49.124 [warning] [Decorations] CAPPING events from decorations provider vscode.git 1726
2025-01-02 12:48:54.168 [warning] [Decorations] CAPPING events from decorations provider vscode.git 1726
2025-01-02 12:48:59.208 [warning] [Decorations] CAPPING events from decorations provider vscode.git 1726
2025-01-02 12:49:04.251 [warning] [Decorations] CAPPING events from decorations provider vscode.git 1726
2025-01-02 12:49:09.295 [warning] [Decorations] CAPPING events from decorations provider vscode.git 1726
2025-01-02 12:49:14.337 [warning] [Decorations] CAPPING events from decorations provider vscode.git 1726
2025-01-02 12:49:19.383 [warning] [Decorations] CAPPING events from decorations provider vscode.git 2615
2025-01-02 12:49:24.430 [warning] [Decorations] CAPPING events from decorations provider vscode.git 2740
2025-01-02 12:49:29.474 [warning] [Decorations] CAPPING events from decorations provider vscode.git 2740
2025-01-02 12:49:33.057 [warning] [Decorations] CAPPING events from decorations provider vscode.git 2740
2025-01-02 12:49:34.521 [warning] [Decorations] CAPPING events from decorations provider vscode.git 2740
2025-01-02 12:49:39.571 [warning] [Decorations] CAPPING events from decorations provider vscode.git 2740
2025-01-02 12:49:44.620 [warning] [Decorations] CAPPING events from decorations provider vscode.git 2740
2025-01-02 12:49:49.669 [warning] [Decorations] CAPPING events from decorations provider vscode.git 2740
2025-01-02 12:49:54.720 [warning] [Decorations] CAPPING events from decorations provider vscode.git 2740
2025-01-02 12:49:59.770 [warning] [Decorations] CAPPING events from decorations provider vscode.git 2740
2025-01-02 12:50:04.813 [warning] [Decorations] CAPPING events from decorations provider vscode.git 2740
2025-01-02 12:50:09.865 [warning] [Decorations] CAPPING events from decorations provider vscode.git 2740
2025-01-02 12:50:14.916 [warning] [Decorations] CAPPING events from decorations provider vscode.git 2740
2025-01-02 12:50:19.964 [warning] [Decorations] CAPPING events from decorations provider vscode.git 2740
2025-01-02 12:50:25.011 [warning] [Decorations] CAPPING events from decorations provider vscode.git 2740
2025-01-02 12:50:30.065 [warning] [Decorations] CAPPING events from decorations provider vscode.git 2740
2025-01-02 12:50:35.118 [warning] [Decorations] CAPPING events from decorations provider vscode.git 2740
2025-01-02 12:50:40.168 [warning] [Decorations] CAPPING events from decorations provider vscode.git 2740
2025-01-02 12:50:45.219 [warning] [Decorations] CAPPING events from decorations provider vscode.git 2740
2025-01-02 12:50:50.273 [warning] [Decorations] CAPPING events from decorations provider vscode.git 2740
2025-01-02 12:50:55.322 [warning] [Decorations] CAPPING events from decorations provider vscode.git 2740
2025-01-02 12:51:00.374 [warning] [Decorations] CAPPING events from decorations provider vscode.git 2740
2025-01-02 12:51:05.424 [warning] [Decorations] CAPPING events from decorations provider vscode.git 2740
2025-01-02 12:51:10.476 [warning] [Decorations] CAPPING events from decorations provider vscode.git 2740
2025-01-02 12:51:15.525 [warning] [Decorations] CAPPING events from decorations provider vscode.git 2740
2025-01-02 12:51:20.576 [warning] [Decorations] CAPPING events from decorations provider vscode.git 2740
2025-01-02 12:51:25.626 [warning] [Decorations] CAPPING events from decorations provider vscode.git 2740
2025-01-02 12:51:30.682 [warning] [Decorations] CAPPING events from decorations provider vscode.git 2740
2025-01-02 12:51:35.734 [warning] [Decorations] CAPPING events from decorations provider vscode.git 2740
2025-01-02 12:51:40.782 [warning] [Decorations] CAPPING events from decorations provider vscode.git 2740
2025-01-02 12:51:45.833 [warning] [Decorations] CAPPING events from decorations provider vscode.git 2740
2025-01-02 12:51:50.879 [warning] [Decorations] CAPPING events from decorations provider vscode.git 2740
2025-01-02 12:51:55.930 [warning] [Decorations] CAPPING events from decorations provider vscode.git 2740
2025-01-02 12:52:00.983 [warning] [Decorations] CAPPING events from decorations provider vscode.git 2740
2025-01-02 12:52:06.035 [warning] [Decorations] CAPPING events from decorations provider vscode.git 2740
2025-01-02 12:52:11.085 [warning] [Decorations] CAPPING events from decorations provider vscode.git 2740
2025-01-02 12:52:16.135 [warning] [Decorations] CAPPING events from decorations provider vscode.git 2740
2025-01-02 12:52:21.187 [warning] [Decorations] CAPPING events from decorations provider vscode.git 2740
2025-01-02 12:52:26.239 [warning] [Decorations] CAPPING events from decorations provider vscode.git 2740
2025-01-02 12:52:31.288 [warning] [Decorations] CAPPING events from decorations provider vscode.git 2740
2025-01-02 12:52:33.117 [warning] [Decorations] CAPPING events from decorations provider vscode.git 2740
2025-01-02 12:52:36.337 [warning] [Decorations] CAPPING events from decorations provider vscode.git 2740
2025-01-02 12:52:41.391 [warning] [Decorations] CAPPING events from decorations provider vscode.git 2740
2025-01-02 12:52:46.443 [warning] [Decorations] CAPPING events from decorations provider vscode.git 2740
2025-01-02 12:52:51.494 [warning] [Decorations] CAPPING events from decorations provider vscode.git 2740
2025-01-02 12:52:56.544 [warning] [Decorations] CAPPING events from decorations provider vscode.git 2740
2025-01-02 12:53:01.596 [warning] [Decorations] CAPPING events from decorations provider vscode.git 2740
2025-01-02 12:53:06.644 [warning] [Decorations] CAPPING events from decorations provider vscode.git 2740
2025-01-02 12:53:11.693 [warning] [Decorations] CAPPING events from decorations provider vscode.git 2740
2025-01-02 12:53:16.743 [warning] [Decorations] CAPPING events from decorations provider vscode.git 2758
2025-01-02 12:53:21.798 [warning] [Decorations] CAPPING events from decorations provider vscode.git 3099
2025-01-02 12:53:26.857 [warning] [Decorations] CAPPING events from decorations provider vscode.git 3099
2025-01-02 12:53:31.913 [warning] [Decorations] CAPPING events from decorations provider vscode.git 3099
2025-01-02 12:53:36.969 [warning] [Decorations] CAPPING events from decorations provider vscode.git 3099
2025-01-02 12:53:42.021 [warning] [Decorations] CAPPING events from decorations provider vscode.git 3099
2025-01-02 12:53:47.078 [warning] [Decorations] CAPPING events from decorations provider vscode.git 3099
2025-01-02 12:53:52.131 [warning] [Decorations] CAPPING events from decorations provider vscode.git 3099
2025-01-02 12:53:57.189 [warning] [Decorations] CAPPING events from decorations provider vscode.git 3099
2025-01-02 12:54:02.244 [warning] [Decorations] CAPPING events from decorations provider vscode.git 3099
2025-01-02 12:54:07.300 [warning] [Decorations] CAPPING events from decorations provider vscode.git 3099
2025-01-02 12:54:12.351 [warning] [Decorations] CAPPING events from decorations provider vscode.git 3099
2025-01-02 12:54:17.409 [warning] [Decorations] CAPPING events from decorations provider vscode.git 3099
2025-01-02 12:55:20.365 [warning] [Decorations] CAPPING events from decorations provider vscode.git 3099
2025-01-02 12:55:25.424 [warning] [Decorations] CAPPING events from decorations provider vscode.git 3099
2025-01-02 12:55:30.498 [warning] [Decorations] CAPPING events from decorations provider vscode.git 3099
2025-01-02 12:55:33.183 [warning] [Decorations] CAPPING events from decorations provider vscode.git 3099
2025-01-02 12:55:35.554 [warning] [Decorations] CAPPING events from decorations provider vscode.git 3099
2025-01-02 12:55:40.613 [warning] [Decorations] CAPPING events from decorations provider vscode.git 3099
2025-01-02 12:55:45.667 [warning] [Decorations] CAPPING events from decorations provider vscode.git 3099
2025-01-02 12:55:50.721 [warning] [Decorations] CAPPING events from decorations provider vscode.git 3099
2025-01-02 12:55:55.777 [warning] [Decorations] CAPPING events from decorations provider vscode.git 3099
2025-01-02 12:56:00.830 [warning] [Decorations] CAPPING events from decorations provider vscode.git 3100
2025-01-02 12:56:05.885 [warning] [Decorations] CAPPING events from decorations provider vscode.git 3100
2025-01-02 12:56:10.940 [warning] [Decorations] CAPPING events from decorations provider vscode.git 3100
2025-01-02 12:56:15.993 [warning] [Decorations] CAPPING events from decorations provider vscode.git 3100
2025-01-02 12:56:21.049 [warning] [Decorations] CAPPING events from decorations provider vscode.git 3100
2025-01-02 12:56:26.102 [warning] [Decorations] CAPPING events from decorations provider vscode.git 3100
2025-01-02 12:56:31.157 [warning] [Decorations] CAPPING events from decorations provider vscode.git 3100
2025-01-02 12:56:36.220 [warning] [Decorations] CAPPING events from decorations provider vscode.git 3100
2025-01-02 12:56:41.274 [warning] [Decorations] CAPPING events from decorations provider vscode.git 3100
2025-01-02 12:56:46.330 [warning] [Decorations] CAPPING events from decorations provider vscode.git 3100
2025-01-02 12:56:51.386 [warning] [Decorations] CAPPING events from decorations provider vscode.git 3100
2025-01-02 13:01:28.337 [info] ExtensionService#_doActivateExtension ms-python.python, startup: false, activationEvent: 'onWalkthrough:pythonWelcome'
2025-01-02 13:01:28.586 [warning] Using default string since no string found in i18n bundle that has the key: Source map support is enabled in the Python Extension, this will adversely impact performance of the extension.
2025-01-02 13:01:28.586 [warning] Using default string since no string found in i18n bundle that has the key: Disable Source Map Support
2025-01-02 13:01:28.586 [warning] Using default string since no string found in i18n bundle that has the key: Enabling source map support in the Python Extension will adversely impact performance of the extension.
2025-01-02 13:01:28.586 [warning] Using default string since no string found in i18n bundle that has the key: Enable and reload Window.
2025-01-02 13:01:28.586 [warning] Using default string since no string found in i18n bundle that has the key: ▶ Launch TensorBoard Session
2025-01-02 13:01:28.586 [warning] Using default string since no string found in i18n bundle that has the key: Launch TensorBoard session
2025-01-02 13:01:28.909 [info] ExtensionService#_doActivateExtension ms-python.debugpy, startup: false, activationEvent: 'onLanguage:python'
2025-01-02 13:01:28.909 [info] ExtensionService#_doActivateExtension ms-python.vscode-pylance, startup: false, activationEvent: 'onLanguage:python'
2025-01-02 13:03:28.785 [info] ExtensionService#_doActivateExtension vscode.npm, startup: false, activationEvent: 'onTerminalQuickFixRequest:ms-vscode.npm-command'
2025-01-02 13:03:34.291 [info] ExtensionService#_doActivateExtension vscode.configuration-editing, startup: false, activationEvent: 'onLanguage:json'
2025-01-02 13:03:34.292 [info] ExtensionService#_doActivateExtension vscode.extension-editing, startup: false, activationEvent: 'onLanguage:json'
2025-01-02 13:03:34.292 [info] ExtensionService#_doActivateExtension vscode.json-language-features, startup: false, activationEvent: 'onLanguage:json'
2025-01-02 13:04:00.809 [info] ExtensionService#_doActivateExtension vscode.tunnel-forwarding, startup: false, activationEvent: 'onTunnel'
2025-01-02 13:04:45.801 [warning] [Decorations] CAPPING events from decorations provider vscode.git 11333
2025-01-02 13:04:48.219 [warning] [Decorations] CAPPING events from decorations provider vscode.git 10001
2025-01-02 13:07:45.996 [warning] [Decorations] CAPPING events from decorations provider vscode.git 10034
2025-01-02 13:07:49.008 [warning] [Decorations] CAPPING events from decorations provider vscode.git 10001
2025-01-02 13:10:25.423 [warning] [Decorations] CAPPING events from decorations provider vscode.git 10001
2025-01-02 13:10:46.160 [warning] [Decorations] CAPPING events from decorations provider vscode.git 10001
2025-01-02 13:13:46.325 [warning] [Decorations] CAPPING events from decorations provider vscode.git 10001
2025-01-02 13:14:35.866 [warning] [Decorations] CAPPING events from decorations provider vscode.git 11721
2025-01-02 13:14:36.574 [warning] [Decorations] CAPPING events from decorations provider vscode.git 10001
2025-01-02 13:14:41.445 [warning] [Decorations] CAPPING events from decorations provider vscode.git 1726
