2025-01-14 11:44:53.867 [info] [main] 로그 수준: Info
2025-01-14 11:44:53.867 [info] [main] "git"에서 찾은 git 유효성을 검사하는 중
2025-01-14 11:44:53.867 [info] [main] "2.43.0"에서 git "git"을(를) 사용하는 중
2025-01-14 11:44:53.867 [info] [Model][doInitialScan] Initial repository scan started
2025-01-14 11:44:53.867 [info] > git rev-parse --show-toplevel [2ms]
2025-01-14 11:44:53.867 [info] > git rev-parse --git-dir --git-common-dir [2ms]
2025-01-14 11:44:53.867 [info] [Model][openRepository] Opened repository: /home/uys_1705817
2025-01-14 11:44:53.867 [info] > git rev-parse --show-toplevel [2ms]
2025-01-14 11:44:53.867 [info] > git config --get commit.template [6ms]
2025-01-14 11:44:53.867 [info] > git rev-parse --show-toplevel [5ms]
2025-01-14 11:44:53.867 [info] > git for-each-ref --format=%(refname)%00%(upstream:short)%00%(objectname)%00%(upstream:track)%00%(upstream:remotename)%00%(upstream:remoteref) refs/heads/main refs/remotes/main [1ms]
2025-01-14 11:44:53.867 [info] > git rev-parse --show-toplevel [10ms]
2025-01-14 11:44:53.867 [info] > git for-each-ref --sort -committerdate --format %(refname) %(objectname) %(*objectname) [5ms]
2025-01-14 11:44:53.867 [info] > git rev-parse --show-toplevel [2ms]
2025-01-14 11:44:53.867 [info] > git rev-parse --show-toplevel [2ms]
2025-01-14 11:44:53.872 [info] > git rev-parse --show-toplevel [2ms]
2025-01-14 11:44:53.882 [info] > git rev-parse --show-toplevel [6ms]
2025-01-14 11:44:53.889 [info] > git rev-parse --show-toplevel [3ms]
2025-01-14 11:44:53.895 [info] > git rev-parse --show-toplevel [2ms]
2025-01-14 11:44:53.901 [info] > git rev-parse --show-toplevel [1ms]
2025-01-14 11:44:53.905 [info] > git status -z -uall [56ms]
2025-01-14 11:44:53.926 [info] > git for-each-ref --format=%(refname)%00%(upstream:short)%00%(objectname)%00%(upstream:track)%00%(upstream:remotename)%00%(upstream:remoteref) refs/heads/main refs/remotes/main [14ms]
2025-01-14 11:44:53.930 [info] > git rev-parse --show-toplevel [26ms]
2025-01-14 11:44:53.932 [info] [Model][doInitialScan] Initial repository scan completed - repositories (1), closed repositories (0), parent repositories (0), unsafe repositories (0)
2025-01-14 11:44:53.962 [info] > git config --local branch.main.vscode-merge-base [32ms]
2025-01-14 11:44:53.962 [warning] [Git][config] git config failed: Failed to execute git
2025-01-14 11:44:53.966 [info] > git config --get commit.template [41ms]
2025-01-14 11:44:53.976 [info] > git reflog main --grep-reflog=branch: Created from *. [10ms]
2025-01-14 11:44:53.980 [info] > git for-each-ref --format=%(refname)%00%(upstream:short)%00%(objectname)%00%(upstream:track)%00%(upstream:remotename)%00%(upstream:remoteref) refs/heads/main refs/remotes/main [5ms]
2025-01-14 11:44:53.989 [info] > git symbolic-ref --short refs/remotes/origin/HEAD [10ms]
2025-01-14 11:44:53.989 [info] fatal: ref refs/remotes/origin/HEAD is not a symbolic ref
2025-01-14 11:44:53.989 [warning] [Repository][getDefaultBranch] Failed to get default branch details: Failed to execute git.
2025-01-14 11:44:53.995 [info] > git for-each-ref --sort -committerdate --format %(refname) %(objectname) %(*objectname) [6ms]
2025-01-14 11:44:53.997 [info] > git merge-base refs/heads/main refs/remotes/origin/main [2ms]
2025-01-14 11:44:54.003 [info] > git diff --name-status -z --diff-filter=ADMR 33a660234616d4f08324249bc0c5d52774172fb0...refs/remotes/origin/main [2ms]
2025-01-14 11:44:54.037 [info] > git status -z -uall [52ms]
2025-01-14 11:44:54.221 [info] > git show --textconv :webProj/mylog.log [13ms]
2025-01-14 11:44:54.221 [info] > git ls-files --stage -- /home/uys_1705817/webProj/mylog.log [9ms]
2025-01-14 11:44:54.224 [info] > git cat-file -s f9401c3fe04500405237d587c364db4bbf51027d [1ms]
2025-01-14 11:44:54.298 [info] > git blame --root --incremental 33a660234616d4f08324249bc0c5d52774172fb0 -- /home/uys_1705817/webProj/mylog.log [3ms]
2025-01-14 11:44:54.375 [info] > git fetch [558ms]
2025-01-14 11:44:54.384 [info] > git config --get commit.template [5ms]
2025-01-14 11:44:54.391 [info] > git for-each-ref --format=%(refname)%00%(upstream:short)%00%(objectname)%00%(upstream:track)%00%(upstream:remotename)%00%(upstream:remoteref) refs/heads/main refs/remotes/main [3ms]
2025-01-14 11:44:54.403 [info] > git for-each-ref --sort -committerdate --format %(refname) %(objectname) %(*objectname) [3ms]
2025-01-14 11:44:54.417 [info] > git check-ignore -v -z --stdin [34ms]
2025-01-14 11:44:54.447 [info] > git status -z -uall [50ms]
2025-01-14 11:45:28.298 [info] > git config --get commit.template [6ms]
2025-01-14 11:45:28.299 [info] > git for-each-ref --format=%(refname)%00%(upstream:short)%00%(objectname)%00%(upstream:track)%00%(upstream:remotename)%00%(upstream:remoteref) refs/heads/main refs/remotes/main [1ms]
2025-01-14 11:45:28.310 [info] > git for-each-ref --sort -committerdate --format %(refname) %(objectname) %(*objectname) [3ms]
2025-01-14 11:45:28.338 [info] > git ls-files --stage -- /home/uys_1705817/webProj/mylog.log [6ms]
2025-01-14 11:45:28.345 [info] > git cat-file -s f9401c3fe04500405237d587c364db4bbf51027d [3ms]
2025-01-14 11:45:28.354 [info] > git status -z -uall [51ms]
2025-01-14 11:45:28.411 [info] > git show --textconv :webProj/mylog.log [6ms]
2025-01-14 11:45:33.365 [info] > git config --get commit.template [4ms]
2025-01-14 11:45:33.367 [info] > git for-each-ref --format=%(refname)%00%(upstream:short)%00%(objectname)%00%(upstream:track)%00%(upstream:remotename)%00%(upstream:remoteref) refs/heads/main refs/remotes/main [2ms]
2025-01-14 11:45:33.378 [info] > git for-each-ref --sort -committerdate --format %(refname) %(objectname) %(*objectname) [2ms]
2025-01-14 11:45:33.422 [info] > git status -z -uall [50ms]
2025-01-14 11:45:50.381 [info] > git config --get commit.template [6ms]
2025-01-14 11:45:50.382 [info] > git for-each-ref --format=%(refname)%00%(upstream:short)%00%(objectname)%00%(upstream:track)%00%(upstream:remotename)%00%(upstream:remoteref) refs/heads/main refs/remotes/main [2ms]
2025-01-14 11:45:50.394 [info] > git for-each-ref --sort -committerdate --format %(refname) %(objectname) %(*objectname) [4ms]
2025-01-14 11:45:50.438 [info] > git status -z -uall [52ms]
2025-01-14 11:46:21.413 [info] > git config --get commit.template [6ms]
2025-01-14 11:46:21.414 [info] > git for-each-ref --format=%(refname)%00%(upstream:short)%00%(objectname)%00%(upstream:track)%00%(upstream:remotename)%00%(upstream:remoteref) refs/heads/main refs/remotes/main [2ms]
2025-01-14 11:46:21.425 [info] > git for-each-ref --sort -committerdate --format %(refname) %(objectname) %(*objectname) [1ms]
2025-01-14 11:46:21.473 [info] > git status -z -uall [53ms]
2025-01-14 11:46:45.491 [info] > git config --get commit.template [5ms]
2025-01-14 11:46:45.491 [info] > git for-each-ref --format=%(refname)%00%(upstream:short)%00%(objectname)%00%(upstream:track)%00%(upstream:remotename)%00%(upstream:remoteref) refs/heads/main refs/remotes/main [1ms]
2025-01-14 11:46:45.505 [info] > git for-each-ref --sort -committerdate --format %(refname) %(objectname) %(*objectname) [3ms]
2025-01-14 11:46:45.549 [info] > git status -z -uall [52ms]
2025-01-14 11:49:15.324 [info] > git config --get commit.template [4ms]
2025-01-14 11:49:15.325 [info] > git for-each-ref --format=%(refname)%00%(upstream:short)%00%(objectname)%00%(upstream:track)%00%(upstream:remotename)%00%(upstream:remoteref) refs/heads/main refs/remotes/main [2ms]
2025-01-14 11:49:15.337 [info] > git for-each-ref --sort -committerdate --format %(refname) %(objectname) %(*objectname) [3ms]
2025-01-14 11:49:15.383 [info] > git status -z -uall [53ms]
2025-01-14 11:49:15.872 [info] > git fetch [557ms]
2025-01-14 11:49:15.882 [info] > git config --get commit.template [4ms]
2025-01-14 11:49:15.883 [info] > git for-each-ref --format=%(refname)%00%(upstream:short)%00%(objectname)%00%(upstream:track)%00%(upstream:remotename)%00%(upstream:remoteref) refs/heads/main refs/remotes/main [2ms]
2025-01-14 11:49:15.896 [info] > git for-each-ref --sort -committerdate --format %(refname) %(objectname) %(*objectname) [3ms]
2025-01-14 11:49:15.939 [info] > git status -z -uall [51ms]
2025-01-14 11:49:17.244 [info] > git ls-files --stage -- /home/uys_1705817/webProj/mylog.log [5ms]
2025-01-14 11:49:17.249 [info] > git cat-file -s f9401c3fe04500405237d587c364db4bbf51027d [1ms]
2025-01-14 11:49:17.306 [info] > git show --textconv :webProj/mylog.log [6ms]
2025-01-14 11:49:20.400 [info] > git config --get commit.template [6ms]
2025-01-14 11:49:20.400 [info] > git for-each-ref --format=%(refname)%00%(upstream:short)%00%(objectname)%00%(upstream:track)%00%(upstream:remotename)%00%(upstream:remoteref) refs/heads/main refs/remotes/main [1ms]
2025-01-14 11:49:20.413 [info] > git for-each-ref --sort -committerdate --format %(refname) %(objectname) %(*objectname) [3ms]
2025-01-14 11:49:20.457 [info] > git status -z -uall [52ms]
2025-01-14 11:49:25.472 [info] > git config --get commit.template [5ms]
2025-01-14 11:49:25.473 [info] > git for-each-ref --format=%(refname)%00%(upstream:short)%00%(objectname)%00%(upstream:track)%00%(upstream:remotename)%00%(upstream:remoteref) refs/heads/main refs/remotes/main [2ms]
2025-01-14 11:49:25.484 [info] > git for-each-ref --sort -committerdate --format %(refname) %(objectname) %(*objectname) [2ms]
2025-01-14 11:49:25.530 [info] > git status -z -uall [51ms]
2025-01-14 11:50:01.583 [info] > git config --get commit.template [2ms]
2025-01-14 11:50:01.588 [info] > git for-each-ref --format=%(refname)%00%(upstream:short)%00%(objectname)%00%(upstream:track)%00%(upstream:remotename)%00%(upstream:remoteref) refs/heads/main refs/remotes/main [2ms]
2025-01-14 11:50:01.599 [info] > git for-each-ref --sort -committerdate --format %(refname) %(objectname) %(*objectname) [2ms]
2025-01-14 11:50:01.646 [info] > git status -z -uall [54ms]
2025-01-14 11:50:31.597 [info] > git config --get commit.template [3ms]
2025-01-14 11:50:31.598 [info] > git for-each-ref --format=%(refname)%00%(upstream:short)%00%(objectname)%00%(upstream:track)%00%(upstream:remotename)%00%(upstream:remoteref) refs/heads/main refs/remotes/main [1ms]
2025-01-14 11:50:31.608 [info] > git for-each-ref --sort -committerdate --format %(refname) %(objectname) %(*objectname) [1ms]
2025-01-14 11:50:31.655 [info] > git status -z -uall [52ms]
2025-01-14 11:50:41.616 [info] > git config --get commit.template [5ms]
2025-01-14 11:50:41.619 [info] > git for-each-ref --format=%(refname)%00%(upstream:short)%00%(objectname)%00%(upstream:track)%00%(upstream:remotename)%00%(upstream:remoteref) refs/heads/main refs/remotes/main [3ms]
2025-01-14 11:50:41.631 [info] > git for-each-ref --sort -committerdate --format %(refname) %(objectname) %(*objectname) [3ms]
2025-01-14 11:50:41.676 [info] > git status -z -uall [52ms]
2025-01-14 11:51:19.721 [info] > git config --get commit.template [1ms]
2025-01-14 11:51:19.727 [info] > git for-each-ref --format=%(refname)%00%(upstream:short)%00%(objectname)%00%(upstream:track)%00%(upstream:remotename)%00%(upstream:remoteref) refs/heads/main refs/remotes/main [3ms]
2025-01-14 11:51:19.737 [info] > git for-each-ref --sort -committerdate --format %(refname) %(objectname) %(*objectname) [1ms]
2025-01-14 11:51:19.782 [info] > git status -z -uall [51ms]
2025-01-14 11:52:14.677 [info] > git config --get commit.template [1ms]
2025-01-14 11:52:14.683 [info] > git for-each-ref --format=%(refname)%00%(upstream:short)%00%(objectname)%00%(upstream:track)%00%(upstream:remotename)%00%(upstream:remoteref) refs/heads/main refs/remotes/main [2ms]
2025-01-14 11:52:14.694 [info] > git for-each-ref --sort -committerdate --format %(refname) %(objectname) %(*objectname) [2ms]
2025-01-14 11:52:14.740 [info] > git status -z -uall [53ms]
2025-01-14 11:52:16.599 [info] > git fetch [651ms]
2025-01-14 11:52:16.611 [info] > git config --get commit.template [5ms]
2025-01-14 11:52:16.612 [info] > git for-each-ref --format=%(refname)%00%(upstream:short)%00%(objectname)%00%(upstream:track)%00%(upstream:remotename)%00%(upstream:remoteref) refs/heads/main refs/remotes/main [2ms]
2025-01-14 11:52:16.624 [info] > git for-each-ref --sort -committerdate --format %(refname) %(objectname) %(*objectname) [3ms]
2025-01-14 11:52:16.669 [info] > git status -z -uall [52ms]
2025-01-14 11:52:17.995 [info] > git ls-files --stage -- /home/uys_1705817/webProj/mylog.log [6ms]
2025-01-14 11:52:18.000 [info] > git cat-file -s f9401c3fe04500405237d587c364db4bbf51027d [1ms]
2025-01-14 11:52:18.079 [info] > git show --textconv :webProj/mylog.log [7ms]
2025-01-14 11:52:19.753 [info] > git config --get commit.template [1ms]
2025-01-14 11:52:19.760 [info] > git for-each-ref --format=%(refname)%00%(upstream:short)%00%(objectname)%00%(upstream:track)%00%(upstream:remotename)%00%(upstream:remoteref) refs/heads/main refs/remotes/main [3ms]
2025-01-14 11:52:19.773 [info] > git for-each-ref --sort -committerdate --format %(refname) %(objectname) %(*objectname) [3ms]
2025-01-14 11:52:19.819 [info] > git status -z -uall [54ms]
2025-01-14 11:52:46.750 [info] > git config --get commit.template [5ms]
2025-01-14 11:52:46.751 [info] > git for-each-ref --format=%(refname)%00%(upstream:short)%00%(objectname)%00%(upstream:track)%00%(upstream:remotename)%00%(upstream:remoteref) refs/heads/main refs/remotes/main [1ms]
2025-01-14 11:52:46.763 [info] > git for-each-ref --sort -committerdate --format %(refname) %(objectname) %(*objectname) [3ms]
2025-01-14 11:52:46.809 [info] > git status -z -uall [52ms]
2025-01-14 11:58:35.422 [info] > git config --get commit.template [4ms]
2025-01-14 11:58:35.422 [info] > git for-each-ref --format=%(refname)%00%(upstream:short)%00%(objectname)%00%(upstream:track)%00%(upstream:remotename)%00%(upstream:remoteref) refs/heads/main refs/remotes/main [1ms]
2025-01-14 11:58:35.435 [info] > git for-each-ref --sort -committerdate --format %(refname) %(objectname) %(*objectname) [3ms]
2025-01-14 11:58:35.478 [info] > git status -z -uall [51ms]
2025-01-14 11:58:35.979 [info] > git fetch [566ms]
2025-01-14 11:58:35.986 [info] > git config --get commit.template [1ms]
2025-01-14 11:58:35.992 [info] > git for-each-ref --format=%(refname)%00%(upstream:short)%00%(objectname)%00%(upstream:track)%00%(upstream:remotename)%00%(upstream:remoteref) refs/heads/main refs/remotes/main [2ms]
2025-01-14 11:58:36.003 [info] > git for-each-ref --sort -committerdate --format %(refname) %(objectname) %(*objectname) [2ms]
2025-01-14 11:58:36.048 [info] > git status -z -uall [51ms]
2025-01-14 11:58:37.357 [info] > git ls-files --stage -- /home/uys_1705817/webProj/mylog.log [4ms]
2025-01-14 11:58:37.362 [info] > git cat-file -s f9401c3fe04500405237d587c364db4bbf51027d [1ms]
2025-01-14 11:58:37.454 [info] > git show --textconv :webProj/mylog.log [6ms]
2025-01-14 11:58:40.487 [info] > git config --get commit.template [2ms]
2025-01-14 11:58:40.493 [info] > git for-each-ref --format=%(refname)%00%(upstream:short)%00%(objectname)%00%(upstream:track)%00%(upstream:remotename)%00%(upstream:remoteref) refs/heads/main refs/remotes/main [2ms]
2025-01-14 11:58:40.503 [info] > git for-each-ref --sort -committerdate --format %(refname) %(objectname) %(*objectname) [1ms]
2025-01-14 11:58:40.548 [info] > git status -z -uall [50ms]
2025-01-14 12:07:54.150 [info] > git fetch [631ms]
2025-01-14 12:07:54.161 [info] > git config --get commit.template [5ms]
2025-01-14 12:07:54.163 [info] > git for-each-ref --format=%(refname)%00%(upstream:short)%00%(objectname)%00%(upstream:track)%00%(upstream:remotename)%00%(upstream:remoteref) refs/heads/main refs/remotes/main [2ms]
2025-01-14 12:07:54.176 [info] > git for-each-ref --sort -committerdate --format %(refname) %(objectname) %(*objectname) [3ms]
2025-01-14 12:07:54.225 [info] > git status -z -uall [57ms]
2025-01-14 12:07:54.237 [info] > git config --get commit.template [5ms]
2025-01-14 12:07:54.239 [info] > git for-each-ref --format=%(refname)%00%(upstream:short)%00%(objectname)%00%(upstream:track)%00%(upstream:remotename)%00%(upstream:remoteref) refs/heads/main refs/remotes/main [2ms]
2025-01-14 12:07:54.251 [info] > git for-each-ref --sort -committerdate --format %(refname) %(objectname) %(*objectname) [3ms]
2025-01-14 12:07:54.294 [info] > git status -z -uall [50ms]
2025-01-14 12:09:02.245 [info] > git config --get commit.template [5ms]
2025-01-14 12:09:02.246 [info] > git for-each-ref --format=%(refname)%00%(upstream:short)%00%(objectname)%00%(upstream:track)%00%(upstream:remotename)%00%(upstream:remoteref) refs/heads/main refs/remotes/main [2ms]
2025-01-14 12:09:02.258 [info] > git for-each-ref --sort -committerdate --format %(refname) %(objectname) %(*objectname) [3ms]
2025-01-14 12:09:02.303 [info] > git status -z -uall [52ms]
2025-01-14 12:09:02.309 [info] > git ls-files --stage -- /home/uys_1705817/webProj/mylog.log [7ms]
2025-01-14 12:09:02.314 [info] > git cat-file -s f9401c3fe04500405237d587c364db4bbf51027d [2ms]
2025-01-14 12:09:02.378 [info] > git show --textconv :webProj/mylog.log [5ms]
2025-01-14 12:09:07.007 [info] > git check-ignore -v -z --stdin [8ms]
2025-01-14 12:09:07.312 [info] > git config --get commit.template [1ms]
2025-01-14 12:09:07.318 [info] > git for-each-ref --format=%(refname)%00%(upstream:short)%00%(objectname)%00%(upstream:track)%00%(upstream:remotename)%00%(upstream:remoteref) refs/heads/main refs/remotes/main [2ms]
2025-01-14 12:09:07.329 [info] > git for-each-ref --sort -committerdate --format %(refname) %(objectname) %(*objectname) [1ms]
2025-01-14 12:09:07.373 [info] > git status -z -uall [50ms]
2025-01-14 12:09:11.775 [info] > git show --textconv :api/app.py [6ms]
2025-01-14 12:09:12.046 [info] > git ls-files --stage -- /home/uys_1705817/api/app.py [273ms]
2025-01-14 12:09:12.060 [info] > git cat-file -s 5c1e933bd7f5037afa66991e9dd53c74b15a9c3a [9ms]
2025-01-14 12:09:12.141 [info] > git blame --root --incremental 33a660234616d4f08324249bc0c5d52774172fb0 -- /home/uys_1705817/api/app.py [8ms]
2025-01-14 12:14:21.784 [info] > git fetch [560ms]
2025-01-14 12:14:21.792 [info] > git config --get commit.template [1ms]
2025-01-14 12:14:21.797 [info] > git for-each-ref --format=%(refname)%00%(upstream:short)%00%(objectname)%00%(upstream:track)%00%(upstream:remotename)%00%(upstream:remoteref) refs/heads/main refs/remotes/main [1ms]
2025-01-14 12:14:21.810 [info] > git for-each-ref --sort -committerdate --format %(refname) %(objectname) %(*objectname) [3ms]
2025-01-14 12:14:21.854 [info] > git status -z -uall [52ms]
2025-01-14 12:14:23.077 [info] > git ls-files --stage -- /home/uys_1705817/api/app.py [5ms]
2025-01-14 12:14:23.082 [info] > git cat-file -s 5c1e933bd7f5037afa66991e9dd53c74b15a9c3a [1ms]
2025-01-14 12:14:23.127 [info] > git show --textconv :api/app.py [6ms]
2025-01-14 12:15:04.313 [info] > git config --get commit.template [5ms]
2025-01-14 12:15:04.313 [info] > git for-each-ref --format=%(refname)%00%(upstream:short)%00%(objectname)%00%(upstream:track)%00%(upstream:remotename)%00%(upstream:remoteref) refs/heads/main refs/remotes/main [1ms]
2025-01-14 12:15:04.324 [info] > git for-each-ref --sort -committerdate --format %(refname) %(objectname) %(*objectname) [1ms]
2025-01-14 12:15:04.371 [info] > git status -z -uall [53ms]
2025-01-14 13:08:17.581 [info] > git config --get commit.template [5ms]
2025-01-14 13:08:17.581 [info] > git for-each-ref --format=%(refname)%00%(upstream:short)%00%(objectname)%00%(upstream:track)%00%(upstream:remotename)%00%(upstream:remoteref) refs/heads/main refs/remotes/main [1ms]
2025-01-14 13:08:17.593 [info] > git for-each-ref --sort -committerdate --format %(refname) %(objectname) %(*objectname) [2ms]
2025-01-14 13:08:17.639 [info] > git status -z -uall [52ms]
2025-01-14 13:08:18.157 [info] > git fetch [588ms]
2025-01-14 13:08:18.170 [info] > git config --get commit.template [5ms]
2025-01-14 13:08:18.171 [info] > git for-each-ref --format=%(refname)%00%(upstream:short)%00%(objectname)%00%(upstream:track)%00%(upstream:remotename)%00%(upstream:remoteref) refs/heads/main refs/remotes/main [1ms]
2025-01-14 13:08:18.182 [info] > git for-each-ref --sort -committerdate --format %(refname) %(objectname) %(*objectname) [1ms]
2025-01-14 13:08:18.227 [info] > git status -z -uall [51ms]
2025-01-14 13:08:19.634 [info] > git ls-files --stage -- /home/uys_1705817/api/app.py [5ms]
2025-01-14 13:08:19.640 [info] > git cat-file -s 5c1e933bd7f5037afa66991e9dd53c74b15a9c3a [2ms]
2025-01-14 13:08:19.688 [info] > git show --textconv :api/app.py [5ms]
2025-01-14 13:08:22.658 [info] > git config --get commit.template [5ms]
2025-01-14 13:08:22.659 [info] > git for-each-ref --format=%(refname)%00%(upstream:short)%00%(objectname)%00%(upstream:track)%00%(upstream:remotename)%00%(upstream:remoteref) refs/heads/main refs/remotes/main [2ms]
2025-01-14 13:08:22.671 [info] > git for-each-ref --sort -committerdate --format %(refname) %(objectname) %(*objectname) [1ms]
2025-01-14 13:08:22.716 [info] > git status -z -uall [52ms]
2025-01-14 13:09:14.482 [info] > git check-ignore -v -z --stdin [15ms]
