2025-01-13 15:46:39.779 [info] Extension host with pid 445385 started
2025-01-13 15:46:39.796 [info] Lock '/home/uys_1705817/.vscode-server/data/User/workspaceStorage/6dff1d9e4f3f3db8febece5da615bae2/vscode.lock': Lock acquired.
2025-01-13 15:46:40.053 [info] ExtensionService#_doActivateExtension vscode.git-base, startup: false, activationEvent: '*', root cause: vscode.git
2025-01-13 15:46:40.053 [info] ExtensionService#_doActivateExtension vscode.tunnel-forwarding, startup: false, activationEvent: 'onTunnel'
2025-01-13 15:46:40.054 [info] ExtensionService#_doActivateExtension ms-python.python, startup: false, activationEvent: 'onLanguage:python', root cause: ms-python.debugpy
2025-01-13 15:46:40.054 [info] ExtensionService#_doActivateExtension vscode.emmet, startup: false, activationEvent: 'onLanguage'
2025-01-13 15:46:40.233 [info] ExtensionService#_doActivateExtension vscode.git, startup: false, activationEvent: '*'
2025-01-13 15:46:40.234 [info] ExtensionService#_doActivateExtension vscode.github, startup: false, activationEvent: '*'
2025-01-13 15:46:40.334 [warning] Using default string since no string found in i18n bundle that has the key: Source map support is enabled in the Python Extension, this will adversely impact performance of the extension.
2025-01-13 15:46:40.334 [warning] Using default string since no string found in i18n bundle that has the key: Disable Source Map Support
2025-01-13 15:46:40.334 [warning] Using default string since no string found in i18n bundle that has the key: Enabling source map support in the Python Extension will adversely impact performance of the extension.
2025-01-13 15:46:40.334 [warning] Using default string since no string found in i18n bundle that has the key: Enable and reload Window.
2025-01-13 15:46:40.334 [warning] Using default string since no string found in i18n bundle that has the key: ▶ Launch TensorBoard Session
2025-01-13 15:46:40.334 [warning] Using default string since no string found in i18n bundle that has the key: Launch TensorBoard session
2025-01-13 15:46:40.529 [info] ExtensionService#_doActivateExtension ms-python.debugpy, startup: false, activationEvent: 'onLanguage:python'
2025-01-13 15:46:40.529 [info] ExtensionService#_doActivateExtension ms-python.vscode-pylance, startup: false, activationEvent: 'onLanguage:python'
2025-01-13 15:46:41.037 [info] Eager extensions activated
2025-01-13 15:46:41.037 [info] ExtensionService#_doActivateExtension vscode.debug-auto-launch, startup: false, activationEvent: 'onStartupFinished'
2025-01-13 15:46:41.038 [info] ExtensionService#_doActivateExtension vscode.merge-conflict, startup: false, activationEvent: 'onStartupFinished'
2025-01-13 15:49:17.351 [warning] [Decorations] CAPPING events from decorations provider vscode.git 1375
2025-01-13 15:49:25.350 [warning] [Decorations] CAPPING events from decorations provider vscode.git 1375
2025-01-13 15:50:18.702 [warning] [Decorations] CAPPING events from decorations provider vscode.git 1375
2025-01-13 15:50:19.296 [warning] [Decorations] CAPPING events from decorations provider vscode.git 1375
2025-01-13 15:50:23.786 [warning] [Decorations] CAPPING events from decorations provider vscode.git 1375
2025-01-13 15:50:28.873 [warning] [Decorations] CAPPING events from decorations provider vscode.git 1375
2025-01-13 15:50:33.960 [warning] [Decorations] CAPPING events from decorations provider vscode.git 1375
2025-01-13 15:50:42.393 [warning] [Decorations] CAPPING events from decorations provider vscode.git 1571
2025-01-13 15:50:50.408 [warning] [Decorations] CAPPING events from decorations provider vscode.git 1571
2025-01-13 15:51:00.412 [warning] [Decorations] CAPPING events from decorations provider vscode.git 1571
2025-01-13 15:51:13.702 [info] ExtensionService#_doActivateExtension vscode.css-language-features, startup: false, activationEvent: 'onLanguage:css'
2025-01-13 15:51:28.452 [warning] [Decorations] CAPPING events from decorations provider vscode.git 1573
2025-01-13 15:51:33.544 [warning] [Decorations] CAPPING events from decorations provider vscode.git 1573
2025-01-13 15:51:38.632 [warning] [Decorations] CAPPING events from decorations provider vscode.git 1572
2025-01-13 15:51:43.719 [warning] [Decorations] CAPPING events from decorations provider vscode.git 1572
2025-01-13 15:51:48.802 [warning] [Decorations] CAPPING events from decorations provider vscode.git 1572
2025-01-13 15:51:53.888 [warning] [Decorations] CAPPING events from decorations provider vscode.git 1572
2025-01-13 15:51:58.974 [warning] [Decorations] CAPPING events from decorations provider vscode.git 1572
2025-01-13 15:52:04.062 [warning] [Decorations] CAPPING events from decorations provider vscode.git 1572
2025-01-13 15:52:09.149 [warning] [Decorations] CAPPING events from decorations provider vscode.git 1572
2025-01-13 15:52:32.135 [warning] [Decorations] CAPPING events from decorations provider vscode.git 1572
2025-01-13 15:52:37.221 [warning] [Decorations] CAPPING events from decorations provider vscode.git 1572
2025-01-13 15:52:42.307 [warning] [Decorations] CAPPING events from decorations provider vscode.git 1572
2025-01-13 15:52:47.390 [warning] [Decorations] CAPPING events from decorations provider vscode.git 1606
2025-01-13 15:52:52.475 [warning] [Decorations] CAPPING events from decorations provider vscode.git 1606
2025-01-13 15:52:57.561 [warning] [Decorations] CAPPING events from decorations provider vscode.git 1606
2025-01-13 15:53:02.648 [warning] [Decorations] CAPPING events from decorations provider vscode.git 1606
2025-01-13 15:53:07.737 [warning] [Decorations] CAPPING events from decorations provider vscode.git 1606
2025-01-13 15:53:12.824 [warning] [Decorations] CAPPING events from decorations provider vscode.git 1606
2025-01-13 15:53:17.910 [warning] [Decorations] CAPPING events from decorations provider vscode.git 1606
2025-01-13 15:53:19.962 [warning] [Decorations] CAPPING events from decorations provider vscode.git 1606
2025-01-13 15:53:22.994 [warning] [Decorations] CAPPING events from decorations provider vscode.git 1606
2025-01-13 15:53:28.084 [warning] [Decorations] CAPPING events from decorations provider vscode.git 1606
2025-01-13 15:53:33.168 [warning] [Decorations] CAPPING events from decorations provider vscode.git 1606
2025-01-13 15:53:38.257 [warning] [Decorations] CAPPING events from decorations provider vscode.git 1606
2025-01-13 15:53:43.343 [warning] [Decorations] CAPPING events from decorations provider vscode.git 1606
2025-01-13 15:53:48.430 [warning] [Decorations] CAPPING events from decorations provider vscode.git 1606
2025-01-13 15:53:53.515 [warning] [Decorations] CAPPING events from decorations provider vscode.git 1606
2025-01-13 15:53:58.603 [warning] [Decorations] CAPPING events from decorations provider vscode.git 1606
2025-01-13 15:54:03.692 [warning] [Decorations] CAPPING events from decorations provider vscode.git 1606
2025-01-13 15:54:08.781 [warning] [Decorations] CAPPING events from decorations provider vscode.git 1606
2025-01-13 15:54:13.866 [warning] [Decorations] CAPPING events from decorations provider vscode.git 1606
2025-01-13 15:54:18.953 [warning] [Decorations] CAPPING events from decorations provider vscode.git 1606
2025-01-13 15:54:24.039 [warning] [Decorations] CAPPING events from decorations provider vscode.git 1606
2025-01-13 15:54:29.124 [warning] [Decorations] CAPPING events from decorations provider vscode.git 1606
2025-01-13 15:54:34.221 [warning] [Decorations] CAPPING events from decorations provider vscode.git 1606
2025-01-13 15:54:39.306 [warning] [Decorations] CAPPING events from decorations provider vscode.git 1606
2025-01-13 15:54:44.391 [warning] [Decorations] CAPPING events from decorations provider vscode.git 1606
2025-01-13 15:55:01.345 [warning] [Decorations] CAPPING events from decorations provider vscode.git 1606
2025-01-13 15:55:06.434 [warning] [Decorations] CAPPING events from decorations provider vscode.git 1606
2025-01-13 15:55:11.525 [warning] [Decorations] CAPPING events from decorations provider vscode.git 1606
2025-01-13 15:55:16.612 [warning] [Decorations] CAPPING events from decorations provider vscode.git 1606
2025-01-13 15:55:21.699 [warning] [Decorations] CAPPING events from decorations provider vscode.git 1606
2025-01-13 15:55:26.786 [warning] [Decorations] CAPPING events from decorations provider vscode.git 1606
2025-01-13 15:55:31.875 [warning] [Decorations] CAPPING events from decorations provider vscode.git 1606
2025-01-13 15:55:36.962 [warning] [Decorations] CAPPING events from decorations provider vscode.git 1606
2025-01-13 15:55:42.050 [warning] [Decorations] CAPPING events from decorations provider vscode.git 1606
2025-01-13 15:55:47.134 [warning] [Decorations] CAPPING events from decorations provider vscode.git 1606
2025-01-13 15:55:53.711 [warning] [Decorations] CAPPING events from decorations provider vscode.git 1606
2025-01-13 15:55:58.805 [warning] [Decorations] CAPPING events from decorations provider vscode.git 1606
2025-01-13 15:56:03.894 [warning] [Decorations] CAPPING events from decorations provider vscode.git 1606
2025-01-13 16:00:44.551 [warning] [Decorations] CAPPING events from decorations provider vscode.git 1607
2025-01-13 16:00:45.131 [warning] [Decorations] CAPPING events from decorations provider vscode.git 1607
2025-01-13 16:00:49.640 [warning] [Decorations] CAPPING events from decorations provider vscode.git 1607
2025-01-13 16:00:54.726 [warning] [Decorations] CAPPING events from decorations provider vscode.git 1607
2025-01-13 16:00:59.812 [warning] [Decorations] CAPPING events from decorations provider vscode.git 1607
2025-01-13 16:01:04.898 [warning] [Decorations] CAPPING events from decorations provider vscode.git 1607
2025-01-13 16:01:09.986 [warning] [Decorations] CAPPING events from decorations provider vscode.git 1607
2025-01-13 16:01:15.075 [warning] [Decorations] CAPPING events from decorations provider vscode.git 1607
2025-01-13 16:01:20.165 [warning] [Decorations] CAPPING events from decorations provider vscode.git 1607
2025-01-13 16:01:25.253 [warning] [Decorations] CAPPING events from decorations provider vscode.git 1607
2025-01-13 16:01:30.343 [warning] [Decorations] CAPPING events from decorations provider vscode.git 1607
2025-01-13 16:01:35.735 [warning] [Decorations] CAPPING events from decorations provider vscode.git 1607
2025-01-13 16:01:40.819 [warning] [Decorations] CAPPING events from decorations provider vscode.git 1607
2025-01-13 16:01:45.906 [warning] [Decorations] CAPPING events from decorations provider vscode.git 1607
2025-01-13 16:01:50.994 [warning] [Decorations] CAPPING events from decorations provider vscode.git 1607
2025-01-13 16:01:56.080 [warning] [Decorations] CAPPING events from decorations provider vscode.git 1607
2025-01-13 16:02:01.169 [warning] [Decorations] CAPPING events from decorations provider vscode.git 1607
2025-01-13 16:02:06.256 [warning] [Decorations] CAPPING events from decorations provider vscode.git 1607
2025-01-13 16:02:11.344 [warning] [Decorations] CAPPING events from decorations provider vscode.git 1607
2025-01-13 16:02:16.747 [warning] [Decorations] CAPPING events from decorations provider vscode.git 1607
2025-01-13 16:02:21.837 [warning] [Decorations] CAPPING events from decorations provider vscode.git 1607
2025-01-13 16:02:26.923 [warning] [Decorations] CAPPING events from decorations provider vscode.git 1607
2025-01-13 16:02:32.009 [warning] [Decorations] CAPPING events from decorations provider vscode.git 1607
2025-01-13 16:02:37.098 [warning] [Decorations] CAPPING events from decorations provider vscode.git 1607
2025-01-13 16:02:42.185 [warning] [Decorations] CAPPING events from decorations provider vscode.git 1607
2025-01-13 16:02:47.273 [warning] [Decorations] CAPPING events from decorations provider vscode.git 1607
2025-01-13 16:02:52.360 [warning] [Decorations] CAPPING events from decorations provider vscode.git 1607
2025-01-13 16:02:57.448 [warning] [Decorations] CAPPING events from decorations provider vscode.git 1607
2025-01-13 16:03:02.534 [warning] [Decorations] CAPPING events from decorations provider vscode.git 1607
2025-01-13 16:03:07.620 [warning] [Decorations] CAPPING events from decorations provider vscode.git 1607
2025-01-13 16:03:12.708 [warning] [Decorations] CAPPING events from decorations provider vscode.git 1607
2025-01-13 16:03:17.796 [warning] [Decorations] CAPPING events from decorations provider vscode.git 1607
2025-01-13 16:03:22.882 [warning] [Decorations] CAPPING events from decorations provider vscode.git 1607
2025-01-13 16:03:27.971 [warning] [Decorations] CAPPING events from decorations provider vscode.git 1607
2025-01-13 16:03:33.056 [warning] [Decorations] CAPPING events from decorations provider vscode.git 1607
2025-01-13 16:03:38.143 [warning] [Decorations] CAPPING events from decorations provider vscode.git 1607
2025-01-13 16:03:43.230 [warning] [Decorations] CAPPING events from decorations provider vscode.git 1607
2025-01-13 16:03:45.811 [warning] [Decorations] CAPPING events from decorations provider vscode.git 1607
2025-01-13 16:03:48.319 [warning] [Decorations] CAPPING events from decorations provider vscode.git 1607
2025-01-13 16:03:53.405 [warning] [Decorations] CAPPING events from decorations provider vscode.git 1607
2025-01-13 16:03:58.491 [warning] [Decorations] CAPPING events from decorations provider vscode.git 1607
2025-01-13 16:04:03.580 [warning] [Decorations] CAPPING events from decorations provider vscode.git 1607
2025-01-13 16:04:08.674 [warning] [Decorations] CAPPING events from decorations provider vscode.git 1607
2025-01-13 16:04:13.761 [warning] [Decorations] CAPPING events from decorations provider vscode.git 1607
2025-01-13 16:04:18.848 [warning] [Decorations] CAPPING events from decorations provider vscode.git 1607
2025-01-13 16:04:23.930 [warning] [Decorations] CAPPING events from decorations provider vscode.git 1607
2025-01-13 16:04:29.015 [warning] [Decorations] CAPPING events from decorations provider vscode.git 1607
2025-01-13 16:04:34.101 [warning] [Decorations] CAPPING events from decorations provider vscode.git 1607
2025-01-13 16:04:39.185 [warning] [Decorations] CAPPING events from decorations provider vscode.git 1607
2025-01-13 16:04:44.270 [warning] [Decorations] CAPPING events from decorations provider vscode.git 1607
2025-01-13 16:04:49.356 [warning] [Decorations] CAPPING events from decorations provider vscode.git 1607
2025-01-13 16:04:54.440 [warning] [Decorations] CAPPING events from decorations provider vscode.git 1607
2025-01-13 16:04:59.527 [warning] [Decorations] CAPPING events from decorations provider vscode.git 1607
2025-01-13 16:05:04.617 [warning] [Decorations] CAPPING events from decorations provider vscode.git 1607
2025-01-13 16:05:09.705 [warning] [Decorations] CAPPING events from decorations provider vscode.git 1607
2025-01-13 16:05:14.792 [warning] [Decorations] CAPPING events from decorations provider vscode.git 1607
2025-01-13 16:05:19.880 [warning] [Decorations] CAPPING events from decorations provider vscode.git 1607
2025-01-13 16:05:25.919 [warning] [Decorations] CAPPING events from decorations provider vscode.git 1607
2025-01-13 16:05:31.002 [warning] [Decorations] CAPPING events from decorations provider vscode.git 1607
2025-01-13 16:05:36.089 [warning] [Decorations] CAPPING events from decorations provider vscode.git 1607
2025-01-13 16:06:42.760 [warning] [Decorations] CAPPING events from decorations provider vscode.git 1607
2025-01-13 16:06:46.457 [warning] [Decorations] CAPPING events from decorations provider vscode.git 1607
2025-01-13 16:06:47.846 [warning] [Decorations] CAPPING events from decorations provider vscode.git 1607
2025-01-13 16:06:52.930 [warning] [Decorations] CAPPING events from decorations provider vscode.git 1607
2025-01-13 16:06:58.017 [warning] [Decorations] CAPPING events from decorations provider vscode.git 1607
2025-01-13 16:07:03.100 [warning] [Decorations] CAPPING events from decorations provider vscode.git 1607
2025-01-13 16:07:08.185 [warning] [Decorations] CAPPING events from decorations provider vscode.git 1607
2025-01-13 16:07:13.269 [warning] [Decorations] CAPPING events from decorations provider vscode.git 1607
2025-01-13 16:07:18.357 [warning] [Decorations] CAPPING events from decorations provider vscode.git 1607
2025-01-13 16:07:23.445 [warning] [Decorations] CAPPING events from decorations provider vscode.git 1607
2025-01-13 16:07:28.532 [warning] [Decorations] CAPPING events from decorations provider vscode.git 1607
2025-01-13 16:07:33.620 [warning] [Decorations] CAPPING events from decorations provider vscode.git 1607
2025-01-13 16:07:38.705 [warning] [Decorations] CAPPING events from decorations provider vscode.git 1607
2025-01-13 16:07:43.789 [warning] [Decorations] CAPPING events from decorations provider vscode.git 1607
2025-01-13 16:07:48.878 [warning] [Decorations] CAPPING events from decorations provider vscode.git 1607
2025-01-13 16:07:53.967 [warning] [Decorations] CAPPING events from decorations provider vscode.git 1607
2025-01-13 16:07:59.052 [warning] [Decorations] CAPPING events from decorations provider vscode.git 1607
2025-01-13 16:08:11.234 [warning] [Decorations] CAPPING events from decorations provider vscode.git 1607
2025-01-13 16:08:58.587 [warning] [Decorations] CAPPING events from decorations provider vscode.git 1607
2025-01-13 16:09:03.675 [warning] [Decorations] CAPPING events from decorations provider vscode.git 1607
2025-01-13 16:09:08.765 [warning] [Decorations] CAPPING events from decorations provider vscode.git 1607
2025-01-13 16:09:16.547 [warning] [Decorations] CAPPING events from decorations provider vscode.git 1607
2025-01-13 16:10:27.678 [warning] [Decorations] CAPPING events from decorations provider vscode.git 1607
2025-01-13 16:10:28.229 [warning] [Decorations] CAPPING events from decorations provider vscode.git 1607
2025-01-13 16:10:32.763 [warning] [Decorations] CAPPING events from decorations provider vscode.git 1607
2025-01-13 16:10:37.851 [warning] [Decorations] CAPPING events from decorations provider vscode.git 1607
2025-01-13 16:10:42.934 [warning] [Decorations] CAPPING events from decorations provider vscode.git 1607
2025-01-13 16:10:48.022 [warning] [Decorations] CAPPING events from decorations provider vscode.git 1607
2025-01-13 16:10:53.106 [warning] [Decorations] CAPPING events from decorations provider vscode.git 1607
2025-01-13 16:10:58.192 [warning] [Decorations] CAPPING events from decorations provider vscode.git 1607
2025-01-13 16:11:03.293 [warning] [Decorations] CAPPING events from decorations provider vscode.git 1607
2025-01-13 16:11:08.378 [warning] [Decorations] CAPPING events from decorations provider vscode.git 1607
2025-01-13 16:11:13.464 [warning] [Decorations] CAPPING events from decorations provider vscode.git 1607
2025-01-13 16:11:18.551 [warning] [Decorations] CAPPING events from decorations provider vscode.git 1607
2025-01-13 16:11:23.637 [warning] [Decorations] CAPPING events from decorations provider vscode.git 1607
2025-01-13 16:11:28.721 [warning] [Decorations] CAPPING events from decorations provider vscode.git 1607
2025-01-13 16:11:33.808 [warning] [Decorations] CAPPING events from decorations provider vscode.git 1607
2025-01-13 16:11:41.887 [warning] [Decorations] CAPPING events from decorations provider vscode.git 1607
2025-01-13 16:11:46.973 [warning] [Decorations] CAPPING events from decorations provider vscode.git 1607
2025-01-13 16:11:52.059 [warning] [Decorations] CAPPING events from decorations provider vscode.git 1607
2025-01-13 16:11:57.144 [warning] [Decorations] CAPPING events from decorations provider vscode.git 1607
2025-01-13 16:12:02.231 [warning] [Decorations] CAPPING events from decorations provider vscode.git 1607
2025-01-13 16:12:07.327 [warning] [Decorations] CAPPING events from decorations provider vscode.git 1607
2025-01-13 16:12:12.413 [warning] [Decorations] CAPPING events from decorations provider vscode.git 1607
2025-01-13 16:12:17.495 [warning] [Decorations] CAPPING events from decorations provider vscode.git 1607
2025-01-13 16:12:22.583 [warning] [Decorations] CAPPING events from decorations provider vscode.git 1607
2025-01-13 16:13:28.533 [warning] [Decorations] CAPPING events from decorations provider vscode.git 1607
2025-01-13 16:13:29.084 [warning] [Decorations] CAPPING events from decorations provider vscode.git 1607
2025-01-13 16:13:33.618 [warning] [Decorations] CAPPING events from decorations provider vscode.git 1608
2025-01-13 16:13:33.807 [info] ExtensionService#_doActivateExtension vscode.npm, startup: false, activationEvent: 'onTerminalQuickFixRequest:ms-vscode.npm-command'
2025-01-13 16:13:38.700 [warning] [Decorations] CAPPING events from decorations provider vscode.git 1608
2025-01-13 16:13:39.296 [info] ExtensionService#_doActivateExtension vscode.configuration-editing, startup: false, activationEvent: 'onLanguage:json'
2025-01-13 16:13:39.296 [info] ExtensionService#_doActivateExtension vscode.extension-editing, startup: false, activationEvent: 'onLanguage:json'
2025-01-13 16:13:39.296 [info] ExtensionService#_doActivateExtension vscode.json-language-features, startup: false, activationEvent: 'onLanguage:json'
2025-01-13 16:13:43.785 [warning] [Decorations] CAPPING events from decorations provider vscode.git 1609
2025-01-13 16:13:49.339 [warning] [Decorations] CAPPING events from decorations provider vscode.git 1609
2025-01-13 16:13:54.426 [warning] [Decorations] CAPPING events from decorations provider vscode.git 1609
2025-01-13 16:14:27.060 [warning] [Decorations] CAPPING events from decorations provider vscode.git 1609
2025-01-13 16:14:32.150 [warning] [Decorations] CAPPING events from decorations provider vscode.git 1609
2025-01-13 16:14:37.236 [warning] [Decorations] CAPPING events from decorations provider vscode.git 1609
2025-01-13 16:14:42.323 [warning] [Decorations] CAPPING events from decorations provider vscode.git 1609
2025-01-13 16:14:47.413 [warning] [Decorations] CAPPING events from decorations provider vscode.git 1609
2025-01-13 16:14:52.501 [warning] [Decorations] CAPPING events from decorations provider vscode.git 1609
2025-01-13 16:14:57.585 [warning] [Decorations] CAPPING events from decorations provider vscode.git 1609
2025-01-13 16:15:02.669 [warning] [Decorations] CAPPING events from decorations provider vscode.git 1609
2025-01-13 16:15:10.163 [warning] [Decorations] CAPPING events from decorations provider vscode.git 1609
2025-01-13 16:15:15.249 [warning] [Decorations] CAPPING events from decorations provider vscode.git 1609
2025-01-13 16:15:20.336 [warning] [Decorations] CAPPING events from decorations provider vscode.git 1609
2025-01-13 16:15:25.423 [warning] [Decorations] CAPPING events from decorations provider vscode.git 1609
2025-01-13 16:15:30.507 [warning] [Decorations] CAPPING events from decorations provider vscode.git 1609
2025-01-13 16:15:35.593 [warning] [Decorations] CAPPING events from decorations provider vscode.git 1609
2025-01-13 16:15:40.681 [warning] [Decorations] CAPPING events from decorations provider vscode.git 1609
2025-01-13 16:17:38.363 [warning] [Decorations] CAPPING events from decorations provider vscode.git 1610
2025-01-13 16:17:38.920 [warning] [Decorations] CAPPING events from decorations provider vscode.git 1610
2025-01-13 16:17:43.451 [warning] [Decorations] CAPPING events from decorations provider vscode.git 1610
2025-01-13 16:17:48.560 [warning] [Decorations] CAPPING events from decorations provider vscode.git 1610
2025-01-13 16:17:53.645 [warning] [Decorations] CAPPING events from decorations provider vscode.git 1610
2025-01-13 16:17:58.728 [warning] [Decorations] CAPPING events from decorations provider vscode.git 1610
2025-01-13 16:18:03.817 [warning] [Decorations] CAPPING events from decorations provider vscode.git 1611
2025-01-13 16:18:17.042 [warning] [Decorations] CAPPING events from decorations provider vscode.git 1611
2025-01-13 16:18:22.127 [warning] [Decorations] CAPPING events from decorations provider vscode.git 1611
2025-01-13 16:18:27.212 [warning] [Decorations] CAPPING events from decorations provider vscode.git 1611
2025-01-13 16:18:32.302 [warning] [Decorations] CAPPING events from decorations provider vscode.git 1611
2025-01-13 16:20:23.427 [warning] [Decorations] CAPPING events from decorations provider vscode.git 1611
2025-01-13 16:20:28.518 [warning] [Decorations] CAPPING events from decorations provider vscode.git 1611
2025-01-13 16:20:33.603 [warning] [Decorations] CAPPING events from decorations provider vscode.git 1611
2025-01-13 16:20:38.691 [warning] [Decorations] CAPPING events from decorations provider vscode.git 1611
2025-01-13 16:20:39.601 [warning] [Decorations] CAPPING events from decorations provider vscode.git 1611
2025-01-13 16:20:43.781 [warning] [Decorations] CAPPING events from decorations provider vscode.git 1611
2025-01-13 16:21:46.599 [warning] [Decorations] CAPPING events from decorations provider vscode.git 1612
2025-01-13 16:22:32.398 [warning] [Decorations] CAPPING events from decorations provider vscode.git 1612
2025-01-13 16:22:37.486 [warning] [Decorations] CAPPING events from decorations provider vscode.git 1612
2025-01-13 16:23:01.921 [warning] [Decorations] CAPPING events from decorations provider vscode.git 1612
2025-01-13 16:23:07.010 [warning] [Decorations] CAPPING events from decorations provider vscode.git 1612
2025-01-13 16:23:12.097 [warning] [Decorations] CAPPING events from decorations provider vscode.git 1612
2025-01-13 16:28:33.409 [warning] [Decorations] CAPPING events from decorations provider vscode.git 1612
2025-01-13 16:28:33.965 [warning] [Decorations] CAPPING events from decorations provider vscode.git 1612
2025-01-13 16:28:38.497 [warning] [Decorations] CAPPING events from decorations provider vscode.git 1612
2025-01-13 16:28:43.586 [warning] [Decorations] CAPPING events from decorations provider vscode.git 1612
2025-01-13 16:28:51.344 [warning] [Decorations] CAPPING events from decorations provider vscode.git 1612
2025-01-13 16:28:56.432 [warning] [Decorations] CAPPING events from decorations provider vscode.git 1612
2025-01-13 16:29:01.519 [warning] [Decorations] CAPPING events from decorations provider vscode.git 1612
2025-01-13 16:31:16.844 [warning] [Decorations] CAPPING events from decorations provider vscode.git 1612
2025-01-13 16:31:21.933 [warning] [Decorations] CAPPING events from decorations provider vscode.git 1613
2025-01-13 16:32:28.561 [warning] [Decorations] CAPPING events from decorations provider vscode.git 1613
2025-01-13 16:32:29.130 [warning] [Decorations] CAPPING events from decorations provider vscode.git 1613
2025-01-13 16:32:33.650 [warning] [Decorations] CAPPING events from decorations provider vscode.git 1613
2025-01-13 16:32:38.741 [warning] [Decorations] CAPPING events from decorations provider vscode.git 1613
2025-01-13 16:32:43.831 [warning] [Decorations] CAPPING events from decorations provider vscode.git 1613
2025-01-13 16:32:48.919 [warning] [Decorations] CAPPING events from decorations provider vscode.git 1613
2025-01-13 16:32:54.005 [warning] [Decorations] CAPPING events from decorations provider vscode.git 1613
2025-01-13 16:34:03.674 [warning] [Decorations] CAPPING events from decorations provider vscode.git 1613
2025-01-13 16:34:08.764 [warning] [Decorations] CAPPING events from decorations provider vscode.git 1613
2025-01-13 16:34:13.851 [warning] [Decorations] CAPPING events from decorations provider vscode.git 1613
2025-01-13 16:34:15.418 [info] ExtensionService#_doActivateExtension vscode.html-language-features, startup: false, activationEvent: 'onLanguage:html'
2025-01-13 16:34:21.588 [warning] [Decorations] CAPPING events from decorations provider vscode.git 1617
2025-01-13 16:34:26.673 [warning] [Decorations] CAPPING events from decorations provider vscode.git 1617
2025-01-13 16:35:19.918 [warning] [Decorations] CAPPING events from decorations provider vscode.git 1617
2025-01-13 16:35:25.008 [warning] [Decorations] CAPPING events from decorations provider vscode.git 1617
2025-01-13 16:35:29.795 [warning] [Decorations] CAPPING events from decorations provider vscode.git 1618
2025-01-13 16:35:30.096 [warning] [Decorations] CAPPING events from decorations provider vscode.git 1618
2025-01-13 16:35:35.182 [warning] [Decorations] CAPPING events from decorations provider vscode.git 1618
2025-01-13 16:35:47.992 [warning] [Decorations] CAPPING events from decorations provider vscode.git 1618
2025-01-13 16:35:53.083 [warning] [Decorations] CAPPING events from decorations provider vscode.git 1618
2025-01-13 16:35:58.172 [warning] [Decorations] CAPPING events from decorations provider vscode.git 1618
2025-01-13 16:36:03.258 [warning] [Decorations] CAPPING events from decorations provider vscode.git 1618
2025-01-13 16:36:12.266 [warning] [Decorations] CAPPING events from decorations provider vscode.git 1618
2025-01-13 16:36:17.354 [warning] [Decorations] CAPPING events from decorations provider vscode.git 1618
2025-01-13 16:36:22.445 [warning] [Decorations] CAPPING events from decorations provider vscode.git 1618
2025-01-13 16:36:27.531 [warning] [Decorations] CAPPING events from decorations provider vscode.git 1619
2025-01-13 16:36:47.359 [warning] [Decorations] CAPPING events from decorations provider vscode.git 1619
2025-01-13 16:36:52.447 [warning] [Decorations] CAPPING events from decorations provider vscode.git 1619
2025-01-13 16:37:18.750 [warning] [Decorations] CAPPING events from decorations provider vscode.git 1619
2025-01-13 16:37:23.837 [warning] [Decorations] CAPPING events from decorations provider vscode.git 1620
2025-01-13 16:37:28.923 [warning] [Decorations] CAPPING events from decorations provider vscode.git 1622
2025-01-13 16:37:34.011 [warning] [Decorations] CAPPING events from decorations provider vscode.git 1622
2025-01-13 16:37:39.098 [warning] [Decorations] CAPPING events from decorations provider vscode.git 1622
2025-01-13 16:37:44.187 [warning] [Decorations] CAPPING events from decorations provider vscode.git 1622
2025-01-13 16:37:49.275 [warning] [Decorations] CAPPING events from decorations provider vscode.git 1622
2025-01-13 16:37:54.361 [warning] [Decorations] CAPPING events from decorations provider vscode.git 1622
2025-01-13 16:37:59.446 [warning] [Decorations] CAPPING events from decorations provider vscode.git 1622
2025-01-13 16:38:04.531 [warning] [Decorations] CAPPING events from decorations provider vscode.git 1622
2025-01-13 16:38:09.618 [warning] [Decorations] CAPPING events from decorations provider vscode.git 1622
2025-01-13 16:38:14.703 [warning] [Decorations] CAPPING events from decorations provider vscode.git 1623
2025-01-13 16:38:19.788 [warning] [Decorations] CAPPING events from decorations provider vscode.git 1623
2025-01-13 16:38:24.877 [warning] [Decorations] CAPPING events from decorations provider vscode.git 1623
2025-01-13 16:38:30.457 [warning] [Decorations] CAPPING events from decorations provider vscode.git 1623
2025-01-13 16:38:30.541 [warning] [Decorations] CAPPING events from decorations provider vscode.git 1623
2025-01-13 16:38:35.633 [warning] [Decorations] CAPPING events from decorations provider vscode.git 1624
2025-01-13 16:38:51.882 [warning] [Decorations] CAPPING events from decorations provider vscode.git 1624
2025-01-13 16:38:56.967 [warning] [Decorations] CAPPING events from decorations provider vscode.git 1624
2025-01-13 16:39:02.054 [warning] [Decorations] CAPPING events from decorations provider vscode.git 1624
2025-01-13 16:39:07.147 [warning] [Decorations] CAPPING events from decorations provider vscode.git 1624
2025-01-13 16:39:12.237 [warning] [Decorations] CAPPING events from decorations provider vscode.git 1624
2025-01-13 16:39:17.324 [warning] [Decorations] CAPPING events from decorations provider vscode.git 1624
2025-01-13 16:39:22.414 [warning] [Decorations] CAPPING events from decorations provider vscode.git 1624
2025-01-13 16:39:41.180 [warning] [Decorations] CAPPING events from decorations provider vscode.git 1624
2025-01-13 16:39:46.271 [warning] [Decorations] CAPPING events from decorations provider vscode.git 1624
2025-01-13 16:39:51.361 [warning] [Decorations] CAPPING events from decorations provider vscode.git 1624
2025-01-13 16:39:56.447 [warning] [Decorations] CAPPING events from decorations provider vscode.git 1624
2025-01-13 16:40:01.532 [warning] [Decorations] CAPPING events from decorations provider vscode.git 1624
2025-01-13 16:40:06.618 [warning] [Decorations] CAPPING events from decorations provider vscode.git 1624
2025-01-13 16:40:11.707 [warning] [Decorations] CAPPING events from decorations provider vscode.git 1624
2025-01-13 16:40:16.793 [warning] [Decorations] CAPPING events from decorations provider vscode.git 1624
2025-01-13 16:40:21.879 [warning] [Decorations] CAPPING events from decorations provider vscode.git 1624
2025-01-13 16:40:26.964 [warning] [Decorations] CAPPING events from decorations provider vscode.git 1625
2025-01-13 16:41:17.279 [warning] [Decorations] CAPPING events from decorations provider vscode.git 1625
2025-01-13 16:43:08.791 [warning] [Decorations] CAPPING events from decorations provider vscode.git 1625
2025-01-13 16:43:09.373 [warning] [Decorations] CAPPING events from decorations provider vscode.git 1625
2025-01-13 16:43:13.879 [warning] [Decorations] CAPPING events from decorations provider vscode.git 1625
2025-01-13 16:47:33.433 [warning] [Decorations] CAPPING events from decorations provider vscode.git 1625
2025-01-13 16:47:33.993 [warning] [Decorations] CAPPING events from decorations provider vscode.git 1625
2025-01-13 16:47:38.552 [warning] [Decorations] CAPPING events from decorations provider vscode.git 1625
2025-01-13 16:48:39.422 [warning] [Decorations] CAPPING events from decorations provider vscode.git 1626
2025-01-13 16:48:44.511 [warning] [Decorations] CAPPING events from decorations provider vscode.git 1626
2025-01-13 16:48:49.599 [warning] [Decorations] CAPPING events from decorations provider vscode.git 1627
2025-01-13 16:48:54.685 [warning] [Decorations] CAPPING events from decorations provider vscode.git 1627
2025-01-13 16:49:06.117 [warning] [Decorations] CAPPING events from decorations provider vscode.git 1627
2025-01-13 16:49:35.497 [warning] [Decorations] CAPPING events from decorations provider vscode.git 1627
2025-01-13 16:49:40.583 [warning] [Decorations] CAPPING events from decorations provider vscode.git 1627
2025-01-13 16:49:45.676 [warning] [Decorations] CAPPING events from decorations provider vscode.git 1627
2025-01-13 16:49:50.775 [warning] [Decorations] CAPPING events from decorations provider vscode.git 1627
2025-01-13 16:49:55.862 [warning] [Decorations] CAPPING events from decorations provider vscode.git 1627
2025-01-13 16:50:06.675 [warning] [Decorations] CAPPING events from decorations provider vscode.git 1627
2025-01-13 16:50:11.762 [warning] [Decorations] CAPPING events from decorations provider vscode.git 1627
2025-01-13 16:51:00.094 [warning] [Decorations] CAPPING events from decorations provider vscode.git 1627
2025-01-13 16:51:00.691 [warning] [Decorations] CAPPING events from decorations provider vscode.git 1627
2025-01-13 16:51:05.190 [warning] [Decorations] CAPPING events from decorations provider vscode.git 1627
2025-01-13 16:51:10.275 [warning] [Decorations] CAPPING events from decorations provider vscode.git 1627
2025-01-13 16:52:04.700 [warning] [Decorations] CAPPING events from decorations provider vscode.git 1628
2025-01-13 16:52:09.786 [warning] [Decorations] CAPPING events from decorations provider vscode.git 1628
2025-01-13 16:52:24.569 [warning] [Decorations] CAPPING events from decorations provider vscode.git 1628
2025-01-13 16:52:29.653 [warning] [Decorations] CAPPING events from decorations provider vscode.git 1628
2025-01-13 16:52:39.991 [warning] [Decorations] CAPPING events from decorations provider vscode.git 1628
2025-01-13 16:55:28.174 [warning] [Decorations] CAPPING events from decorations provider vscode.git 1628
2025-01-13 16:55:28.786 [warning] [Decorations] CAPPING events from decorations provider vscode.git 1628
2025-01-13 16:55:33.257 [warning] [Decorations] CAPPING events from decorations provider vscode.git 1628
2025-01-13 16:55:38.341 [warning] [Decorations] CAPPING events from decorations provider vscode.git 1628
2025-01-13 16:55:43.428 [warning] [Decorations] CAPPING events from decorations provider vscode.git 1628
2025-01-13 16:55:48.513 [warning] [Decorations] CAPPING events from decorations provider vscode.git 1628
2025-01-13 16:56:06.375 [warning] [Decorations] CAPPING events from decorations provider vscode.git 1628
2025-01-13 16:56:11.459 [warning] [Decorations] CAPPING events from decorations provider vscode.git 1628
2025-01-13 16:56:16.545 [warning] [Decorations] CAPPING events from decorations provider vscode.git 1628
2025-01-13 16:56:21.633 [warning] [Decorations] CAPPING events from decorations provider vscode.git 1628
2025-01-13 16:56:26.719 [warning] [Decorations] CAPPING events from decorations provider vscode.git 1628
2025-01-13 16:56:31.811 [warning] [Decorations] CAPPING events from decorations provider vscode.git 1628
2025-01-13 16:56:36.899 [warning] [Decorations] CAPPING events from decorations provider vscode.git 1628
2025-01-13 16:56:41.986 [warning] [Decorations] CAPPING events from decorations provider vscode.git 1628
2025-01-13 16:56:47.071 [warning] [Decorations] CAPPING events from decorations provider vscode.git 1628
2025-01-13 16:56:52.161 [warning] [Decorations] CAPPING events from decorations provider vscode.git 1628
2025-01-13 16:56:57.244 [warning] [Decorations] CAPPING events from decorations provider vscode.git 1628
2025-01-13 16:57:02.331 [warning] [Decorations] CAPPING events from decorations provider vscode.git 1628
2025-01-13 16:59:41.998 [warning] [Decorations] CAPPING events from decorations provider vscode.git 1629
2025-01-13 16:59:42.546 [warning] [Decorations] CAPPING events from decorations provider vscode.git 1629
2025-01-13 16:59:47.084 [warning] [Decorations] CAPPING events from decorations provider vscode.git 1629
2025-01-13 16:59:52.167 [warning] [Decorations] CAPPING events from decorations provider vscode.git 1629
2025-01-13 16:59:57.252 [warning] [Decorations] CAPPING events from decorations provider vscode.git 1629
2025-01-13 17:00:02.337 [warning] [Decorations] CAPPING events from decorations provider vscode.git 1629
2025-01-13 17:00:07.423 [warning] [Decorations] CAPPING events from decorations provider vscode.git 1629
2025-01-13 17:00:12.506 [warning] [Decorations] CAPPING events from decorations provider vscode.git 1629
2025-01-13 17:00:17.594 [warning] [Decorations] CAPPING events from decorations provider vscode.git 1629
2025-01-13 17:00:22.681 [warning] [Decorations] CAPPING events from decorations provider vscode.git 1629
2025-01-13 17:00:27.767 [warning] [Decorations] CAPPING events from decorations provider vscode.git 1629
2025-01-13 17:00:32.856 [warning] [Decorations] CAPPING events from decorations provider vscode.git 1629
2025-01-13 17:00:37.941 [warning] [Decorations] CAPPING events from decorations provider vscode.git 1629
2025-01-13 17:00:43.026 [warning] [Decorations] CAPPING events from decorations provider vscode.git 1629
2025-01-13 17:00:48.111 [warning] [Decorations] CAPPING events from decorations provider vscode.git 1629
2025-01-13 17:00:53.200 [warning] [Decorations] CAPPING events from decorations provider vscode.git 1629
2025-01-13 17:00:58.285 [warning] [Decorations] CAPPING events from decorations provider vscode.git 1629
2025-01-13 17:01:03.370 [warning] [Decorations] CAPPING events from decorations provider vscode.git 1629
2025-01-13 17:01:08.455 [warning] [Decorations] CAPPING events from decorations provider vscode.git 1629
2025-01-13 17:01:13.541 [warning] [Decorations] CAPPING events from decorations provider vscode.git 1629
2025-01-13 17:01:18.626 [warning] [Decorations] CAPPING events from decorations provider vscode.git 1629
2025-01-13 17:01:23.711 [warning] [Decorations] CAPPING events from decorations provider vscode.git 1629
2025-01-13 17:01:28.796 [warning] [Decorations] CAPPING events from decorations provider vscode.git 1629
2025-01-13 17:01:33.883 [warning] [Decorations] CAPPING events from decorations provider vscode.git 1629
2025-01-13 17:01:40.188 [warning] [Decorations] CAPPING events from decorations provider vscode.git 1629
2025-01-13 17:01:45.270 [warning] [Decorations] CAPPING events from decorations provider vscode.git 1629
2025-01-13 17:02:38.455 [warning] [Decorations] CAPPING events from decorations provider vscode.git 1629
2025-01-13 17:02:43.221 [warning] [Decorations] CAPPING events from decorations provider vscode.git 1629
2025-01-13 17:02:43.538 [warning] [Decorations] CAPPING events from decorations provider vscode.git 1629
2025-01-13 17:02:48.627 [warning] [Decorations] CAPPING events from decorations provider vscode.git 1629
2025-01-13 17:02:56.992 [warning] [Decorations] CAPPING events from decorations provider vscode.git 1629
2025-01-13 17:03:02.067 [warning] [Decorations] CAPPING events from decorations provider vscode.git 1629
2025-01-13 17:03:07.153 [warning] [Decorations] CAPPING events from decorations provider vscode.git 1629
2025-01-13 17:03:12.238 [warning] [Decorations] CAPPING events from decorations provider vscode.git 1630
2025-01-13 17:03:17.324 [warning] [Decorations] CAPPING events from decorations provider vscode.git 1632
2025-01-13 17:03:24.815 [warning] [Decorations] CAPPING events from decorations provider vscode.git 1632
2025-01-13 17:05:17.330 [warning] [Decorations] CAPPING events from decorations provider vscode.git 1633
2025-01-13 17:05:22.422 [warning] [Decorations] CAPPING events from decorations provider vscode.git 1634
2025-01-13 17:05:27.511 [warning] [Decorations] CAPPING events from decorations provider vscode.git 1634
2025-01-13 17:05:35.858 [warning] [Decorations] CAPPING events from decorations provider vscode.git 1634
2025-01-13 17:05:40.942 [warning] [Decorations] CAPPING events from decorations provider vscode.git 1634
2025-01-13 17:06:14.521 [warning] [Decorations] CAPPING events from decorations provider vscode.git 1634
2025-01-13 17:06:15.075 [warning] [Decorations] CAPPING events from decorations provider vscode.git 1635
2025-01-13 17:06:19.613 [warning] [Decorations] CAPPING events from decorations provider vscode.git 1635
2025-01-13 17:06:24.700 [warning] [Decorations] CAPPING events from decorations provider vscode.git 1636
2025-01-13 17:06:29.785 [warning] [Decorations] CAPPING events from decorations provider vscode.git 1636
2025-01-13 17:06:56.869 [warning] [Decorations] CAPPING events from decorations provider vscode.git 1636
2025-01-13 17:07:01.955 [warning] [Decorations] CAPPING events from decorations provider vscode.git 1636
2025-01-13 17:07:07.045 [warning] [Decorations] CAPPING events from decorations provider vscode.git 1636
2025-01-13 17:07:12.133 [warning] [Decorations] CAPPING events from decorations provider vscode.git 1636
2025-01-13 17:07:17.224 [warning] [Decorations] CAPPING events from decorations provider vscode.git 1636
2025-01-13 17:07:22.309 [warning] [Decorations] CAPPING events from decorations provider vscode.git 1636
2025-01-13 17:07:27.395 [warning] [Decorations] CAPPING events from decorations provider vscode.git 1636
2025-01-13 17:07:32.489 [warning] [Decorations] CAPPING events from decorations provider vscode.git 1636
2025-01-13 17:07:37.576 [warning] [Decorations] CAPPING events from decorations provider vscode.git 1636
2025-01-13 17:07:42.662 [warning] [Decorations] CAPPING events from decorations provider vscode.git 1636
2025-01-13 17:07:47.750 [warning] [Decorations] CAPPING events from decorations provider vscode.git 1636
2025-01-13 17:07:52.836 [warning] [Decorations] CAPPING events from decorations provider vscode.git 1636
2025-01-13 17:07:57.922 [warning] [Decorations] CAPPING events from decorations provider vscode.git 1636
2025-01-13 17:08:03.006 [warning] [Decorations] CAPPING events from decorations provider vscode.git 1636
2025-01-13 17:08:08.092 [warning] [Decorations] CAPPING events from decorations provider vscode.git 1636
2025-01-13 17:08:13.177 [warning] [Decorations] CAPPING events from decorations provider vscode.git 1636
2025-01-13 17:08:18.263 [warning] [Decorations] CAPPING events from decorations provider vscode.git 1636
2025-01-13 17:08:23.347 [warning] [Decorations] CAPPING events from decorations provider vscode.git 1636
2025-01-13 17:08:28.432 [warning] [Decorations] CAPPING events from decorations provider vscode.git 1636
2025-01-13 17:08:33.516 [warning] [Decorations] CAPPING events from decorations provider vscode.git 1636
2025-01-13 17:08:38.602 [warning] [Decorations] CAPPING events from decorations provider vscode.git 1636
2025-01-13 17:08:43.694 [warning] [Decorations] CAPPING events from decorations provider vscode.git 1636
2025-01-13 17:08:48.782 [warning] [Decorations] CAPPING events from decorations provider vscode.git 1636
2025-01-13 17:08:53.867 [warning] [Decorations] CAPPING events from decorations provider vscode.git 1637
2025-01-13 17:09:51.581 [warning] [Decorations] CAPPING events from decorations provider vscode.git 1637
2025-01-13 17:09:52.140 [warning] [Decorations] CAPPING events from decorations provider vscode.git 1637
2025-01-13 17:09:56.667 [warning] [Decorations] CAPPING events from decorations provider vscode.git 1637
2025-01-13 17:10:01.758 [warning] [Decorations] CAPPING events from decorations provider vscode.git 1637
2025-01-13 17:10:06.843 [warning] [Decorations] CAPPING events from decorations provider vscode.git 1637
2025-01-13 17:10:11.929 [warning] [Decorations] CAPPING events from decorations provider vscode.git 1637
2025-01-13 17:10:17.015 [warning] [Decorations] CAPPING events from decorations provider vscode.git 1637
2025-01-13 17:10:22.103 [warning] [Decorations] CAPPING events from decorations provider vscode.git 1637
2025-01-13 17:10:27.191 [warning] [Decorations] CAPPING events from decorations provider vscode.git 1637
2025-01-13 17:10:32.279 [warning] [Decorations] CAPPING events from decorations provider vscode.git 1637
2025-01-13 17:10:37.742 [warning] [Decorations] CAPPING events from decorations provider vscode.git 1637
2025-01-13 17:10:42.830 [warning] [Decorations] CAPPING events from decorations provider vscode.git 1637
2025-01-13 17:10:48.740 [warning] [Decorations] CAPPING events from decorations provider vscode.git 1637
2025-01-13 17:10:53.827 [warning] [Decorations] CAPPING events from decorations provider vscode.git 1637
2025-01-13 17:10:58.914 [warning] [Decorations] CAPPING events from decorations provider vscode.git 1637
2025-01-13 17:11:04.000 [warning] [Decorations] CAPPING events from decorations provider vscode.git 1637
2025-01-13 17:11:09.090 [warning] [Decorations] CAPPING events from decorations provider vscode.git 1637
2025-01-13 17:11:53.794 [warning] [Decorations] CAPPING events from decorations provider vscode.git 1637
2025-01-13 17:11:58.886 [warning] [Decorations] CAPPING events from decorations provider vscode.git 1637
2025-01-13 17:12:06.502 [warning] [Decorations] CAPPING events from decorations provider vscode.git 1638
2025-01-13 17:12:12.618 [warning] [Decorations] CAPPING events from decorations provider vscode.git 1638
2025-01-13 17:12:17.705 [warning] [Decorations] CAPPING events from decorations provider vscode.git 1638
2025-01-13 17:12:22.791 [warning] [Decorations] CAPPING events from decorations provider vscode.git 1639
2025-01-13 17:12:27.876 [warning] [Decorations] CAPPING events from decorations provider vscode.git 1638
2025-01-13 17:12:32.961 [warning] [Decorations] CAPPING events from decorations provider vscode.git 1638
2025-01-13 17:12:38.048 [warning] [Decorations] CAPPING events from decorations provider vscode.git 1640
2025-01-13 17:12:59.566 [warning] [Decorations] CAPPING events from decorations provider vscode.git 1640
2025-01-13 17:13:00.139 [warning] [Decorations] CAPPING events from decorations provider vscode.git 1640
2025-01-13 17:13:04.652 [warning] [Decorations] CAPPING events from decorations provider vscode.git 1640
2025-01-13 17:13:09.746 [warning] [Decorations] CAPPING events from decorations provider vscode.git 1640
2025-01-13 17:13:14.831 [warning] [Decorations] CAPPING events from decorations provider vscode.git 1640
2025-01-13 17:13:19.901 [warning] [Decorations] CAPPING events from decorations provider vscode.git 1640
2025-01-13 17:13:24.994 [warning] [Decorations] CAPPING events from decorations provider vscode.git 1640
2025-01-13 17:13:30.080 [warning] [Decorations] CAPPING events from decorations provider vscode.git 1640
2025-01-13 17:13:51.657 [warning] [Decorations] CAPPING events from decorations provider vscode.git 1641
2025-01-13 17:13:56.745 [warning] [Decorations] CAPPING events from decorations provider vscode.git 1641
2025-01-13 17:14:01.835 [warning] [Decorations] CAPPING events from decorations provider vscode.git 1641
2025-01-13 17:14:06.920 [warning] [Decorations] CAPPING events from decorations provider vscode.git 1641
2025-01-13 17:14:12.007 [warning] [Decorations] CAPPING events from decorations provider vscode.git 1641
2025-01-13 17:14:17.092 [warning] [Decorations] CAPPING events from decorations provider vscode.git 1641
2025-01-13 17:14:22.180 [warning] [Decorations] CAPPING events from decorations provider vscode.git 1641
2025-01-13 17:14:27.268 [warning] [Decorations] CAPPING events from decorations provider vscode.git 1641
2025-01-13 17:14:32.362 [warning] [Decorations] CAPPING events from decorations provider vscode.git 1641
2025-01-13 17:14:37.447 [warning] [Decorations] CAPPING events from decorations provider vscode.git 1641
2025-01-13 17:14:42.534 [warning] [Decorations] CAPPING events from decorations provider vscode.git 1641
2025-01-13 17:14:47.619 [warning] [Decorations] CAPPING events from decorations provider vscode.git 1641
2025-01-13 17:14:52.708 [warning] [Decorations] CAPPING events from decorations provider vscode.git 1641
2025-01-13 17:14:57.795 [warning] [Decorations] CAPPING events from decorations provider vscode.git 1641
2025-01-13 17:15:02.882 [warning] [Decorations] CAPPING events from decorations provider vscode.git 1641
2025-01-13 17:15:07.967 [warning] [Decorations] CAPPING events from decorations provider vscode.git 1641
2025-01-13 17:15:13.057 [warning] [Decorations] CAPPING events from decorations provider vscode.git 1641
2025-01-13 17:15:18.347 [warning] [Decorations] CAPPING events from decorations provider vscode.git 1641
2025-01-13 17:15:23.433 [warning] [Decorations] CAPPING events from decorations provider vscode.git 1641
2025-01-13 17:15:28.521 [warning] [Decorations] CAPPING events from decorations provider vscode.git 1641
2025-01-13 17:15:33.610 [warning] [Decorations] CAPPING events from decorations provider vscode.git 1642
2025-01-13 17:17:16.523 [warning] [Decorations] CAPPING events from decorations provider vscode.git 1642
2025-01-13 17:17:17.089 [warning] [Decorations] CAPPING events from decorations provider vscode.git 1642
2025-01-13 17:17:21.611 [warning] [Decorations] CAPPING events from decorations provider vscode.git 1642
2025-01-13 17:17:26.700 [warning] [Decorations] CAPPING events from decorations provider vscode.git 1642
2025-01-13 17:17:31.791 [warning] [Decorations] CAPPING events from decorations provider vscode.git 1642
2025-01-13 17:17:33.400 [warning] [Decorations] CAPPING events from decorations provider vscode.git 1642
