2025-01-08 11:57:31.321 [info] [Info  - 오전 11:57:31] (3621393) Server root directory: file:///home/uys_1705817/.vscode-server/extensions/ms-python.vscode-pylance-2024.12.1/dist
2025-01-08 11:57:31.321 [info] [Info  - 오전 11:57:31] (3621393) Pylance language server 2024.12.1 (pyright version 1.1.389, commit ce1325fc) starting
2025-01-08 11:57:31.321 [info] [Info  - 오전 11:57:31] (3621393) Starting service instance "uys_1705817"
2025-01-08 11:57:31.360 [info] [Info  - 오전 11:57:31] (3621393) Setting environmentName for service "uys_1705817": "3.12.3 (usr venv)"
2025-01-08 11:57:31.360 [info] [Info  - 오전 11:57:31] (3621393) Setting pythonPath for service "uys_1705817": "/bin/python3"
2025-01-08 11:57:31.360 [info] [Info  - 오전 11:57:31] (3621393) No include entries specified; assuming /home/uys_1705817
2025-01-08 11:57:31.361 [info] [Info  - 오전 11:57:31] (3621393) Auto-excluding **/node_modules
2025-01-08 11:57:31.361 [info] [Info  - 오전 11:57:31] (3621393) Auto-excluding **/__pycache__
2025-01-08 11:57:31.361 [info] [Info  - 오전 11:57:31] (3621393) Auto-excluding **/.*
2025-01-08 11:57:31.385 [info] [Info  - 오전 11:57:31] (3621393) Assuming Python version 3.12.3.final.0
2025-01-08 11:57:31.439 [info] [Info  - 오전 11:57:31] (3621393) Auto-excluding /home/uys_1705817/flaskProject/venv
2025-01-08 11:57:31.442 [info] [Info  - 오전 11:57:31] (3621393) Found 2 source files
2025-01-08 11:57:31.696 [info] [Info  - 오전 11:57:31] (3621393) Background analysis(1) root directory: file:///home/uys_1705817/.vscode-server/extensions/ms-python.vscode-pylance-2024.12.1/dist
2025-01-08 11:57:31.696 [info] [Info  - 오전 11:57:31] (3621393) Background analysis(1) started
2025-01-08 11:57:31.750 [info] [Info  - 오전 11:57:31] (3621393) Indexer background runner(2) root directory: file:///home/uys_1705817/.vscode-server/extensions/ms-python.vscode-pylance-2024.12.1/dist (index)
2025-01-08 11:57:31.750 [info] [Info  - 오전 11:57:31] (3621393) Indexing(2) started
2025-01-08 11:57:32.034 [info] [Info  - 오전 11:57:32] (3621393) scanned(2) 95 files over 1 exec env
2025-01-08 11:57:32.180 [info] [Info  - 오전 11:57:32] (3621393) indexed(2) 95 files over 1 exec env
2025-01-08 11:57:32.217 [info] [Info  - 오전 11:57:32] (3621393) Indexing finished(2).
2025-01-08 11:57:41.305 [info] (Client) The existing extension didn't exit within 10 seconds. New instance will start, but you might encounter issues.
2025-01-08 11:57:41.305 [info] (Client) Pylance async client (2024.12.1) started with python extension (2024.22.1)
