2025-01-10 13:31:32.487 [info] [main] 로그 수준: Info
2025-01-10 13:31:32.487 [info] [main] "git"에서 찾은 git 유효성을 검사하는 중
2025-01-10 13:31:32.487 [info] [main] "2.43.0"에서 git "git"을(를) 사용하는 중
2025-01-10 13:31:32.487 [info] [Model][doInitialScan] Initial repository scan started
2025-01-10 13:31:32.487 [info] > git rev-parse --show-toplevel [3ms]
2025-01-10 13:31:32.487 [info] > git rev-parse --git-dir --git-common-dir [3ms]
2025-01-10 13:31:32.487 [info] [Model][openRepository] Opened repository: /home/uys_1705817
2025-01-10 13:31:32.487 [info] > git config --get commit.template [60ms]
2025-01-10 13:31:32.487 [info] > git rev-parse --show-toplevel [59ms]
2025-01-10 13:31:32.487 [info] > git rev-parse --show-toplevel [6ms]
2025-01-10 13:31:32.487 [info] > git for-each-ref --format=%(refname)%00%(upstream:short)%00%(objectname)%00%(upstream:track)%00%(upstream:remotename)%00%(upstream:remoteref) refs/heads/main refs/remotes/main [12ms]
2025-01-10 13:31:32.488 [info] > git rev-parse --show-toplevel [4ms]
2025-01-10 13:31:32.502 [info] > git rev-parse --show-toplevel [10ms]
2025-01-10 13:31:32.502 [info] > git for-each-ref --sort -committerdate --format %(refname) %(objectname) %(*objectname) [1ms]
2025-01-10 13:31:32.517 [info] > git rev-parse --show-toplevel [10ms]
2025-01-10 13:31:32.523 [info] > git rev-parse --show-toplevel [1ms]
2025-01-10 13:31:32.530 [info] > git rev-parse --show-toplevel [3ms]
2025-01-10 13:31:32.539 [info] > git rev-parse --show-toplevel [2ms]
2025-01-10 13:31:32.550 [info] > git status -z -uall [53ms]
2025-01-10 13:31:32.550 [info] > git rev-parse --show-toplevel [6ms]
2025-01-10 13:31:32.552 [info] [Model][doInitialScan] Initial repository scan completed - repositories (1), closed repositories (0), parent repositories (0), unsafe repositories (0)
2025-01-10 13:31:32.568 [info] > git for-each-ref --format=%(refname)%00%(upstream:short)%00%(objectname)%00%(upstream:track)%00%(upstream:remotename)%00%(upstream:remoteref) refs/heads/main refs/remotes/main [7ms]
2025-01-10 13:31:32.575 [info] > git config --get commit.template [8ms]
2025-01-10 13:31:32.581 [info] > git config --local branch.main.vscode-merge-base [7ms]
2025-01-10 13:31:32.581 [warning] [Git][config] git config failed: Failed to execute git
2025-01-10 13:31:32.587 [info] > git for-each-ref --format=%(refname)%00%(upstream:short)%00%(objectname)%00%(upstream:track)%00%(upstream:remotename)%00%(upstream:remoteref) refs/heads/main refs/remotes/main [7ms]
2025-01-10 13:31:32.689 [info] > git reflog main --grep-reflog=branch: Created from *. [103ms]
2025-01-10 13:31:32.707 [info] > git symbolic-ref --short refs/remotes/origin/HEAD [12ms]
2025-01-10 13:31:32.707 [info] fatal: ref refs/remotes/origin/HEAD is not a symbolic ref
2025-01-10 13:31:32.707 [warning] [Repository][getDefaultBranch] Failed to get default branch details: Failed to execute git.
2025-01-10 13:31:32.726 [info] > git merge-base refs/heads/main refs/remotes/origin/main [12ms]
2025-01-10 13:31:32.732 [info] > git for-each-ref --sort -committerdate --format %(refname) %(objectname) %(*objectname) [7ms]
2025-01-10 13:31:32.734 [info] > git diff --name-status -z --diff-filter=ADMR f0df434009dadb89c7c96d3bb04a59ec712db8a5...refs/remotes/origin/main [3ms]
2025-01-10 13:31:32.769 [info] > git status -z -uall [50ms]
2025-01-10 13:31:32.862 [info] > git show --textconv :api/app.py [7ms]
2025-01-10 13:31:32.866 [info] > git ls-files --stage -- /home/uys_1705817/api/app.py [5ms]
2025-01-10 13:31:32.873 [info] > git cat-file -s 2221a73b0ff7c4a7132b6ec36405a2aca591d10e [4ms]
2025-01-10 13:31:32.970 [info] > git blame --root --incremental f0df434009dadb89c7c96d3bb04a59ec712db8a5 -- /home/uys_1705817/api/app.py [13ms]
2025-01-10 13:31:32.997 [info] > git fetch [605ms]
2025-01-10 13:31:33.004 [info] > git check-ignore -v -z --stdin [22ms]
2025-01-10 13:31:33.006 [info] > git config --get commit.template [2ms]
2025-01-10 13:31:33.013 [info] > git for-each-ref --format=%(refname)%00%(upstream:short)%00%(objectname)%00%(upstream:track)%00%(upstream:remotename)%00%(upstream:remoteref) refs/heads/main refs/remotes/main [2ms]
2025-01-10 13:31:33.027 [info] > git for-each-ref --sort -committerdate --format %(refname) %(objectname) %(*objectname) [1ms]
2025-01-10 13:31:33.069 [info] > git status -z -uall [48ms]
2025-01-10 13:31:34.490 [info] > git ls-files --stage -- /home/uys_1705817/api/app.py [6ms]
2025-01-10 13:31:34.497 [info] > git cat-file -s 2221a73b0ff7c4a7132b6ec36405a2aca591d10e [1ms]
2025-01-10 13:31:34.575 [info] > git show --textconv :api/app.py [20ms]
2025-01-10 13:32:19.664 [info] > git config --get commit.template [7ms]
2025-01-10 13:32:19.665 [info] > git for-each-ref --format=%(refname)%00%(upstream:short)%00%(objectname)%00%(upstream:track)%00%(upstream:remotename)%00%(upstream:remoteref) refs/heads/main refs/remotes/main [2ms]
2025-01-10 13:32:19.678 [info] > git for-each-ref --sort -committerdate --format %(refname) %(objectname) %(*objectname) [1ms]
2025-01-10 13:32:19.720 [info] > git status -z -uall [49ms]
2025-01-10 13:32:24.740 [info] > git config --get commit.template [7ms]
2025-01-10 13:32:24.741 [info] > git for-each-ref --format=%(refname)%00%(upstream:short)%00%(objectname)%00%(upstream:track)%00%(upstream:remotename)%00%(upstream:remoteref) refs/heads/main refs/remotes/main [2ms]
2025-01-10 13:32:24.754 [info] > git for-each-ref --sort -committerdate --format %(refname) %(objectname) %(*objectname) [1ms]
2025-01-10 13:32:24.797 [info] > git status -z -uall [49ms]
2025-01-10 13:32:39.558 [info] > git config --get commit.template [5ms]
2025-01-10 13:32:39.559 [info] > git for-each-ref --format=%(refname)%00%(upstream:short)%00%(objectname)%00%(upstream:track)%00%(upstream:remotename)%00%(upstream:remoteref) refs/heads/main refs/remotes/main [1ms]
2025-01-10 13:32:39.572 [info] > git for-each-ref --sort -committerdate --format %(refname) %(objectname) %(*objectname) [2ms]
2025-01-10 13:32:39.613 [info] > git status -z -uall [47ms]
2025-01-10 13:32:49.544 [info] > git config --get commit.template [6ms]
2025-01-10 13:32:49.545 [info] > git for-each-ref --format=%(refname)%00%(upstream:short)%00%(objectname)%00%(upstream:track)%00%(upstream:remotename)%00%(upstream:remoteref) refs/heads/main refs/remotes/main [1ms]
2025-01-10 13:32:49.558 [info] > git for-each-ref --sort -committerdate --format %(refname) %(objectname) %(*objectname) [2ms]
2025-01-10 13:32:49.598 [info] > git status -z -uall [47ms]
2025-01-10 13:33:24.261 [info] > git config --get commit.template [7ms]
2025-01-10 13:33:24.263 [info] > git for-each-ref --format=%(refname)%00%(upstream:short)%00%(objectname)%00%(upstream:track)%00%(upstream:remotename)%00%(upstream:remoteref) refs/heads/main refs/remotes/main [1ms]
2025-01-10 13:33:24.278 [info] > git for-each-ref --sort -committerdate --format %(refname) %(objectname) %(*objectname) [2ms]
2025-01-10 13:33:24.319 [info] > git status -z -uall [50ms]
2025-01-10 13:33:29.339 [info] > git config --get commit.template [7ms]
2025-01-10 13:33:29.340 [info] > git for-each-ref --format=%(refname)%00%(upstream:short)%00%(objectname)%00%(upstream:track)%00%(upstream:remotename)%00%(upstream:remoteref) refs/heads/main refs/remotes/main [2ms]
2025-01-10 13:33:29.352 [info] > git for-each-ref --sort -committerdate --format %(refname) %(objectname) %(*objectname) [1ms]
2025-01-10 13:33:29.395 [info] > git status -z -uall [49ms]
2025-01-10 13:33:34.413 [info] > git config --get commit.template [7ms]
2025-01-10 13:33:34.413 [info] > git for-each-ref --format=%(refname)%00%(upstream:short)%00%(objectname)%00%(upstream:track)%00%(upstream:remotename)%00%(upstream:remoteref) refs/heads/main refs/remotes/main [1ms]
2025-01-10 13:33:34.427 [info] > git for-each-ref --sort -committerdate --format %(refname) %(objectname) %(*objectname) [1ms]
2025-01-10 13:33:34.471 [info] > git status -z -uall [51ms]
2025-01-10 13:33:39.490 [info] > git config --get commit.template [7ms]
2025-01-10 13:33:39.491 [info] > git for-each-ref --format=%(refname)%00%(upstream:short)%00%(objectname)%00%(upstream:track)%00%(upstream:remotename)%00%(upstream:remoteref) refs/heads/main refs/remotes/main [1ms]
2025-01-10 13:33:39.504 [info] > git for-each-ref --sort -committerdate --format %(refname) %(objectname) %(*objectname) [2ms]
2025-01-10 13:33:39.546 [info] > git status -z -uall [48ms]
2025-01-10 13:33:44.566 [info] > git config --get commit.template [5ms]
2025-01-10 13:33:44.567 [info] > git for-each-ref --format=%(refname)%00%(upstream:short)%00%(objectname)%00%(upstream:track)%00%(upstream:remotename)%00%(upstream:remoteref) refs/heads/main refs/remotes/main [2ms]
2025-01-10 13:33:44.580 [info] > git for-each-ref --sort -committerdate --format %(refname) %(objectname) %(*objectname) [2ms]
2025-01-10 13:33:44.622 [info] > git status -z -uall [49ms]
2025-01-10 13:33:47.202 [info] > git ls-files --stage -- /home/uys_1705817/api/app.py [5ms]
2025-01-10 13:33:47.207 [info] > git cat-file -s 2221a73b0ff7c4a7132b6ec36405a2aca591d10e [0ms]
2025-01-10 13:33:47.252 [info] > git show --textconv :api/app.py [4ms]
2025-01-10 13:33:49.642 [info] > git config --get commit.template [7ms]
2025-01-10 13:33:49.643 [info] > git for-each-ref --format=%(refname)%00%(upstream:short)%00%(objectname)%00%(upstream:track)%00%(upstream:remotename)%00%(upstream:remoteref) refs/heads/main refs/remotes/main [2ms]
2025-01-10 13:33:49.656 [info] > git for-each-ref --sort -committerdate --format %(refname) %(objectname) %(*objectname) [1ms]
2025-01-10 13:33:49.697 [info] > git status -z -uall [48ms]
2025-01-10 13:33:54.715 [info] > git config --get commit.template [6ms]
2025-01-10 13:33:54.715 [info] > git for-each-ref --format=%(refname)%00%(upstream:short)%00%(objectname)%00%(upstream:track)%00%(upstream:remotename)%00%(upstream:remoteref) refs/heads/main refs/remotes/main [1ms]
2025-01-10 13:33:54.728 [info] > git for-each-ref --sort -committerdate --format %(refname) %(objectname) %(*objectname) [1ms]
2025-01-10 13:33:54.768 [info] > git status -z -uall [46ms]
2025-01-10 13:33:59.788 [info] > git config --get commit.template [7ms]
2025-01-10 13:33:59.789 [info] > git for-each-ref --format=%(refname)%00%(upstream:short)%00%(objectname)%00%(upstream:track)%00%(upstream:remotename)%00%(upstream:remoteref) refs/heads/main refs/remotes/main [1ms]
2025-01-10 13:33:59.802 [info] > git for-each-ref --sort -committerdate --format %(refname) %(objectname) %(*objectname) [2ms]
2025-01-10 13:33:59.842 [info] > git status -z -uall [47ms]
2025-01-10 13:34:04.854 [info] > git config --get commit.template [1ms]
2025-01-10 13:34:04.861 [info] > git for-each-ref --format=%(refname)%00%(upstream:short)%00%(objectname)%00%(upstream:track)%00%(upstream:remotename)%00%(upstream:remoteref) refs/heads/main refs/remotes/main [1ms]
2025-01-10 13:34:04.874 [info] > git for-each-ref --sort -committerdate --format %(refname) %(objectname) %(*objectname) [1ms]
2025-01-10 13:34:04.916 [info] > git status -z -uall [48ms]
2025-01-10 13:34:09.934 [info] > git config --get commit.template [7ms]
2025-01-10 13:34:09.935 [info] > git for-each-ref --format=%(refname)%00%(upstream:short)%00%(objectname)%00%(upstream:track)%00%(upstream:remotename)%00%(upstream:remoteref) refs/heads/main refs/remotes/main [2ms]
2025-01-10 13:34:09.950 [info] > git for-each-ref --sort -committerdate --format %(refname) %(objectname) %(*objectname) [2ms]
2025-01-10 13:34:09.990 [info] > git status -z -uall [48ms]
2025-01-10 13:34:15.008 [info] > git config --get commit.template [6ms]
2025-01-10 13:34:15.009 [info] > git for-each-ref --format=%(refname)%00%(upstream:short)%00%(objectname)%00%(upstream:track)%00%(upstream:remotename)%00%(upstream:remoteref) refs/heads/main refs/remotes/main [2ms]
2025-01-10 13:34:15.025 [info] > git for-each-ref --sort -committerdate --format %(refname) %(objectname) %(*objectname) [2ms]
2025-01-10 13:34:15.062 [info] > git status -z -uall [47ms]
2025-01-10 13:34:18.683 [info] > git show --textconv :api/server.sh [6ms]
2025-01-10 13:34:18.687 [info] > git ls-files --stage -- /home/uys_1705817/api/server.sh [4ms]
2025-01-10 13:34:18.695 [info] > git cat-file -s 4652d57863e18a5db12df0e0cae5e7be56f2f0fe [0ms]
2025-01-10 13:34:20.079 [info] > git config --get commit.template [6ms]
2025-01-10 13:34:20.081 [info] > git for-each-ref --format=%(refname)%00%(upstream:short)%00%(objectname)%00%(upstream:track)%00%(upstream:remotename)%00%(upstream:remoteref) refs/heads/main refs/remotes/main [2ms]
2025-01-10 13:34:20.094 [info] > git for-each-ref --sort -committerdate --format %(refname) %(objectname) %(*objectname) [2ms]
2025-01-10 13:34:20.134 [info] > git status -z -uall [47ms]
2025-01-10 13:34:25.156 [info] > git config --get commit.template [7ms]
2025-01-10 13:34:25.156 [info] > git for-each-ref --format=%(refname)%00%(upstream:short)%00%(objectname)%00%(upstream:track)%00%(upstream:remotename)%00%(upstream:remoteref) refs/heads/main refs/remotes/main [1ms]
2025-01-10 13:34:25.168 [info] > git for-each-ref --sort -committerdate --format %(refname) %(objectname) %(*objectname) [1ms]
2025-01-10 13:34:25.210 [info] > git status -z -uall [49ms]
2025-01-10 13:34:27.052 [info] > git blame --root --incremental f0df434009dadb89c7c96d3bb04a59ec712db8a5 -- /home/uys_1705817/api/server.sh [6ms]
2025-01-10 13:34:30.231 [info] > git config --get commit.template [7ms]
2025-01-10 13:34:30.232 [info] > git for-each-ref --format=%(refname)%00%(upstream:short)%00%(objectname)%00%(upstream:track)%00%(upstream:remotename)%00%(upstream:remoteref) refs/heads/main refs/remotes/main [2ms]
2025-01-10 13:34:30.245 [info] > git for-each-ref --sort -committerdate --format %(refname) %(objectname) %(*objectname) [2ms]
2025-01-10 13:34:30.285 [info] > git status -z -uall [47ms]
2025-01-10 13:34:33.622 [info] > git fetch [542ms]
2025-01-10 13:34:33.636 [info] > git config --get commit.template [6ms]
2025-01-10 13:34:33.637 [info] > git for-each-ref --format=%(refname)%00%(upstream:short)%00%(objectname)%00%(upstream:track)%00%(upstream:remotename)%00%(upstream:remoteref) refs/heads/main refs/remotes/main [1ms]
2025-01-10 13:34:33.650 [info] > git for-each-ref --sort -committerdate --format %(refname) %(objectname) %(*objectname) [1ms]
2025-01-10 13:34:33.691 [info] > git status -z -uall [47ms]
2025-01-10 13:34:35.166 [info] > git ls-files --stage -- /home/uys_1705817/api/server.sh [6ms]
2025-01-10 13:34:35.171 [info] > git cat-file -s 4652d57863e18a5db12df0e0cae5e7be56f2f0fe [0ms]
2025-01-10 13:34:35.244 [info] > git show --textconv :api/server.sh [4ms]
2025-01-10 13:34:35.298 [info] > git config --get commit.template [0ms]
2025-01-10 13:34:35.304 [info] > git for-each-ref --format=%(refname)%00%(upstream:short)%00%(objectname)%00%(upstream:track)%00%(upstream:remotename)%00%(upstream:remoteref) refs/heads/main refs/remotes/main [1ms]
2025-01-10 13:34:35.317 [info] > git for-each-ref --sort -committerdate --format %(refname) %(objectname) %(*objectname) [2ms]
2025-01-10 13:34:35.357 [info] > git status -z -uall [47ms]
2025-01-10 13:34:40.376 [info] > git config --get commit.template [6ms]
2025-01-10 13:34:40.377 [info] > git for-each-ref --format=%(refname)%00%(upstream:short)%00%(objectname)%00%(upstream:track)%00%(upstream:remotename)%00%(upstream:remoteref) refs/heads/main refs/remotes/main [1ms]
2025-01-10 13:34:40.390 [info] > git for-each-ref --sort -committerdate --format %(refname) %(objectname) %(*objectname) [2ms]
2025-01-10 13:34:40.432 [info] > git status -z -uall [49ms]
2025-01-10 13:34:45.450 [info] > git config --get commit.template [6ms]
2025-01-10 13:34:45.452 [info] > git for-each-ref --format=%(refname)%00%(upstream:short)%00%(objectname)%00%(upstream:track)%00%(upstream:remotename)%00%(upstream:remoteref) refs/heads/main refs/remotes/main [2ms]
2025-01-10 13:34:45.464 [info] > git for-each-ref --sort -committerdate --format %(refname) %(objectname) %(*objectname) [1ms]
2025-01-10 13:34:45.507 [info] > git status -z -uall [49ms]
2025-01-10 13:34:50.521 [info] > git config --get commit.template [1ms]
2025-01-10 13:34:50.528 [info] > git for-each-ref --format=%(refname)%00%(upstream:short)%00%(objectname)%00%(upstream:track)%00%(upstream:remotename)%00%(upstream:remoteref) refs/heads/main refs/remotes/main [1ms]
2025-01-10 13:34:50.540 [info] > git for-each-ref --sort -committerdate --format %(refname) %(objectname) %(*objectname) [1ms]
2025-01-10 13:34:50.580 [info] > git status -z -uall [47ms]
2025-01-10 13:34:55.594 [info] > git config --get commit.template [1ms]
2025-01-10 13:34:55.603 [info] > git for-each-ref --format=%(refname)%00%(upstream:short)%00%(objectname)%00%(upstream:track)%00%(upstream:remotename)%00%(upstream:remoteref) refs/heads/main refs/remotes/main [4ms]
2025-01-10 13:34:55.616 [info] > git for-each-ref --sort -committerdate --format %(refname) %(objectname) %(*objectname) [2ms]
2025-01-10 13:34:55.657 [info] > git status -z -uall [48ms]
2025-01-10 13:35:00.677 [info] > git config --get commit.template [7ms]
2025-01-10 13:35:00.679 [info] > git for-each-ref --format=%(refname)%00%(upstream:short)%00%(objectname)%00%(upstream:track)%00%(upstream:remotename)%00%(upstream:remoteref) refs/heads/main refs/remotes/main [2ms]
2025-01-10 13:35:00.693 [info] > git for-each-ref --sort -committerdate --format %(refname) %(objectname) %(*objectname) [1ms]
2025-01-10 13:35:00.734 [info] > git status -z -uall [48ms]
2025-01-10 13:35:05.752 [info] > git config --get commit.template [6ms]
2025-01-10 13:35:05.753 [info] > git for-each-ref --format=%(refname)%00%(upstream:short)%00%(objectname)%00%(upstream:track)%00%(upstream:remotename)%00%(upstream:remoteref) refs/heads/main refs/remotes/main [1ms]
2025-01-10 13:35:05.767 [info] > git for-each-ref --sort -committerdate --format %(refname) %(objectname) %(*objectname) [2ms]
2025-01-10 13:35:05.808 [info] > git status -z -uall [48ms]
2025-01-10 13:35:10.826 [info] > git config --get commit.template [7ms]
2025-01-10 13:35:10.829 [info] > git for-each-ref --format=%(refname)%00%(upstream:short)%00%(objectname)%00%(upstream:track)%00%(upstream:remotename)%00%(upstream:remoteref) refs/heads/main refs/remotes/main [3ms]
2025-01-10 13:35:10.841 [info] > git for-each-ref --sort -committerdate --format %(refname) %(objectname) %(*objectname) [2ms]
2025-01-10 13:35:10.883 [info] > git status -z -uall [48ms]
2025-01-10 13:35:15.902 [info] > git config --get commit.template [7ms]
2025-01-10 13:35:15.902 [info] > git for-each-ref --format=%(refname)%00%(upstream:short)%00%(objectname)%00%(upstream:track)%00%(upstream:remotename)%00%(upstream:remoteref) refs/heads/main refs/remotes/main [1ms]
2025-01-10 13:35:15.916 [info] > git for-each-ref --sort -committerdate --format %(refname) %(objectname) %(*objectname) [1ms]
2025-01-10 13:35:15.958 [info] > git status -z -uall [49ms]
2025-01-10 13:35:20.978 [info] > git config --get commit.template [6ms]
2025-01-10 13:35:20.978 [info] > git for-each-ref --format=%(refname)%00%(upstream:short)%00%(objectname)%00%(upstream:track)%00%(upstream:remotename)%00%(upstream:remoteref) refs/heads/main refs/remotes/main [1ms]
2025-01-10 13:35:20.991 [info] > git for-each-ref --sort -committerdate --format %(refname) %(objectname) %(*objectname) [1ms]
2025-01-10 13:35:21.033 [info] > git status -z -uall [48ms]
2025-01-10 13:35:26.052 [info] > git config --get commit.template [6ms]
2025-01-10 13:35:26.053 [info] > git for-each-ref --format=%(refname)%00%(upstream:short)%00%(objectname)%00%(upstream:track)%00%(upstream:remotename)%00%(upstream:remoteref) refs/heads/main refs/remotes/main [1ms]
2025-01-10 13:35:26.069 [info] > git for-each-ref --sort -committerdate --format %(refname) %(objectname) %(*objectname) [3ms]
2025-01-10 13:35:26.109 [info] > git status -z -uall [49ms]
2025-01-10 13:35:31.130 [info] > git config --get commit.template [8ms]
2025-01-10 13:35:31.131 [info] > git for-each-ref --format=%(refname)%00%(upstream:short)%00%(objectname)%00%(upstream:track)%00%(upstream:remotename)%00%(upstream:remoteref) refs/heads/main refs/remotes/main [1ms]
2025-01-10 13:35:31.144 [info] > git for-each-ref --sort -committerdate --format %(refname) %(objectname) %(*objectname) [1ms]
2025-01-10 13:35:31.185 [info] > git status -z -uall [48ms]
2025-01-10 13:35:36.200 [info] > git config --get commit.template [1ms]
2025-01-10 13:35:36.207 [info] > git for-each-ref --format=%(refname)%00%(upstream:short)%00%(objectname)%00%(upstream:track)%00%(upstream:remotename)%00%(upstream:remoteref) refs/heads/main refs/remotes/main [2ms]
2025-01-10 13:35:36.219 [info] > git for-each-ref --sort -committerdate --format %(refname) %(objectname) %(*objectname) [1ms]
2025-01-10 13:35:36.262 [info] > git status -z -uall [49ms]
2025-01-10 13:35:41.282 [info] > git config --get commit.template [7ms]
2025-01-10 13:35:41.283 [info] > git for-each-ref --format=%(refname)%00%(upstream:short)%00%(objectname)%00%(upstream:track)%00%(upstream:remotename)%00%(upstream:remoteref) refs/heads/main refs/remotes/main [2ms]
2025-01-10 13:35:41.296 [info] > git for-each-ref --sort -committerdate --format %(refname) %(objectname) %(*objectname) [2ms]
2025-01-10 13:35:41.336 [info] > git status -z -uall [47ms]
2025-01-10 13:35:46.359 [info] > git config --get commit.template [7ms]
2025-01-10 13:35:46.360 [info] > git for-each-ref --format=%(refname)%00%(upstream:short)%00%(objectname)%00%(upstream:track)%00%(upstream:remotename)%00%(upstream:remoteref) refs/heads/main refs/remotes/main [2ms]
2025-01-10 13:35:46.373 [info] > git for-each-ref --sort -committerdate --format %(refname) %(objectname) %(*objectname) [1ms]
2025-01-10 13:35:46.414 [info] > git status -z -uall [47ms]
2025-01-10 13:35:51.434 [info] > git config --get commit.template [7ms]
2025-01-10 13:35:51.435 [info] > git for-each-ref --format=%(refname)%00%(upstream:short)%00%(objectname)%00%(upstream:track)%00%(upstream:remotename)%00%(upstream:remoteref) refs/heads/main refs/remotes/main [2ms]
2025-01-10 13:35:51.447 [info] > git for-each-ref --sort -committerdate --format %(refname) %(objectname) %(*objectname) [1ms]
2025-01-10 13:35:51.489 [info] > git status -z -uall [49ms]
2025-01-10 13:35:56.506 [info] > git config --get commit.template [6ms]
2025-01-10 13:35:56.506 [info] > git for-each-ref --format=%(refname)%00%(upstream:short)%00%(objectname)%00%(upstream:track)%00%(upstream:remotename)%00%(upstream:remoteref) refs/heads/main refs/remotes/main [1ms]
2025-01-10 13:35:56.520 [info] > git for-each-ref --sort -committerdate --format %(refname) %(objectname) %(*objectname) [2ms]
2025-01-10 13:35:56.563 [info] > git status -z -uall [50ms]
2025-01-10 13:36:31.025 [info] > git config --get commit.template [7ms]
2025-01-10 13:36:31.026 [info] > git for-each-ref --format=%(refname)%00%(upstream:short)%00%(objectname)%00%(upstream:track)%00%(upstream:remotename)%00%(upstream:remoteref) refs/heads/main refs/remotes/main [1ms]
2025-01-10 13:36:31.039 [info] > git for-each-ref --sort -committerdate --format %(refname) %(objectname) %(*objectname) [1ms]
2025-01-10 13:36:31.079 [info] > git status -z -uall [47ms]
2025-01-10 13:36:33.925 [info] > git show --textconv :api/app.py [6ms]
2025-01-10 13:36:33.930 [info] > git ls-files --stage -- /home/uys_1705817/api/app.py [6ms]
2025-01-10 13:36:33.936 [info] > git cat-file -s 2221a73b0ff7c4a7132b6ec36405a2aca591d10e [0ms]
2025-01-10 13:36:47.828 [info] > git ls-files --stage -- /home/uys_1705817/api/app.py [5ms]
2025-01-10 13:36:47.835 [info] > git cat-file -s 2221a73b0ff7c4a7132b6ec36405a2aca591d10e [1ms]
2025-01-10 13:36:47.914 [info] > git show --textconv :api/app.py [5ms]
2025-01-10 13:36:48.713 [info] > git config --get commit.template [7ms]
2025-01-10 13:36:48.714 [info] > git for-each-ref --format=%(refname)%00%(upstream:short)%00%(objectname)%00%(upstream:track)%00%(upstream:remotename)%00%(upstream:remoteref) refs/heads/main refs/remotes/main [0ms]
2025-01-10 13:36:48.726 [info] > git for-each-ref --sort -committerdate --format %(refname) %(objectname) %(*objectname) [1ms]
2025-01-10 13:36:48.767 [info] > git status -z -uall [47ms]
2025-01-10 13:36:53.735 [info] > git check-ignore -v -z --stdin [12ms]
2025-01-10 13:36:53.785 [info] > git config --get commit.template [6ms]
2025-01-10 13:36:53.786 [info] > git for-each-ref --format=%(refname)%00%(upstream:short)%00%(objectname)%00%(upstream:track)%00%(upstream:remotename)%00%(upstream:remoteref) refs/heads/main refs/remotes/main [1ms]
2025-01-10 13:36:53.801 [info] > git for-each-ref --sort -committerdate --format %(refname) %(objectname) %(*objectname) [3ms]
2025-01-10 13:36:53.841 [info] > git status -z -uall [49ms]
2025-01-10 13:36:54.785 [info] > git check-ignore -v -z --stdin [9ms]
2025-01-10 13:36:57.593 [info] > git log --format=%H%n%aN%n%aE%n%at%n%ct%n%P%n%D%n%B -z --shortstat --diff-merges=first-parent -n50 --skip=0 --topo-order --decorate=full --stdin [4384ms]
2025-01-10 13:37:03.006 [info] > git add -A -- . [62ms]
2025-01-10 13:37:03.048 [info] > git -c user.useConfigOnly=true commit --quiet --allow-empty-message --file - [35ms]
2025-01-10 13:37:03.056 [info] > git config --get commit.template [0ms]
2025-01-10 13:37:03.068 [info] > git config --get commit.template [6ms]
2025-01-10 13:37:03.069 [info] > git for-each-ref --format=%(refname)%00%(upstream:short)%00%(objectname)%00%(upstream:track)%00%(upstream:remotename)%00%(upstream:remoteref) refs/heads/main refs/remotes/main [1ms]
2025-01-10 13:37:03.083 [info] > git for-each-ref --sort -committerdate --format %(refname) %(objectname) %(*objectname) [1ms]
2025-01-10 13:37:03.125 [info] > git status -z -uall [49ms]
2025-01-10 13:37:03.142 [info] > git blame --root --incremental dffff2217d0e8b24feb54161243889b5fa734530 -- /home/uys_1705817/api/app.py [9ms]
2025-01-10 13:37:03.144 [info] > git merge-base refs/heads/main refs/remotes/origin/main [4ms]
2025-01-10 13:37:03.151 [info] > git diff --name-status -z --diff-filter=ADMR f0df434009dadb89c7c96d3bb04a59ec712db8a5...refs/remotes/origin/main [2ms]
2025-01-10 13:37:03.263 [info] > git config --get commit.template [2ms]
2025-01-10 13:37:03.270 [info] > git for-each-ref --format=%(refname)%00%(upstream:short)%00%(objectname)%00%(upstream:track)%00%(upstream:remotename)%00%(upstream:remoteref) refs/heads/main refs/remotes/main [1ms]
2025-01-10 13:37:03.285 [info] > git for-each-ref --sort -committerdate --format %(refname) %(objectname) %(*objectname) [3ms]
2025-01-10 13:37:03.323 [info] > git status -z -uall [47ms]
2025-01-10 13:37:04.425 [info] > git ls-files --stage -- /home/uys_1705817/api/app.py [5ms]
2025-01-10 13:37:04.431 [info] > git cat-file -s 2221a73b0ff7c4a7132b6ec36405a2aca591d10e [1ms]
2025-01-10 13:37:04.479 [info] > git show --textconv :api/app.py [5ms]
2025-01-10 13:37:07.599 [info] > git log --format=%H%n%aN%n%aE%n%at%n%ct%n%P%n%D%n%B -z --shortstat --diff-merges=first-parent -n50 --skip=0 --topo-order --decorate=full --stdin [4387ms]
2025-01-10 13:37:09.431 [info] > git log --oneline --cherry main...main@{upstream} -- [2ms]
2025-01-10 13:37:09.994 [info] > git pull --tags origin main [559ms]
2025-01-10 13:37:09.995 [info] From https://github.com/umyunsang/uys_1705817
 * branch            main       -> FETCH_HEAD
2025-01-10 13:37:11.336 [info] > git push origin main:main [1335ms]
2025-01-10 13:37:11.336 [info] To https://github.com/umyunsang/uys_1705817.git
   f0df434..dffff22  main -> main
2025-01-10 13:37:11.351 [info] > git config --get commit.template [7ms]
2025-01-10 13:37:11.353 [info] > git for-each-ref --format=%(refname)%00%(upstream:short)%00%(objectname)%00%(upstream:track)%00%(upstream:remotename)%00%(upstream:remoteref) refs/heads/main refs/remotes/main [3ms]
2025-01-10 13:37:11.367 [info] > git for-each-ref --sort -committerdate --format %(refname) %(objectname) %(*objectname) [2ms]
2025-01-10 13:37:11.405 [info] > git status -z -uall [46ms]
2025-01-10 13:37:11.422 [info] > git merge-base refs/heads/main refs/remotes/origin/main [7ms]
2025-01-10 13:37:11.427 [info] > git config --get commit.template [6ms]
2025-01-10 13:37:11.432 [info] > git diff --name-status -z --diff-filter=ADMR dffff2217d0e8b24feb54161243889b5fa734530...refs/remotes/origin/main [5ms]
2025-01-10 13:37:11.435 [info] > git for-each-ref --format=%(refname)%00%(upstream:short)%00%(objectname)%00%(upstream:track)%00%(upstream:remotename)%00%(upstream:remoteref) refs/heads/main refs/remotes/main [3ms]
2025-01-10 13:37:11.449 [info] > git for-each-ref --sort -committerdate --format %(refname) %(objectname) %(*objectname) [3ms]
2025-01-10 13:37:11.484 [info] > git status -z -uall [43ms]
2025-01-10 13:37:11.676 [info] > git ls-files --stage -- /home/uys_1705817/api/app.py [4ms]
2025-01-10 13:37:11.683 [info] > git cat-file -s 2221a73b0ff7c4a7132b6ec36405a2aca591d10e [1ms]
2025-01-10 13:37:11.760 [info] > git show --textconv :api/app.py [4ms]
2025-01-10 13:37:12.817 [info] > git ls-files --stage -- /home/uys_1705817/api/app.py [6ms]
2025-01-10 13:37:12.822 [info] > git cat-file -s 2221a73b0ff7c4a7132b6ec36405a2aca591d10e [1ms]
2025-01-10 13:37:12.890 [info] > git show --textconv :api/app.py [4ms]
2025-01-10 13:37:16.032 [info] > git log --format=%H%n%aN%n%aE%n%at%n%ct%n%P%n%D%n%B -z --shortstat --diff-merges=first-parent -n50 --skip=0 --topo-order --decorate=full --stdin [4365ms]
2025-01-10 13:37:16.501 [info] > git config --get commit.template [5ms]
2025-01-10 13:37:16.502 [info] > git for-each-ref --format=%(refname)%00%(upstream:short)%00%(objectname)%00%(upstream:track)%00%(upstream:remotename)%00%(upstream:remoteref) refs/heads/main refs/remotes/main [1ms]
2025-01-10 13:37:16.514 [info] > git for-each-ref --sort -committerdate --format %(refname) %(objectname) %(*objectname) [3ms]
2025-01-10 13:37:16.546 [info] > git status -z -uall [39ms]
