2025-01-02 13:18:41.466 [info] Extension host with pid 3204568 started
2025-01-02 13:18:41.467 [error] Error: EEXIST: file already exists, open '/home/uys_1705817/.vscode-server/data/User/workspaceStorage/6dff1d9e4f3f3db8febece5da615bae2/vscode.lock'
2025-01-02 13:18:41.468 [info] Lock '/home/uys_1705817/.vscode-server/data/User/workspaceStorage/6dff1d9e4f3f3db8febece5da615bae2/vscode.lock': Could not acquire lock, checking if the file is stale.
2025-01-02 13:18:41.472 [info] Lock '/home/uys_1705817/.vscode-server/data/User/workspaceStorage/6dff1d9e4f3f3db8febece5da615bae2/vscode.lock': The lock does not look stale, elapsed: 669 ms, giving up.
2025-01-02 13:18:41.490 [info] Lock '/home/uys_1705817/.vscode-server/data/User/workspaceStorage/6dff1d9e4f3f3db8febece5da615bae2-1/vscode.lock': Lock acquired.
2025-01-02 13:18:41.653 [info] ExtensionService#_doActivateExtension vscode.git-base, startup: false, activationEvent: 'onFileSystem:git', root cause: vscode.git
2025-01-02 13:18:41.654 [info] ExtensionService#_doActivateExtension vscode.tunnel-forwarding, startup: false, activationEvent: 'onTunnel'
2025-01-02 13:18:41.868 [info] ExtensionService#_doActivateExtension vscode.git, startup: false, activationEvent: 'onFileSystem:git'
2025-01-02 13:18:41.868 [info] ExtensionService#_doActivateExtension vscode.github, startup: false, activationEvent: '*'
2025-01-02 13:18:42.158 [info] Eager extensions activated
2025-01-02 13:18:42.158 [info] ExtensionService#_doActivateExtension vscode.debug-auto-launch, startup: false, activationEvent: 'onStartupFinished'
2025-01-02 13:18:42.159 [info] ExtensionService#_doActivateExtension vscode.merge-conflict, startup: false, activationEvent: 'onStartupFinished'
2025-01-02 13:18:42.317 [warning] [Decorations] CAPPING events from decorations provider vscode.git 1582
2025-01-02 13:19:25.639 [info] ExtensionService#_doActivateExtension vscode.emmet, startup: false, activationEvent: 'onLanguage'
2025-01-02 13:19:26.860 [info] ExtensionService#_doActivateExtension vscode.typescript-language-features, startup: false, activationEvent: 'onLanguage:javascript'
2025-01-02 13:19:26.860 [info] ExtensionService#_doActivateExtension vscode.configuration-editing, startup: false, activationEvent: 'onLanguage:json'
2025-01-02 13:19:26.860 [info] ExtensionService#_doActivateExtension vscode.extension-editing, startup: false, activationEvent: 'onLanguage:json'
2025-01-02 13:19:26.860 [info] ExtensionService#_doActivateExtension vscode.json-language-features, startup: false, activationEvent: 'onLanguage:json'
2025-01-02 13:19:26.860 [info] ExtensionService#_doActivateExtension vscode.npm, startup: false, activationEvent: 'onLanguage:json'
2025-01-02 13:19:26.860 [info] ExtensionService#_doActivateExtension vscode.markdown-language-features, startup: false, activationEvent: 'onLanguage:markdown'
2025-01-02 13:19:27.324 [info] ExtensionService#_doActivateExtension vscode.css-language-features, startup: false, activationEvent: 'onLanguage:css'
2025-01-02 13:19:27.356 [info] ExtensionService#_doActivateExtension vscode.html-language-features, startup: false, activationEvent: 'onLanguage:html'
2025-01-02 13:19:47.890 [info] ExtensionService#_doActivateExtension ms-python.python, startup: false, activationEvent: 'onLanguage:python', root cause: ms-python.debugpy
2025-01-02 13:19:53.669 [warning] Using default string since no string found in i18n bundle that has the key: Source map support is enabled in the Python Extension, this will adversely impact performance of the extension.
2025-01-02 13:19:53.669 [warning] Using default string since no string found in i18n bundle that has the key: Disable Source Map Support
2025-01-02 13:19:53.669 [warning] Using default string since no string found in i18n bundle that has the key: Enabling source map support in the Python Extension will adversely impact performance of the extension.
2025-01-02 13:19:53.669 [warning] Using default string since no string found in i18n bundle that has the key: Enable and reload Window.
2025-01-02 13:19:53.669 [warning] Using default string since no string found in i18n bundle that has the key: ▶ Launch TensorBoard Session
2025-01-02 13:19:53.669 [warning] Using default string since no string found in i18n bundle that has the key: Launch TensorBoard session
2025-01-02 13:19:53.907 [info] ExtensionService#_doActivateExtension ms-python.debugpy, startup: false, activationEvent: 'onLanguage:python'
2025-01-02 13:19:53.907 [info] ExtensionService#_doActivateExtension ms-python.vscode-pylance, startup: false, activationEvent: 'onLanguage:python'
2025-01-02 13:20:44.400 [warning] [Decorations] CAPPING events from decorations provider vscode.git 1591
2025-01-02 13:21:32.084 [warning] [Decorations] CAPPING events from decorations provider vscode.git 1591
2025-01-02 13:21:49.327 [warning] [Decorations] CAPPING events from decorations provider vscode.git 1591
2025-01-02 13:22:06.172 [warning] [Decorations] CAPPING events from decorations provider vscode.git 1591
2025-01-02 13:22:39.907 [warning] [Decorations] CAPPING events from decorations provider vscode.git 1591
2025-01-02 13:23:01.291 [warning] [Decorations] CAPPING events from decorations provider vscode.git 1591
2025-01-02 13:23:08.063 [warning] [Decorations] CAPPING events from decorations provider vscode.git 1591
2025-01-02 13:23:23.818 [warning] [Decorations] CAPPING events from decorations provider vscode.git 1592
2025-01-02 13:23:53.419 [warning] [Decorations] CAPPING events from decorations provider vscode.git 1592
2025-01-02 13:24:58.211 [warning] [Decorations] CAPPING events from decorations provider vscode.git 1592
2025-01-02 13:25:12.787 [warning] [Decorations] CAPPING events from decorations provider vscode.git 1592
2025-01-02 13:25:58.072 [warning] [Decorations] CAPPING events from decorations provider vscode.git 1592
2025-01-02 13:26:35.506 [warning] [Decorations] CAPPING events from decorations provider vscode.git 1592
2025-01-02 13:27:10.774 [warning] [Decorations] CAPPING events from decorations provider vscode.git 1592
2025-01-02 13:28:15.378 [warning] [Decorations] CAPPING events from decorations provider vscode.git 1592
2025-01-02 13:32:08.733 [warning] [Decorations] CAPPING events from decorations provider vscode.git 1593
2025-01-02 13:32:47.685 [warning] [Decorations] CAPPING events from decorations provider vscode.git 1593
2025-01-02 13:33:30.434 [warning] [Decorations] CAPPING events from decorations provider vscode.git 1593
2025-01-02 13:34:01.399 [warning] [Decorations] CAPPING events from decorations provider vscode.git 1596
2025-01-02 13:34:57.302 [warning] [Decorations] CAPPING events from decorations provider vscode.git 1596
2025-01-02 13:36:06.098 [warning] [Decorations] CAPPING events from decorations provider vscode.git 1596
2025-01-02 13:36:44.917 [warning] [Decorations] CAPPING events from decorations provider vscode.git 1596
2025-01-02 13:38:04.274 [warning] [Decorations] CAPPING events from decorations provider vscode.git 1597
2025-01-02 13:38:09.380 [warning] [Decorations] CAPPING events from decorations provider vscode.git 1597
2025-01-02 13:38:18.451 [warning] [Decorations] CAPPING events from decorations provider vscode.git 1597
2025-01-02 13:38:25.448 [warning] [Decorations] CAPPING events from decorations provider vscode.git 1597
2025-01-02 13:38:31.463 [warning] [Decorations] CAPPING events from decorations provider vscode.git 1597
2025-01-02 13:38:39.381 [warning] [Decorations] CAPPING events from decorations provider vscode.git 1597
2025-01-02 13:38:44.483 [warning] [Decorations] CAPPING events from decorations provider vscode.git 1597
2025-01-02 13:38:53.133 [warning] [Decorations] CAPPING events from decorations provider vscode.git 1597
2025-01-02 13:39:45.852 [warning] [Decorations] CAPPING events from decorations provider vscode.git 1597
2025-01-02 13:40:03.622 [warning] [Decorations] CAPPING events from decorations provider vscode.git 1597
2025-01-02 13:40:05.080 [warning] [Decorations] CAPPING events from decorations provider vscode.git 1597
2025-01-02 13:41:10.701 [warning] [Decorations] CAPPING events from decorations provider vscode.git 1597
2025-01-02 13:41:27.019 [warning] [Decorations] CAPPING events from decorations provider vscode.git 1598
2025-01-02 13:43:17.919 [warning] [Decorations] CAPPING events from decorations provider vscode.git 1599
2025-01-02 13:43:31.298 [warning] [Decorations] CAPPING events from decorations provider vscode.git 1599
2025-01-02 13:43:32.858 [warning] [Decorations] CAPPING events from decorations provider vscode.git 1599
2025-01-02 13:44:40.754 [warning] [Decorations] CAPPING events from decorations provider vscode.git 1599
2025-01-02 13:44:51.611 [warning] [Decorations] CAPPING events from decorations provider vscode.git 1599
2025-01-02 13:49:35.572 [warning] [Decorations] CAPPING events from decorations provider vscode.git 1599
2025-01-02 13:49:40.588 [warning] [Decorations] CAPPING events from decorations provider vscode.git 1599
2025-01-02 13:50:03.153 [warning] [Decorations] CAPPING events from decorations provider vscode.git 1599
2025-01-02 13:51:18.227 [warning] [Decorations] CAPPING events from decorations provider vscode.git 1599
2025-01-02 13:52:35.709 [warning] [Decorations] CAPPING events from decorations provider vscode.git 1599
2025-01-02 13:55:42.534 [warning] [Decorations] CAPPING events from decorations provider vscode.git 1599
2025-01-02 13:55:47.420 [warning] [Decorations] CAPPING events from decorations provider vscode.git 1599
2025-01-02 13:56:55.654 [warning] [Decorations] CAPPING events from decorations provider vscode.git 1599
2025-01-02 13:58:42.663 [warning] [Decorations] CAPPING events from decorations provider vscode.git 1603
2025-01-02 14:01:02.130 [warning] [Decorations] CAPPING events from decorations provider vscode.git 1604
2025-01-02 14:04:45.562 [warning] [Decorations] CAPPING events from decorations provider vscode.git 1604
2025-01-02 14:04:50.459 [warning] [Decorations] CAPPING events from decorations provider vscode.git 1604
2025-01-02 14:04:55.563 [warning] [Decorations] CAPPING events from decorations provider vscode.git 1605
2025-01-02 14:06:19.343 [warning] [Decorations] CAPPING events from decorations provider vscode.git 1608
2025-01-02 14:06:31.528 [warning] [Decorations] CAPPING events from decorations provider vscode.git 1610
2025-01-02 14:06:36.633 [warning] [Decorations] CAPPING events from decorations provider vscode.git 1610
2025-01-02 14:06:44.359 [warning] [Decorations] CAPPING events from decorations provider vscode.git 1611
2025-01-02 14:07:06.371 [warning] [Decorations] CAPPING events from decorations provider vscode.git 1613
2025-01-02 14:07:11.478 [warning] [Decorations] CAPPING events from decorations provider vscode.git 1613
2025-01-02 14:07:16.581 [warning] [Decorations] CAPPING events from decorations provider vscode.git 1613
2025-01-02 14:07:21.687 [warning] [Decorations] CAPPING events from decorations provider vscode.git 1613
2025-01-02 14:07:38.370 [warning] [Decorations] CAPPING events from decorations provider vscode.git 1613
2025-01-02 14:07:43.475 [warning] [Decorations] CAPPING events from decorations provider vscode.git 1613
2025-01-02 14:07:45.691 [warning] [Decorations] CAPPING events from decorations provider vscode.git 1613
2025-01-02 14:07:54.404 [warning] [Decorations] CAPPING events from decorations provider vscode.git 1613
2025-01-02 14:08:09.413 [warning] [Decorations] CAPPING events from decorations provider vscode.git 1613
2025-01-02 14:08:34.367 [warning] [Decorations] CAPPING events from decorations provider vscode.git 1614
2025-01-02 14:09:25.231 [warning] [Decorations] CAPPING events from decorations provider vscode.git 1614
2025-01-02 14:22:31.768 [warning] [Decorations] CAPPING events from decorations provider vscode.git 1614
2025-01-02 14:22:36.732 [warning] [Decorations] CAPPING events from decorations provider vscode.git 1614
2025-01-02 14:23:10.209 [warning] [Decorations] CAPPING events from decorations provider vscode.git 1614
2025-01-02 14:23:32.244 [warning] [Decorations] CAPPING events from decorations provider vscode.git 1614
2025-01-02 14:23:35.308 [warning] [Decorations] CAPPING events from decorations provider vscode.git 1614
2025-01-02 14:24:33.919 [warning] [Decorations] CAPPING events from decorations provider vscode.git 1614
2025-01-02 14:25:33.902 [warning] [Decorations] CAPPING events from decorations provider vscode.git 1614
2025-01-02 14:25:38.916 [warning] [Decorations] CAPPING events from decorations provider vscode.git 1614
2025-01-02 14:25:44.999 [warning] [Decorations] CAPPING events from decorations provider vscode.git 1614
2025-01-02 14:25:47.268 [info] Extension host terminating: received terminate message from renderer
2025-01-02 14:25:47.268 [info] Lock '/home/uys_1705817/.vscode-server/data/User/workspaceStorage/6dff1d9e4f3f3db8febece5da615bae2-1/vscode.lock': Marking the lockfile as scheduled to be released in 6000 ms.
2025-01-02 14:25:47.309 [error] Canceled: Canceled
	at new IT (file:///home/uys_1705817/.vscode-server/cli/servers/Stable-fabdb6a30b49f79a7aba0f2ad9df9b399473380f/server/out/vs/workbench/api/node/extensionHostProcess.js:32:153476)
	at Dy.U (file:///home/uys_1705817/.vscode-server/cli/servers/Stable-fabdb6a30b49f79a7aba0f2ad9df9b399473380f/server/out/vs/workbench/api/node/extensionHostProcess.js:32:158086)
	at s.<computed>.n.charCodeAt.s.<computed> (file:///home/uys_1705817/.vscode-server/cli/servers/Stable-fabdb6a30b49f79a7aba0f2ad9df9b399473380f/server/out/vs/workbench/api/node/extensionHostProcess.js:32:155580)
	at cw.g (file:///home/uys_1705817/.vscode-server/cli/servers/Stable-fabdb6a30b49f79a7aba0f2ad9df9b399473380f/server/out/vs/workbench/api/node/extensionHostProcess.js:115:32313)
	at cw.executeCommand (file:///home/uys_1705817/.vscode-server/cli/servers/Stable-fabdb6a30b49f79a7aba0f2ad9df9b399473380f/server/out/vs/workbench/api/node/extensionHostProcess.js:115:31817)
	at r.registerCommand.description (file:///home/uys_1705817/.vscode-server/cli/servers/Stable-fabdb6a30b49f79a7aba0f2ad9df9b399473380f/server/out/vs/workbench/api/node/extensionHostProcess.js:115:31147)
	at cw.h (file:///home/uys_1705817/.vscode-server/cli/servers/Stable-fabdb6a30b49f79a7aba0f2ad9df9b399473380f/server/out/vs/workbench/api/node/extensionHostProcess.js:115:32833)
	at cw.g (file:///home/uys_1705817/.vscode-server/cli/servers/Stable-fabdb6a30b49f79a7aba0f2ad9df9b399473380f/server/out/vs/workbench/api/node/extensionHostProcess.js:115:31910)
	at cw.executeCommand (file:///home/uys_1705817/.vscode-server/cli/servers/Stable-fabdb6a30b49f79a7aba0f2ad9df9b399473380f/server/out/vs/workbench/api/node/extensionHostProcess.js:115:31817)
	at Object.executeCommand (file:///home/uys_1705817/.vscode-server/cli/servers/Stable-fabdb6a30b49f79a7aba0f2ad9df9b399473380f/server/out/vs/workbench/api/node/extensionHostProcess.js:157:37484)
	at Sh.L [as value] (/home/uys_1705817/.vscode-server/cli/servers/Stable-fabdb6a30b49f79a7aba0f2ad9df9b399473380f/server/extensions/git/dist/main.js:2:975601)
	at P.B (file:///home/uys_1705817/.vscode-server/cli/servers/Stable-fabdb6a30b49f79a7aba0f2ad9df9b399473380f/server/out/vs/workbench/api/node/extensionHostProcess.js:30:746)
	at P.C (file:///home/uys_1705817/.vscode-server/cli/servers/Stable-fabdb6a30b49f79a7aba0f2ad9df9b399473380f/server/out/vs/workbench/api/node/extensionHostProcess.js:30:816)
	at P.fire (file:///home/uys_1705817/.vscode-server/cli/servers/Stable-fabdb6a30b49f79a7aba0f2ad9df9b399473380f/server/out/vs/workbench/api/node/extensionHostProcess.js:30:1033)
	at Object.p [as dispose] (/home/uys_1705817/.vscode-server/cli/servers/Stable-fabdb6a30b49f79a7aba0f2ad9df9b399473380f/server/extensions/git/dist/main.js:2:997158)
	at /home/uys_1705817/.vscode-server/cli/servers/Stable-fabdb6a30b49f79a7aba0f2ad9df9b399473380f/server/extensions/git/dist/main.js:2:1003280
	at Array.forEach (<anonymous>)
	at b.dispose (/home/uys_1705817/.vscode-server/cli/servers/Stable-fabdb6a30b49f79a7aba0f2ad9df9b399473380f/server/extensions/git/dist/main.js:2:1003266)
	at ev.<anonymous> (file:///home/uys_1705817/.vscode-server/cli/servers/Stable-fabdb6a30b49f79a7aba0f2ad9df9b399473380f/server/out/vs/workbench/api/node/extensionHostProcess.js:109:20047)
	at ev.dispose (file:///home/uys_1705817/.vscode-server/cli/servers/Stable-fabdb6a30b49f79a7aba0f2ad9df9b399473380f/server/out/vs/workbench/api/node/extensionHostProcess.js:109:20143)
	at ev.<anonymous> (/home/uys_1705817/.vscode-server/cli/servers/Stable-fabdb6a30b49f79a7aba0f2ad9df9b399473380f/server/extensions/git/dist/main.js:2:978080)
	at ev.dispose (file:///home/uys_1705817/.vscode-server/cli/servers/Stable-fabdb6a30b49f79a7aba0f2ad9df9b399473380f/server/out/vs/workbench/api/node/extensionHostProcess.js:109:20143)
	at ai (file:///home/uys_1705817/.vscode-server/cli/servers/Stable-fabdb6a30b49f79a7aba0f2ad9df9b399473380f/server/out/vs/workbench/api/node/extensionHostProcess.js:25:699)
	at file:///home/uys_1705817/.vscode-server/cli/servers/Stable-fabdb6a30b49f79a7aba0f2ad9df9b399473380f/server/out/vs/workbench/api/node/extensionHostProcess.js:119:14992
	at file:///home/uys_1705817/.vscode-server/cli/servers/Stable-fabdb6a30b49f79a7aba0f2ad9df9b399473380f/server/out/vs/workbench/api/node/extensionHostProcess.js:25:1009
	at Object.dispose (file:///home/uys_1705817/.vscode-server/cli/servers/Stable-fabdb6a30b49f79a7aba0f2ad9df9b399473380f/server/out/vs/workbench/api/node/extensionHostProcess.js:8:705)
	at zz.eb (file:///home/uys_1705817/.vscode-server/cli/servers/Stable-fabdb6a30b49f79a7aba0f2ad9df9b399473380f/server/out/vs/workbench/api/node/extensionHostProcess.js:119:11919)
	at file:///home/uys_1705817/.vscode-server/cli/servers/Stable-fabdb6a30b49f79a7aba0f2ad9df9b399473380f/server/out/vs/workbench/api/node/extensionHostProcess.js:119:9874
	at Array.map (<anonymous>)
	at zz.$ (file:///home/uys_1705817/.vscode-server/cli/servers/Stable-fabdb6a30b49f79a7aba0f2ad9df9b399473380f/server/out/vs/workbench/api/node/extensionHostProcess.js:119:9862)
	at zz.terminate (file:///home/uys_1705817/.vscode-server/cli/servers/Stable-fabdb6a30b49f79a7aba0f2ad9df9b399473380f/server/out/vs/workbench/api/node/extensionHostProcess.js:119:10105)
	at Q3.terminate (file:///home/uys_1705817/.vscode-server/cli/servers/Stable-fabdb6a30b49f79a7aba0f2ad9df9b399473380f/server/out/vs/workbench/api/node/extensionHostProcess.js:120:1424)
	at Zi (file:///home/uys_1705817/.vscode-server/cli/servers/Stable-fabdb6a30b49f79a7aba0f2ad9df9b399473380f/server/out/vs/workbench/api/node/extensionHostProcess.js:175:15080)
	at Sh.value (file:///home/uys_1705817/.vscode-server/cli/servers/Stable-fabdb6a30b49f79a7aba0f2ad9df9b399473380f/server/out/vs/workbench/api/node/extensionHostProcess.js:175:13241)
	at P.B (file:///home/uys_1705817/.vscode-server/cli/servers/Stable-fabdb6a30b49f79a7aba0f2ad9df9b399473380f/server/out/vs/workbench/api/node/extensionHostProcess.js:30:746)
	at P.fire (file:///home/uys_1705817/.vscode-server/cli/servers/Stable-fabdb6a30b49f79a7aba0f2ad9df9b399473380f/server/out/vs/workbench/api/node/extensionHostProcess.js:30:964)
	at Vn.fire (file:///home/uys_1705817/.vscode-server/cli/servers/Stable-fabdb6a30b49f79a7aba0f2ad9df9b399473380f/server/out/vs/workbench/api/node/extensionHostProcess.js:32:9457)
	at Wm.A (file:///home/uys_1705817/.vscode-server/cli/servers/Stable-fabdb6a30b49f79a7aba0f2ad9df9b399473380f/server/out/vs/workbench/api/node/extensionHostProcess.js:32:12573)
	at Sh.value (file:///home/uys_1705817/.vscode-server/cli/servers/Stable-fabdb6a30b49f79a7aba0f2ad9df9b399473380f/server/out/vs/workbench/api/node/extensionHostProcess.js:32:11974)
	at P.B (file:///home/uys_1705817/.vscode-server/cli/servers/Stable-fabdb6a30b49f79a7aba0f2ad9df9b399473380f/server/out/vs/workbench/api/node/extensionHostProcess.js:30:746)
	at P.fire (file:///home/uys_1705817/.vscode-server/cli/servers/Stable-fabdb6a30b49f79a7aba0f2ad9df9b399473380f/server/out/vs/workbench/api/node/extensionHostProcess.js:30:964)
	at s6.acceptChunk (file:///home/uys_1705817/.vscode-server/cli/servers/Stable-fabdb6a30b49f79a7aba0f2ad9df9b399473380f/server/out/vs/workbench/api/node/extensionHostProcess.js:32:7940)
	at file:///home/uys_1705817/.vscode-server/cli/servers/Stable-fabdb6a30b49f79a7aba0f2ad9df9b399473380f/server/out/vs/workbench/api/node/extensionHostProcess.js:32:7226
	at Socket.t (file:///home/uys_1705817/.vscode-server/cli/servers/Stable-fabdb6a30b49f79a7aba0f2ad9df9b399473380f/server/out/vs/workbench/api/node/extensionHostProcess.js:32:15451)
	at Socket.emit (node:events:518:28)
	at addChunk (node:internal/streams/readable:561:12)
	at readableAddChunkPushByteMode (node:internal/streams/readable:512:3)
	at Readable.push (node:internal/streams/readable:392:5)
	at Pipe.onStreamRead (node:internal/stream_base_commons:191:23) setContext undefined
2025-01-02 14:25:47.310 [error] Canceled: Canceled
	at new IT (file:///home/uys_1705817/.vscode-server/cli/servers/Stable-fabdb6a30b49f79a7aba0f2ad9df9b399473380f/server/out/vs/workbench/api/node/extensionHostProcess.js:32:153476)
	at Dy.U (file:///home/uys_1705817/.vscode-server/cli/servers/Stable-fabdb6a30b49f79a7aba0f2ad9df9b399473380f/server/out/vs/workbench/api/node/extensionHostProcess.js:32:158086)
	at s.<computed>.n.charCodeAt.s.<computed> (file:///home/uys_1705817/.vscode-server/cli/servers/Stable-fabdb6a30b49f79a7aba0f2ad9df9b399473380f/server/out/vs/workbench/api/node/extensionHostProcess.js:32:155580)
	at cw.g (file:///home/uys_1705817/.vscode-server/cli/servers/Stable-fabdb6a30b49f79a7aba0f2ad9df9b399473380f/server/out/vs/workbench/api/node/extensionHostProcess.js:115:32313)
	at cw.executeCommand (file:///home/uys_1705817/.vscode-server/cli/servers/Stable-fabdb6a30b49f79a7aba0f2ad9df9b399473380f/server/out/vs/workbench/api/node/extensionHostProcess.js:115:31817)
	at r.registerCommand.description (file:///home/uys_1705817/.vscode-server/cli/servers/Stable-fabdb6a30b49f79a7aba0f2ad9df9b399473380f/server/out/vs/workbench/api/node/extensionHostProcess.js:115:31147)
	at cw.h (file:///home/uys_1705817/.vscode-server/cli/servers/Stable-fabdb6a30b49f79a7aba0f2ad9df9b399473380f/server/out/vs/workbench/api/node/extensionHostProcess.js:115:32833)
	at cw.g (file:///home/uys_1705817/.vscode-server/cli/servers/Stable-fabdb6a30b49f79a7aba0f2ad9df9b399473380f/server/out/vs/workbench/api/node/extensionHostProcess.js:115:31910)
	at cw.executeCommand (file:///home/uys_1705817/.vscode-server/cli/servers/Stable-fabdb6a30b49f79a7aba0f2ad9df9b399473380f/server/out/vs/workbench/api/node/extensionHostProcess.js:115:31817)
	at Object.executeCommand (file:///home/uys_1705817/.vscode-server/cli/servers/Stable-fabdb6a30b49f79a7aba0f2ad9df9b399473380f/server/out/vs/workbench/api/node/extensionHostProcess.js:157:37484)
	at set hasGitHubRepositories [as hasGitHubRepositories] (/home/uys_1705817/.vscode-server/cli/servers/Stable-fabdb6a30b49f79a7aba0f2ad9df9b399473380f/server/extensions/github/dist/extension.js:2:328633)
	at /home/uys_1705817/.vscode-server/cli/servers/Stable-fabdb6a30b49f79a7aba0f2ad9df9b399473380f/server/extensions/github/dist/extension.js:2:329592
	at Sh.value (/home/uys_1705817/.vscode-server/cli/servers/Stable-fabdb6a30b49f79a7aba0f2ad9df9b399473380f/server/extensions/git/dist/main.js:2:1088462)
	at P.B (file:///home/uys_1705817/.vscode-server/cli/servers/Stable-fabdb6a30b49f79a7aba0f2ad9df9b399473380f/server/out/vs/workbench/api/node/extensionHostProcess.js:30:746)
	at P.C (file:///home/uys_1705817/.vscode-server/cli/servers/Stable-fabdb6a30b49f79a7aba0f2ad9df9b399473380f/server/out/vs/workbench/api/node/extensionHostProcess.js:30:816)
	at P.fire (file:///home/uys_1705817/.vscode-server/cli/servers/Stable-fabdb6a30b49f79a7aba0f2ad9df9b399473380f/server/out/vs/workbench/api/node/extensionHostProcess.js:30:1033)
	at Object.p [as dispose] (/home/uys_1705817/.vscode-server/cli/servers/Stable-fabdb6a30b49f79a7aba0f2ad9df9b399473380f/server/extensions/git/dist/main.js:2:997158)
	at /home/uys_1705817/.vscode-server/cli/servers/Stable-fabdb6a30b49f79a7aba0f2ad9df9b399473380f/server/extensions/git/dist/main.js:2:1003280
	at Array.forEach (<anonymous>)
	at b.dispose (/home/uys_1705817/.vscode-server/cli/servers/Stable-fabdb6a30b49f79a7aba0f2ad9df9b399473380f/server/extensions/git/dist/main.js:2:1003266)
	at ev.<anonymous> (file:///home/uys_1705817/.vscode-server/cli/servers/Stable-fabdb6a30b49f79a7aba0f2ad9df9b399473380f/server/out/vs/workbench/api/node/extensionHostProcess.js:109:20047)
	at ev.dispose (file:///home/uys_1705817/.vscode-server/cli/servers/Stable-fabdb6a30b49f79a7aba0f2ad9df9b399473380f/server/out/vs/workbench/api/node/extensionHostProcess.js:109:20143)
	at ev.<anonymous> (/home/uys_1705817/.vscode-server/cli/servers/Stable-fabdb6a30b49f79a7aba0f2ad9df9b399473380f/server/extensions/git/dist/main.js:2:978080)
	at ev.dispose (file:///home/uys_1705817/.vscode-server/cli/servers/Stable-fabdb6a30b49f79a7aba0f2ad9df9b399473380f/server/out/vs/workbench/api/node/extensionHostProcess.js:109:20143)
	at ai (file:///home/uys_1705817/.vscode-server/cli/servers/Stable-fabdb6a30b49f79a7aba0f2ad9df9b399473380f/server/out/vs/workbench/api/node/extensionHostProcess.js:25:699)
	at file:///home/uys_1705817/.vscode-server/cli/servers/Stable-fabdb6a30b49f79a7aba0f2ad9df9b399473380f/server/out/vs/workbench/api/node/extensionHostProcess.js:119:14992
	at file:///home/uys_1705817/.vscode-server/cli/servers/Stable-fabdb6a30b49f79a7aba0f2ad9df9b399473380f/server/out/vs/workbench/api/node/extensionHostProcess.js:25:1009
	at Object.dispose (file:///home/uys_1705817/.vscode-server/cli/servers/Stable-fabdb6a30b49f79a7aba0f2ad9df9b399473380f/server/out/vs/workbench/api/node/extensionHostProcess.js:8:705)
	at zz.eb (file:///home/uys_1705817/.vscode-server/cli/servers/Stable-fabdb6a30b49f79a7aba0f2ad9df9b399473380f/server/out/vs/workbench/api/node/extensionHostProcess.js:119:11919)
	at file:///home/uys_1705817/.vscode-server/cli/servers/Stable-fabdb6a30b49f79a7aba0f2ad9df9b399473380f/server/out/vs/workbench/api/node/extensionHostProcess.js:119:9874
	at Array.map (<anonymous>)
	at zz.$ (file:///home/uys_1705817/.vscode-server/cli/servers/Stable-fabdb6a30b49f79a7aba0f2ad9df9b399473380f/server/out/vs/workbench/api/node/extensionHostProcess.js:119:9862)
	at zz.terminate (file:///home/uys_1705817/.vscode-server/cli/servers/Stable-fabdb6a30b49f79a7aba0f2ad9df9b399473380f/server/out/vs/workbench/api/node/extensionHostProcess.js:119:10105)
	at Q3.terminate (file:///home/uys_1705817/.vscode-server/cli/servers/Stable-fabdb6a30b49f79a7aba0f2ad9df9b399473380f/server/out/vs/workbench/api/node/extensionHostProcess.js:120:1424)
	at Zi (file:///home/uys_1705817/.vscode-server/cli/servers/Stable-fabdb6a30b49f79a7aba0f2ad9df9b399473380f/server/out/vs/workbench/api/node/extensionHostProcess.js:175:15080)
	at Sh.value (file:///home/uys_1705817/.vscode-server/cli/servers/Stable-fabdb6a30b49f79a7aba0f2ad9df9b399473380f/server/out/vs/workbench/api/node/extensionHostProcess.js:175:13241)
	at P.B (file:///home/uys_1705817/.vscode-server/cli/servers/Stable-fabdb6a30b49f79a7aba0f2ad9df9b399473380f/server/out/vs/workbench/api/node/extensionHostProcess.js:30:746)
	at P.fire (file:///home/uys_1705817/.vscode-server/cli/servers/Stable-fabdb6a30b49f79a7aba0f2ad9df9b399473380f/server/out/vs/workbench/api/node/extensionHostProcess.js:30:964)
	at Vn.fire (file:///home/uys_1705817/.vscode-server/cli/servers/Stable-fabdb6a30b49f79a7aba0f2ad9df9b399473380f/server/out/vs/workbench/api/node/extensionHostProcess.js:32:9457)
	at Wm.A (file:///home/uys_1705817/.vscode-server/cli/servers/Stable-fabdb6a30b49f79a7aba0f2ad9df9b399473380f/server/out/vs/workbench/api/node/extensionHostProcess.js:32:12573)
	at Sh.value (file:///home/uys_1705817/.vscode-server/cli/servers/Stable-fabdb6a30b49f79a7aba0f2ad9df9b399473380f/server/out/vs/workbench/api/node/extensionHostProcess.js:32:11974)
	at P.B (file:///home/uys_1705817/.vscode-server/cli/servers/Stable-fabdb6a30b49f79a7aba0f2ad9df9b399473380f/server/out/vs/workbench/api/node/extensionHostProcess.js:30:746)
	at P.fire (file:///home/uys_1705817/.vscode-server/cli/servers/Stable-fabdb6a30b49f79a7aba0f2ad9df9b399473380f/server/out/vs/workbench/api/node/extensionHostProcess.js:30:964)
	at s6.acceptChunk (file:///home/uys_1705817/.vscode-server/cli/servers/Stable-fabdb6a30b49f79a7aba0f2ad9df9b399473380f/server/out/vs/workbench/api/node/extensionHostProcess.js:32:7940)
	at file:///home/uys_1705817/.vscode-server/cli/servers/Stable-fabdb6a30b49f79a7aba0f2ad9df9b399473380f/server/out/vs/workbench/api/node/extensionHostProcess.js:32:7226
	at Socket.t (file:///home/uys_1705817/.vscode-server/cli/servers/Stable-fabdb6a30b49f79a7aba0f2ad9df9b399473380f/server/out/vs/workbench/api/node/extensionHostProcess.js:32:15451)
	at Socket.emit (node:events:518:28)
	at addChunk (node:internal/streams/readable:561:12)
	at readableAddChunkPushByteMode (node:internal/streams/readable:512:3)
	at Readable.push (node:internal/streams/readable:392:5)
	at Pipe.onStreamRead (node:internal/stream_base_commons:191:23) setContext undefined
2025-01-02 14:25:47.314 [info] Extension host with pid 3204568 exiting with code 0
