2025-01-02 13:19:54.578 [info] Starting Python Locator /home/uys_1705817/.vscode-server/extensions/ms-python.python-2024.22.1-linux-x64/python-env-tools/bin/pet server
2025-01-02 13:19:54.688 [info] Discovered env: /bin/python3
2025-01-02 13:19:54.923 [info] Discovered env: /usr/bin/python3
2025-01-02 13:19:54.924 [info] Discovered env: /bin/python3.12
2025-01-02 13:19:54.925 [info] Discovered env: /usr/bin/python3.12
2025-01-02 13:19:54.925 [info] Locator Conda took 115.634524ms
2025-01-02 13:19:54.925 [info] Locator Homebrew took 516.469µs
2025-01-02 13:19:54.925 [info] Locator LinuxGlobal took 129.63477ms
2025-01-02 13:19:54.925 [info] Locator PipEnv took 367.12µs
2025-01-02 13:19:54.925 [info] Locator Poetry took 2.360039ms
2025-01-02 13:19:54.925 [info] Locator PyEnv took 2.085623ms
2025-01-02 13:19:54.925 [info] Locator Venv took 426.69µs
2025-01-02 13:19:54.925 [info] Locator VirtualEnv took 464.888µs
2025-01-02 13:19:54.925 [info] Locator VirtualEnvWrapper took 396.115µs
2025-01-02 13:19:54.926 [info] Locator GlobalVirtualEnvs took 2.467059ms
2025-01-02 13:19:54.926 [info] Locator Locators took 133.083241ms
2025-01-02 13:19:54.926 [info] Locator Path took 137.147316ms
2025-01-02 13:19:54.926 [info] Locator Workspaces took 11.996713ms
2025-01-02 13:19:54.926 [info] Refresh completed in 137ms
2025-01-02 13:19:54.928 [info] Resolved Python Environment /bin/python3
2025-01-02 13:19:54.933 [info] Resolved /bin/python3
2025-01-02 13:19:54.953 [info] Resolved /usr/bin/python3
2025-01-02 13:19:54.953 [info] Resolved /bin/python3.12
2025-01-02 13:19:54.953 [info] Resolved /usr/bin/python3.12
2025-01-02 13:23:01.294 [info] Resolved Python Environment /bin/python3
2025-01-02 13:25:12.760 [info] Resolved Python Environment /bin/python3
2025-01-02 13:56:56.370 [info] Resolved Python Environment /bin/python3
2025-01-02 13:58:12.221 [info] Resolved Python Environment /bin/python3
2025-01-02 13:58:59.734 [info] Resolved Python Environment /bin/python3
2025-01-02 14:04:54.694 [info] Resolved Python Environment /bin/python3
2025-01-02 14:05:46.499 [info] Resolved Python Environment /bin/python3
2025-01-02 14:06:40.920 [info] Resolved Python Environment /bin/python3
2025-01-02 14:07:40.330 [info] Resolved Python Environment /bin/python3
2025-01-02 14:08:58.169 [info] Resolved Python Environment /bin/python3
