2025-01-13 15:46:40.864 [info] 실험 'pythonRecommendTensorboardExt'이(가) 활성 상태입니다.
2025-01-13 15:46:40.864 [info] 실험 'pythonTerminalEnvVarActivation'이(가) 활성 상태입니다.
2025-01-13 15:46:40.864 [info] 실험 'pythonTestAdapter'이(가) 활성 상태입니다.
2025-01-13 15:46:40.864 [info] Native locator: Refresh started
2025-01-13 15:46:40.864 [info] Native locator: Refresh started
2025-01-13 15:46:40.864 [info] > pyenv which python
2025-01-13 15:46:40.864 [info] cwd: .
2025-01-13 15:46:41.013 [info] Python 인터프리터 경로: /bin/python3
2025-01-13 15:46:41.027 [info] Native locator: Refresh finished in 626 ms
2025-01-13 15:46:50.704 [info] Discover tests for workspace name: uys_1705817 - uri: /home/uys_1705817/webProj/app.py
2025-01-13 15:46:51.647 [info] Pylance 언어 서버를 시작하는 중입니다.
2025-01-13 15:52:46.282 [info] Running installed packages checker:  {
  id: '/bin/python3',
  sysPrefix: '/usr',
  envType: 'VirtualEnv',
  envName: 'usr',
  envPath: '/bin/python3',
  path: '/bin/python3',
  architecture: 3,
  sysVersion: '',
  version: {
    raw: '3.12.3',
    major: 3,
    minor: 12,
    patch: 3,
    build: [],
    prerelease: []
  },
  displayName: "Python 3.12.3 ('usr')",
  detailedDisplayName: "Python 3.12.3 ('usr')",
  type: 'Virtual'
} /home/uys_1705817/.vscode-server/extensions/ms-python.python-2024.22.2-linux-x64/python_files/installed_check.py /home/uys_1705817/webProj/requirements.txt
2025-01-13 15:52:46.282 [info] > /bin/python3 ./.vscode-server/extensions/ms-python.python-2024.22.2-linux-x64/python_files/installed_check.py ./webProj/requirements.txt
2025-01-13 16:13:33.131 [info] Discover tests for workspace name: uys_1705817 - uri: /home/uys_1705817/webProj/app.py
2025-01-13 16:15:26.828 [info] Discover tests for workspace name: uys_1705817 - uri: /home/uys_1705817/webProj/app.py
2025-01-13 16:16:55.886 [info] Discover tests for workspace name: uys_1705817 - uri: /home/uys_1705817/webProj/app.py
2025-01-13 16:18:01.927 [info] Discover tests for workspace name: uys_1705817 - uri: /home/uys_1705817/webProj/app.py
2025-01-13 16:18:28.106 [info] Discover tests for workspace name: uys_1705817 - uri: /home/uys_1705817/webProj/app.py
2025-01-13 16:20:45.403 [info] Discover tests for workspace name: uys_1705817 - uri: /home/uys_1705817/webProj/app.py
2025-01-13 16:31:20.716 [info] Discover tests for workspace name: uys_1705817 - uri: /home/uys_1705817/webProj/app.py
2025-01-13 16:36:27.548 [info] Discover tests for workspace name: uys_1705817 - uri: /home/uys_1705817/webProj/app.py
2025-01-13 16:38:34.536 [info] Discover tests for workspace name: uys_1705817 - uri: /home/uys_1705817/webProj/app.py
2025-01-13 16:48:45.692 [info] Discover tests for workspace name: uys_1705817 - uri: /home/uys_1705817/webProj/app.py
2025-01-13 16:57:04.764 [info] Discover tests for workspace name: uys_1705817 - uri: /home/uys_1705817/webProj/app.py
2025-01-13 17:03:28.078 [info] Discover tests for workspace name: uys_1705817 - uri: /home/uys_1705817/webProj/app.py
2025-01-13 17:05:23.941 [info] Discover tests for workspace name: uys_1705817 - uri: /home/uys_1705817/webProj/app.py
2025-01-13 17:06:15.255 [info] Discover tests for workspace name: uys_1705817 - uri: /home/uys_1705817/webProj/app.py
2025-01-13 17:08:56.555 [info] Discover tests for workspace name: uys_1705817 - uri: /home/uys_1705817/webProj/app.py
2025-01-13 17:09:52.592 [info] Discover tests for workspace name: uys_1705817 - uri: /home/uys_1705817/webProj/app.py
2025-01-13 17:13:32.345 [info] Discover tests for workspace name: uys_1705817 - uri: /home/uys_1705817/webProj/app.py
2025-01-13 17:15:33.833 [info] Discover tests for workspace name: uys_1705817 - uri: /home/uys_1705817/webProj/app.py
2025-01-13 17:15:34.838 [info] Discover tests for workspace name: uys_1705817 - uri: /home/uys_1705817/webProj/app.py
2025-01-13 17:16:07.799 [info] Discover tests for workspace name: uys_1705817 - uri: /home/uys_1705817/webProj/app.py
2025-01-13 17:16:36.397 [info] Discover tests for workspace name: uys_1705817 - uri: /home/uys_1705817/webProj/app.py
2025-01-13 19:04:01.412 [info] Discover tests for workspace name: uys_1705817 - uri: /home/uys_1705817/webProj/app.py
2025-01-13 19:05:47.178 [info] Discover tests for workspace name: uys_1705817 - uri: /home/uys_1705817/webProj/app.py
2025-01-13 19:05:56.292 [info] Discover tests for workspace name: uys_1705817 - uri: /home/uys_1705817/webProj/app.py
