2025-01-04 09:24:33.081 [info] Starting Python Locator /home/uys_1705817/.vscode-server/extensions/ms-python.python-2024.22.1-linux-x64/python-env-tools/bin/pet server
2025-01-04 09:24:33.091 [info] Discovered env: /bin/python3
2025-01-04 09:24:33.217 [info] Discovered env: /usr/bin/python3
2025-01-04 09:24:33.310 [info] Discovered env: /bin/python3.12
2025-01-04 09:24:33.317 [info] Discovered env: /usr/bin/python3.12
2025-01-04 09:24:33.318 [info] Locator Conda took 52.466338ms
2025-01-04 09:24:33.319 [info] Locator Homebrew took 1.103472ms
2025-01-04 09:24:33.347 [info] Locator LinuxGlobal took 58.758991ms
2025-01-04 09:24:33.347 [info] Locator PipEnv took 567.138µs
2025-01-04 09:24:33.347 [info] Locator Poetry took 2.301985ms
2025-01-04 09:24:33.347 [info] Locator PyEnv took 2.088856ms
2025-01-04 09:24:33.347 [info] Locator Venv took 422.896µs
2025-01-04 09:24:33.347 [info] Locator VirtualEnv took 459.732µs
2025-01-04 09:24:33.347 [info] Locator VirtualEnvWrapper took 966.715µs
2025-01-04 09:24:33.347 [info] Locator GlobalVirtualEnvs took 1.755897ms
2025-01-04 09:24:33.347 [info] Locator Locators took 60.355302ms
2025-01-04 09:24:33.347 [info] Locator Path took 61.953984ms
2025-01-04 09:24:33.347 [info] Locator Workspaces took 6.802725ms
2025-01-04 09:24:33.347 [info] Refresh completed in 62ms
2025-01-04 09:24:33.348 [info] Resolved Python Environment /bin/python3
2025-01-04 09:24:33.350 [info] Resolved /bin/python3
2025-01-04 09:24:33.351 [info] Resolved /usr/bin/python3
2025-01-04 09:24:33.351 [info] Resolved /bin/python3.12
2025-01-04 09:24:33.351 [info] Resolved /usr/bin/python3.12
