2025-01-05 09:23:46.514 [info] Starting Python Locator /home/uys_1705817/.vscode-server/extensions/ms-python.python-2024.22.1-linux-x64/python-env-tools/bin/pet server
2025-01-05 09:23:46.566 [info] Discovered env: /bin/python3
2025-01-05 09:23:46.601 [info] Discovered env: /usr/bin/python3
2025-01-05 09:23:46.607 [info] Discovered env: /bin/python3.12
2025-01-05 09:23:46.608 [info] Discovered env: /usr/bin/python3.12
2025-01-05 09:23:46.608 [info] Locator Conda took 52.919598ms
2025-01-05 09:23:46.613 [info] Locator Homebrew took 947.817µs
2025-01-05 09:23:46.614 [info] Locator LinuxGlobal took 57.554876ms
2025-01-05 09:23:46.614 [info] Locator PipEnv took 176.123µs
2025-01-05 09:23:46.614 [info] Locator Poetry took 3.090229ms
2025-01-05 09:23:46.614 [info] Locator PyEnv took 1.511035ms
2025-01-05 09:23:46.614 [info] Locator Venv took 601.512µs
2025-01-05 09:23:46.614 [info] Locator VirtualEnv took 971.591µs
2025-01-05 09:23:46.614 [info] Locator VirtualEnvWrapper took 564.342µs
2025-01-05 09:23:46.614 [info] Locator GlobalVirtualEnvs took 1.61843ms
2025-01-05 09:23:46.614 [info] Locator Locators took 60.096033ms
2025-01-05 09:23:46.614 [info] Locator Path took 61.917227ms
2025-01-05 09:23:46.614 [info] Locator Workspaces took 6.506762ms
2025-01-05 09:23:46.614 [info] Refresh completed in 62ms
2025-01-05 09:23:46.615 [info] Resolved Python Environment /bin/python3
2025-01-05 09:23:46.619 [info] Resolved /bin/python3
2025-01-05 09:23:46.742 [info] Resolved /bin/python3.12
2025-01-05 09:23:46.742 [info] Resolved /usr/bin/python3
2025-01-05 09:23:46.754 [info] Resolved /usr/bin/python3.12
2025-01-05 09:26:39.338 [info] Resolved Python Environment /bin/python3
2025-01-05 09:27:49.970 [info] Resolved Python Environment /bin/python3
