2025-01-05 09:23:46.548 [info] [main] 로그 수준: Info
2025-01-05 09:23:46.548 [info] [main] "git"에서 찾은 git 유효성을 검사하는 중
2025-01-05 09:23:46.548 [info] [main] "2.43.0"에서 git "git"을(를) 사용하는 중
2025-01-05 09:23:46.548 [info] [Model][doInitialScan] Initial repository scan started
2025-01-05 09:23:46.548 [info] > git rev-parse --show-toplevel [11ms]
2025-01-05 09:23:46.548 [info] > git rev-parse --git-dir --git-common-dir [2ms]
2025-01-05 09:23:46.548 [info] [Model][openRepository] Opened repository: /home/uys_1705817
2025-01-05 09:23:46.549 [info] > git rev-parse --show-toplevel [7ms]
2025-01-05 09:23:46.549 [info] > git config --get commit.template [12ms]
2025-01-05 09:23:46.560 [info] > git rev-parse --show-toplevel [6ms]
2025-01-05 09:23:46.565 [info] > git for-each-ref --format=%(refname)%00%(upstream:short)%00%(objectname)%00%(upstream:track)%00%(upstream:remotename)%00%(upstream:remoteref) refs/heads/main refs/remotes/main [6ms]
2025-01-05 09:23:46.566 [info] > git rev-parse --show-toplevel [2ms]
2025-01-05 09:23:46.583 [info] > git rev-parse --show-toplevel [13ms]
2025-01-05 09:23:46.590 [info] > git for-each-ref --sort -committerdate --format %(refname) %(objectname) %(*objectname) [10ms]
2025-01-05 09:23:46.598 [info] > git rev-parse --show-toplevel [9ms]
2025-01-05 09:23:46.608 [info] > git rev-parse --show-toplevel [1ms]
2025-01-05 09:23:46.617 [info] > git rev-parse --show-toplevel [4ms]
2025-01-05 09:23:46.618 [info] [Model][doInitialScan] Initial repository scan completed - repositories (1), closed repositories (0), parent repositories (0), unsafe repositories (0)
2025-01-05 09:23:46.621 [info] > git status -z -uall [46ms]
2025-01-05 09:23:46.696 [info] > git for-each-ref --format=%(refname)%00%(upstream:short)%00%(objectname)%00%(upstream:track)%00%(upstream:remotename)%00%(upstream:remoteref) refs/heads/main refs/remotes/main [67ms]
2025-01-05 09:23:46.709 [info] > git config --local branch.main.vscode-merge-base [8ms]
2025-01-05 09:23:46.709 [warning] [Git][config] git config failed: Failed to execute git
2025-01-05 09:23:46.715 [info] > git config --get commit.template [20ms]
2025-01-05 09:23:46.721 [info] > git reflog main --grep-reflog=branch: Created from *. [7ms]
2025-01-05 09:23:46.729 [info] > git for-each-ref --format=%(refname)%00%(upstream:short)%00%(objectname)%00%(upstream:track)%00%(upstream:remotename)%00%(upstream:remoteref) refs/heads/main refs/remotes/main [9ms]
2025-01-05 09:23:46.729 [info] > git symbolic-ref --short refs/remotes/origin/HEAD [2ms]
2025-01-05 09:23:46.729 [info] fatal: ref refs/remotes/origin/HEAD is not a symbolic ref
2025-01-05 09:23:46.729 [warning] [Repository][getDefaultBranch] Failed to get default branch details: Failed to execute git.
2025-01-05 09:23:46.736 [info] > git merge-base refs/heads/main refs/remotes/origin/main [1ms]
2025-01-05 09:23:46.754 [info] > git diff --name-status -z --diff-filter=ADMR d923ead344e807083406edd9c42fcb556900b308...refs/remotes/origin/main [12ms]
2025-01-05 09:23:46.757 [info] > git for-each-ref --sort -committerdate --format %(refname) %(objectname) %(*objectname) [4ms]
2025-01-05 09:23:46.860 [info] > git status -z -uall [113ms]
2025-01-05 09:23:46.997 [info] > git show --textconv :flaskProject/app.py [10ms]
2025-01-05 09:23:46.998 [info] > git ls-files --stage -- /home/uys_1705817/flaskProject/app.py [5ms]
2025-01-05 09:23:47.004 [info] > git cat-file -s 602ddeff1741d6c47c418d1955e1cb45aa822cc6 [1ms]
2025-01-05 09:23:47.077 [info] > git blame --root --incremental d923ead344e807083406edd9c42fcb556900b308 -- /home/uys_1705817/flaskProject/app.py [14ms]
2025-01-05 09:23:47.113 [info] > git check-ignore -v -z --stdin [8ms]
2025-01-05 09:23:47.144 [info] > git fetch [612ms]
2025-01-05 09:23:47.152 [info] > git config --get commit.template [1ms]
2025-01-05 09:23:47.158 [info] > git for-each-ref --format=%(refname)%00%(upstream:short)%00%(objectname)%00%(upstream:track)%00%(upstream:remotename)%00%(upstream:remoteref) refs/heads/main refs/remotes/main [1ms]
2025-01-05 09:23:47.173 [info] > git for-each-ref --sort -committerdate --format %(refname) %(objectname) %(*objectname) [1ms]
2025-01-05 09:23:47.209 [info] > git status -z -uall [43ms]
2025-01-05 09:23:48.640 [info] > git ls-files --stage -- /home/uys_1705817/flaskProject/app.py [20ms]
2025-01-05 09:23:48.646 [info] > git cat-file -s 602ddeff1741d6c47c418d1955e1cb45aa822cc6 [1ms]
2025-01-05 09:23:48.732 [info] > git show --textconv :flaskProject/app.py [5ms]
2025-01-05 09:23:51.634 [info] > git config --get commit.template [5ms]
2025-01-05 09:23:51.634 [info] > git for-each-ref --format=%(refname)%00%(upstream:short)%00%(objectname)%00%(upstream:track)%00%(upstream:remotename)%00%(upstream:remoteref) refs/heads/main refs/remotes/main [1ms]
2025-01-05 09:23:51.647 [info] > git for-each-ref --sort -committerdate --format %(refname) %(objectname) %(*objectname) [2ms]
2025-01-05 09:23:51.681 [info] > git status -z -uall [42ms]
2025-01-05 09:23:55.866 [info] > git check-ignore -v -z --stdin [12ms]
2025-01-05 09:23:56.692 [info] > git config --get commit.template [1ms]
2025-01-05 09:23:56.699 [info] > git for-each-ref --format=%(refname)%00%(upstream:short)%00%(objectname)%00%(upstream:track)%00%(upstream:remotename)%00%(upstream:remoteref) refs/heads/main refs/remotes/main [2ms]
2025-01-05 09:23:56.712 [info] > git for-each-ref --sort -committerdate --format %(refname) %(objectname) %(*objectname) [1ms]
2025-01-05 09:23:56.748 [info] > git status -z -uall [43ms]
2025-01-05 09:24:01.762 [info] > git config --get commit.template [1ms]
2025-01-05 09:24:01.769 [info] > git for-each-ref --format=%(refname)%00%(upstream:short)%00%(objectname)%00%(upstream:track)%00%(upstream:remotename)%00%(upstream:remoteref) refs/heads/main refs/remotes/main [1ms]
2025-01-05 09:24:01.780 [info] > git for-each-ref --sort -committerdate --format %(refname) %(objectname) %(*objectname) [1ms]
2025-01-05 09:24:01.815 [info] > git status -z -uall [40ms]
2025-01-05 09:24:06.834 [info] > git config --get commit.template [7ms]
2025-01-05 09:24:06.835 [info] > git for-each-ref --format=%(refname)%00%(upstream:short)%00%(objectname)%00%(upstream:track)%00%(upstream:remotename)%00%(upstream:remoteref) refs/heads/main refs/remotes/main [2ms]
2025-01-05 09:24:06.857 [info] > git for-each-ref --sort -committerdate --format %(refname) %(objectname) %(*objectname) [2ms]
2025-01-05 09:24:06.892 [info] > git status -z -uall [43ms]
2025-01-05 09:24:11.914 [info] > git config --get commit.template [7ms]
2025-01-05 09:24:11.915 [info] > git for-each-ref --format=%(refname)%00%(upstream:short)%00%(objectname)%00%(upstream:track)%00%(upstream:remotename)%00%(upstream:remoteref) refs/heads/main refs/remotes/main [2ms]
2025-01-05 09:24:11.938 [info] > git for-each-ref --sort -committerdate --format %(refname) %(objectname) %(*objectname) [1ms]
2025-01-05 09:24:11.972 [info] > git status -z -uall [42ms]
2025-01-05 09:24:16.985 [info] > git config --get commit.template [0ms]
2025-01-05 09:24:16.991 [info] > git for-each-ref --format=%(refname)%00%(upstream:short)%00%(objectname)%00%(upstream:track)%00%(upstream:remotename)%00%(upstream:remoteref) refs/heads/main refs/remotes/main [1ms]
2025-01-05 09:24:17.006 [info] > git for-each-ref --sort -committerdate --format %(refname) %(objectname) %(*objectname) [1ms]
2025-01-05 09:24:17.041 [info] > git status -z -uall [41ms]
2025-01-05 09:24:22.060 [info] > git config --get commit.template [6ms]
2025-01-05 09:24:22.061 [info] > git for-each-ref --format=%(refname)%00%(upstream:short)%00%(objectname)%00%(upstream:track)%00%(upstream:remotename)%00%(upstream:remoteref) refs/heads/main refs/remotes/main [2ms]
2025-01-05 09:24:22.083 [info] > git for-each-ref --sort -committerdate --format %(refname) %(objectname) %(*objectname) [1ms]
2025-01-05 09:24:22.115 [info] > git status -z -uall [40ms]
2025-01-05 09:24:27.127 [info] > git config --get commit.template [0ms]
2025-01-05 09:24:27.134 [info] > git for-each-ref --format=%(refname)%00%(upstream:short)%00%(objectname)%00%(upstream:track)%00%(upstream:remotename)%00%(upstream:remoteref) refs/heads/main refs/remotes/main [1ms]
2025-01-05 09:24:27.150 [info] > git for-each-ref --sort -committerdate --format %(refname) %(objectname) %(*objectname) [2ms]
2025-01-05 09:24:27.183 [info] > git status -z -uall [41ms]
2025-01-05 09:24:32.199 [info] > git config --get commit.template [1ms]
2025-01-05 09:24:32.206 [info] > git for-each-ref --format=%(refname)%00%(upstream:short)%00%(objectname)%00%(upstream:track)%00%(upstream:remotename)%00%(upstream:remoteref) refs/heads/main refs/remotes/main [1ms]
2025-01-05 09:24:32.220 [info] > git for-each-ref --sort -committerdate --format %(refname) %(objectname) %(*objectname) [2ms]
2025-01-05 09:24:32.256 [info] > git status -z -uall [43ms]
2025-01-05 09:24:37.270 [info] > git config --get commit.template [1ms]
2025-01-05 09:24:37.277 [info] > git for-each-ref --format=%(refname)%00%(upstream:short)%00%(objectname)%00%(upstream:track)%00%(upstream:remotename)%00%(upstream:remoteref) refs/heads/main refs/remotes/main [2ms]
2025-01-05 09:24:37.292 [info] > git for-each-ref --sort -committerdate --format %(refname) %(objectname) %(*objectname) [2ms]
2025-01-05 09:24:37.326 [info] > git status -z -uall [42ms]
2025-01-05 09:24:42.344 [info] > git config --get commit.template [6ms]
2025-01-05 09:24:42.345 [info] > git for-each-ref --format=%(refname)%00%(upstream:short)%00%(objectname)%00%(upstream:track)%00%(upstream:remotename)%00%(upstream:remoteref) refs/heads/main refs/remotes/main [1ms]
2025-01-05 09:24:42.369 [info] > git for-each-ref --sort -committerdate --format %(refname) %(objectname) %(*objectname) [2ms]
2025-01-05 09:24:42.402 [info] > git status -z -uall [41ms]
2025-01-05 09:24:47.420 [info] > git config --get commit.template [5ms]
2025-01-05 09:24:47.420 [info] > git for-each-ref --format=%(refname)%00%(upstream:short)%00%(objectname)%00%(upstream:track)%00%(upstream:remotename)%00%(upstream:remoteref) refs/heads/main refs/remotes/main [0ms]
2025-01-05 09:24:47.445 [info] > git for-each-ref --sort -committerdate --format %(refname) %(objectname) %(*objectname) [2ms]
2025-01-05 09:24:47.475 [info] > git status -z -uall [39ms]
2025-01-05 09:24:52.490 [info] > git config --get commit.template [1ms]
2025-01-05 09:24:52.496 [info] > git for-each-ref --format=%(refname)%00%(upstream:short)%00%(objectname)%00%(upstream:track)%00%(upstream:remotename)%00%(upstream:remoteref) refs/heads/main refs/remotes/main [1ms]
2025-01-05 09:24:52.513 [info] > git for-each-ref --sort -committerdate --format %(refname) %(objectname) %(*objectname) [1ms]
2025-01-05 09:24:52.548 [info] > git status -z -uall [42ms]
2025-01-05 09:24:54.453 [info] > git check-ignore -v -z --stdin [6ms]
2025-01-05 09:24:57.565 [info] > git config --get commit.template [7ms]
2025-01-05 09:24:57.565 [info] > git for-each-ref --format=%(refname)%00%(upstream:short)%00%(objectname)%00%(upstream:track)%00%(upstream:remotename)%00%(upstream:remoteref) refs/heads/main refs/remotes/main [1ms]
2025-01-05 09:24:57.578 [info] > git for-each-ref --sort -committerdate --format %(refname) %(objectname) %(*objectname) [2ms]
2025-01-05 09:24:57.612 [info] > git status -z -uall [40ms]
2025-01-05 09:25:02.629 [info] > git config --get commit.template [8ms]
2025-01-05 09:25:02.629 [info] > git for-each-ref --format=%(refname)%00%(upstream:short)%00%(objectname)%00%(upstream:track)%00%(upstream:remotename)%00%(upstream:remoteref) refs/heads/main refs/remotes/main [1ms]
2025-01-05 09:25:02.643 [info] > git for-each-ref --sort -committerdate --format %(refname) %(objectname) %(*objectname) [1ms]
2025-01-05 09:25:02.676 [info] > git status -z -uall [40ms]
2025-01-05 09:25:07.686 [info] > git config --get commit.template [0ms]
2025-01-05 09:25:07.693 [info] > git for-each-ref --format=%(refname)%00%(upstream:short)%00%(objectname)%00%(upstream:track)%00%(upstream:remotename)%00%(upstream:remoteref) refs/heads/main refs/remotes/main [1ms]
2025-01-05 09:25:07.706 [info] > git for-each-ref --sort -committerdate --format %(refname) %(objectname) %(*objectname) [2ms]
2025-01-05 09:25:07.740 [info] > git status -z -uall [40ms]
2025-01-05 09:25:10.194 [info] > git check-ignore -v -z --stdin [4ms]
2025-01-05 09:25:12.757 [info] > git config --get commit.template [5ms]
2025-01-05 09:25:12.757 [info] > git for-each-ref --format=%(refname)%00%(upstream:short)%00%(objectname)%00%(upstream:track)%00%(upstream:remotename)%00%(upstream:remoteref) refs/heads/main refs/remotes/main [1ms]
2025-01-05 09:25:12.771 [info] > git for-each-ref --sort -committerdate --format %(refname) %(objectname) %(*objectname) [1ms]
2025-01-05 09:25:12.805 [info] > git status -z -uall [41ms]
2025-01-05 09:25:17.824 [info] > git config --get commit.template [6ms]
2025-01-05 09:25:17.825 [info] > git for-each-ref --format=%(refname)%00%(upstream:short)%00%(objectname)%00%(upstream:track)%00%(upstream:remotename)%00%(upstream:remoteref) refs/heads/main refs/remotes/main [1ms]
2025-01-05 09:25:17.839 [info] > git for-each-ref --sort -committerdate --format %(refname) %(objectname) %(*objectname) [1ms]
2025-01-05 09:25:17.871 [info] > git status -z -uall [40ms]
2025-01-05 09:25:22.888 [info] > git config --get commit.template [7ms]
2025-01-05 09:25:22.888 [info] > git for-each-ref --format=%(refname)%00%(upstream:short)%00%(objectname)%00%(upstream:track)%00%(upstream:remotename)%00%(upstream:remoteref) refs/heads/main refs/remotes/main [0ms]
2025-01-05 09:25:22.901 [info] > git for-each-ref --sort -committerdate --format %(refname) %(objectname) %(*objectname) [2ms]
2025-01-05 09:25:22.932 [info] > git status -z -uall [39ms]
2025-01-05 09:25:27.945 [info] > git config --get commit.template [1ms]
2025-01-05 09:25:27.951 [info] > git for-each-ref --format=%(refname)%00%(upstream:short)%00%(objectname)%00%(upstream:track)%00%(upstream:remotename)%00%(upstream:remoteref) refs/heads/main refs/remotes/main [1ms]
2025-01-05 09:25:27.964 [info] > git for-each-ref --sort -committerdate --format %(refname) %(objectname) %(*objectname) [1ms]
2025-01-05 09:25:27.996 [info] > git status -z -uall [39ms]
2025-01-05 09:25:33.013 [info] > git config --get commit.template [6ms]
2025-01-05 09:25:33.014 [info] > git for-each-ref --format=%(refname)%00%(upstream:short)%00%(objectname)%00%(upstream:track)%00%(upstream:remotename)%00%(upstream:remoteref) refs/heads/main refs/remotes/main [2ms]
2025-01-05 09:25:33.026 [info] > git for-each-ref --sort -committerdate --format %(refname) %(objectname) %(*objectname) [1ms]
2025-01-05 09:25:33.057 [info] > git status -z -uall [38ms]
2025-01-05 09:25:38.069 [info] > git config --get commit.template [1ms]
2025-01-05 09:25:38.075 [info] > git for-each-ref --format=%(refname)%00%(upstream:short)%00%(objectname)%00%(upstream:track)%00%(upstream:remotename)%00%(upstream:remoteref) refs/heads/main refs/remotes/main [2ms]
2025-01-05 09:25:38.088 [info] > git for-each-ref --sort -committerdate --format %(refname) %(objectname) %(*objectname) [1ms]
2025-01-05 09:25:38.120 [info] > git status -z -uall [38ms]
2025-01-05 09:25:43.135 [info] > git config --get commit.template [1ms]
2025-01-05 09:25:43.142 [info] > git for-each-ref --format=%(refname)%00%(upstream:short)%00%(objectname)%00%(upstream:track)%00%(upstream:remotename)%00%(upstream:remoteref) refs/heads/main refs/remotes/main [2ms]
2025-01-05 09:25:43.154 [info] > git for-each-ref --sort -committerdate --format %(refname) %(objectname) %(*objectname) [1ms]
2025-01-05 09:25:43.186 [info] > git status -z -uall [38ms]
2025-01-05 09:25:48.199 [info] > git config --get commit.template [1ms]
2025-01-05 09:25:48.206 [info] > git for-each-ref --format=%(refname)%00%(upstream:short)%00%(objectname)%00%(upstream:track)%00%(upstream:remotename)%00%(upstream:remoteref) refs/heads/main refs/remotes/main [1ms]
2025-01-05 09:25:48.218 [info] > git for-each-ref --sort -committerdate --format %(refname) %(objectname) %(*objectname) [1ms]
2025-01-05 09:25:48.252 [info] > git status -z -uall [39ms]
2025-01-05 09:25:53.266 [info] > git config --get commit.template [5ms]
2025-01-05 09:25:53.267 [info] > git for-each-ref --format=%(refname)%00%(upstream:short)%00%(objectname)%00%(upstream:track)%00%(upstream:remotename)%00%(upstream:remoteref) refs/heads/main refs/remotes/main [1ms]
2025-01-05 09:25:53.280 [info] > git for-each-ref --sort -committerdate --format %(refname) %(objectname) %(*objectname) [1ms]
2025-01-05 09:25:53.313 [info] > git status -z -uall [40ms]
2025-01-05 09:25:58.330 [info] > git config --get commit.template [7ms]
2025-01-05 09:25:58.331 [info] > git for-each-ref --format=%(refname)%00%(upstream:short)%00%(objectname)%00%(upstream:track)%00%(upstream:remotename)%00%(upstream:remoteref) refs/heads/main refs/remotes/main [2ms]
2025-01-05 09:25:58.345 [info] > git for-each-ref --sort -committerdate --format %(refname) %(objectname) %(*objectname) [1ms]
2025-01-05 09:25:58.376 [info] > git status -z -uall [39ms]
2025-01-05 09:26:03.390 [info] > git config --get commit.template [2ms]
2025-01-05 09:26:03.397 [info] > git for-each-ref --format=%(refname)%00%(upstream:short)%00%(objectname)%00%(upstream:track)%00%(upstream:remotename)%00%(upstream:remoteref) refs/heads/main refs/remotes/main [1ms]
2025-01-05 09:26:03.410 [info] > git for-each-ref --sort -committerdate --format %(refname) %(objectname) %(*objectname) [1ms]
2025-01-05 09:26:03.443 [info] > git status -z -uall [40ms]
2025-01-05 09:26:08.462 [info] > git config --get commit.template [7ms]
2025-01-05 09:26:08.462 [info] > git for-each-ref --format=%(refname)%00%(upstream:short)%00%(objectname)%00%(upstream:track)%00%(upstream:remotename)%00%(upstream:remoteref) refs/heads/main refs/remotes/main [1ms]
2025-01-05 09:26:08.477 [info] > git for-each-ref --sort -committerdate --format %(refname) %(objectname) %(*objectname) [2ms]
2025-01-05 09:26:08.509 [info] > git status -z -uall [41ms]
2025-01-05 09:26:13.523 [info] > git config --get commit.template [4ms]
2025-01-05 09:26:13.524 [info] > git for-each-ref --format=%(refname)%00%(upstream:short)%00%(objectname)%00%(upstream:track)%00%(upstream:remotename)%00%(upstream:remoteref) refs/heads/main refs/remotes/main [1ms]
2025-01-05 09:26:13.537 [info] > git for-each-ref --sort -committerdate --format %(refname) %(objectname) %(*objectname) [2ms]
2025-01-05 09:26:13.567 [info] > git status -z -uall [37ms]
2025-01-05 09:26:18.581 [info] > git config --get commit.template [1ms]
2025-01-05 09:26:18.587 [info] > git for-each-ref --format=%(refname)%00%(upstream:short)%00%(objectname)%00%(upstream:track)%00%(upstream:remotename)%00%(upstream:remoteref) refs/heads/main refs/remotes/main [1ms]
2025-01-05 09:26:18.602 [info] > git for-each-ref --sort -committerdate --format %(refname) %(objectname) %(*objectname) [2ms]
2025-01-05 09:26:18.632 [info] > git status -z -uall [38ms]
2025-01-05 09:26:23.649 [info] > git config --get commit.template [5ms]
2025-01-05 09:26:23.650 [info] > git for-each-ref --format=%(refname)%00%(upstream:short)%00%(objectname)%00%(upstream:track)%00%(upstream:remotename)%00%(upstream:remoteref) refs/heads/main refs/remotes/main [1ms]
2025-01-05 09:26:23.664 [info] > git for-each-ref --sort -committerdate --format %(refname) %(objectname) %(*objectname) [2ms]
2025-01-05 09:26:23.694 [info] > git status -z -uall [37ms]
2025-01-05 09:26:28.710 [info] > git config --get commit.template [6ms]
2025-01-05 09:26:28.710 [info] > git for-each-ref --format=%(refname)%00%(upstream:short)%00%(objectname)%00%(upstream:track)%00%(upstream:remotename)%00%(upstream:remoteref) refs/heads/main refs/remotes/main [0ms]
2025-01-05 09:26:28.724 [info] > git for-each-ref --sort -committerdate --format %(refname) %(objectname) %(*objectname) [2ms]
2025-01-05 09:26:28.754 [info] > git status -z -uall [37ms]
2025-01-05 09:26:33.773 [info] > git config --get commit.template [8ms]
2025-01-05 09:26:33.773 [info] > git for-each-ref --format=%(refname)%00%(upstream:short)%00%(objectname)%00%(upstream:track)%00%(upstream:remotename)%00%(upstream:remoteref) refs/heads/main refs/remotes/main [1ms]
2025-01-05 09:26:33.786 [info] > git for-each-ref --sort -committerdate --format %(refname) %(objectname) %(*objectname) [1ms]
2025-01-05 09:26:33.818 [info] > git status -z -uall [39ms]
2025-01-05 09:26:38.833 [info] > git config --get commit.template [5ms]
2025-01-05 09:26:38.833 [info] > git for-each-ref --format=%(refname)%00%(upstream:short)%00%(objectname)%00%(upstream:track)%00%(upstream:remotename)%00%(upstream:remoteref) refs/heads/main refs/remotes/main [1ms]
2025-01-05 09:26:38.847 [info] > git for-each-ref --sort -committerdate --format %(refname) %(objectname) %(*objectname) [1ms]
2025-01-05 09:26:38.878 [info] > git status -z -uall [38ms]
2025-01-05 09:26:39.579 [info] > git show --textconv :jk [6ms]
2025-01-05 09:26:39.583 [info] > git ls-files --stage -- /home/uys_1705817/jk [4ms]
2025-01-05 09:26:43.896 [info] > git config --get commit.template [6ms]
2025-01-05 09:26:43.899 [info] > git for-each-ref --format=%(refname)%00%(upstream:short)%00%(objectname)%00%(upstream:track)%00%(upstream:remotename)%00%(upstream:remoteref) refs/heads/main refs/remotes/main [2ms]
2025-01-05 09:26:43.913 [info] > git for-each-ref --sort -committerdate --format %(refname) %(objectname) %(*objectname) [2ms]
2025-01-05 09:26:43.943 [info] > git status -z -uall [38ms]
2025-01-05 09:26:47.788 [info] > git fetch [569ms]
2025-01-05 09:26:47.802 [info] > git config --get commit.template [6ms]
2025-01-05 09:26:47.803 [info] > git for-each-ref --format=%(refname)%00%(upstream:short)%00%(objectname)%00%(upstream:track)%00%(upstream:remotename)%00%(upstream:remoteref) refs/heads/main refs/remotes/main [2ms]
2025-01-05 09:26:47.818 [info] > git for-each-ref --sort -committerdate --format %(refname) %(objectname) %(*objectname) [2ms]
2025-01-05 09:26:47.850 [info] > git status -z -uall [40ms]
2025-01-05 09:26:48.955 [info] > git config --get commit.template [0ms]
2025-01-05 09:26:48.960 [info] > git for-each-ref --format=%(refname)%00%(upstream:short)%00%(objectname)%00%(upstream:track)%00%(upstream:remotename)%00%(upstream:remoteref) refs/heads/main refs/remotes/main [1ms]
2025-01-05 09:26:48.973 [info] > git for-each-ref --sort -committerdate --format %(refname) %(objectname) %(*objectname) [1ms]
2025-01-05 09:26:49.004 [info] > git status -z -uall [38ms]
2025-01-05 09:26:49.187 [info] > git ls-files --stage -- /home/uys_1705817/jk [4ms]
2025-01-05 09:26:49.252 [info] > git show --textconv :jk [3ms]
2025-01-05 09:26:54.016 [info] > git config --get commit.template [0ms]
2025-01-05 09:26:54.023 [info] > git for-each-ref --format=%(refname)%00%(upstream:short)%00%(objectname)%00%(upstream:track)%00%(upstream:remotename)%00%(upstream:remoteref) refs/heads/main refs/remotes/main [1ms]
2025-01-05 09:26:54.036 [info] > git for-each-ref --sort -committerdate --format %(refname) %(objectname) %(*objectname) [1ms]
2025-01-05 09:26:54.067 [info] > git status -z -uall [39ms]
2025-01-05 09:26:59.079 [info] > git config --get commit.template [0ms]
2025-01-05 09:26:59.086 [info] > git for-each-ref --format=%(refname)%00%(upstream:short)%00%(objectname)%00%(upstream:track)%00%(upstream:remotename)%00%(upstream:remoteref) refs/heads/main refs/remotes/main [2ms]
2025-01-05 09:26:59.099 [info] > git for-each-ref --sort -committerdate --format %(refname) %(objectname) %(*objectname) [2ms]
2025-01-05 09:26:59.130 [info] > git status -z -uall [37ms]
2025-01-05 09:27:04.141 [info] > git config --get commit.template [1ms]
2025-01-05 09:27:04.148 [info] > git for-each-ref --format=%(refname)%00%(upstream:short)%00%(objectname)%00%(upstream:track)%00%(upstream:remotename)%00%(upstream:remoteref) refs/heads/main refs/remotes/main [1ms]
2025-01-05 09:27:04.162 [info] > git for-each-ref --sort -committerdate --format %(refname) %(objectname) %(*objectname) [3ms]
2025-01-05 09:27:04.191 [info] > git status -z -uall [38ms]
2025-01-05 09:27:09.210 [info] > git config --get commit.template [5ms]
2025-01-05 09:27:09.211 [info] > git for-each-ref --format=%(refname)%00%(upstream:short)%00%(objectname)%00%(upstream:track)%00%(upstream:remotename)%00%(upstream:remoteref) refs/heads/main refs/remotes/main [2ms]
2025-01-05 09:27:09.226 [info] > git for-each-ref --sort -committerdate --format %(refname) %(objectname) %(*objectname) [2ms]
2025-01-05 09:27:09.255 [info] > git status -z -uall [38ms]
2025-01-05 09:27:14.267 [info] > git config --get commit.template [1ms]
2025-01-05 09:27:14.272 [info] > git for-each-ref --format=%(refname)%00%(upstream:short)%00%(objectname)%00%(upstream:track)%00%(upstream:remotename)%00%(upstream:remoteref) refs/heads/main refs/remotes/main [1ms]
2025-01-05 09:27:14.286 [info] > git for-each-ref --sort -committerdate --format %(refname) %(objectname) %(*objectname) [2ms]
2025-01-05 09:27:14.319 [info] > git status -z -uall [40ms]
2025-01-05 09:27:19.339 [info] > git config --get commit.template [8ms]
2025-01-05 09:27:19.340 [info] > git for-each-ref --format=%(refname)%00%(upstream:short)%00%(objectname)%00%(upstream:track)%00%(upstream:remotename)%00%(upstream:remoteref) refs/heads/main refs/remotes/main [2ms]
2025-01-05 09:27:19.355 [info] > git for-each-ref --sort -committerdate --format %(refname) %(objectname) %(*objectname) [3ms]
2025-01-05 09:27:19.387 [info] > git status -z -uall [41ms]
2025-01-05 09:27:24.404 [info] > git config --get commit.template [5ms]
2025-01-05 09:27:24.406 [info] > git for-each-ref --format=%(refname)%00%(upstream:short)%00%(objectname)%00%(upstream:track)%00%(upstream:remotename)%00%(upstream:remoteref) refs/heads/main refs/remotes/main [2ms]
2025-01-05 09:27:24.419 [info] > git for-each-ref --sort -committerdate --format %(refname) %(objectname) %(*objectname) [1ms]
2025-01-05 09:27:24.453 [info] > git status -z -uall [40ms]
2025-01-05 09:27:29.465 [info] > git config --get commit.template [0ms]
2025-01-05 09:27:29.470 [info] > git for-each-ref --format=%(refname)%00%(upstream:short)%00%(objectname)%00%(upstream:track)%00%(upstream:remotename)%00%(upstream:remoteref) refs/heads/main refs/remotes/main [1ms]
2025-01-05 09:27:29.483 [info] > git for-each-ref --sort -committerdate --format %(refname) %(objectname) %(*objectname) [2ms]
2025-01-05 09:27:29.516 [info] > git status -z -uall [39ms]
2025-01-05 09:27:34.533 [info] > git config --get commit.template [6ms]
2025-01-05 09:27:34.534 [info] > git for-each-ref --format=%(refname)%00%(upstream:short)%00%(objectname)%00%(upstream:track)%00%(upstream:remotename)%00%(upstream:remoteref) refs/heads/main refs/remotes/main [1ms]
2025-01-05 09:27:34.550 [info] > git for-each-ref --sort -committerdate --format %(refname) %(objectname) %(*objectname) [3ms]
2025-01-05 09:27:34.580 [info] > git status -z -uall [40ms]
2025-01-05 09:27:39.591 [info] > git config --get commit.template [1ms]
2025-01-05 09:27:39.598 [info] > git for-each-ref --format=%(refname)%00%(upstream:short)%00%(objectname)%00%(upstream:track)%00%(upstream:remotename)%00%(upstream:remoteref) refs/heads/main refs/remotes/main [1ms]
2025-01-05 09:27:39.611 [info] > git for-each-ref --sort -committerdate --format %(refname) %(objectname) %(*objectname) [1ms]
2025-01-05 09:27:39.643 [info] > git status -z -uall [38ms]
2025-01-05 09:27:44.655 [info] > git config --get commit.template [0ms]
2025-01-05 09:27:44.662 [info] > git for-each-ref --format=%(refname)%00%(upstream:short)%00%(objectname)%00%(upstream:track)%00%(upstream:remotename)%00%(upstream:remoteref) refs/heads/main refs/remotes/main [1ms]
2025-01-05 09:27:44.674 [info] > git for-each-ref --sort -committerdate --format %(refname) %(objectname) %(*objectname) [1ms]
2025-01-05 09:27:44.707 [info] > git status -z -uall [39ms]
2025-01-05 09:27:49.725 [info] > git config --get commit.template [7ms]
2025-01-05 09:27:49.725 [info] > git for-each-ref --format=%(refname)%00%(upstream:short)%00%(objectname)%00%(upstream:track)%00%(upstream:remotename)%00%(upstream:remoteref) refs/heads/main refs/remotes/main [1ms]
2025-01-05 09:27:49.738 [info] > git for-each-ref --sort -committerdate --format %(refname) %(objectname) %(*objectname) [2ms]
2025-01-05 09:27:49.773 [info] > git status -z -uall [42ms]
2025-01-05 09:27:50.209 [info] > git show --textconv :flaskProject/app.py [6ms]
2025-01-05 09:27:50.213 [info] > git ls-files --stage -- /home/uys_1705817/flaskProject/app.py [5ms]
2025-01-05 09:27:50.220 [info] > git cat-file -s 602ddeff1741d6c47c418d1955e1cb45aa822cc6 [1ms]
2025-01-05 09:27:54.789 [info] > git config --get commit.template [7ms]
2025-01-05 09:27:54.789 [info] > git for-each-ref --format=%(refname)%00%(upstream:short)%00%(objectname)%00%(upstream:track)%00%(upstream:remotename)%00%(upstream:remoteref) refs/heads/main refs/remotes/main [1ms]
2025-01-05 09:27:54.804 [info] > git for-each-ref --sort -committerdate --format %(refname) %(objectname) %(*objectname) [2ms]
2025-01-05 09:27:54.836 [info] > git status -z -uall [40ms]
2025-01-05 09:27:59.855 [info] > git config --get commit.template [6ms]
2025-01-05 09:27:59.856 [info] > git for-each-ref --format=%(refname)%00%(upstream:short)%00%(objectname)%00%(upstream:track)%00%(upstream:remotename)%00%(upstream:remoteref) refs/heads/main refs/remotes/main [1ms]
2025-01-05 09:27:59.869 [info] > git for-each-ref --sort -committerdate --format %(refname) %(objectname) %(*objectname) [1ms]
2025-01-05 09:27:59.902 [info] > git status -z -uall [40ms]
2025-01-05 09:28:04.913 [info] > git config --get commit.template [1ms]
2025-01-05 09:28:04.920 [info] > git for-each-ref --format=%(refname)%00%(upstream:short)%00%(objectname)%00%(upstream:track)%00%(upstream:remotename)%00%(upstream:remoteref) refs/heads/main refs/remotes/main [1ms]
2025-01-05 09:28:04.934 [info] > git for-each-ref --sort -committerdate --format %(refname) %(objectname) %(*objectname) [2ms]
2025-01-05 09:28:04.966 [info] > git status -z -uall [39ms]
2025-01-05 09:28:09.983 [info] > git config --get commit.template [6ms]
2025-01-05 09:28:09.983 [info] > git for-each-ref --format=%(refname)%00%(upstream:short)%00%(objectname)%00%(upstream:track)%00%(upstream:remotename)%00%(upstream:remoteref) refs/heads/main refs/remotes/main [1ms]
2025-01-05 09:28:09.997 [info] > git for-each-ref --sort -committerdate --format %(refname) %(objectname) %(*objectname) [2ms]
2025-01-05 09:28:10.027 [info] > git status -z -uall [38ms]
2025-01-05 09:28:15.038 [info] > git config --get commit.template [1ms]
2025-01-05 09:28:15.045 [info] > git for-each-ref --format=%(refname)%00%(upstream:short)%00%(objectname)%00%(upstream:track)%00%(upstream:remotename)%00%(upstream:remoteref) refs/heads/main refs/remotes/main [1ms]
2025-01-05 09:28:15.058 [info] > git for-each-ref --sort -committerdate --format %(refname) %(objectname) %(*objectname) [2ms]
2025-01-05 09:28:15.091 [info] > git status -z -uall [39ms]
2025-01-05 09:28:20.104 [info] > git config --get commit.template [1ms]
2025-01-05 09:28:20.109 [info] > git for-each-ref --format=%(refname)%00%(upstream:short)%00%(objectname)%00%(upstream:track)%00%(upstream:remotename)%00%(upstream:remoteref) refs/heads/main refs/remotes/main [1ms]
2025-01-05 09:28:20.123 [info] > git for-each-ref --sort -committerdate --format %(refname) %(objectname) %(*objectname) [1ms]
2025-01-05 09:28:20.152 [info] > git status -z -uall [36ms]
2025-01-05 09:28:25.170 [info] > git config --get commit.template [6ms]
2025-01-05 09:28:25.170 [info] > git for-each-ref --format=%(refname)%00%(upstream:short)%00%(objectname)%00%(upstream:track)%00%(upstream:remotename)%00%(upstream:remoteref) refs/heads/main refs/remotes/main [1ms]
2025-01-05 09:28:25.184 [info] > git for-each-ref --sort -committerdate --format %(refname) %(objectname) %(*objectname) [2ms]
2025-01-05 09:28:25.214 [info] > git status -z -uall [38ms]
2025-01-05 09:28:30.227 [info] > git config --get commit.template [1ms]
2025-01-05 09:28:30.232 [info] > git for-each-ref --format=%(refname)%00%(upstream:short)%00%(objectname)%00%(upstream:track)%00%(upstream:remotename)%00%(upstream:remoteref) refs/heads/main refs/remotes/main [1ms]
2025-01-05 09:28:30.246 [info] > git for-each-ref --sort -committerdate --format %(refname) %(objectname) %(*objectname) [2ms]
2025-01-05 09:28:30.277 [info] > git status -z -uall [39ms]
2025-01-05 09:28:35.296 [info] > git config --get commit.template [7ms]
2025-01-05 09:28:35.298 [info] > git for-each-ref --format=%(refname)%00%(upstream:short)%00%(objectname)%00%(upstream:track)%00%(upstream:remotename)%00%(upstream:remoteref) refs/heads/main refs/remotes/main [2ms]
2025-01-05 09:28:35.312 [info] > git for-each-ref --sort -committerdate --format %(refname) %(objectname) %(*objectname) [1ms]
2025-01-05 09:28:35.344 [info] > git status -z -uall [39ms]
2025-01-05 09:28:40.360 [info] > git config --get commit.template [6ms]
2025-01-05 09:28:40.361 [info] > git for-each-ref --format=%(refname)%00%(upstream:short)%00%(objectname)%00%(upstream:track)%00%(upstream:remotename)%00%(upstream:remoteref) refs/heads/main refs/remotes/main [1ms]
2025-01-05 09:28:40.375 [info] > git for-each-ref --sort -committerdate --format %(refname) %(objectname) %(*objectname) [2ms]
2025-01-05 09:28:40.405 [info] > git status -z -uall [38ms]
2025-01-05 09:28:45.424 [info] > git config --get commit.template [7ms]
2025-01-05 09:28:45.426 [info] > git for-each-ref --format=%(refname)%00%(upstream:short)%00%(objectname)%00%(upstream:track)%00%(upstream:remotename)%00%(upstream:remoteref) refs/heads/main refs/remotes/main [2ms]
2025-01-05 09:28:45.439 [info] > git for-each-ref --sort -committerdate --format %(refname) %(objectname) %(*objectname) [2ms]
2025-01-05 09:28:45.471 [info] > git status -z -uall [39ms]
2025-01-05 09:28:50.483 [info] > git config --get commit.template [1ms]
2025-01-05 09:28:50.490 [info] > git for-each-ref --format=%(refname)%00%(upstream:short)%00%(objectname)%00%(upstream:track)%00%(upstream:remotename)%00%(upstream:remoteref) refs/heads/main refs/remotes/main [2ms]
2025-01-05 09:28:50.505 [info] > git for-each-ref --sort -committerdate --format %(refname) %(objectname) %(*objectname) [3ms]
2025-01-05 09:28:50.534 [info] > git status -z -uall [38ms]
2025-01-05 09:28:55.552 [info] > git config --get commit.template [7ms]
2025-01-05 09:28:55.552 [info] > git for-each-ref --format=%(refname)%00%(upstream:short)%00%(objectname)%00%(upstream:track)%00%(upstream:remotename)%00%(upstream:remoteref) refs/heads/main refs/remotes/main [1ms]
2025-01-05 09:28:55.565 [info] > git for-each-ref --sort -committerdate --format %(refname) %(objectname) %(*objectname) [1ms]
2025-01-05 09:28:55.597 [info] > git status -z -uall [39ms]
2025-01-05 09:29:00.614 [info] > git config --get commit.template [5ms]
2025-01-05 09:29:00.615 [info] > git for-each-ref --format=%(refname)%00%(upstream:short)%00%(objectname)%00%(upstream:track)%00%(upstream:remotename)%00%(upstream:remoteref) refs/heads/main refs/remotes/main [1ms]
2025-01-05 09:29:00.629 [info] > git for-each-ref --sort -committerdate --format %(refname) %(objectname) %(*objectname) [2ms]
2025-01-05 09:29:00.662 [info] > git status -z -uall [41ms]
2025-01-05 09:29:05.675 [info] > git config --get commit.template [1ms]
2025-01-05 09:29:05.681 [info] > git for-each-ref --format=%(refname)%00%(upstream:short)%00%(objectname)%00%(upstream:track)%00%(upstream:remotename)%00%(upstream:remoteref) refs/heads/main refs/remotes/main [1ms]
2025-01-05 09:29:05.694 [info] > git for-each-ref --sort -committerdate --format %(refname) %(objectname) %(*objectname) [1ms]
2025-01-05 09:29:05.728 [info] > git status -z -uall [41ms]
2025-01-05 09:29:10.745 [info] > git config --get commit.template [6ms]
2025-01-05 09:29:10.746 [info] > git for-each-ref --format=%(refname)%00%(upstream:short)%00%(objectname)%00%(upstream:track)%00%(upstream:remotename)%00%(upstream:remoteref) refs/heads/main refs/remotes/main [1ms]
2025-01-05 09:29:10.758 [info] > git for-each-ref --sort -committerdate --format %(refname) %(objectname) %(*objectname) [1ms]
2025-01-05 09:29:10.790 [info] > git status -z -uall [39ms]
2025-01-05 09:29:15.807 [info] > git config --get commit.template [6ms]
2025-01-05 09:29:15.809 [info] > git for-each-ref --format=%(refname)%00%(upstream:short)%00%(objectname)%00%(upstream:track)%00%(upstream:remotename)%00%(upstream:remoteref) refs/heads/main refs/remotes/main [2ms]
2025-01-05 09:29:15.822 [info] > git for-each-ref --sort -committerdate --format %(refname) %(objectname) %(*objectname) [2ms]
2025-01-05 09:29:15.852 [info] > git status -z -uall [37ms]
2025-01-05 09:29:20.870 [info] > git config --get commit.template [5ms]
2025-01-05 09:29:20.872 [info] > git for-each-ref --format=%(refname)%00%(upstream:short)%00%(objectname)%00%(upstream:track)%00%(upstream:remotename)%00%(upstream:remoteref) refs/heads/main refs/remotes/main [2ms]
2025-01-05 09:29:20.884 [info] > git for-each-ref --sort -committerdate --format %(refname) %(objectname) %(*objectname) [1ms]
2025-01-05 09:29:20.921 [info] > git status -z -uall [43ms]
2025-01-05 09:29:25.939 [info] > git config --get commit.template [6ms]
2025-01-05 09:29:25.939 [info] > git for-each-ref --format=%(refname)%00%(upstream:short)%00%(objectname)%00%(upstream:track)%00%(upstream:remotename)%00%(upstream:remoteref) refs/heads/main refs/remotes/main [1ms]
2025-01-05 09:29:25.952 [info] > git for-each-ref --sort -committerdate --format %(refname) %(objectname) %(*objectname) [1ms]
2025-01-05 09:29:25.986 [info] > git status -z -uall [41ms]
2025-01-05 09:29:31.005 [info] > git config --get commit.template [7ms]
2025-01-05 09:29:31.006 [info] > git for-each-ref --format=%(refname)%00%(upstream:short)%00%(objectname)%00%(upstream:track)%00%(upstream:remotename)%00%(upstream:remoteref) refs/heads/main refs/remotes/main [2ms]
2025-01-05 09:29:31.019 [info] > git for-each-ref --sort -committerdate --format %(refname) %(objectname) %(*objectname) [1ms]
2025-01-05 09:29:31.052 [info] > git status -z -uall [40ms]
2025-01-05 09:29:36.070 [info] > git config --get commit.template [6ms]
2025-01-05 09:29:36.071 [info] > git for-each-ref --format=%(refname)%00%(upstream:short)%00%(objectname)%00%(upstream:track)%00%(upstream:remotename)%00%(upstream:remoteref) refs/heads/main refs/remotes/main [1ms]
2025-01-05 09:29:36.084 [info] > git for-each-ref --sort -committerdate --format %(refname) %(objectname) %(*objectname) [2ms]
2025-01-05 09:29:36.115 [info] > git status -z -uall [37ms]
2025-01-05 09:29:41.127 [info] > git config --get commit.template [1ms]
2025-01-05 09:29:41.134 [info] > git for-each-ref --format=%(refname)%00%(upstream:short)%00%(objectname)%00%(upstream:track)%00%(upstream:remotename)%00%(upstream:remoteref) refs/heads/main refs/remotes/main [2ms]
2025-01-05 09:29:41.146 [info] > git for-each-ref --sort -committerdate --format %(refname) %(objectname) %(*objectname) [1ms]
2025-01-05 09:29:41.179 [info] > git status -z -uall [39ms]
2025-01-05 09:29:46.192 [info] > git config --get commit.template [1ms]
2025-01-05 09:29:46.199 [info] > git for-each-ref --format=%(refname)%00%(upstream:short)%00%(objectname)%00%(upstream:track)%00%(upstream:remotename)%00%(upstream:remoteref) refs/heads/main refs/remotes/main [2ms]
2025-01-05 09:29:46.211 [info] > git for-each-ref --sort -committerdate --format %(refname) %(objectname) %(*objectname) [1ms]
2025-01-05 09:29:46.243 [info] > git status -z -uall [37ms]
2025-01-05 09:29:48.406 [info] > git fetch [547ms]
2025-01-05 09:29:48.418 [info] > git config --get commit.template [6ms]
2025-01-05 09:29:48.419 [info] > git for-each-ref --format=%(refname)%00%(upstream:short)%00%(objectname)%00%(upstream:track)%00%(upstream:remotename)%00%(upstream:remoteref) refs/heads/main refs/remotes/main [1ms]
2025-01-05 09:29:48.431 [info] > git for-each-ref --sort -committerdate --format %(refname) %(objectname) %(*objectname) [1ms]
2025-01-05 09:29:48.464 [info] > git status -z -uall [39ms]
2025-01-05 09:29:49.717 [info] > git ls-files --stage -- /home/uys_1705817/flaskProject/app.py [4ms]
2025-01-05 09:29:49.722 [info] > git cat-file -s 602ddeff1741d6c47c418d1955e1cb45aa822cc6 [1ms]
2025-01-05 09:29:49.782 [info] > git show --textconv :flaskProject/app.py [4ms]
2025-01-05 09:29:51.254 [info] > git config --get commit.template [1ms]
2025-01-05 09:29:51.261 [info] > git for-each-ref --format=%(refname)%00%(upstream:short)%00%(objectname)%00%(upstream:track)%00%(upstream:remotename)%00%(upstream:remoteref) refs/heads/main refs/remotes/main [2ms]
2025-01-05 09:29:51.274 [info] > git for-each-ref --sort -committerdate --format %(refname) %(objectname) %(*objectname) [2ms]
2025-01-05 09:29:51.304 [info] > git status -z -uall [37ms]
2025-01-05 09:29:56.319 [info] > git config --get commit.template [5ms]
2025-01-05 09:29:56.320 [info] > git for-each-ref --format=%(refname)%00%(upstream:short)%00%(objectname)%00%(upstream:track)%00%(upstream:remotename)%00%(upstream:remoteref) refs/heads/main refs/remotes/main [1ms]
2025-01-05 09:29:56.332 [info] > git for-each-ref --sort -committerdate --format %(refname) %(objectname) %(*objectname) [1ms]
2025-01-05 09:29:56.363 [info] > git status -z -uall [38ms]
2025-01-05 09:30:01.381 [info] > git config --get commit.template [6ms]
2025-01-05 09:30:01.382 [info] > git for-each-ref --format=%(refname)%00%(upstream:short)%00%(objectname)%00%(upstream:track)%00%(upstream:remotename)%00%(upstream:remoteref) refs/heads/main refs/remotes/main [1ms]
2025-01-05 09:30:01.395 [info] > git for-each-ref --sort -committerdate --format %(refname) %(objectname) %(*objectname) [1ms]
2025-01-05 09:30:01.426 [info] > git status -z -uall [37ms]
2025-01-05 09:30:06.443 [info] > git config --get commit.template [6ms]
2025-01-05 09:30:06.443 [info] > git for-each-ref --format=%(refname)%00%(upstream:short)%00%(objectname)%00%(upstream:track)%00%(upstream:remotename)%00%(upstream:remoteref) refs/heads/main refs/remotes/main [1ms]
2025-01-05 09:30:06.456 [info] > git for-each-ref --sort -committerdate --format %(refname) %(objectname) %(*objectname) [1ms]
2025-01-05 09:30:06.488 [info] > git status -z -uall [39ms]
2025-01-05 09:30:11.507 [info] > git config --get commit.template [6ms]
2025-01-05 09:30:11.508 [info] > git for-each-ref --format=%(refname)%00%(upstream:short)%00%(objectname)%00%(upstream:track)%00%(upstream:remotename)%00%(upstream:remoteref) refs/heads/main refs/remotes/main [1ms]
2025-01-05 09:30:11.520 [info] > git for-each-ref --sort -committerdate --format %(refname) %(objectname) %(*objectname) [1ms]
2025-01-05 09:30:11.552 [info] > git status -z -uall [38ms]
2025-01-05 09:30:16.563 [info] > git config --get commit.template [1ms]
2025-01-05 09:30:16.570 [info] > git for-each-ref --format=%(refname)%00%(upstream:short)%00%(objectname)%00%(upstream:track)%00%(upstream:remotename)%00%(upstream:remoteref) refs/heads/main refs/remotes/main [2ms]
2025-01-05 09:30:16.583 [info] > git for-each-ref --sort -committerdate --format %(refname) %(objectname) %(*objectname) [1ms]
2025-01-05 09:30:16.613 [info] > git status -z -uall [37ms]
2025-01-05 09:30:21.626 [info] > git config --get commit.template [0ms]
2025-01-05 09:30:21.633 [info] > git for-each-ref --format=%(refname)%00%(upstream:short)%00%(objectname)%00%(upstream:track)%00%(upstream:remotename)%00%(upstream:remoteref) refs/heads/main refs/remotes/main [1ms]
2025-01-05 09:30:21.647 [info] > git for-each-ref --sort -committerdate --format %(refname) %(objectname) %(*objectname) [2ms]
2025-01-05 09:30:21.677 [info] > git status -z -uall [36ms]
2025-01-05 09:30:32.440 [info] > git config --get commit.template [4ms]
2025-01-05 09:30:32.440 [info] > git for-each-ref --format=%(refname)%00%(upstream:short)%00%(objectname)%00%(upstream:track)%00%(upstream:remotename)%00%(upstream:remoteref) refs/heads/main refs/remotes/main [1ms]
2025-01-05 09:30:32.454 [info] > git for-each-ref --sort -committerdate --format %(refname) %(objectname) %(*objectname) [2ms]
2025-01-05 09:30:32.483 [info] > git status -z -uall [37ms]
2025-01-05 09:30:37.497 [info] > git config --get commit.template [5ms]
2025-01-05 09:30:37.497 [info] > git for-each-ref --format=%(refname)%00%(upstream:short)%00%(objectname)%00%(upstream:track)%00%(upstream:remotename)%00%(upstream:remoteref) refs/heads/main refs/remotes/main [1ms]
2025-01-05 09:30:37.511 [info] > git for-each-ref --sort -committerdate --format %(refname) %(objectname) %(*objectname) [2ms]
2025-01-05 09:30:37.539 [info] > git status -z -uall [36ms]
2025-01-05 09:30:42.550 [info] > git config --get commit.template [1ms]
2025-01-05 09:30:42.555 [info] > git for-each-ref --format=%(refname)%00%(upstream:short)%00%(objectname)%00%(upstream:track)%00%(upstream:remotename)%00%(upstream:remoteref) refs/heads/main refs/remotes/main [2ms]
2025-01-05 09:30:42.569 [info] > git for-each-ref --sort -committerdate --format %(refname) %(objectname) %(*objectname) [2ms]
2025-01-05 09:30:42.596 [info] > git status -z -uall [35ms]
2025-01-05 09:30:47.608 [info] > git config --get commit.template [1ms]
2025-01-05 09:30:47.612 [info] > git for-each-ref --format=%(refname)%00%(upstream:short)%00%(objectname)%00%(upstream:track)%00%(upstream:remotename)%00%(upstream:remoteref) refs/heads/main refs/remotes/main [1ms]
2025-01-05 09:30:47.625 [info] > git for-each-ref --sort -committerdate --format %(refname) %(objectname) %(*objectname) [2ms]
2025-01-05 09:30:47.655 [info] > git status -z -uall [37ms]
2025-01-05 09:30:52.672 [info] > git config --get commit.template [6ms]
2025-01-05 09:30:52.673 [info] > git for-each-ref --format=%(refname)%00%(upstream:short)%00%(objectname)%00%(upstream:track)%00%(upstream:remotename)%00%(upstream:remoteref) refs/heads/main refs/remotes/main [1ms]
2025-01-05 09:30:52.688 [info] > git for-each-ref --sort -committerdate --format %(refname) %(objectname) %(*objectname) [1ms]
2025-01-05 09:30:52.716 [info] > git status -z -uall [36ms]
2025-01-05 09:30:57.732 [info] > git config --get commit.template [6ms]
2025-01-05 09:30:57.733 [info] > git for-each-ref --format=%(refname)%00%(upstream:short)%00%(objectname)%00%(upstream:track)%00%(upstream:remotename)%00%(upstream:remoteref) refs/heads/main refs/remotes/main [2ms]
2025-01-05 09:30:57.746 [info] > git for-each-ref --sort -committerdate --format %(refname) %(objectname) %(*objectname) [2ms]
2025-01-05 09:30:57.776 [info] > git status -z -uall [37ms]
2025-01-05 09:31:01.226 [info] > git check-ignore -v -z --stdin [5ms]
2025-01-05 09:31:02.792 [info] > git config --get commit.template [4ms]
2025-01-05 09:31:02.792 [info] > git for-each-ref --format=%(refname)%00%(upstream:short)%00%(objectname)%00%(upstream:track)%00%(upstream:remotename)%00%(upstream:remoteref) refs/heads/main refs/remotes/main [1ms]
2025-01-05 09:31:02.806 [info] > git for-each-ref --sort -committerdate --format %(refname) %(objectname) %(*objectname) [2ms]
2025-01-05 09:31:02.837 [info] > git status -z -uall [39ms]
2025-01-05 09:31:07.849 [info] > git config --get commit.template [1ms]
2025-01-05 09:31:07.856 [info] > git for-each-ref --format=%(refname)%00%(upstream:short)%00%(objectname)%00%(upstream:track)%00%(upstream:remotename)%00%(upstream:remoteref) refs/heads/main refs/remotes/main [1ms]
2025-01-05 09:31:07.869 [info] > git for-each-ref --sort -committerdate --format %(refname) %(objectname) %(*objectname) [2ms]
2025-01-05 09:31:07.898 [info] > git status -z -uall [36ms]
2025-01-05 09:31:12.911 [info] > git config --get commit.template [1ms]
2025-01-05 09:31:12.917 [info] > git for-each-ref --format=%(refname)%00%(upstream:short)%00%(objectname)%00%(upstream:track)%00%(upstream:remotename)%00%(upstream:remoteref) refs/heads/main refs/remotes/main [1ms]
2025-01-05 09:31:12.930 [info] > git for-each-ref --sort -committerdate --format %(refname) %(objectname) %(*objectname) [1ms]
2025-01-05 09:31:12.962 [info] > git status -z -uall [39ms]
2025-01-05 09:31:17.978 [info] > git config --get commit.template [6ms]
2025-01-05 09:31:17.980 [info] > git for-each-ref --format=%(refname)%00%(upstream:short)%00%(objectname)%00%(upstream:track)%00%(upstream:remotename)%00%(upstream:remoteref) refs/heads/main refs/remotes/main [2ms]
2025-01-05 09:31:17.993 [info] > git for-each-ref --sort -committerdate --format %(refname) %(objectname) %(*objectname) [1ms]
2025-01-05 09:31:18.025 [info] > git status -z -uall [39ms]
2025-01-05 09:31:23.043 [info] > git config --get commit.template [7ms]
2025-01-05 09:31:23.043 [info] > git for-each-ref --format=%(refname)%00%(upstream:short)%00%(objectname)%00%(upstream:track)%00%(upstream:remotename)%00%(upstream:remoteref) refs/heads/main refs/remotes/main [1ms]
2025-01-05 09:31:23.057 [info] > git for-each-ref --sort -committerdate --format %(refname) %(objectname) %(*objectname) [1ms]
2025-01-05 09:31:23.087 [info] > git status -z -uall [37ms]
2025-01-05 09:31:28.105 [info] > git config --get commit.template [6ms]
2025-01-05 09:31:28.106 [info] > git for-each-ref --format=%(refname)%00%(upstream:short)%00%(objectname)%00%(upstream:track)%00%(upstream:remotename)%00%(upstream:remoteref) refs/heads/main refs/remotes/main [1ms]
2025-01-05 09:31:28.119 [info] > git for-each-ref --sort -committerdate --format %(refname) %(objectname) %(*objectname) [1ms]
2025-01-05 09:31:28.150 [info] > git status -z -uall [38ms]
2025-01-05 09:31:33.169 [info] > git config --get commit.template [6ms]
2025-01-05 09:31:33.170 [info] > git for-each-ref --format=%(refname)%00%(upstream:short)%00%(objectname)%00%(upstream:track)%00%(upstream:remotename)%00%(upstream:remoteref) refs/heads/main refs/remotes/main [2ms]
2025-01-05 09:31:33.185 [info] > git for-each-ref --sort -committerdate --format %(refname) %(objectname) %(*objectname) [2ms]
2025-01-05 09:31:33.214 [info] > git status -z -uall [38ms]
2025-01-05 09:31:38.232 [info] > git config --get commit.template [6ms]
2025-01-05 09:31:38.233 [info] > git for-each-ref --format=%(refname)%00%(upstream:short)%00%(objectname)%00%(upstream:track)%00%(upstream:remotename)%00%(upstream:remoteref) refs/heads/main refs/remotes/main [1ms]
2025-01-05 09:31:38.246 [info] > git for-each-ref --sort -committerdate --format %(refname) %(objectname) %(*objectname) [1ms]
2025-01-05 09:31:38.277 [info] > git status -z -uall [37ms]
2025-01-05 09:31:43.902 [info] > git config --get commit.template [0ms]
2025-01-05 09:31:43.907 [info] > git for-each-ref --format=%(refname)%00%(upstream:short)%00%(objectname)%00%(upstream:track)%00%(upstream:remotename)%00%(upstream:remoteref) refs/heads/main refs/remotes/main [1ms]
2025-01-05 09:31:43.921 [info] > git for-each-ref --sort -committerdate --format %(refname) %(objectname) %(*objectname) [2ms]
2025-01-05 09:31:43.950 [info] > git status -z -uall [37ms]
2025-01-05 09:31:48.967 [info] > git config --get commit.template [6ms]
2025-01-05 09:31:48.967 [info] > git for-each-ref --format=%(refname)%00%(upstream:short)%00%(objectname)%00%(upstream:track)%00%(upstream:remotename)%00%(upstream:remoteref) refs/heads/main refs/remotes/main [0ms]
2025-01-05 09:31:48.982 [info] > git for-each-ref --sort -committerdate --format %(refname) %(objectname) %(*objectname) [2ms]
2025-01-05 09:31:49.012 [info] > git status -z -uall [37ms]
2025-01-05 09:31:54.029 [info] > git config --get commit.template [6ms]
2025-01-05 09:31:54.030 [info] > git for-each-ref --format=%(refname)%00%(upstream:short)%00%(objectname)%00%(upstream:track)%00%(upstream:remotename)%00%(upstream:remoteref) refs/heads/main refs/remotes/main [1ms]
2025-01-05 09:31:54.044 [info] > git for-each-ref --sort -committerdate --format %(refname) %(objectname) %(*objectname) [1ms]
2025-01-05 09:31:54.075 [info] > git status -z -uall [39ms]
2025-01-05 09:31:59.092 [info] > git config --get commit.template [6ms]
2025-01-05 09:31:59.093 [info] > git for-each-ref --format=%(refname)%00%(upstream:short)%00%(objectname)%00%(upstream:track)%00%(upstream:remotename)%00%(upstream:remoteref) refs/heads/main refs/remotes/main [1ms]
2025-01-05 09:31:59.107 [info] > git for-each-ref --sort -committerdate --format %(refname) %(objectname) %(*objectname) [1ms]
2025-01-05 09:31:59.138 [info] > git status -z -uall [38ms]
2025-01-05 09:32:04.158 [info] > git config --get commit.template [6ms]
2025-01-05 09:32:04.158 [info] > git for-each-ref --format=%(refname)%00%(upstream:short)%00%(objectname)%00%(upstream:track)%00%(upstream:remotename)%00%(upstream:remoteref) refs/heads/main refs/remotes/main [1ms]
2025-01-05 09:32:04.170 [info] > git for-each-ref --sort -committerdate --format %(refname) %(objectname) %(*objectname) [1ms]
2025-01-05 09:32:04.200 [info] > git status -z -uall [37ms]
2025-01-05 09:32:09.214 [info] > git config --get commit.template [1ms]
2025-01-05 09:32:09.221 [info] > git for-each-ref --format=%(refname)%00%(upstream:short)%00%(objectname)%00%(upstream:track)%00%(upstream:remotename)%00%(upstream:remoteref) refs/heads/main refs/remotes/main [2ms]
2025-01-05 09:32:09.235 [info] > git for-each-ref --sort -committerdate --format %(refname) %(objectname) %(*objectname) [2ms]
2025-01-05 09:32:09.264 [info] > git status -z -uall [37ms]
2025-01-05 09:32:14.281 [info] > git config --get commit.template [6ms]
2025-01-05 09:32:14.282 [info] > git for-each-ref --format=%(refname)%00%(upstream:short)%00%(objectname)%00%(upstream:track)%00%(upstream:remotename)%00%(upstream:remoteref) refs/heads/main refs/remotes/main [1ms]
2025-01-05 09:32:14.296 [info] > git for-each-ref --sort -committerdate --format %(refname) %(objectname) %(*objectname) [3ms]
2025-01-05 09:32:14.327 [info] > git status -z -uall [39ms]
2025-01-05 09:32:20.930 [info] > git config --get commit.template [6ms]
2025-01-05 09:32:20.930 [info] > git for-each-ref --format=%(refname)%00%(upstream:short)%00%(objectname)%00%(upstream:track)%00%(upstream:remotename)%00%(upstream:remoteref) refs/heads/main refs/remotes/main [1ms]
2025-01-05 09:32:20.944 [info] > git for-each-ref --sort -committerdate --format %(refname) %(objectname) %(*objectname) [1ms]
2025-01-05 09:32:20.975 [info] > git status -z -uall [38ms]
2025-01-05 09:32:25.993 [info] > git config --get commit.template [6ms]
2025-01-05 09:32:25.993 [info] > git for-each-ref --format=%(refname)%00%(upstream:short)%00%(objectname)%00%(upstream:track)%00%(upstream:remotename)%00%(upstream:remoteref) refs/heads/main refs/remotes/main [1ms]
2025-01-05 09:32:26.006 [info] > git for-each-ref --sort -committerdate --format %(refname) %(objectname) %(*objectname) [2ms]
2025-01-05 09:32:26.038 [info] > git status -z -uall [39ms]
2025-01-05 09:32:31.051 [info] > git config --get commit.template [1ms]
2025-01-05 09:32:31.058 [info] > git for-each-ref --format=%(refname)%00%(upstream:short)%00%(objectname)%00%(upstream:track)%00%(upstream:remotename)%00%(upstream:remoteref) refs/heads/main refs/remotes/main [2ms]
2025-01-05 09:32:31.070 [info] > git for-each-ref --sort -committerdate --format %(refname) %(objectname) %(*objectname) [1ms]
2025-01-05 09:32:31.101 [info] > git status -z -uall [37ms]
2025-01-05 09:32:36.115 [info] > git config --get commit.template [4ms]
2025-01-05 09:32:36.116 [info] > git for-each-ref --format=%(refname)%00%(upstream:short)%00%(objectname)%00%(upstream:track)%00%(upstream:remotename)%00%(upstream:remoteref) refs/heads/main refs/remotes/main [1ms]
2025-01-05 09:32:36.129 [info] > git for-each-ref --sort -committerdate --format %(refname) %(objectname) %(*objectname) [2ms]
2025-01-05 09:32:36.162 [info] > git status -z -uall [39ms]
2025-01-05 09:32:41.180 [info] > git for-each-ref --format=%(refname)%00%(upstream:short)%00%(objectname)%00%(upstream:track)%00%(upstream:remotename)%00%(upstream:remoteref) refs/heads/main refs/remotes/main [2ms]
2025-01-05 09:32:41.180 [info] > git config --get commit.template [8ms]
2025-01-05 09:32:41.194 [info] > git for-each-ref --sort -committerdate --format %(refname) %(objectname) %(*objectname) [2ms]
2025-01-05 09:32:41.224 [info] > git status -z -uall [38ms]
2025-01-05 09:32:46.238 [info] > git config --get commit.template [5ms]
2025-01-05 09:32:46.239 [info] > git for-each-ref --format=%(refname)%00%(upstream:short)%00%(objectname)%00%(upstream:track)%00%(upstream:remotename)%00%(upstream:remoteref) refs/heads/main refs/remotes/main [0ms]
2025-01-05 09:32:46.250 [info] > git for-each-ref --sort -committerdate --format %(refname) %(objectname) %(*objectname) [1ms]
2025-01-05 09:32:46.283 [info] > git status -z -uall [37ms]
2025-01-05 09:32:49.035 [info] > git fetch [561ms]
2025-01-05 09:32:49.049 [info] > git config --get commit.template [6ms]
2025-01-05 09:32:49.051 [info] > git for-each-ref --format=%(refname)%00%(upstream:short)%00%(objectname)%00%(upstream:track)%00%(upstream:remotename)%00%(upstream:remoteref) refs/heads/main refs/remotes/main [2ms]
2025-01-05 09:32:49.064 [info] > git for-each-ref --sort -committerdate --format %(refname) %(objectname) %(*objectname) [2ms]
2025-01-05 09:32:49.095 [info] > git status -z -uall [39ms]
2025-01-05 09:32:50.621 [info] > git ls-files --stage -- /home/uys_1705817/flaskProject/app.py [4ms]
2025-01-05 09:32:50.629 [info] > git cat-file -s 602ddeff1741d6c47c418d1955e1cb45aa822cc6 [1ms]
2025-01-05 09:32:50.683 [info] > git show --textconv :flaskProject/app.py [4ms]
2025-01-05 09:32:51.294 [info] > git config --get commit.template [1ms]
2025-01-05 09:32:51.300 [info] > git for-each-ref --format=%(refname)%00%(upstream:short)%00%(objectname)%00%(upstream:track)%00%(upstream:remotename)%00%(upstream:remoteref) refs/heads/main refs/remotes/main [1ms]
2025-01-05 09:32:51.314 [info] > git for-each-ref --sort -committerdate --format %(refname) %(objectname) %(*objectname) [3ms]
2025-01-05 09:32:51.343 [info] > git status -z -uall [37ms]
2025-01-05 09:32:56.360 [info] > git config --get commit.template [6ms]
2025-01-05 09:32:56.361 [info] > git for-each-ref --format=%(refname)%00%(upstream:short)%00%(objectname)%00%(upstream:track)%00%(upstream:remotename)%00%(upstream:remoteref) refs/heads/main refs/remotes/main [1ms]
2025-01-05 09:32:56.375 [info] > git for-each-ref --sort -committerdate --format %(refname) %(objectname) %(*objectname) [2ms]
2025-01-05 09:32:56.403 [info] > git status -z -uall [36ms]
2025-01-05 09:33:01.415 [info] > git config --get commit.template [1ms]
2025-01-05 09:33:01.422 [info] > git for-each-ref --format=%(refname)%00%(upstream:short)%00%(objectname)%00%(upstream:track)%00%(upstream:remotename)%00%(upstream:remoteref) refs/heads/main refs/remotes/main [2ms]
2025-01-05 09:33:01.436 [info] > git for-each-ref --sort -committerdate --format %(refname) %(objectname) %(*objectname) [1ms]
2025-01-05 09:33:01.467 [info] > git status -z -uall [39ms]
2025-01-05 09:33:06.479 [info] > git config --get commit.template [1ms]
2025-01-05 09:33:06.486 [info] > git for-each-ref --format=%(refname)%00%(upstream:short)%00%(objectname)%00%(upstream:track)%00%(upstream:remotename)%00%(upstream:remoteref) refs/heads/main refs/remotes/main [2ms]
2025-01-05 09:33:06.498 [info] > git for-each-ref --sort -committerdate --format %(refname) %(objectname) %(*objectname) [1ms]
2025-01-05 09:33:06.529 [info] > git status -z -uall [36ms]
2025-01-05 09:33:11.541 [info] > git config --get commit.template [1ms]
2025-01-05 09:33:11.548 [info] > git for-each-ref --format=%(refname)%00%(upstream:short)%00%(objectname)%00%(upstream:track)%00%(upstream:remotename)%00%(upstream:remoteref) refs/heads/main refs/remotes/main [2ms]
2025-01-05 09:33:11.561 [info] > git for-each-ref --sort -committerdate --format %(refname) %(objectname) %(*objectname) [2ms]
2025-01-05 09:33:11.592 [info] > git status -z -uall [38ms]
2025-01-05 09:33:16.963 [info] > git config --get commit.template [5ms]
2025-01-05 09:33:16.965 [info] > git for-each-ref --format=%(refname)%00%(upstream:short)%00%(objectname)%00%(upstream:track)%00%(upstream:remotename)%00%(upstream:remoteref) refs/heads/main refs/remotes/main [2ms]
2025-01-05 09:33:16.978 [info] > git for-each-ref --sort -committerdate --format %(refname) %(objectname) %(*objectname) [2ms]
2025-01-05 09:33:17.009 [info] > git status -z -uall [39ms]
2025-01-05 09:33:22.020 [info] > git config --get commit.template [1ms]
2025-01-05 09:33:22.027 [info] > git for-each-ref --format=%(refname)%00%(upstream:short)%00%(objectname)%00%(upstream:track)%00%(upstream:remotename)%00%(upstream:remoteref) refs/heads/main refs/remotes/main [2ms]
2025-01-05 09:33:22.041 [info] > git for-each-ref --sort -committerdate --format %(refname) %(objectname) %(*objectname) [2ms]
2025-01-05 09:33:22.071 [info] > git status -z -uall [38ms]
2025-01-05 09:33:27.090 [info] > git config --get commit.template [6ms]
2025-01-05 09:33:27.090 [info] > git for-each-ref --format=%(refname)%00%(upstream:short)%00%(objectname)%00%(upstream:track)%00%(upstream:remotename)%00%(upstream:remoteref) refs/heads/main refs/remotes/main [1ms]
2025-01-05 09:33:27.103 [info] > git for-each-ref --sort -committerdate --format %(refname) %(objectname) %(*objectname) [2ms]
2025-01-05 09:33:27.135 [info] > git status -z -uall [39ms]
2025-01-05 09:33:32.149 [info] > git config --get commit.template [5ms]
2025-01-05 09:33:32.150 [info] > git for-each-ref --format=%(refname)%00%(upstream:short)%00%(objectname)%00%(upstream:track)%00%(upstream:remotename)%00%(upstream:remoteref) refs/heads/main refs/remotes/main [0ms]
2025-01-05 09:33:32.163 [info] > git for-each-ref --sort -committerdate --format %(refname) %(objectname) %(*objectname) [2ms]
2025-01-05 09:33:32.194 [info] > git status -z -uall [38ms]
2025-01-05 09:33:37.209 [info] > git config --get commit.template [5ms]
2025-01-05 09:33:37.209 [info] > git for-each-ref --format=%(refname)%00%(upstream:short)%00%(objectname)%00%(upstream:track)%00%(upstream:remotename)%00%(upstream:remoteref) refs/heads/main refs/remotes/main [0ms]
2025-01-05 09:33:37.223 [info] > git for-each-ref --sort -committerdate --format %(refname) %(objectname) %(*objectname) [2ms]
2025-01-05 09:33:37.251 [info] > git status -z -uall [35ms]
2025-01-05 09:33:42.269 [info] > git config --get commit.template [6ms]
2025-01-05 09:33:42.270 [info] > git for-each-ref --format=%(refname)%00%(upstream:short)%00%(objectname)%00%(upstream:track)%00%(upstream:remotename)%00%(upstream:remoteref) refs/heads/main refs/remotes/main [1ms]
2025-01-05 09:33:42.283 [info] > git for-each-ref --sort -committerdate --format %(refname) %(objectname) %(*objectname) [2ms]
2025-01-05 09:33:42.314 [info] > git status -z -uall [38ms]
2025-01-05 09:33:47.331 [info] > git config --get commit.template [6ms]
2025-01-05 09:33:47.332 [info] > git for-each-ref --format=%(refname)%00%(upstream:short)%00%(objectname)%00%(upstream:track)%00%(upstream:remotename)%00%(upstream:remoteref) refs/heads/main refs/remotes/main [1ms]
2025-01-05 09:33:47.344 [info] > git for-each-ref --sort -committerdate --format %(refname) %(objectname) %(*objectname) [1ms]
2025-01-05 09:33:47.377 [info] > git status -z -uall [37ms]
2025-01-05 09:33:52.392 [info] > git config --get commit.template [6ms]
2025-01-05 09:33:52.393 [info] > git for-each-ref --format=%(refname)%00%(upstream:short)%00%(objectname)%00%(upstream:track)%00%(upstream:remotename)%00%(upstream:remoteref) refs/heads/main refs/remotes/main [1ms]
2025-01-05 09:33:52.405 [info] > git for-each-ref --sort -committerdate --format %(refname) %(objectname) %(*objectname) [1ms]
2025-01-05 09:33:52.437 [info] > git status -z -uall [38ms]
2025-01-05 09:33:57.452 [info] > git config --get commit.template [5ms]
2025-01-05 09:33:57.453 [info] > git for-each-ref --format=%(refname)%00%(upstream:short)%00%(objectname)%00%(upstream:track)%00%(upstream:remotename)%00%(upstream:remoteref) refs/heads/main refs/remotes/main [1ms]
2025-01-05 09:33:57.467 [info] > git for-each-ref --sort -committerdate --format %(refname) %(objectname) %(*objectname) [2ms]
2025-01-05 09:33:57.496 [info] > git status -z -uall [37ms]
2025-01-05 09:34:02.513 [info] > git config --get commit.template [6ms]
2025-01-05 09:34:02.514 [info] > git for-each-ref --format=%(refname)%00%(upstream:short)%00%(objectname)%00%(upstream:track)%00%(upstream:remotename)%00%(upstream:remoteref) refs/heads/main refs/remotes/main [1ms]
2025-01-05 09:34:02.524 [info] > git for-each-ref --sort -committerdate --format %(refname) %(objectname) %(*objectname) [1ms]
2025-01-05 09:34:02.554 [info] > git status -z -uall [36ms]
2025-01-05 09:34:12.015 [info] > git config --get commit.template [6ms]
2025-01-05 09:34:12.015 [info] > git for-each-ref --format=%(refname)%00%(upstream:short)%00%(objectname)%00%(upstream:track)%00%(upstream:remotename)%00%(upstream:remoteref) refs/heads/main refs/remotes/main [1ms]
2025-01-05 09:34:12.029 [info] > git for-each-ref --sort -committerdate --format %(refname) %(objectname) %(*objectname) [2ms]
2025-01-05 09:34:12.061 [info] > git status -z -uall [40ms]
