2025-01-14 14:03:56.979 [info] [Info  - 오후 2:03:56] (677058) Server root directory: file:///home/uys_1705817/.vscode-server/extensions/ms-python.vscode-pylance-2024.12.1/dist
2025-01-14 14:03:56.990 [info] [Info  - 오후 2:03:56] (677058) Pylance language server 2024.12.1 (pyright version 1.1.389, commit ce1325fc) starting
2025-01-14 14:03:56.992 [info] [Info  - 오후 2:03:56] (677058) Starting service instance "uys_1705817"
2025-01-14 14:03:57.032 [info] [Info  - 오후 2:03:57] (677058) Setting environmentName for service "uys_1705817": "3.12.3 (usr venv)"
2025-01-14 14:03:57.032 [info] [Info  - 오후 2:03:57] (677058) Setting pythonPath for service "uys_1705817": "/bin/python3"
2025-01-14 14:03:57.033 [info] [Info  - 오후 2:03:57] (677058) No include entries specified; assuming /home/uys_1705817
2025-01-14 14:03:57.033 [info] [Info  - 오후 2:03:57] (677058) Auto-excluding **/node_modules
2025-01-14 14:03:57.033 [info] [Info  - 오후 2:03:57] (677058) Auto-excluding **/__pycache__
2025-01-14 14:03:57.033 [info] [Info  - 오후 2:03:57] (677058) Auto-excluding **/.*
2025-01-14 14:03:57.055 [info] [Info  - 오후 2:03:57] (677058) Assuming Python version 3.12.3.final.0
2025-01-14 14:03:57.109 [info] [Info  - 오후 2:03:57] (677058) Auto-excluding /home/uys_1705817/api/venv
2025-01-14 14:03:57.110 [info] [Info  - 오후 2:03:57] (677058) Auto-excluding /home/uys_1705817/flaskProject/venv
2025-01-14 14:03:57.151 [info] [Info  - 오후 2:03:57] (677058) Auto-excluding /home/uys_1705817/sqlProject/venv
2025-01-14 14:03:57.151 [info] [Info  - 오후 2:03:57] (677058) Auto-excluding /home/uys_1705817/webProj/venv
2025-01-14 14:03:57.151 [info] [Info  - 오후 2:03:57] (677058) Found 5 source files
2025-01-14 14:03:57.365 [info] [Info  - 오후 2:03:57] (677058) Background analysis(1) root directory: file:///home/uys_1705817/.vscode-server/extensions/ms-python.vscode-pylance-2024.12.1/dist
2025-01-14 14:03:57.365 [info] [Info  - 오후 2:03:57] (677058) Background analysis(1) started
2025-01-14 14:03:57.426 [info] [Info  - 오후 2:03:57] (677058) Indexer background runner(2) root directory: file:///home/uys_1705817/.vscode-server/extensions/ms-python.vscode-pylance-2024.12.1/dist (index)
2025-01-14 14:03:57.426 [info] [Info  - 오후 2:03:57] (677058) Indexing(2) started
2025-01-14 14:03:57.697 [info] [Info  - 오후 2:03:57] (677058) scanned(2) 95 files over 1 exec env
2025-01-14 14:03:57.865 [info] [Info  - 오후 2:03:57] (677058) indexed(2) 95 files over 1 exec env
2025-01-14 14:03:57.889 [info] [Info  - 오후 2:03:57] (677058) Indexing finished(2).
2025-01-14 14:04:07.381 [info] (Client) The existing extension didn't exit within 10 seconds. New instance will start, but you might encounter issues.
2025-01-14 14:04:07.381 [info] (Client) Pylance async client (2024.12.1) started with python extension (2024.22.2)
