2025-01-08 11:57:30.700 [info] [main] 로그 수준: Info
2025-01-08 11:57:30.700 [info] [main] "git"에서 찾은 git 유효성을 검사하는 중
2025-01-08 11:57:30.700 [info] [main] "2.43.0"에서 git "git"을(를) 사용하는 중
2025-01-08 11:57:30.700 [info] [Model][doInitialScan] Initial repository scan started
2025-01-08 11:57:30.700 [info] > git rev-parse --show-toplevel [10ms]
2025-01-08 11:57:30.700 [info] > git rev-parse --git-dir --git-common-dir [2ms]
2025-01-08 11:57:30.700 [info] [Model][openRepository] Opened repository: /home/uys_1705817
2025-01-08 11:57:30.702 [info] > git rev-parse --show-toplevel [8ms]
2025-01-08 11:57:30.703 [info] > git config --get commit.template [14ms]
2025-01-08 11:57:30.713 [info] > git rev-parse --show-toplevel [6ms]
2025-01-08 11:57:30.718 [info] > git for-each-ref --format=%(refname)%00%(upstream:short)%00%(objectname)%00%(upstream:track)%00%(upstream:remotename)%00%(upstream:remoteref) refs/heads/main refs/remotes/main [6ms]
2025-01-08 11:57:30.723 [info] > git rev-parse --show-toplevel [5ms]
2025-01-08 11:57:30.748 [info] > git rev-parse --show-toplevel [19ms]
2025-01-08 11:57:30.753 [info] > git for-each-ref --sort -committerdate --format %(refname) %(objectname) %(*objectname) [13ms]
2025-01-08 11:57:30.754 [info] > git rev-parse --show-toplevel [2ms]
2025-01-08 11:57:30.812 [info] > git status -z -uall [77ms]
2025-01-08 11:57:30.823 [info] > git rev-parse --show-toplevel [65ms]
2025-01-08 11:57:30.834 [info] > git for-each-ref --format=%(refname)%00%(upstream:short)%00%(objectname)%00%(upstream:track)%00%(upstream:remotename)%00%(upstream:remoteref) refs/heads/main refs/remotes/main [14ms]
2025-01-08 11:57:30.840 [info] > git rev-parse --show-toplevel [7ms]
2025-01-08 11:57:30.842 [info] [Model][doInitialScan] Initial repository scan completed - repositories (1), closed repositories (0), parent repositories (0), unsafe repositories (0)
2025-01-08 11:57:30.842 [info] > git config --get commit.template [14ms]
2025-01-08 11:57:30.844 [info] > git config --local branch.main.vscode-merge-base [5ms]
2025-01-08 11:57:30.844 [warning] [Git][config] git config failed: Failed to execute git
2025-01-08 11:57:30.855 [info] > git reflog main --grep-reflog=branch: Created from *. [6ms]
2025-01-08 11:57:30.860 [info] > git for-each-ref --format=%(refname)%00%(upstream:short)%00%(objectname)%00%(upstream:track)%00%(upstream:remotename)%00%(upstream:remoteref) refs/heads/main refs/remotes/main [6ms]
2025-01-08 11:57:30.861 [info] > git symbolic-ref --short refs/remotes/origin/HEAD [1ms]
2025-01-08 11:57:30.861 [info] fatal: ref refs/remotes/origin/HEAD is not a symbolic ref
2025-01-08 11:57:30.861 [warning] [Repository][getDefaultBranch] Failed to get default branch details: Failed to execute git.
2025-01-08 11:57:30.874 [info] > git merge-base refs/heads/main refs/remotes/origin/main [7ms]
2025-01-08 11:57:30.892 [info] > git diff --name-status -z --diff-filter=ADMR d923ead344e807083406edd9c42fcb556900b308...refs/remotes/origin/main [12ms]
2025-01-08 11:57:30.896 [info] > git for-each-ref --sort -committerdate --format %(refname) %(objectname) %(*objectname) [5ms]
2025-01-08 11:57:30.929 [info] > git status -z -uall [44ms]
2025-01-08 11:57:31.245 [info] > git check-ignore -v -z --stdin [14ms]
2025-01-08 11:57:31.248 [info] > git fetch [565ms]
2025-01-08 11:57:31.260 [info] > git config --get commit.template [6ms]
2025-01-08 11:57:31.262 [info] > git for-each-ref --format=%(refname)%00%(upstream:short)%00%(objectname)%00%(upstream:track)%00%(upstream:remotename)%00%(upstream:remoteref) refs/heads/main refs/remotes/main [3ms]
2025-01-08 11:57:31.275 [info] > git for-each-ref --sort -committerdate --format %(refname) %(objectname) %(*objectname) [2ms]
2025-01-08 11:57:31.309 [info] > git status -z -uall [42ms]
2025-01-08 11:57:31.425 [info] > git show --textconv :flaskProject/app.py [6ms]
2025-01-08 11:57:31.433 [info] > git ls-files --stage -- /home/uys_1705817/flaskProject/app.py [9ms]
2025-01-08 11:57:31.439 [info] > git cat-file -s 602ddeff1741d6c47c418d1955e1cb45aa822cc6 [1ms]
2025-01-08 11:57:31.514 [info] > git blame --root --incremental 19ae352f6764b806957e677d8a2d5cc649b1f69e -- /home/uys_1705817/flaskProject/app.py [14ms]
2025-01-08 11:57:32.802 [info] > git ls-files --stage -- /home/uys_1705817/flaskProject/app.py [5ms]
2025-01-08 11:57:32.829 [info] > git cat-file -s 602ddeff1741d6c47c418d1955e1cb45aa822cc6 [22ms]
2025-01-08 11:57:32.882 [info] > git show --textconv :flaskProject/app.py [4ms]
2025-01-08 11:57:35.760 [info] > git config --get commit.template [1ms]
2025-01-08 11:57:35.766 [info] > git for-each-ref --format=%(refname)%00%(upstream:short)%00%(objectname)%00%(upstream:track)%00%(upstream:remotename)%00%(upstream:remoteref) refs/heads/main refs/remotes/main [2ms]
2025-01-08 11:57:35.780 [info] > git for-each-ref --sort -committerdate --format %(refname) %(objectname) %(*objectname) [1ms]
2025-01-08 11:57:35.819 [info] > git status -z -uall [46ms]
2025-01-08 11:57:40.836 [info] > git config --get commit.template [5ms]
2025-01-08 11:57:40.837 [info] > git for-each-ref --format=%(refname)%00%(upstream:short)%00%(objectname)%00%(upstream:track)%00%(upstream:remotename)%00%(upstream:remoteref) refs/heads/main refs/remotes/main [1ms]
2025-01-08 11:57:40.850 [info] > git for-each-ref --sort -committerdate --format %(refname) %(objectname) %(*objectname) [1ms]
2025-01-08 11:57:40.888 [info] > git status -z -uall [44ms]
2025-01-08 11:57:51.785 [info] > git config --get commit.template [7ms]
2025-01-08 11:57:51.786 [info] > git for-each-ref --format=%(refname)%00%(upstream:short)%00%(objectname)%00%(upstream:track)%00%(upstream:remotename)%00%(upstream:remoteref) refs/heads/main refs/remotes/main [1ms]
2025-01-08 11:57:51.799 [info] > git for-each-ref --sort -committerdate --format %(refname) %(objectname) %(*objectname) [3ms]
2025-01-08 11:57:51.843 [info] > git status -z -uall [52ms]
2025-01-08 11:57:56.890 [info] > git config --get commit.template [8ms]
2025-01-08 11:57:56.890 [info] > git for-each-ref --format=%(refname)%00%(upstream:short)%00%(objectname)%00%(upstream:track)%00%(upstream:remotename)%00%(upstream:remoteref) refs/heads/main refs/remotes/main [2ms]
2025-01-08 11:57:56.905 [info] > git for-each-ref --sort -committerdate --format %(refname) %(objectname) %(*objectname) [1ms]
2025-01-08 11:57:56.950 [info] > git status -z -uall [53ms]
2025-01-08 11:58:01.989 [info] > git config --get commit.template [7ms]
2025-01-08 11:58:01.989 [info] > git for-each-ref --format=%(refname)%00%(upstream:short)%00%(objectname)%00%(upstream:track)%00%(upstream:remotename)%00%(upstream:remoteref) refs/heads/main refs/remotes/main [1ms]
2025-01-08 11:58:02.003 [info] > git for-each-ref --sort -committerdate --format %(refname) %(objectname) %(*objectname) [0ms]
2025-01-08 11:58:02.048 [info] > git status -z -uall [52ms]
2025-01-08 11:58:07.089 [info] > git config --get commit.template [8ms]
2025-01-08 11:58:07.089 [info] > git for-each-ref --format=%(refname)%00%(upstream:short)%00%(objectname)%00%(upstream:track)%00%(upstream:remotename)%00%(upstream:remoteref) refs/heads/main refs/remotes/main [1ms]
2025-01-08 11:58:07.104 [info] > git for-each-ref --sort -committerdate --format %(refname) %(objectname) %(*objectname) [1ms]
2025-01-08 11:58:07.149 [info] > git status -z -uall [53ms]
2025-01-08 11:58:12.190 [info] > git config --get commit.template [9ms]
2025-01-08 11:58:12.191 [info] > git for-each-ref --format=%(refname)%00%(upstream:short)%00%(objectname)%00%(upstream:track)%00%(upstream:remotename)%00%(upstream:remoteref) refs/heads/main refs/remotes/main [1ms]
2025-01-08 11:58:12.206 [info] > git for-each-ref --sort -committerdate --format %(refname) %(objectname) %(*objectname) [2ms]
2025-01-08 11:58:12.248 [info] > git status -z -uall [51ms]
2025-01-08 11:58:17.288 [info] > git config --get commit.template [7ms]
2025-01-08 11:58:17.289 [info] > git for-each-ref --format=%(refname)%00%(upstream:short)%00%(objectname)%00%(upstream:track)%00%(upstream:remotename)%00%(upstream:remoteref) refs/heads/main refs/remotes/main [1ms]
2025-01-08 11:58:17.303 [info] > git for-each-ref --sort -committerdate --format %(refname) %(objectname) %(*objectname) [1ms]
2025-01-08 11:58:17.347 [info] > git status -z -uall [51ms]
2025-01-08 11:58:22.384 [info] > git config --get commit.template [7ms]
2025-01-08 11:58:22.385 [info] > git for-each-ref --format=%(refname)%00%(upstream:short)%00%(objectname)%00%(upstream:track)%00%(upstream:remotename)%00%(upstream:remoteref) refs/heads/main refs/remotes/main [1ms]
2025-01-08 11:58:22.400 [info] > git for-each-ref --sort -committerdate --format %(refname) %(objectname) %(*objectname) [1ms]
2025-01-08 11:58:22.441 [info] > git status -z -uall [49ms]
2025-01-08 11:58:27.480 [info] > git config --get commit.template [7ms]
2025-01-08 11:58:27.481 [info] > git for-each-ref --format=%(refname)%00%(upstream:short)%00%(objectname)%00%(upstream:track)%00%(upstream:remotename)%00%(upstream:remoteref) refs/heads/main refs/remotes/main [1ms]
2025-01-08 11:58:27.495 [info] > git for-each-ref --sort -committerdate --format %(refname) %(objectname) %(*objectname) [1ms]
2025-01-08 11:58:27.539 [info] > git status -z -uall [50ms]
2025-01-08 13:38:20.928 [info] > git config --get commit.template [1ms]
2025-01-08 13:38:20.935 [info] > git for-each-ref --format=%(refname)%00%(upstream:short)%00%(objectname)%00%(upstream:track)%00%(upstream:remotename)%00%(upstream:remoteref) refs/heads/main refs/remotes/main [2ms]
2025-01-08 13:38:20.950 [info] > git for-each-ref --sort -committerdate --format %(refname) %(objectname) %(*objectname) [1ms]
2025-01-08 13:38:20.997 [info] > git status -z -uall [55ms]
2025-01-08 13:38:21.498 [info] > git fetch [577ms]
2025-01-08 13:38:21.515 [info] > git config --get commit.template [8ms]
2025-01-08 13:38:21.516 [info] > git for-each-ref --format=%(refname)%00%(upstream:short)%00%(objectname)%00%(upstream:track)%00%(upstream:remotename)%00%(upstream:remoteref) refs/heads/main refs/remotes/main [2ms]
2025-01-08 13:38:21.530 [info] > git for-each-ref --sort -committerdate --format %(refname) %(objectname) %(*objectname) [2ms]
2025-01-08 13:38:21.573 [info] > git status -z -uall [51ms]
2025-01-08 13:38:23.155 [info] > git ls-files --stage -- /home/uys_1705817/flaskProject/app.py [4ms]
2025-01-08 13:38:23.161 [info] > git cat-file -s 602ddeff1741d6c47c418d1955e1cb45aa822cc6 [1ms]
2025-01-08 13:38:23.213 [info] > git show --textconv :flaskProject/app.py [4ms]
